Hayward SantaClara Hayward Asheville Durham Bloomington Durham Asheville McHenry Torrance McHenry Springdale Waterloo Yonkers Huntsville KansasCity McAllen KansasCity Huntsville Burbank Chicago Burbank Danbury Atlanta Abilene GrandRapids Abilene Downey SaintLouis Harlingen Waco Corona Deltona Bryan Barnstable Kennewick PuntaGorda Omaha Topeka Montgomery ThousandOaks Montgomery SantaCruz Milwaukee BelAir Monroe BelAir Charlotte RichmondCounty Hampton Modesto PalmBay Tucson Aurora Bakersfield Aurora Tucson Bradenton SaintPaul SimiValley NewBedford York NewYorkCity Newark LakeCharles Washington Wilmington Winston Hickory HuntingtonBeach Hickory Tyler Hickory Winston Murrieta Tampa Murrieta Winston Memphis CedarRapids Hayward
50
SantaClara SantaClara
Bloomington Bloomington
Durham Durham
Asheville Asheville
McHenry McHenry
Torrance Torrance
Springdale Springdale
Waterloo Waterloo
Yonkers Yonkers
McAllen McAllen
Huntsville Huntsville
Burbank Burbank
Chicago Chicago
Danbury Danbury
Atlanta Atlanta
GrandRapids GrandRapids
Downey Downey
Harlingen Harlingen
Waco Waco
Deltona Deltona
Barnstable Barnstable
Kennewick Kennewick
PuntaGorda PuntaGorda
Omaha Omaha
Topeka Topeka
ThousandOaks ThousandOaks
SantaCruz SantaCruz
BelAir BelAir
Monroe Monroe
Charlotte Charlotte
RichmondCounty RichmondCounty
Hampton Hampton
Modesto Modesto
PalmBay PalmBay
Aurora Aurora
Bakersfield Bakersfield
Tucson Tucson
Bradenton Bradenton
SaintPaul SaintPaul
NewBedford NewBedford
York York
NewYorkCity NewYorkCity
Newark Newark
LakeCharles LakeCharles
HuntingtonBeach HuntingtonBeach
Hickory Hickory
Tyler Tyler
Tampa Tampa
Memphis Memphis
CedarRapids CedarRapids
