73 34 62 77 62 68 66 71 67 63 37 75 37 59 35 55 35 20 36 61 56 19 57 19 53 40 41 42 11 44 11 25 11 24 17 50 47 45 51 17 23 29 27 30 28 11 2 6 2 7 2 5 2 8 2 3 4 11 22 60 22 33 11 14 11 26 21 38 34 64 65 64 34 72 73
50
34 34
77 77
68 68
66 66
71 71
67 67
63 63
37 37
75 75
59 59
55 55
20 20
36 36
61 61
56 56
19 19
57 57
53 53
40 40
41 41
42 42
44 44
25 25
24 24
50 50
47 47
45 45
51 51
23 23
29 29
27 27
30 30
28 28
2 2
6 6
7 7
5 5
8 8
3 3
4 4
22 22
60 60
33 33
11 11
14 14
26 26
38 38
65 65
64 64
72 72
