188645 0FB66D FA567E 2EA2EE 84EBFF 2EA2EE 2F1AB5 9B9BDD D04F40 628AB2 B3243F 9B0EC2 0801CC 19FFAB 4B39CA 825884 D7CAF9 D443EB 8D0852 09A4FD 7BF2B5 AD298D AE6906 ACB11D FF8D45 7A7E10 CB09C0 2C101C 35F60D AA8E14 35F60D B86446 C98FE7 E09D29 61EDA9 3ADA02 D5356A 3ADA02 94D700 DBDC9A 994F93 DBDC9A A5CCB5 35FF16 800641 35FF16 500783 103C70 EC05F7 FD1783 EC05F7 539A92 7E18E9 70146D 29B2A4 724A76 467AB7 0D7DE7 A7E9D9 B7B073 EF4D57 3AA8C5 3B1041 7E5598 0FBCDC 0A5C0E 0FBCDC 7E5598 AFF8D1 36D08C 143B88 07D80A C0766C 188645
46
ACB11D D01E6B
B86446 4FBDE1
36D08C 6D778A
0A5C0E 0FBCDC 0A5C0E
7BF2B5 784F83 37F745
B3243F 1276AF
825884 48C2D5
143B88 44716B
FA567E B833F0
AD298D DD2694
188645 0FB66D 188645
A5CCB5 DBDC9A A5CCB5
0D7DE7 E954F7
84EBFF 84EBFF
FD1783 FD1783
19FFAB 19FFAB
29B2A4 29B2A4
500783 500783
94D700 94D700
467AB7 467AB7
CB09C0 CB09C0
AA8E14 AA8E14
539A92 539A92
D7CAF9 D7CAF9
A7E9D9 A7E9D9
800641 800641
C98FE7 C98FE7
9B9BDD 9B9BDD
9B0EC2 9B0EC2
994F93 994F93
07D80A 07D80A
724A76 724A76
B7B073 B7B073
D04F40 D04F40
3B1041 3B1041
8D0852 8D0852
E09D29 E09D29
2C101C 2C101C
D5356A D5356A
D443EB D443EB
AFF8D1 AFF8D1
3ADA02 3ADA02
628AB2 628AB2
FF8D45 FF8D45
EF4D57 EF4D57
7E18E9 7E18E9
