Wheeler Evans Morrison Greek Cory Jacobs Cory Greek Lewis Kroeber Wurster Kroeber Hertz Morrison Evans Latimer Stanley Latimer Etcheverry VLSB Moffitt Soda Sather Barrows Sather Soda Cheit Normandy Kresge Davis Hearst Cafe3 Cloyne WayWest Ippuku WayWest GBC Anthony Stern Anthony HearstAnnex Stephens South McLaughlin Memorial IHouse Memorial Minor Maxwell MemorialStadium Calvin MemorialStadium Maxwell Minor Haas Faculty FSM Baker McCone BigC Pavilion Simons Koja LaNote Simons Pavilion BigC McCone Baker CZ Baker FSM Faculty Haas Stonefire Koshland RSF Koshland Haviland Campbell LeConte Campanile Doe Wheeler
30
Stephens Moses
VLSB Etcheverry
Wurster Boalt
WayWest Warren
Davis Hearst Davis
LaNote Unit2
Sather Martinez Unit3 Barker
Campbell Birge
Ippuku Metropolitan
Pavilion PeoplePark
Koja Legends TriDelta
Jacobs Bechtel Jacobs
Stanley Foothill
Calvin Hargrove
McCone CKerr
CZ Fiji
Wheeler Dwinelle Sproul
Barrows OCF
RSF RSF
IHouse IHouse
Haas Haas
Moffitt Moffitt
Kroeber Kroeber
McLaughlin McLaughlin
Anthony Anthony
Cloyne Cloyne
Baker Baker
Morrison Morrison
Stonefire Stonefire
Cheit Cheit
