0 50 100 150 199 198 194 197 183 184 180 179 173 174 176 174 173 179 180 185 187 188 191 188 186 192 186 188 187 185 180 171 170 168 157 158 157 168 170 159 163 161 163 167 166 162 164 153 152 153 164 165 150 100 115 114 103 102 103 114 112 116 117 113 111 113 109 120 121 130 129 123 124 126 124 123 129 130 134 133 147 144 148 144 147 133 134 130 135 137 138 141 138 136 142 136 138 137 135 130 121 120 118 107 108 107 118 120 109 113 117 116 112 114 115 100 50 65 64 53 52 53 64 62 66 67 63 61 63 59 70 71 80 84 83 97 94 98 94 97 83 84 80 79 73 74 76 74 73 79 80 85 87 88 91 88 86 92 86 88 87 85 80 71 70 68 57 58 57 68 70 59 63 67 66 62 64 65 50 0 15 14 3 14 12 16 17 13 11 13 9 20 21 30 34 33 47 44 48 44 47 33 34 30 29 23 24 26 24 23 29 30 35 37 38 41 38 36 42 36 38 37 35 30 21 20 18 7 8 7 18 20 9 13 17 16 12 14 15 0
60
0 1
3 2 3
9 10
11 4
24 24
23 27
26 25 26
30 22
33 47 33
36 36
41 40 41
42 46 42
44 44
48 49 48
50 51
52 53 52
59 60
61 54
74 74
73 77
76 75 76
80 72
83 97 83
86 86
91 90 91
92 96 92
94 94
98 99 98
100 101
102 103 102
109 110
111 104
124 124
123 127
126 125 126
130 122
133 147 133
136 136
141 140 141
142 146 142
144 144
148 149 148
152 153 152
159 160
161 154
174 174
173 177
176 175 176
180 172
183 197 183
186 186
191 190 191
192 196 192
194 194
198 199 198
150 151
8 5 6
58 55 56
108 105 106
158 155 156
