142 121 58 147 27 72 145 139 30 140 129 140 171 135 171 63 131 53 24 76 48 137 66 44 66 106 127 106 111 90 143 77 160 108 148 46 4 174 3 91 181 153 23 168 23 153 181 18 103 41 133 33 9 136 47 7 47 136 9 92 70 92 9 14 134 52 178 195 158 69 64 122 128 75 79 89 85 187 132 39 115 5 185 22 149 26 0 183 190 118 38 197 12 126 177 16 193 60 78 186 55 186 78 86 157 21 150 99 141 65 130 175 34 100 163 8 45 159 151 144 57 144 151 93 151 167 142
58
60 124 60
8 31
135 97
131 35
144 151 144
150 150
129 129
158 158
90 90
133 133
178 178
14 14
141 141
30 30
174 174
70 70
183 183
46 46
106 106
21 21
186 186
159 159
34 34
41 41
108 108
7 7
121 121
177 177
89 89
22 22
127 127
63 63
157 157
145 145
195 195
3 3
197 197
167 167
115 115
48 48
55 55
16 16
77 77
69 69
91 91
137 137
93 93
58 58
39 39
4 4
33 33
64 64
44 44
181 181
38 38
76 76
23 23
140 140
