Shelf0 Whale137 Cat163 Allergies103 Mail22 Puppy140 Ring169 Toolbox146 Comics28 Book171 Solar130 Toolbox72 Nuclear18 System156 Soap53 Leash77 Poop150 Robot93 Ice9 Website190 Solar162 Kitty194 Soda197 Monster175 Towel92 Dog168 Android196 Ring82 Soap3 Toolbox147 Male149 Urine124 Whale114 Robot164 Comics107 Post158 Whale126 Clock61 Printer188 Cat187 Whale31 Shower57 Sink109 Shower47 Sink109 Settings75 Flowers178 Dislike27 Book24 Robot51 YouTube44 Ice41 Laptop19 Ice41 Shelf40 Solar59 BBQ167 Hnads182 Plus78 Urine97 Ice50 Horse148 Puppy117 Clock2 Body55 Mail6 Poop76 Mail6 Water38 System183 Kitty89 Nuclear35 Rollers14 Urine20 Websites94 Fusion34 Websites94 Poop80 Fusion104 Breakfast85 Solar71 Ring60 Plants118 Shoes8 Shoe17 Soap58 Toilet191 Dog181 Elevator115 Shoe174 Boat67 Towel154 Dislike143 Allergies176 Running177 Drugs39 System79 Drugs195 Cat15 Soda119 Solar192 Light49 Clock145 Water29 Laptop125 Rollers95 Water135 Dog101 Crab83 Soap64 Clock139 Allergies88 Websites4 Monster73 Drugs184 Toilet13 Toolbox153 Shelf0
95
Running177 Hnads116
Whale126 Post158 Whale126
Water38 Ice165 Water38
Water29 Water29
Comics28 Light30
Urine20 BBQ36 Urine20
Shoes8 Dislike12 Shoes8
Laptop125 Kitty98 Laptop125
Crab83 Crab83
Boat67 Boat67
Horse148 Horse148
Robot93 Robot93
Kitty194 Kitty194
Drugs39 Drugs39
Sink109 Sink109
Shelf40 Shelf40
Leash77 Leash77
Allergies88 Allergies88
Toolbox146 Toolbox146
Ice9 Ice9
Soap58 Soap58
Towel154 Towel154
Plants118 Plants118
Settings75 Settings75
Kitty89 Kitty89
Body55 Body55
Monster175 Monster175
Water135 Water135
Shower47 Shower47
Dog168 Dog168
Urine124 Urine124
Nuclear35 Nuclear35
Mail22 Mail22
Allergies103 Allergies103
Dislike143 Dislike143
Ice41 Ice41
Monster73 Monster73
Puppy117 Puppy117
Solar130 Solar130
Soda119 Soda119
Printer188 Printer188
Rollers95 Rollers95
Robot51 Robot51
Poop150 Poop150
Drugs195 Drugs195
Laptop19 Laptop19
Toolbox72 Toolbox72
Clock2 Clock2
Nuclear18 Nuclear18
Soap64 Soap64
Robot164 Robot164
Soda197 Soda197
Dog181 Dog181
Clock139 Clock139
Toolbox153 Toolbox153
Dislike27 Dislike27
Puppy140 Puppy140
Poop80 Poop80
Solar162 Solar162
Allergies176 Allergies176
Plus78 Plus78
Mail6 Mail6
Whale137 Whale137
Rollers14 Rollers14
Book24 Book24
Urine97 Urine97
Fusion104 Fusion104
Flowers178 Flowers178
Shoe17 Shoe17
Cat15 Cat15
Book171 Book171
Solar71 Solar71
System183 System183
Ring82 Ring82
Poop76 Poop76
Clock61 Clock61
Ring169 Ring169
Male149 Male149
Cat187 Cat187
Android196 Android196
Shelf0 Shelf0
Fusion34 Fusion34
Whale114 Whale114
Towel92 Towel92
Toilet13 Toilet13
Website190 Website190
Breakfast85 Breakfast85
Websites4 Websites4
Shower57 Shower57
Comics107 Comics107
System79 System79
Hnads182 Hnads182
Shoe174 Shoe174
System156 System156
Solar192 Solar192
