hdpxs oxitr utdhx gdovn wcjeg zntkr tndwl oaeyh mtcsd rjdai qhibx evtgj cxajk joztf jcwpu kscoz aedvq pihld xcvow hgzbc qbdwz maqho pgqva yvbse evsbm lpudv gdnim syoxf stflc rdoqk osvgp oewcd mhuad tjake ayrgb rzvtg oxuqn fjdqi zcjqx yqfdk ehqyk pytwh gstwp pytwh ekgsc mlibf rlumh nqtru hwmzn sxdiu vgwoi wotiq bwknx egclu iyuas ohzfn dkjro uiogl ktzce xnpwq tfcam wdquv qckjp pjzqm sfizh yqtob glrpy dbjxw yazqf lnjxt ymcfp jhlus zqjxb uklga tgeks ebwcp bdevm ypdnb btwzv armnk bkfuc tkwle gufvs mhekz syoxv kjihy wkbuf qpbmc ramjo kzwah mujil xlrzc drojn qhvsb vobqh myxlw qsmkj vcwfj htkwy bsvth frhgc lmwpk amfiz rchbw wnelr cihba osxbc hdpxs
98
hgzbc wajol
ekgsc tmwdy
gufvs mhekz gufvs
tgeks rjuxc
sfizh cqsby
pjzqm ahnds
oewcd cxdes oewcd
mlibf mlibf
sxdiu sxdiu
uiogl uiogl
uklga uklga
maqho maqho
yqtob yqtob
mujil mujil
fjdqi fjdqi
xlrzc xlrzc
oxitr oxitr
nqtru nqtru
bdevm bdevm
ayrgb ayrgb
lnjxt lnjxt
armnk armnk
gdnim gdnim
zqjxb zqjxb
yqfdk yqfdk
drojn drojn
ohzfn ohzfn
jcwpu jcwpu
wotiq wotiq
joztf joztf
pytwh pytwh
tndwl tndwl
qhibx qhibx
aedvq aedvq
ymcfp ymcfp
stflc stflc
kscoz kscoz
mtcsd mtcsd
pgqva pgqva
btwzv btwzv
utdhx utdhx
dkjro dkjro
xnpwq xnpwq
frhgc frhgc
osvgp osvgp
bsvth bsvth
rjdai rjdai
qckjp qckjp
lmwpk lmwpk
wnelr wnelr
rlumh rlumh
syoxf syoxf
qbdwz qbdwz
zcjqx zcjqx
yazqf yazqf
vgwoi vgwoi
bkfuc bkfuc
cihba cihba
dbjxw dbjxw
kjihy kjihy
iyuas iyuas
syoxv syoxv
zntkr zntkr
jhlus jhlus
ebwcp ebwcp
bwknx bwknx
amfiz amfiz
wkbuf wkbuf
kzwah kzwah
yvbse yvbse
htkwy htkwy
rchbw rchbw
oaeyh oaeyh
evtgj evtgj
cxajk cxajk
pihld pihld
lpudv lpudv
qsmkj qsmkj
vcwfj vcwfj
ehqyk ehqyk
gdovn gdovn
gstwp gstwp
hwmzn hwmzn
tkwle tkwle
mhuad mhuad
oxuqn oxuqn
tjake tjake
wdquv wdquv
xcvow xcvow
evsbm evsbm
wcjeg wcjeg
rzvtg rzvtg
vobqh vobqh
osxbc osxbc
ktzce ktzce
ypdnb ypdnb
qhvsb qhvsb
qpbmc qpbmc
