Hayward Shreveport Reno Ogden Sarasota Scranton Sarasota HuntingtonBeach LakeCharles Spartanburg Springfield Harlingen Hialeah Albuquerque Oxnard SanBuenaventura Norwich SanBuenaventura Hemet PuntaGorda Modesto Elkhart Poughkeepsie Salem Deltona Tucson York Champaign Charlotte Champaign SterlingHeights NorthLasVegas Hartford Shreveport Seaside CapeCoral Bloomington CapeCoral Mesquite Escondido Sacramento StLouis Sacramento Escondido Monroe NewYork Kalamazoo RoundLakeBeach Independence Cincinnati SantaAna Olympia PortSaintLucie ThousandOaks Huntsville Kissimmee Marina Frederick Marina NewportNews SimiValley Aberdeen SantaClara Columbus Anaheim Eugene Boise Eugene Torrance Melbourne Lubbock Bryan Hampton Newark Hampton Gastonia Laredo GreenBay Duluth Fullerton Flint Trenton Louisville Trenton OverlandPark Greenville Plano Hagerstown Youngstown SouthBend Bakersfield SouthBend Youngstown Barnstable Birmingham Bryan HavredeGrace JohnsonCity Fresno Anchorage Utica Burlington Downey Topeka Henderson NewYorkCity Omaha Scottsdale Victorville ElPaso SaintPaul GrandRapids Vancouver Wilmington Arvada Tyler Nashua LasVegas Stamford Marysville Layton PembrokePines Racine PembrokePines VeroBeach PalmBay CorpusChristi StPaul CathedralCity StPaul Savannah Lacey PortArthur RichmondCounty SiouxFalls Carrollton Newburgh Waterbury Pueblo SanBernardino Mobile Detroit Merced ElMonte McAllen NewBedford Orem Bethlehem Orem Shreveport Hayward
100
Ogden Ogden
Scranton Scranton
HuntingtonBeach HuntingtonBeach
LakeCharles LakeCharles
Spartanburg Spartanburg
Harlingen Harlingen
Hialeah Hialeah
Albuquerque Albuquerque
Oxnard Oxnard
SanBuenaventura SanBuenaventura
Norwich Norwich
Hemet Hemet
PuntaGorda PuntaGorda
Modesto Modesto
Elkhart Elkhart
Salem Salem
Deltona Deltona
Tucson Tucson
York York
Charlotte Charlotte
Champaign Champaign
NorthLasVegas NorthLasVegas
Hartford Hartford
Bloomington Bloomington
CapeCoral CapeCoral
Mesquite Mesquite
StLouis StLouis
Monroe Monroe
Kalamazoo Kalamazoo
RoundLakeBeach RoundLakeBeach
Cincinnati Cincinnati
Olympia Olympia
ThousandOaks ThousandOaks
Huntsville Huntsville
Kissimmee Kissimmee
Marina Marina
Frederick Frederick
NewportNews NewportNews
Aberdeen Aberdeen
SantaClara SantaClara
Columbus Columbus
Anaheim Anaheim
Boise Boise
Eugene Eugene
Torrance Torrance
Melbourne Melbourne
Lubbock Lubbock
Newark Newark
Laredo Laredo
GreenBay GreenBay
Duluth Duluth
Fullerton Fullerton
Flint Flint
Louisville Louisville
OverlandPark OverlandPark
Greenville Greenville
Plano Plano
Hagerstown Hagerstown
Bakersfield Bakersfield
Barnstable Barnstable
Birmingham Birmingham
HavredeGrace HavredeGrace
JohnsonCity JohnsonCity
Fresno Fresno
Anchorage Anchorage
Utica Utica
Burlington Burlington
Downey Downey
Topeka Topeka
Henderson Henderson
NewYorkCity NewYorkCity
Omaha Omaha
Scottsdale Scottsdale
ElPaso ElPaso
SaintPaul SaintPaul
GrandRapids GrandRapids
Vancouver Vancouver
Arvada Arvada
Tyler Tyler
Nashua Nashua
LasVegas LasVegas
Stamford Stamford
Marysville Marysville
Layton Layton
Racine Racine
PalmBay PalmBay
CorpusChristi CorpusChristi
CathedralCity CathedralCity
Savannah Savannah
Lacey Lacey
RichmondCounty RichmondCounty
SiouxFalls SiouxFalls
Newburgh Newburgh
Waterbury Waterbury
Pueblo Pueblo
Mobile Mobile
Detroit Detroit
McAllen McAllen
NewBedford NewBedford
Bethlehem Bethlehem
