Hayward SantaClara Hayward CedarRapids Burbank Chicago Burbank Danbury Atlanta Abilene GrandRapids Abilene Downey SaintLouis Harlingen Waco NewOrleans Montgomery SantaCruz Montgomery ThousandOaks Montgomery Topeka Omaha PuntaGorda SaintPaul Bradenton Tucson PalmBay Tucson Washington LakeCharles Washington Tucson Aurora Bakersfield Aurora NewBedford York BelAir McAllen KansasCity Huntsville Yonkers Waterloo Springdale McHenry Newark NewYorkCity Kennewick Barnstable Kennewick Tyler Hickory Winston Memphis Winston Murrieta Tampa Murrieta Winston Hickory HuntingtonBeach Hickory Trenton Hickory Charlotte RichmondCounty Hampton Modesto Corona Deltona Bryan Deltona Durham Bloomington Durham Asheville Hayward
47
BelAir Monroe BelAir
McHenry Torrance McHenry
Modesto Hampton Modesto
PuntaGorda PuntaGorda
Tyler Tyler
ThousandOaks ThousandOaks
PalmBay PalmBay
Tucson Tucson
Barnstable Barnstable
Yonkers Yonkers
Burbank Burbank
Harlingen Harlingen
Charlotte Charlotte
Omaha Omaha
Topeka Topeka
Danbury Danbury
Downey Downey
Asheville Asheville
McAllen McAllen
Chicago Chicago
GrandRapids GrandRapids
Aurora Aurora
CedarRapids CedarRapids
LakeCharles LakeCharles
Bradenton Bradenton
RichmondCounty RichmondCounty
SantaCruz SantaCruz
HuntingtonBeach HuntingtonBeach
Huntsville Huntsville
NewYorkCity NewYorkCity
Tampa Tampa
Bakersfield Bakersfield
Springdale Springdale
SantaClara SantaClara
Atlanta Atlanta
Durham Durham
Newark Newark
Memphis Memphis
Kennewick Kennewick
Bloomington Bloomington
NewBedford NewBedford
SaintPaul SaintPaul
York York
Waco Waco
Waterloo Waterloo
Deltona Deltona
Hickory Hickory
