Granbull Flygon Electrode PorygonZ Grumpig Budew Whimsicott Lycanroc Cinccino Heatmor Serperior Bergmite Serperior Charmander Heatran Golbat Reshiram Carbink Metagross Deoxys Staryu Nuzleaf Aipom Dustox Aipom Buizel Jolteon Torchic Cascoon Krookodile Corphish Azurill Crawdaunt Cosmog Masquerain Tsareena Gliscor TypeNull Cubone Butterfree Cubone Fletchling Probopass Malamar Altaria Sylveon Bonsly Chinchou Typhlosion Chespin Metapod Arbok Raichu Chatot Slakoth Ninjask Rockruff Whiscash Quilava Skitty Kangaskhan Jirachi Beedrill Mimikyu Glalie Charizard Volcanion Infernape Spewpa Floette Qwilfish Mightyena Bronzor Roserade Carnivine Mantine Luvdisc Feraligatr Floatzel Relicanth Unown Electrike Lampent Rufflet Crabominable Kyurem Ampharos Trumbeak Mawile Spiritomb Spinda Blissey Magmar Binacle Exeggcute Torracat Lapras Hitmontop Absol Lileep Goomy Magmortar Happiny Machamp Remoraid Machamp Pidgeot Mudsdale Pancham Vivillon Pancham Mudsdale Greninja Torkoal Diggersby Darkrai Swanna Reuniclus Bulbasaur Granbull
100
Flygon Flygon
Electrode Electrode
PorygonZ PorygonZ
Grumpig Grumpig
Budew Budew
Whimsicott Whimsicott
Lycanroc Lycanroc
Cinccino Cinccino
Heatmor Heatmor
Bergmite Bergmite
Serperior Serperior
Charmander Charmander
Heatran Heatran
Golbat Golbat
Reshiram Reshiram
Carbink Carbink
Metagross Metagross
Deoxys Deoxys
Nuzleaf Nuzleaf
Dustox Dustox
Buizel Buizel
Jolteon Jolteon
Torchic Torchic
Cascoon Cascoon
Krookodile Krookodile
Corphish Corphish
Crawdaunt Crawdaunt
Cosmog Cosmog
Tsareena Tsareena
Gliscor Gliscor
TypeNull TypeNull
Butterfree Butterfree
Cubone Cubone
Probopass Probopass
Malamar Malamar
Sylveon Sylveon
Bonsly Bonsly
Chinchou Chinchou
Typhlosion Typhlosion
Chespin Chespin
Metapod Metapod
Arbok Arbok
Raichu Raichu
Chatot Chatot
Slakoth Slakoth
Ninjask Ninjask
Rockruff Rockruff
Whiscash Whiscash
Quilava Quilava
Skitty Skitty
Kangaskhan Kangaskhan
Jirachi Jirachi
Beedrill Beedrill
Mimikyu Mimikyu
Glalie Glalie
Charizard Charizard
Infernape Infernape
Floette Floette
Mightyena Mightyena
Bronzor Bronzor
Roserade Roserade
Carnivine Carnivine
Mantine Mantine
Luvdisc Luvdisc
Feraligatr Feraligatr
Floatzel Floatzel
Relicanth Relicanth
Unown Unown
Electrike Electrike
Lampent Lampent
Rufflet Rufflet
Crabominable Crabominable
Ampharos Ampharos
Trumbeak Trumbeak
Mawile Mawile
Spiritomb Spiritomb
Spinda Spinda
Blissey Blissey
Magmar Magmar
Binacle Binacle
Exeggcute Exeggcute
Torracat Torracat
Lapras Lapras
Hitmontop Hitmontop
Absol Absol
Lileep Lileep
Goomy Goomy
Magmortar Magmortar
Happiny Happiny
Remoraid Remoraid
Machamp Machamp
Pidgeot Pidgeot
Vivillon Vivillon
Mudsdale Mudsdale
Greninja Greninja
Torkoal Torkoal
Diggersby Diggersby
Darkrai Darkrai
Swanna Swanna
Reuniclus Reuniclus
