19 21 60 80 9 35 9 92 9 50 15 28 41 7 43 44 43 7 93 91 61 84 61 46 56 57 14 11 66 11 51 11 71 89 76 89 71 23 0 10 45 40 36 17 12 73 72 73 12 31 65 63 82 24 82 69 53 69 8 29 54 34 99 62 33 95 68 85 26 59 58 55 58 25 1 39 32 39 3 21 19
45
40 40
1 1
39 13 39
9 80 9
45 10 45
66 70
56 5
68 88
7 41 7
33 90 33
0 0
15 15
17 17
23 23
24 24
25 25
26 26
28 28
29 29
32 32
34 34
35 35
36 36
43 43
44 44
46 46
50 50
51 51
53 53
54 54
55 55
58 58
59 59
60 60
63 63
72 72
76 76
85 85
92 92
95 95
99 99
12 12
11 11
61 61
65 65
