21 174 48 179 23 30 10 180 10 90 167 102 75 96 78 163 122 17 119 176 186 190 188 56 103 12 51 177 46 145 38 50 116 24 172 170 62 85 20 87 45 36 108 156 160 123 68 6 194 136 81 88 18 164 42 15 127 47 7 32 169 14 16 60 3 39 64 74 49 149 95 114 83 91 148 82 125 168 154 100 137 72 53 196 139 135 131 152 144 151 184 133 31 27 115 29 147 61 35 159 94 134 118 146 2 37 97 110 54 107 121 21
98
145 105
39 34
6 130
78 178 78
35 40
16 120 16
107 142
147 147
20 20
18 18
14 14
17 17
136 136
190 190
42 42
194 194
170 170
24 24
91 91
188 188
47 47
48 48
23 23
51 51
36 36
135 135
172 172
127 127
45 45
163 163
90 90
10 10
125 125
122 122
167 167
100 100
46 46
74 74
2 2
31 31
7 7
151 151
97 97
133 133
180 180
30 30
29 29
56 56
156 156
144 144
186 186
184 184
37 37
116 116
121 121
64 64
15 15
131 131
108 108
149 149
154 154
81 81
118 118
160 160
119 119
139 139
27 27
169 169
96 96
152 152
102 102
88 88
115 115
103 103
75 75
68 68
134 134
62 62
38 38
49 49
168 168
61 61
146 146
177 177
32 32
196 196
176 176
87 87
137 137
159 159
114 114
54 54
60 60
72 72
53 53
82 82
95 95
21 21
