Shoreburn Snowshore Fogland Wildemarsh Brightmere Fieldedge Greyice Mallowness Bluelake Redlake Applecastle Violetfay Strongfall Highmont Southwheat Icenesse Morwall Flowermill Wellmage Esterfall Silverlea Butterway Esterash Newley Redwell Erilyn Blackbush Clearnesse Bushgate Westerlight Bluewyn Violetley Springfox Starryhill Ostwynne Fairice Freymere Northwynne Eriwall Wolflea Deephedge Silverbarrow Westvale Windbridge Coldville Butterbush Orbarrow Rosegate Fairsage Wellbank Seamoor Stonefair Brightrock Buttermead Foxvale Northriver Verthedge Oldmoor Wooddell Marbleiron Janholt Valhaven Ironshore Courtcastle Eastcastle Courtedge Goldwyvern Southpine Greenshore Bluedell Corbank Greensummer Oakmere Orfort Bluedale Ironriver Mistshore Dellwyn Stoneglass Newmill Newby Summermage Snowsage Freyview Irondeer Lochmage Butterhill Morwald Clearland Courtwall Flowerfield Rosemill Foxhaven Goldcrest Lightmere Mallowbridge Silverwitch Westmill Woodice Mallowway Shoreburn
100
Shoreburn Shoreburn
Snowshore Snowshore
Fogland Fogland
Wildemarsh Wildemarsh
Brightmere Brightmere
Fieldedge Fieldedge
Greyice Greyice
Mallowness Mallowness
Bluelake Bluelake
Redlake Redlake
Applecastle Applecastle
Violetfay Violetfay
Strongfall Strongfall
Highmont Highmont
Southwheat Southwheat
Icenesse Icenesse
Morwall Morwall
Flowermill Flowermill
Wellmage Wellmage
Esterfall Esterfall
Silverlea Silverlea
Butterway Butterway
Esterash Esterash
Newley Newley
Redwell Redwell
Erilyn Erilyn
Blackbush Blackbush
Clearnesse Clearnesse
Bushgate Bushgate
Westerlight Westerlight
Bluewyn Bluewyn
Violetley Violetley
Springfox Springfox
Starryhill Starryhill
Ostwynne Ostwynne
Fairice Fairice
Freymere Freymere
Northwynne Northwynne
Eriwall Eriwall
Wolflea Wolflea
Deephedge Deephedge
Silverbarrow Silverbarrow
Westvale Westvale
Windbridge Windbridge
Coldville Coldville
Butterbush Butterbush
Orbarrow Orbarrow
Rosegate Rosegate
Fairsage Fairsage
Wellbank Wellbank
Seamoor Seamoor
Stonefair Stonefair
Brightrock Brightrock
Buttermead Buttermead
Foxvale Foxvale
Northriver Northriver
Verthedge Verthedge
Oldmoor Oldmoor
Wooddell Wooddell
Marbleiron Marbleiron
Janholt Janholt
Valhaven Valhaven
Ironshore Ironshore
Courtcastle Courtcastle
Eastcastle Eastcastle
Courtedge Courtedge
Goldwyvern Goldwyvern
Southpine Southpine
Greenshore Greenshore
Bluedell Bluedell
Corbank Corbank
Greensummer Greensummer
Oakmere Oakmere
Orfort Orfort
Bluedale Bluedale
Ironriver Ironriver
Mistshore Mistshore
Dellwyn Dellwyn
Stoneglass Stoneglass
Newmill Newmill
Newby Newby
Summermage Summermage
Snowsage Snowsage
Freyview Freyview
Irondeer Irondeer
Lochmage Lochmage
Butterhill Butterhill
Morwald Morwald
Clearland Clearland
Courtwall Courtwall
Flowerfield Flowerfield
Rosemill Rosemill
Foxhaven Foxhaven
Goldcrest Goldcrest
Lightmere Lightmere
Mallowbridge Mallowbridge
Silverwitch Silverwitch
Westmill Westmill
Woodice Woodice
Mallowway Mallowway
