Clearnesse Ironshore Freyview Violetley Eriwall Oldmoor Dellwyn Oakmere Esterfall Goldwyvern Butterbush Morwall Foxhaven Marbleiron Morwald Foxvale Woodice Valhaven Courtcastle Westvale Newby Buttermead Courtwall Corbank Ironriver Clearnesse
25
Clearnesse Clearnesse
Ironshore Ironshore
Freyview Freyview
Violetley Violetley
Eriwall Eriwall
Oldmoor Oldmoor
Dellwyn Dellwyn
Oakmere Oakmere
Esterfall Esterfall
Goldwyvern Goldwyvern
Butterbush Butterbush
Morwall Morwall
Foxhaven Foxhaven
Marbleiron Marbleiron
Morwald Morwald
Foxvale Foxvale
Woodice Woodice
Valhaven Valhaven
Courtcastle Courtcastle
Westvale Westvale
Newby Newby
Buttermead Buttermead
Courtwall Courtwall
Corbank Corbank
Ironriver Ironriver
