FacultyClub IRLE Cheit Wheeler EarthquakeLibrary Warren PacificFilmArchive Manville Unit3 Pimentel Jacobs HearstGym EnergyBuilding McCone InternationalHouse McCone Mulford BancroftDance NewspapersLibrary LawrenceofScience Bechtel BrainImagingCenter Etcheverry MLK CITRIS SpringerGateway DonnerLaboratory Hilgard BioscienceLibrary MediaCenter ArtHistoryLibrary Spieker OBrien Koshland MelvinLaboratory FPF Birge AnthropologyLibrary Sproul StowPlaza CareerCenter Morrison Stephens AndersenAuditorium OptometryLibrary Library Investigative MartinezCommons UniversityHouse SproulPlaza EarthLibrary StudentUnion SutardjaDai Durham FacultyClub
50
FacultyClub FacultyClub
IRLE IRLE
Cheit Cheit
Wheeler Wheeler
EarthquakeLibrary EarthquakeLibrary
Warren Warren
PacificFilmArchive PacificFilmArchive
Manville Manville
Unit3 Unit3
Pimentel Pimentel
Jacobs Jacobs
HearstGym HearstGym
EnergyBuilding EnergyBuilding
InternationalHouse InternationalHouse
Mulford Mulford
BancroftDance BancroftDance
NewspapersLibrary NewspapersLibrary
LawrenceofScience LawrenceofScience
BrainImagingCenter BrainImagingCenter
Etcheverry Etcheverry
CITRIS CITRIS
SpringerGateway SpringerGateway
DonnerLaboratory DonnerLaboratory
Hilgard Hilgard
BioscienceLibrary BioscienceLibrary
MediaCenter MediaCenter
ArtHistoryLibrary ArtHistoryLibrary
Spieker Spieker
OBrien OBrien
Koshland Koshland
MelvinLaboratory MelvinLaboratory
FPF FPF
Birge Birge
AnthropologyLibrary AnthropologyLibrary
Sproul Sproul
StowPlaza StowPlaza
CareerCenter CareerCenter
Morrison Morrison
Stephens Stephens
AndersenAuditorium AndersenAuditorium
OptometryLibrary OptometryLibrary
Library Library
Investigative Investigative
MartinezCommons MartinezCommons
UniversityHouse UniversityHouse
SproulPlaza SproulPlaza
EarthLibrary EarthLibrary
StudentUnion StudentUnion
SutardjaDai SutardjaDai
Durham Durham
