0 137 52 137 37 137 0 123 15 123 0 90 79 4 79 138 89 73 99 82 18 57 1 196 168 100 134 44 134 100 35 184 69 184 40 49 121 11 75 85 87 125 175 91 175 167 153 66 153 12 3 65 61 70 61 14 29 150 96 51 47 51 30 103 169 25 32 143 154 199 39 199 142 116 19 105 7 33 2 27 2 78 2 36 56 174 81 107 22 46 41 28 72 83 72 33 74 33 17 92 124 93 38 93 124 163 34 76 106 20 53 128 45 128 8 67 71 148 94 148 71 191 112 50 9 80 9 64 141 31 109 5 13 17 21 122 10 42 48 42 145 95 147 97 84 130 55 63 24 54 98 54 108 26 89 23 197 16 139 77 118 68 58 6 198 88 198 60 140 0 43 0 59 0 62 0 86 0
100
0 0
52 52
37 37
15 15
90 90
79 79
4 4
89 89
73 73
99 99
82 82
18 18
57 57
1 1
44 44
35 35
69 69
40 40
49 49
11 11
75 75
85 85
87 87
91 91
66 66
12 12
3 3
65 65
61 61
70 70
14 14
29 29
96 96
51 51
47 47
30 30
25 25
32 32
39 39
19 19
7 7
27 27
78 78
2 2
36 36
56 56
81 81
22 22
46 46
41 41
28 28
83 83
72 72
74 74
33 33
17 17
92 92
38 38
93 93
34 34
76 76
20 20
53 53
45 45
8 8
67 67
71 71
94 94
50 50
80 80
9 9
64 64
31 31
5 5
13 13
21 21
10 10
48 48
42 42
95 95
97 97
84 84
55 55
63 63
24 24
98 98
54 54
26 26
23 23
16 16
77 77
68 68
58 58
6 6
88 88
60 60
43 43
59 59
62 62
86 86
