74 123 109 154 184 96 20 161 139 138 116 120 198 143 171 165 176 178 37 152 16 140 11 99 137 97 100 173 100 134 112 114 112 107 44 25 66 50 125 98 125 157 125 83 78 136 194 57 86 128 86 31 86 57 63 174 63 115 148 105 148 192 13 121 111 199 133 54 179 168 4 75 142 42 8 146 45 146 73 100 72 110 18 34 7 80 56 135 151 130 52 34 94 163 129 141 61 76 89 76 33 108 183 25 23 25 47 127 193 51 77 51 190 155 90 64 17 187 43 158 43 58 28 113 88 188 35 60 59 65 91 131 53 131 200 131 166 14 118 14 39 32 27 103 147 95 172 12 172 5 48 132 30 167 81 123 74
100
123 123
109 109
154 154
184 184
96 96
20 20
161 161
139 139
138 138
116 116
120 120
198 198
143 143
171 171
165 165
178 178
152 152
16 16
140 140
11 11
99 99
97 97
100 100
173 173
134 134
112 112
114 114
107 107
44 44
66 66
50 50
125 125
98 98
157 157
83 83
136 136
86 86
128 128
31 31
174 174
63 63
115 115
105 105
192 192
111 111
199 199
133 133
54 54
179 179
4 4
142 142
42 42
45 45
146 146
73 73
72 72
18 18
80 80
56 56
135 135
130 130
52 52
94 94
163 163
129 129
61 61
89 89
76 76
108 108
23 23
47 47
127 127
193 193
77 77
51 51
190 190
155 155
90 90
17 17
158 158
58 58
113 113
88 88
60 60
59 59
91 91
53 53
200 200
14 14
118 118
39 39
32 32
27 27
103 103
95 95
12 12
5 5
132 132
167 167
81 81
