Wurster Visitor Simon Recreational California Hesse Salem Boston Alabama Massachusetts Optometry McLaughlin Pitzer Cory Nevada North Chan Parking Hazardous Simpson Vermont Gilman Florida Sutardja Frank Silver Montgomery Tennessee Stanley Honolulu Pennsylvania Indianapolis Observatory Barrows Blackwell Anthony Oregon Raleigh Juneau Idaho Sather Class Hilgard Maxwell Brain Moffitt Spieker Kleeberger Goldman Moses Wurster
50
Wurster Wurster
Visitor Visitor
Simon Simon
Recreational Recreational
California California
Hesse Hesse
Salem Salem
Boston Boston
Alabama Alabama
Massachusetts Massachusetts
Optometry Optometry
McLaughlin McLaughlin
Pitzer Pitzer
Cory Cory
Nevada Nevada
North North
Chan Chan
Parking Parking
Hazardous Hazardous
Simpson Simpson
Vermont Vermont
Gilman Gilman
Florida Florida
Sutardja Sutardja
Frank Frank
Silver Silver
Montgomery Montgomery
Tennessee Tennessee
Stanley Stanley
Honolulu Honolulu
Pennsylvania Pennsylvania
Indianapolis Indianapolis
Observatory Observatory
Barrows Barrows
Blackwell Blackwell
Anthony Anthony
Oregon Oregon
Raleigh Raleigh
Juneau Juneau
Idaho Idaho
Sather Sather
Class Class
Hilgard Hilgard
Maxwell Maxwell
Brain Brain
Moffitt Moffitt
Spieker Spieker
Kleeberger Kleeberger
Goldman Goldman
Moses Moses
