paint wooden stink nutty measure diligent imported thumb floor same ice blade rake inherit desire ray glamorous determine complain learning ambiguous indicate finish route slam paint
25
paint paint
wooden wooden
stink stink
nutty nutty
measure measure
diligent diligent
imported imported
thumb thumb
floor floor
same same
ice ice
blade blade
rake rake
inherit inherit
desire desire
ray ray
glamorous glamorous
determine determine
complain complain
learning learning
ambiguous ambiguous
indicate indicate
finish finish
route route
slam slam
