0 185 23 153 115 107 158 184 72 78 52 199 59 106 177 37 108 166 108 20 108 141 97 27 193 39 56 67 172 134 172 88 130 9 103 31 151 24 48 4 119 174 119 2 98 96 175 173 175 117 14 13 102 30 197 30 94 17 137 129 47 89 19 125 50 182 135 8 71 140 70 154 114 17 5 160 195 22 74 38 145 26 80 112 111 164 51 176 69 167 120 12 100 183 63 150 93 131 84 86 133 1 163 146 163 83 15 16 68 101 196 18 192 113 76 33 76 42 159 43 21 143 152 138 157 35 3 81 128 28 187 65 11 87 190 116 66 0
100
0 0
23 23
153 153
115 115
107 107
158 158
184 184
72 72
78 78
52 52
199 199
59 59
177 177
166 166
20 20
141 141
27 27
193 193
39 39
56 56
67 67
172 172
134 134
130 130
9 9
103 103
31 31
151 151
24 24
4 4
174 174
2 2
98 98
96 96
173 173
14 14
13 13
102 102
197 197
94 94
137 137
129 129
47 47
89 89
125 125
50 50
182 182
8 8
71 71
70 70
154 154
114 114
17 17
5 5
160 160
22 22
74 74
38 38
26 26
80 80
111 111
164 164
51 51
69 69
167 167
120 120
100 100
183 183
93 93
84 84
86 86
133 133
1 1
146 146
83 83
15 15
16 16
68 68
101 101
18 18
33 33
42 42
159 159
43 43
21 21
143 143
152 152
138 138
157 157
35 35
3 3
81 81
128 128
28 28
187 187
65 65
11 11
190 190
116 116
66 66
