0 62 23 8 3 52 64 11 34 74 13 9 72 29 14 4 86 48 37 36 19 88 92 97 27 38 84 89 21 78 57 85 73 53 49 91 17 22 1 100 79 99 65 31 90 12 63 30 2 68 46 25 98 26 6 5 45 70 35 61 47 28 42 32 81 76 43 83 24 40 71 16 80 41 18 33 50 67 59 7 69 10 54 56 96 44 60 15 95 39 66 82 77 93 20 75 94 87 51 55 58 0
100
62 62
23 23
8 8
3 3
52 52
64 64
11 11
34 34
74 74
13 13
9 9
72 72
29 29
14 14
4 4
86 86
48 48
37 37
36 36
19 19
88 88
92 92
97 97
27 27
38 38
84 84
89 89
21 21
78 78
57 57
85 85
73 73
53 53
49 49
91 91
17 17
22 22
1 1
100 100
79 79
99 99
65 65
31 31
90 90
12 12
63 63
30 30
2 2
68 68
46 46
25 25
98 98
26 26
6 6
5 5
45 45
70 70
35 35
61 61
47 47
28 28
42 42
32 32
81 81
76 76
43 43
83 83
24 24
40 40
71 71
16 16
80 80
41 41
18 18
33 33
50 50
67 67
59 59
7 7
69 69
10 10
54 54
56 56
96 96
44 44
60 60
15 15
95 95
39 39
66 66
82 82
77 77
93 93
20 20
75 75
94 94
87 87
51 51
55 55
58 58
