0 49 50 46 52 53 51 54 51 57 58 56 61 64 65 61 62 63 61 67 66 72 73 71 76 80 79 76 78 76 81 86 88 86 91 94 95 91 92 93 91 86 89 86 81 83 82 81 84 81 76 71 72 66 70 66 68 67 61 56 57 51 52 46 47 48 46 41 45 44 41 43 42 41 36 38 36 39 40 36 31 34 31 33 32 26 27 28 26 21 25 21 23 22 16 19 20 16 18 17 16 11 15 11 6 9 6 1 3 1 4 1 0
50
49 49
50 50
53 53
54 54
57 57
58 58
64 64
65 65
62 62
63 63
67 67
72 72
73 73
80 80
79 79
78 78
88 88
94 94
95 95
92 92
93 93
89 89
83 83
82 82
84 84
70 70
68 68
47 47
48 48
45 45
44 44
43 43
42 42
38 38
39 39
40 40
34 34
33 33
27 27
28 28
25 25
23 23
19 19
20 20
18 18
17 17
15 15
9 9
3 3
4 4
