Acadia Capitol Acadia Biscayne Cuyahoga Congaree Caverns Everglades Katmai Denali Yosemite Bend Voyageurs Smoky Lassen Channel Indiana Haleakala Shenandoah Clark Canyonlands Brycecanyon Glacier Gateway Teton Isle Guadalupe Sequoia Arches Olympic Crater Badlands Basin Gunnison Tortugas Acadia
25
Capitol Capitol
Biscayne Biscayne
Cuyahoga Cuyahoga
Congaree Congaree
Caverns Caverns
Everglades Everglades
Denali Denali
Bend Bend
Smoky Smoky
Channel Channel
Indiana Indiana
Haleakala Haleakala
Canyonlands Canyonlands
Brycecanyon Brycecanyon
Glacier Glacier
Gateway Gateway
Teton Teton
Isle Isle
Guadalupe Guadalupe
Arches Arches
Crater Crater
Badlands Badlands
Basin Basin
Gunnison Gunnison
Tortugas Tortugas
