create top skip adult minimize exotic direct pupil deck feign creation pride dose belief think farewell crew basketball celebration prove line accessible scrap cancel magnitude perception nationalism community ballot bracket pastel steward predict suffer company childish fuss transmission tin breakin battery concern mechanism colon linear maze merit hide absorption contract appear create
50
top top
skip skip
adult adult
minimize minimize
exotic exotic
direct direct
pupil pupil
deck deck
feign feign
creation creation
pride pride
dose dose
belief belief
think think
farewell farewell
crew crew
basketball basketball
celebration celebration
prove prove
line line
accessible accessible
scrap scrap
cancel cancel
magnitude magnitude
perception perception
nationalism nationalism
community community
ballot ballot
bracket bracket
pastel pastel
steward steward
predict predict
suffer suffer
company company
childish childish
fuss fuss
transmission transmission
tin tin
breakin breakin
battery battery
concern concern
mechanism mechanism
colon colon
linear linear
maze maze
merit merit
hide hide
absorption absorption
contract contract
appear appear
