0 3 11 46 11 47 11 45 11 3 0 6 30 6 32 6 29 6 31 6 0 1 7 34 7 1 0 4 18 4 21 96 21 97 21 95 21 98 21 4 17 76 17 78 17 74 17 75 17 4 14 54 14 60 14 57 14 53 14 56 14 58 14 4 19 87 19 88 19 4 16 66 16 67 16 68 16 70 16 4 15 64 15 4 0 2 9 37 9 2 8 35 8 2 10 38 10 42 10 43 10 2 0 5 23 5 28 5 0 4 13 52 13 4 20 91 20 93 20 4 0 3 12 48 12 3 0
50
3 3
11 11
46 46
47 47
45 45
30 30
32 32
29 29
31 31
1 1
7 7
34 34
18 18
21 21
96 96
97 97
95 95
98 98
17 17
76 76
78 78
74 74
75 75
54 54
60 60
57 57
53 53
56 56
58 58
87 87
88 88
66 66
67 67
68 68
70 70
64 64
9 9
37 37
8 8
35 35
10 10
38 38
42 42
43 43
23 23
28 28
52 52
91 91
93 93
48 48
