Shoreburn Starryhill Ironhedge Ostwynne Violetfay Deercastle Clearland Strongcrest Springwynne Westerlight Bushgate Corbank Hollowwynne Bysummer Wayhill Freyview Fairfort Windcliff Oldmoor Stonefair Winternesse Oakmere Aldley Southwheat Eriwall Springburn Newmill Cleargrass Westvale Highwell Erilyn Greencliff Shoreburn
31
Deercastle Butterway Oldmoor Clearland Northriver Foxvale Westerlight Irondeer Bluelake Brightmere Westmill Violetfay
Stonefair Fairsage Stoneglass Orbarrow Goldcrest Deephedge Courtedge Seamoor Strongfall Brightrock Fogland Goldwyvern Coldville Flowermill
Windcliff Bluedell Newby Mallowbridge Bushgate Esterfall Ironshore Southpine Buttermead Wildemarsh
Bushgate Wellmage Clearnesse Freyview Blackbush Butterhill Corbank Greenshore Mallowness Fairice Flowerfield Silverbarrow
Strongcrest Foxhaven Wellbank Marbleiron Eastcastle Freymere Silverlea
Springburn Silverwitch Oakmere Springfox Newmill Mistshore Eriwall
Hollowwynne Lochmage Bluedale Verthedge Violetley
Westerlight Greyice Snowshore Mallowway Bluewyn
Fairfort Fieldedge Northwynne Wooddell
Wayhill Esterash Windbridge
Winternesse Janholt Morwall
Ostwynne Starryhill Icenesse
Ironhedge Redlake Summermage
Springwynne Ironriver Erilyn
Eriwall Wolflea Southwheat
Violetfay Rosegate Applecastle
Southwheat Highmont Newley
Bysummer Morwald
Greencliff Shoreburn
Aldley Woodice
Westvale Dellwyn
Starryhill Valhaven
Cleargrass Lightmere
Oldmoor Courtwall
Clearland Butterbush
Freyview Snowsage
Erilyn Redwell
Highwell Courtcastle
Corbank Greensummer
Oakmere Orfort
Newmill Rosemill
