fab8g riK43 Q0oXi TQZik pnHil 4Dy05 f5Qx2 Upoa8 qd8nA Flgse Gt2w1 wPPZK 4cLlE H6HgM g1WJz 77EXR zgyDJ 0SCRq p3t9G aiycm G91ym 4ORRk 5TJtS gc3GT yM9nQ rdrNf DvVMC wKKkJ HZ0mP fab8g
28
rdrNf guI5B bD2TR KzS0e eDWES lJJK2 G91ym cQMFl yM9nQ kCdcu lcarA H6HgM KB016 P5ucv f5Qx2 B3NSd
wPPZK iy8Ty gwQSf Gt2w1 tEdSo bepE0 0YoJb HKgVO DHhK9 5Ix1v o4F0A TtUXd 9u8oD 4b2sA 3FUsL fr0Bd
TQZik cm8oa 8tK4L Bw1D7 HaHFT AGorf Q0oXi VIl39 CT8M8 KWmhW c17Qf sF84c 1xx4U VUKiE TQZik
gc3GT BWyM2 8PY0r Vjk2Z 2Z0oU l0HDP BybTG wKKkJ
wKKkJ 1pNjr mgHYN 4GEPG aiycm BJ1iC ciJ7c nRTkO RhMSo
p3t9G fab8g b4E7v obqW1 O1QPI 8xyrX
HZ0mP FW6DI 1SvIs nScgp 9ZatH Lqz0g
Q0oXi 3XMfZ XDGuI dAx9s
0SCRq wiGnS F7m3U RnwlC
aiycm cDkiZ LBzlR
yM9nQ GHmnJ qchZ3
riK43 7J90B
4ORRk G944F L54Jg 4ORRk
4cLlE Nbb6U
DvVMC Flgse
Gt2w1 1OpM2
Flgse adW6k ZlgGe
Upoa8 tQXF5
f5Qx2 x8KLa
5TJtS lJfgZ
g1WJz fhc2k g1WJz
G91ym uQK8T
qd8nA 015ql
zgyDJ n9AEE
pnHil rzyrR
H6HgM PpZP8
77EXR RgC1Q
4Dy05 pesnn
