0 13 32 13 17 80 66 80 17 5 65 70 4 3 54 75 29 3 11 0 100 104 135 104 100 106 145 106 100 102 121 102 100 101 112 101 117 199 117 101 109 166 109 101 110 101 111 101 113 185 113 101 116 101 100 103 100 105 137 105 100 0 86 20 43 20 10 99 10 86 12 81 82 81 1 89 79 89 64 31 25 93 25 31 57 21 57 0
40
4 96 63 14 4
10 83 10
11 58 55
29 75 29
31 35 31
102 124 102 118 123
109 167 109
112 182 112 180
145 145
106 146 156 172 175 171 51 53 158 160 154 44 178 173 179 106
5 42 5
13 13
17 68 17
25 24 25
64 72
65 70 65
86 90 86
103 128 130
105 138 105
111 177
113 189 113
110 169 168
121 152 153 147 127 188 196 77 136 149 142 198 144 151 194 121
166 87 18 26 56 28 85 22 49 98 7 59
12 62
43 43
66 66
1 1
99 99
82 82
54 54
21 21
101 101
104 104
117 117
100 100
89 89
20 20
81 81
57 57
