Waco MorenoValley OverlandPark SterlingHeights Palmdale FortCollins Victorville StPaul Victorville SanBernardino Stamford Cary Stamford Clarksville Palmdale FortWayne Palmdale LexingtonFa OWO AthensClarkeCounty SanFrancisco Richmond Aurora KansasCity Omaha KansasCity Aurora DesMoines Detroit NewYork Lincoln Newark Lincoln ChulaVista SantaClara Oski Rochester SaltLakeCity AnnArbor OverlandPark Waco
22
Waco SanAntonio
Newark Lincoln Newark
AthensClarkeCounty OWO AthensClarkeCounty
SantaClara Irving
Richmond SanFrancisco Richmond
Rochester Rochester
Palmdale Palmdale
Clarksville Clarksville
Cary Cary
StPaul StPaul
LexingtonFa LexingtonFa
MorenoValley MorenoValley
AnnArbor AnnArbor
SterlingHeights SterlingHeights
Stamford Stamford
FortWayne FortWayne
Omaha Omaha
FortCollins FortCollins
SaltLakeCity SaltLakeCity
ChulaVista ChulaVista
SanBernardino SanBernardino
Detroit Detroit
