0 68 62 72 12 155 124 69 188 189 190 191 192 193 194 195 196 197 198 199 198 197 196 195 194 193 192 191 190 189 188 69 148 133 5 118 56 51 86 122 121 142 3 2 95 94 140 24 31 13 73 145 54 28 61 67 153 53 102 135 19 7 60 83 44 36 65 59 35 157 161 162 163 164 165 166 167 168 169 170 171 172 173 174 175 176 177 178 179 180 181 182 183 184 185 186 187 186 185 184 183 182 181 180 179 178 177 176 175 174 173 172 171 170 169 168 167 166 165 164 163 162 161 34 107 112 22 43 47 66 77 101 159 80 129 143 151 160 120 146 0
100
68 68
62 62
72 72
12 12
155 155
124 124
188 188
189 189
190 190
191 191
192 192
193 193
194 194
195 195
196 196
197 197
198 198
199 199
69 69
148 148
133 133
5 5
118 118
56 56
51 51
86 86
122 122
121 121
142 142
3 3
2 2
95 95
94 94
140 140
24 24
31 31
13 13
73 73
145 145
54 54
28 28
61 61
67 67
153 153
53 53
102 102
135 135
19 19
7 7
60 60
83 83
44 44
36 36
65 65
59 59
35 35
157 157
187 187
186 186
185 185
184 184
183 183
182 182
181 181
180 180
179 179
178 178
177 177
176 176
175 175
174 174
173 173
172 172
171 171
170 170
169 169
168 168
167 167
166 166
165 165
164 164
163 163
162 162
34 34
107 107
112 112
22 22
43 43
47 47
66 66
77 77
101 101
159 159
80 80
129 129
143 143
151 151
160 160
120 120
146 146
