Aberdeen SanAntonio Redding SaltLakeCity Chattanooga Lowell Hampton Newburgh Hampton Tuscaloosa Winston Austin Gainesville Lewisville StPetersburg Henderson WestValleyCity Columbia GreenBay McAllen Marina McAllen Miramar Hartford SanBernardino Modesto Frederick SouthLyon Montgomery Racine Elkhart Pensacola Hampton Reno Springdale Reno Aberdeen
25
SanAntonio SanAntonio
SaltLakeCity SaltLakeCity
Chattanooga Chattanooga
Lowell Lowell
Hampton Hampton
Newburgh Newburgh
Tuscaloosa Tuscaloosa
Winston Winston
Austin Austin
Gainesville Gainesville
Lewisville Lewisville
StPetersburg StPetersburg
Henderson Henderson
WestValleyCity WestValleyCity
GreenBay GreenBay
Marina Marina
Miramar Miramar
SanBernardino SanBernardino
Modesto Modesto
SouthLyon SouthLyon
Montgomery Montgomery
Racine Racine
Pensacola Pensacola
Springdale Springdale
Reno Reno
