MfdzFvsdGbvl BbyhqvohDUZK rrRAqFcoDYfk pQCFwcmaYfTN noaMakAlHdwq PvZWLvSzyZfH MOpktZzuQRCH jBrNTBMPxyQD tywOQDwDhjwZ plKUVNXwKfVb dFUHctNjrywb MLnLJmQHwuOS UVLyMXgqTFaJ pkzKsTORVYro FCrKCfVsEsBk SgyAcloZDNJV arcJTkwUqbUy axLiuEEXvnsQ GuSSYBNHDbKE uFHfCerNFIme GemeldahvdVv mtRsLIzrlNLu BkcPMTugAswL NlmuUUVQUbgI QifLRRQkbeZy VyXrTLUcizAa GKWfMfVZxbJi RICmsRCgzRsB TbekQRoKcInv ZjfLZjjegWJT PUcvIgREsriS QHpWWcCYavdw EoEdLMroSPNp dDFWxTbuPymh PQTqeEtJjrHq IHnRSACwPeSd hLGIbMiwjPgd PnbamVANEguC buqjmAINqGzN SojgLCNtJNvq ymJllvoAiAsf AMizjBPjmCZd VARFNCcqfgIc DvRTDyBMOCbT DFscNnuMhxUC hCxjbMrSlUJQ rVqgoVgUmLRB deJmWrylVSGK mFYKjQfCsRtT MkUBuIisCVpZ AGbRQRBgaOdX MfdzFvsdGbvl
50
BbyhqvohDUZK BbyhqvohDUZK
rrRAqFcoDYfk rrRAqFcoDYfk
pQCFwcmaYfTN pQCFwcmaYfTN
noaMakAlHdwq noaMakAlHdwq
PvZWLvSzyZfH PvZWLvSzyZfH
MOpktZzuQRCH MOpktZzuQRCH
jBrNTBMPxyQD jBrNTBMPxyQD
tywOQDwDhjwZ tywOQDwDhjwZ
plKUVNXwKfVb plKUVNXwKfVb
dFUHctNjrywb dFUHctNjrywb
MLnLJmQHwuOS MLnLJmQHwuOS
UVLyMXgqTFaJ UVLyMXgqTFaJ
pkzKsTORVYro pkzKsTORVYro
FCrKCfVsEsBk FCrKCfVsEsBk
SgyAcloZDNJV SgyAcloZDNJV
arcJTkwUqbUy arcJTkwUqbUy
axLiuEEXvnsQ axLiuEEXvnsQ
GuSSYBNHDbKE GuSSYBNHDbKE
uFHfCerNFIme uFHfCerNFIme
GemeldahvdVv GemeldahvdVv
mtRsLIzrlNLu mtRsLIzrlNLu
BkcPMTugAswL BkcPMTugAswL
NlmuUUVQUbgI NlmuUUVQUbgI
QifLRRQkbeZy QifLRRQkbeZy
VyXrTLUcizAa VyXrTLUcizAa
GKWfMfVZxbJi GKWfMfVZxbJi
RICmsRCgzRsB RICmsRCgzRsB
TbekQRoKcInv TbekQRoKcInv
ZjfLZjjegWJT ZjfLZjjegWJT
PUcvIgREsriS PUcvIgREsriS
QHpWWcCYavdw QHpWWcCYavdw
EoEdLMroSPNp EoEdLMroSPNp
dDFWxTbuPymh dDFWxTbuPymh
PQTqeEtJjrHq PQTqeEtJjrHq
IHnRSACwPeSd IHnRSACwPeSd
hLGIbMiwjPgd hLGIbMiwjPgd
PnbamVANEguC PnbamVANEguC
buqjmAINqGzN buqjmAINqGzN
SojgLCNtJNvq SojgLCNtJNvq
ymJllvoAiAsf ymJllvoAiAsf
AMizjBPjmCZd AMizjBPjmCZd
VARFNCcqfgIc VARFNCcqfgIc
DvRTDyBMOCbT DvRTDyBMOCbT
DFscNnuMhxUC DFscNnuMhxUC
hCxjbMrSlUJQ hCxjbMrSlUJQ
rVqgoVgUmLRB rVqgoVgUmLRB
deJmWrylVSGK deJmWrylVSGK
mFYKjQfCsRtT mFYKjQfCsRtT
MkUBuIisCVpZ MkUBuIisCVpZ
AGbRQRBgaOdX AGbRQRBgaOdX
