0 80 0 52 26 5 128 183 87 180 69 63 81 84 7 67 13 49 21 92 10 92 76 198 88 9 12 34 30 141 4 141 89 62 23 121 102 166 122 162 122 35 184 103 27 199 197 157 149 48 189 73 177 73 131 106 135 98 16 151 17 46 15 167 85 114 103 179 156 20 126 68 66 174 130 75 83 91 25 50 138 31 196 53 139 108 185 113 136 193 111 40 42 155 140 70 45 137 45 19 97 72 181 152 118 134 168 117 176 195 6 160 6 153 105 55 11 171 144 74 125 36 82 147 59 116 109 145 143 0
100
80 80
52 52
26 26
128 128
183 183
87 87
180 180
69 69
63 63
81 81
84 84
67 67
13 13
10 10
76 76
198 198
88 88
9 9
34 34
30 30
4 4
62 62
23 23
121 121
102 102
166 166
122 122
162 162
35 35
184 184
27 27
199 199
197 197
157 157
149 149
48 48
189 189
177 177
131 131
106 106
98 98
16 16
151 151
17 17
46 46
85 85
114 114
103 103
179 179
156 156
20 20
126 126
66 66
174 174
130 130
75 75
83 83
91 91
50 50
138 138
31 31
196 196
53 53
139 139
108 108
185 185
136 136
111 111
40 40
42 42
140 140
70 70
45 45
137 137
19 19
97 97
72 72
181 181
152 152
134 134
168 168
117 117
176 176
195 195
160 160
105 105
55 55
11 11
171 171
144 144
74 74
125 125
36 36
82 82
147 147
59 59
116 116
109 109
145 145
143 143
