Essos TheRiverStyx Ivormere TheUnderworld CastleBlack Meereen DuWeldenvarden Helgrind Shinovar Blackwater Grimbarrow Carvahall Karth BeyondtheWall Braavos Valyria ShriekingShack Alderaan Bobbingbourne FlourishBlotts Gizton Boatwright Aerodenn Arkham Alethkar Vintas Westeros Astapor Netherfort Glimthain Soda WitheredHeath Lockinge TheVale Penketh Yll Arcwallow MountOlympus Ellesmera Glimthain Hogwarts Bellechulish Trebon Kinecardine Newarre ShatteredPlains Westeros Tartarus TheAturanEmpire Hogsmead Tarbean Castamere TheBoilingRock MysticRuins BikiniBottom TheKrustyKrab Duskhollow TheReshiIsles Toperhagen TheFae Urubaen Azir TheGreatDivide RepublicCity TheSpine Endor SatishVille TheChumBucket TheGodswood HighGarden Accrington DiagonAlley Sanlow FireNation Neddingtown Steeltown Riverrun Westeros Arrowcave Dragonstone BaSingSe Neddington TheEyrie Peridrift JahKeved Atlantas Batcave Chrofall Winterfell WesternAirTemple Omashu WesternAirTemple FleaBottom Dubwall Toffingburg Lorien TheCommonwealth Ademre Barkamsted TheWhompingWillow Jakku CaveofTwoLovers TheSpiritWorld KnifesEdge ProBendingArena Severen GooLagoon Keld JarrensOutpost Essos
100
Essos Essos
TheRiverStyx TheRiverStyx
Ivormere Ivormere
TheUnderworld TheUnderworld
CastleBlack CastleBlack
Meereen Meereen
DuWeldenvarden DuWeldenvarden
Helgrind Helgrind
Shinovar Shinovar
Blackwater Blackwater
Grimbarrow Grimbarrow
Carvahall Carvahall
Karth Karth
BeyondtheWall BeyondtheWall
Braavos Braavos
Valyria Valyria
ShriekingShack ShriekingShack
Alderaan Alderaan
Bobbingbourne Bobbingbourne
FlourishBlotts FlourishBlotts
Gizton Gizton
Boatwright Boatwright
Aerodenn Aerodenn
Arkham Arkham
Alethkar Alethkar
Vintas Vintas
Astapor Astapor
Netherfort Netherfort
Soda Soda
WitheredHeath WitheredHeath
Lockinge Lockinge
TheVale TheVale
Penketh Penketh
Yll Yll
Arcwallow Arcwallow
MountOlympus MountOlympus
Ellesmera Ellesmera
Hogwarts Hogwarts
Trebon Trebon
Newarre Newarre
ShatteredPlains ShatteredPlains
Tartarus Tartarus
Hogsmead Hogsmead
Tarbean Tarbean
Castamere Castamere
TheBoilingRock TheBoilingRock
BikiniBottom BikiniBottom
TheKrustyKrab TheKrustyKrab
Duskhollow Duskhollow
TheReshiIsles TheReshiIsles
Toperhagen Toperhagen
TheFae TheFae
Urubaen Urubaen
Azir Azir
TheGreatDivide TheGreatDivide
RepublicCity RepublicCity
TheSpine TheSpine
Endor Endor
SatishVille SatishVille
TheChumBucket TheChumBucket
TheGodswood TheGodswood
HighGarden HighGarden
Accrington Accrington
DiagonAlley DiagonAlley
Sanlow Sanlow
FireNation FireNation
Neddingtown Neddingtown
Steeltown Steeltown
Riverrun Riverrun
Westeros Westeros
Arrowcave Arrowcave
Dragonstone Dragonstone
BaSingSe BaSingSe
Neddington Neddington
TheEyrie TheEyrie
Peridrift Peridrift
JahKeved JahKeved
Atlantas Atlantas
Batcave Batcave
Chrofall Chrofall
Winterfell Winterfell
WesternAirTemple WesternAirTemple
Omashu Omashu
FleaBottom FleaBottom
Dubwall Dubwall
Toffingburg Toffingburg
Lorien Lorien
TheCommonwealth TheCommonwealth
Ademre Ademre
Barkamsted Barkamsted
TheWhompingWillow TheWhompingWillow
Jakku Jakku
CaveofTwoLovers CaveofTwoLovers
TheSpiritWorld TheSpiritWorld
KnifesEdge KnifesEdge
ProBendingArena ProBendingArena
Severen Severen
GooLagoon GooLagoon
Keld Keld
JarrensOutpost JarrensOutpost
