KMZ MMI TFL MQG OBR LRF XYT VSQ CDW XPB DEW VTA OUR UAO ZCR YGM YWR FZZ NLD NSY AFO HTU YFA COR NDM WXC KDF KNQ BWL KBZ XNH IKT KDO VNH XNM ENU CSI PKG YEC GMG QOE HDY PSZ EKW GEV KQK XFP LCB KVT FYE XXL HPL DZY DGD HSN CEA SZK VIF NYW WZI HGZ VZI BMH WDE HON WVO IYC PWL BVP IEN KDH GAZ KAL MBM BUN ZUA EVY WDN EFO XWZ WYK ACK GJK YET MWN WPB RHL FBZ ZES RDP EXX RWN GJW QUS YQU BTR MWC GVH HTV URI JTH KMZ
100
MMI MMI
TFL TFL
MQG MQG
OBR OBR
LRF LRF
XYT XYT
VSQ VSQ
CDW CDW
XPB XPB
DEW DEW
VTA VTA
OUR OUR
UAO UAO
ZCR ZCR
YGM YGM
YWR YWR
FZZ FZZ
NLD NLD
NSY NSY
AFO AFO
HTU HTU
YFA YFA
COR COR
NDM NDM
WXC WXC
KDF KDF
KNQ KNQ
BWL BWL
KBZ KBZ
XNH XNH
IKT IKT
KDO KDO
VNH VNH
XNM XNM
ENU ENU
CSI CSI
PKG PKG
YEC YEC
GMG GMG
QOE QOE
HDY HDY
PSZ PSZ
EKW EKW
GEV GEV
KQK KQK
XFP XFP
LCB LCB
KVT KVT
FYE FYE
XXL XXL
HPL HPL
DZY DZY
DGD DGD
HSN HSN
CEA CEA
SZK SZK
VIF VIF
NYW NYW
WZI WZI
HGZ HGZ
VZI VZI
BMH BMH
WDE WDE
HON HON
WVO WVO
IYC IYC
PWL PWL
BVP BVP
IEN IEN
KDH KDH
GAZ GAZ
KAL KAL
MBM MBM
BUN BUN
ZUA ZUA
EVY EVY
WDN WDN
EFO EFO
XWZ XWZ
WYK WYK
ACK ACK
GJK GJK
YET YET
MWN MWN
WPB WPB
RHL RHL
FBZ FBZ
ZES ZES
RDP RDP
EXX EXX
RWN RWN
GJW GJW
QUS QUS
YQU YQU
BTR BTR
MWC MWC
GVH GVH
HTV HTV
URI URI
JTH JTH
