2 41 85 9 60 142 60 35 188 163 158 110 158 112 190 92 190 112 4 161 109 131 156 131 63 26 11 23 34 181 45 102 117 164 138 13 8 87 175 48 175 126 114 107 43 80 54 80 118 6 71 43 107 114 100 198 147 32 147 115 104 44 104 115 147 198 128 86 37 25 81 12 127 150 101 93 194 10 31 125 5 59 173 162 152 36 98 27 141 75 64 186 38 46 38 83 73 58 73 83 38 186 136 119 136 186 0 192 176 51 76 22 14 18 171 149 3 149 171 179 16 133 120 197 72 178 82 178 155 196 121 7 79 7 121 199 97 144 106 144 97 199 195 56 52 145 42 103 172 61 172 113 99 165 99 174 28 174 182 189 122 189 184 130 55 139 62 90 95 90 177 90 62 96 137 30 15 57 94 134 67 116 103 42 50 1 187 1 50 193 53 157 49 157 2
100
2 2
85 85
142 142
35 35
188 188
158 158
110 110
92 92
112 112
4 4
161 161
131 131
156 156
63 63
26 26
23 23
34 34
181 181
164 164
138 138
13 13
8 8
48 48
126 126
114 114
54 54
80 80
118 118
6 6
100 100
32 32
115 115
44 44
128 128
86 86
25 25
12 12
93 93
194 194
125 125
59 59
173 173
36 36
98 98
27 27
141 141
38 38
46 46
58 58
73 73
119 119
136 136
0 0
192 192
51 51
76 76
14 14
171 171
149 149
3 3
179 179
133 133
178 178
82 82
196 196
121 121
7 7
79 79
97 97
106 106
56 56
52 52
145 145
61 61
113 113
165 165
28 28
174 174
182 182
122 122
189 189
130 130
55 55
139 139
95 95
177 177
90 90
96 96
30 30
15 15
94 94
67 67
116 116
42 42
187 187
50 50
193 193
53 53
49 49
157 157
