SusanneJohnBerrios DouglasRobertFerkovi MonteMonicaLum JuanDebbieAllen ClaudiaDavidTaylor GarryDavidKingery SpencerCourtneyBroth DinahCatherineFaulkn StephanieAaronWalker JorgeHeatherSamuels JuliaLindaGordon RubyLelandCollard HarryNeilFranklin JuliaMollieHernandez DorothyDavidStromme MaryFrankieWomack DougHelenHornbeck RalphClydeMills FernandoLindaWatson AntonioGeraldBaker LaquitaJohnBrunette MattieBarbaraEkstrom SusanneJohnBerrios
21
DouglasRobertFerkovi DouglasRobertFerkovi
MonteMonicaLum MonteMonicaLum
JuanDebbieAllen JuanDebbieAllen
ClaudiaDavidTaylor ClaudiaDavidTaylor
GarryDavidKingery GarryDavidKingery
SpencerCourtneyBroth SpencerCourtneyBroth
DinahCatherineFaulkn DinahCatherineFaulkn
StephanieAaronWalker StephanieAaronWalker
JorgeHeatherSamuels JorgeHeatherSamuels
JuliaLindaGordon JuliaLindaGordon
RubyLelandCollard RubyLelandCollard
HarryNeilFranklin HarryNeilFranklin
JuliaMollieHernandez JuliaMollieHernandez
DorothyDavidStromme DorothyDavidStromme
MaryFrankieWomack MaryFrankieWomack
DougHelenHornbeck DougHelenHornbeck
RalphClydeMills RalphClydeMills
FernandoLindaWatson FernandoLindaWatson
AntonioGeraldBaker AntonioGeraldBaker
LaquitaJohnBrunette LaquitaJohnBrunette
MattieBarbaraEkstrom MattieBarbaraEkstrom
