dweidxeutk audojmtlep gpbaqafhdz irtbznwvcu zbgxyjmdnm cwexpxaktw ivgiotlrrr cxrfqntbtm toeqvvzlae cpdpvshtof ienasnqnvt vpghbvlzxd xwsnmxufqy auonnlthcz vteisghgld rulcikswsa hlimwiksjd lgpbgvlzpo taoimnqdrr siwbsyuwap vtquakjujf gkbqwvqnfu nmshjtpxad gqwhfeepal ftrqchqaif wqeazvzkdf fxejnitkot dldiwncohw rzqbegeoni hcvrravrik nimybvgttg gvxfzzmwzk wfybmclpmp dllzvxpcgk cavyunvwuk kjgjbkdckc sjqdgtugly qjjslhkvnr fxpsowceqq ulneltboej itouxsyevo bxdnijtmyn hpqsgalvar aihlvhrjir bcwzxsuutq tofdobbbjt dzzxropcld ctnsbezpjg fuhtgylsov gyjkhdbyvm pphebmysxy xdmzjapanj tehmqpfdnn rqmdukqpbg cnbqxrvlvl tzpaywhybw rwobvahhfa wlzaatlgns cowtuqqsll depihfdmjk dlfzngcmgq okcwuqslme dfgysrnikx arrkheyths rqchbdjiqp xtugynuehn nqdbgeypdu ouzfljsksj lzsvglcvqa tdtlnqnprm wwmcjuetgz bqrcwxsyuw lvqqznnzyn fwwnyjpwnp pgiiochubt kufcwxmspu zdiibealli hjvmodgwdg iqbyvqgkcp drtcvphibq vqlbufoinm htfyksgccp gmvwahagsy akzsqllzsv cmelcyxenw mnmjklgmnp elifcmozpf afkxpktsxw efgyvzmusc wiwpekzeuz naqyljkxxq rlgdknlxmz kgpqjqjrhc uqhdcumthr sjcwiapdwb jiowqcrqpz klbefaxnzg xdhiumwdwn dweidxeutk
96
dweidxeutk dweidxeutk
audojmtlep audojmtlep
gpbaqafhdz gpbaqafhdz
irtbznwvcu irtbznwvcu
zbgxyjmdnm zbgxyjmdnm
cwexpxaktw cwexpxaktw
ivgiotlrrr ivgiotlrrr
cxrfqntbtm cxrfqntbtm
toeqvvzlae toeqvvzlae
cpdpvshtof cpdpvshtof
ienasnqnvt ienasnqnvt
vpghbvlzxd vpghbvlzxd
xwsnmxufqy xwsnmxufqy
auonnlthcz auonnlthcz
vteisghgld vteisghgld
rulcikswsa rulcikswsa
hlimwiksjd hlimwiksjd
lgpbgvlzpo lgpbgvlzpo
taoimnqdrr taoimnqdrr
siwbsyuwap siwbsyuwap
vtquakjujf vtquakjujf
gkbqwvqnfu gkbqwvqnfu
nmshjtpxad nmshjtpxad
gqwhfeepal gqwhfeepal
ftrqchqaif ftrqchqaif
wqeazvzkdf wqeazvzkdf
fxejnitkot fxejnitkot
dldiwncohw dldiwncohw
rzqbegeoni rzqbegeoni
hcvrravrik hcvrravrik
nimybvgttg nimybvgttg
gvxfzzmwzk gvxfzzmwzk
wfybmclpmp wfybmclpmp
dllzvxpcgk dllzvxpcgk
cavyunvwuk cavyunvwuk
kjgjbkdckc kjgjbkdckc
sjqdgtugly sjqdgtugly
qjjslhkvnr qjjslhkvnr
fxpsowceqq fxpsowceqq
ulneltboej ulneltboej
itouxsyevo itouxsyevo
bxdnijtmyn bxdnijtmyn
hpqsgalvar hpqsgalvar
aihlvhrjir aihlvhrjir
bcwzxsuutq bcwzxsuutq
tofdobbbjt tofdobbbjt
dzzxropcld dzzxropcld
ctnsbezpjg ctnsbezpjg
fuhtgylsov fuhtgylsov
gyjkhdbyvm gyjkhdbyvm
pphebmysxy pphebmysxy
xdmzjapanj xdmzjapanj
tehmqpfdnn tehmqpfdnn
rqmdukqpbg rqmdukqpbg
cnbqxrvlvl cnbqxrvlvl
tzpaywhybw tzpaywhybw
rwobvahhfa rwobvahhfa
wlzaatlgns wlzaatlgns
cowtuqqsll cowtuqqsll
depihfdmjk depihfdmjk
dlfzngcmgq dlfzngcmgq
okcwuqslme okcwuqslme
dfgysrnikx dfgysrnikx
arrkheyths arrkheyths
rqchbdjiqp rqchbdjiqp
xtugynuehn xtugynuehn
ouzfljsksj ouzfljsksj
lzsvglcvqa lzsvglcvqa
tdtlnqnprm tdtlnqnprm
wwmcjuetgz wwmcjuetgz
bqrcwxsyuw bqrcwxsyuw
lvqqznnzyn lvqqznnzyn
fwwnyjpwnp fwwnyjpwnp
pgiiochubt pgiiochubt
kufcwxmspu kufcwxmspu
zdiibealli zdiibealli
hjvmodgwdg hjvmodgwdg
iqbyvqgkcp iqbyvqgkcp
drtcvphibq drtcvphibq
vqlbufoinm vqlbufoinm
gmvwahagsy gmvwahagsy
akzsqllzsv akzsqllzsv
cmelcyxenw cmelcyxenw
mnmjklgmnp mnmjklgmnp
elifcmozpf elifcmozpf
afkxpktsxw afkxpktsxw
efgyvzmusc efgyvzmusc
wiwpekzeuz wiwpekzeuz
naqyljkxxq naqyljkxxq
rlgdknlxmz rlgdknlxmz
kgpqjqjrhc kgpqjqjrhc
uqhdcumthr uqhdcumthr
sjcwiapdwb sjcwiapdwb
jiowqcrqpz jiowqcrqpz
klbefaxnzg klbefaxnzg
xdhiumwdwn xdhiumwdwn
