Hamsbourne Sundlechester Camsborne Rocklow Dribstoke Endbeck Melshot Endbeck Dribstoke Chilringfield Rotmerby Sunderborough Ciley Sunderborough Prestbourne Botherstanport Wolvencester Botherstanport Leatherblesley Sodderrenshead Leatherblesley Camswich Cimansbrough Wendleslake Boothenrensborough Candlesdon Boothenrensborough Wendleslake Stafdenbourne Chipsted Stafdenbourne Enderton Camhampton Hartberbury Camhampton Shaftthorne Sudbage Skelgrove Warrewick Chipfield Hamperrehampton Chipfield Cammercastle Chipfield Hamsbourne
25
Sundlechester Sundlechester
Rocklow Rocklow
Melshot Melshot
Chilringfield Chilringfield
Rotmerby Rotmerby
Ciley Ciley
Sunderborough Sunderborough
Prestbourne Prestbourne
Wolvencester Wolvencester
Sodderrenshead Sodderrenshead
Leatherblesley Leatherblesley
Camswich Camswich
Cimansbrough Cimansbrough
Candlesdon Candlesdon
Boothenrensborough Boothenrensborough
Chipsted Chipsted
Enderton Enderton
Hartberbury Hartberbury
Camhampton Camhampton
Shaftthorne Shaftthorne
Sudbage Sudbage
Warrewick Warrewick
Hamperrehampton Hamperrehampton
Cammercastle Cammercastle
Chipfield Chipfield
