Whitgrove Sodberling Bromstanham Clereennell Todhampton Bootwick Wycastle Boothingchester Ellerbridge Suddingover Penddenchester Pemnell Rothingcombe Milthorne Whitringlake Falworth Elfield Wolley Cirerham Dartden Sundcompney Prestwick Sundcompney Sifield Abcester Botbeck Sundendford Chedworth Sundendford Blansbrook Fullensborne Sundlethorne Abgleham Siavon Horsnell Warsmith Falderbrough Marlbrook Wychchester Siey Redcombe Casbrook Toddenmerbrough Endingnell Toddenmerbrough Horstleover Warsmith Skellingover Candleswick Endleshall Melwood Suddenmoor Egmerhampton Suddenmoor Staincombe Suddenmoor Tippenbrook Marlbeck Enderbeck Sodport Durbrook Falderseythorne Worford Rotherlow Worford Hamscombe Skelberden Hamscombe Alfmere Leatherport Cireport Egbeck Skellenshot Cihead Skellenshot Wychcompwold Dribberham Bothenhall Worrenberwang Ellerbridge Boothingchester Wycastle Reddendeney Worhall Hannersmith Shaftborough Ribberrenston Southmere Basbage Warblestancester Tippendham Stainbrough Wendleringdown Hamwold Emmerley Bastlebury Rothendcombe Wychditch Abglewold Farnditch Shaftmoor Bothenton Chelmdenmoor Ketnell Toddenmoor Ketnell Staplow Ketchester Watchlake Farndlesover Watchlake Tippingbage Watchlake Ketchester Boothingmanstree Faldenhall Wethampton Egsted Marlcester Nortwell Bassinghead Southbury Stapbrook Wetwick Hampingbascombe Sirenshall Fulhampton Tipstoke Burlake Endleberey Reddingtree Eley Reddingtree Stapbrough Penby Ciringnell Elside Wetsmith Elside Cannerthorne Waltbeck Hampingcastle Basditch Hampingworth Bursmith Dribblecombe Whitgrove
100
Whitgrove Whitgrove
Sodberling Sodberling
Bromstanham Bromstanham
Clereennell Clereennell
Todhampton Todhampton
Bootwick Bootwick
Ellerbridge Ellerbridge
Suddingover Suddingover
Rothingcombe Rothingcombe
Milthorne Milthorne
Whitringlake Whitringlake
Falworth Falworth
Wolley Wolley
Dartden Dartden
Prestwick Prestwick
Sifield Sifield
Abcester Abcester
Botbeck Botbeck
Sundendford Sundendford
Chedworth Chedworth
Blansbrook Blansbrook
Sundlethorne Sundlethorne
Abgleham Abgleham
Siavon Siavon
Horsnell Horsnell
Marlbrook Marlbrook
Wychchester Wychchester
Siey Siey
Redcombe Redcombe
Casbrook Casbrook
Endingnell Endingnell
Horstleover Horstleover
Skellingover Skellingover
Candleswick Candleswick
Melwood Melwood
Suddenmoor Suddenmoor
Egmerhampton Egmerhampton
Staincombe Staincombe
Tippenbrook Tippenbrook
Enderbeck Enderbeck
Sodport Sodport
Durbrook Durbrook
Falderseythorne Falderseythorne
Rotherlow Rotherlow
Worford Worford
Skelberden Skelberden
Alfmere Alfmere
Leatherport Leatherport
Cihead Cihead
Skellenshot Skellenshot
Wychcompwold Wychcompwold
Dribberham Dribberham
Bothenhall Bothenhall
Worrenberwang Worrenberwang
Wycastle Wycastle
Reddendeney Reddendeney
Worhall Worhall
Shaftborough Shaftborough
Ribberrenston Ribberrenston
Southmere Southmere
Tippendham Tippendham
Wendleringdown Wendleringdown
Hamwold Hamwold
Emmerley Emmerley
Bastlebury Bastlebury
Rothendcombe Rothendcombe
Abglewold Abglewold
Farnditch Farnditch
Bothenton Bothenton
Ketnell Ketnell
Toddenmoor Toddenmoor
Staplow Staplow
Ketchester Ketchester
Farndlesover Farndlesover
Watchlake Watchlake
Tippingbage Tippingbage
Boothingmanstree Boothingmanstree
Faldenhall Faldenhall
Wethampton Wethampton
Egsted Egsted
Marlcester Marlcester
Nortwell Nortwell
Southbury Southbury
Wetwick Wetwick
Hampingbascombe Hampingbascombe
Sirenshall Sirenshall
Tipstoke Tipstoke
Endleberey Endleberey
Eley Eley
Stapbrough Stapbrough
Penby Penby
Wetsmith Wetsmith
Elside Elside
Cannerthorne Cannerthorne
Waltbeck Waltbeck
Hampingcastle Hampingcastle
Basditch Basditch
Hampingworth Hampingworth
Bursmith Bursmith
Dribblecombe Dribblecombe
