hC71hIuyRaST3AiaSZqg cXmjc3Wu4kjM1IHGgfA5 COVfDobG5VcfcSxLDUch cXmjc3Wu4kjM1IHGgfA5 zbsjvfwSdNExCnTFLo8x 4wWd3kvalFkda9M583i7 btiXecpJBKmrIHtQ7jPA UQEmoPmHSH2FlTDuXOEx Wf6tYlitgmZKoXfughsS Ca5sYccbD9TUz7JLHrcf P6PcaiimLTne6w5m7SJi ymIUUgCvgB7r5le0Mh11 qzhMj5jvroYQ0sxm9D9f qyWH5Ui5kFJGpXM7i2RZ EEWjQ3rZ3GM9oucA2vc5 kITtdSORrLGuHqAl2YGb VkEnPX1CQCoh4CxlXSlf ZUt08qPkISJA3VT4fdsK oq1GulTWdKtwAlNIQxnY 2dfprAgHp3T6RrgooKgP nnG2z19YXqYOoAxMQkFV 72cxNTZ1Tw5teVGiR2xj CgUyoeVDFzkf0g6EiF8w RP9IQz70eEvTJVIHw5Lv l5OFQGDhW1xJJ8ERuglz gY86LqbQLTIYrcgU8Crt bw0K7NVh1sgqlnescYkX nP45x6vSjSYCI8DDOBiZ aGWdv30UuUFiszMErlJF NjrNYv2s9TjuFmdhy6vq eULKHiriYHElwEbrQo2X x81SdeDfzbsk8wgCHcJT 468JV90VoJDfHRf7bwGC NqvNOj5h3GSbJm5NawjL ObIUeV1Y9WxgQVINEZzj RDnAjQbgrCahBSBieO1p dsEyS8WvuzfBZPrbbzZx 63EFNMvLteBrV7Lj9nA4 RSJQdRAK7H6zYHVeXyPj yXrak2UUHdgFCsCWvgfp oakCd1HozhO35GtImcF2 C5aQkckiWq5qVUhbiI57 R22TNV5lr1tmI44FcHvv W5rNQea9NsCafaUbLgWC rW1b1NT9NaRlIIxoT8XF ddzqPXECnHQT4a4RIpSF 61VEe5QpRdEG1AHTZmSn laRDyozSdXcFtmdQ5VqD nmwnnNlPCMIjajSEo2R3 2YL9dYowMkTTxjU0fVal c2cBpUI19bqo5IjxQzNs TrUW9m3qjkTMvqHNRot0 Mi1upMhcgP7iV16OWKN5 NXZByMrsstrrXRLxVcyg gZiMcGUkLd8qaWleLH1T NXZByMrsstrrXRLxVcyg qsbRHSDlSHG3Ep5gugbq 3MmCPAjYheu6g9TkIxDm uwYFKqdXzHrDjwNLVxGZ WgneGAZv4qtDq8Q5DYZf NWAZrSnr0i1Dj5TA6dLc fuNQ8Sfy86k6zaBQjwEz 24YcTAlCtPoNC11H3BAQ jLS4UljOCe6h8LwAOGRX CMQ0OeWc1jOFVxmSr3hH kuIwHVHn49UEM4TprHKr MCc3yEIO8tXzzu5ZknlT 1wSeohNTb1oCspxe2x4j MCc3yEIO8tXzzu5ZknlT fzCA3w8Mu664WC0yRZb5 EfhuR5UGBxqkoqdQBn2E 4MuL6AbQo2ozZ4x7psrd KqTw626stjcdChciHrJ6 OLGSBuAPLZmdhTN6ApoS 1ae7bJScGomdGEdgag5b 6KcltWtleWJ6izN3XL0F wqyhoOJuJuNfuZ1c9ZhU EqrhH8oFQmMRN10foGjV DmIjX4adnoqSEDmx2f39 fxnnXXAtldMGBgqECnVx FE29I03FH1qEyEvIQNGT PqB0lgs9Brze4wJGQzAM mkGdh9qd7uj9x5W3Koxj 8IUV6HBSYn47shRwVW5F JuSdCG8HSUzwufkmRvTN RNtZ6m1O9hQj2ovJiJE3 1uTE034Q24DWmybWBbX4 8w6JkwNghwwfzVWZlMG6 QHOT9LWV0s6xVVreglDh EnQuMk7pVZUnmn2BboBv 6jnt0RQvUBeXBhrLOwzh EnQuMk7pVZUnmn2BboBv g6Fit1BcwBIbAAJnBKGn OBEPyJuvhH0Z9VoT2UNC g6Fit1BcwBIbAAJnBKGn 1Oc2bGjHzXrMLiYLik5Z h52UeNen88U7Y4iFuOF7 z0rRwRZbA1TaaAgS8PYu x74MQe7pEH17MLQqDD8H t9sTQNaMU9o2HF5pm7xT 8X2kWfVN7ACYeLRlwU5k xtgYSd34f56WAH3CCBpW IC3wlDskAWyf0o1M61kl tb41LamjPxrSZBTCVL4N b9q1t3OMZ6dXE5R6ca5w vXrEXAmThLoQVXFImZcg 7DZfG4yobV0xCcSaxf27 g5fwwkfUKem4JdibLkXM PFAHK1LPbENiUm01N8B0 lVjpvSHc5hBrS7dzTmI1 Mufarp9xGx29xj0P1ijS Tgouk8HApNFShyYjQedR sCcEFmBkhTop4sycKzuM Tgouk8HApNFShyYjQedR Dv6lwBgjbbZceuQXFzFf Tgouk8HApNFShyYjQedR QYsTJmc2IUi36H1YK47s 2QgUKFj4HV0dn5Ia55tj IWOalMs6IXX5Ln6F9Eov LI8fhHKJlh7mQx1nNK0m 2TderjwrXrNV2UBZ77eD yMXdJdorJpzOHHt9uIfg Z2YJKymsE6JEohxl2CgC nOsoIFzZBhdd6bjP45Ba 5doygtE58PVlrfBbaaxD OAcbYkMyAi1Iu0vWaaFc v0QCMKnmfkXllH4nQHen YygsiZkXDS9oQ07w4psX hC71hIuyRaST3AiaSZqg
100
cXmjc3Wu4kjM1IHGgfA5 cXmjc3Wu4kjM1IHGgfA5
COVfDobG5VcfcSxLDUch COVfDobG5VcfcSxLDUch
zbsjvfwSdNExCnTFLo8x zbsjvfwSdNExCnTFLo8x
4wWd3kvalFkda9M583i7 4wWd3kvalFkda9M583i7
btiXecpJBKmrIHtQ7jPA btiXecpJBKmrIHtQ7jPA
UQEmoPmHSH2FlTDuXOEx UQEmoPmHSH2FlTDuXOEx
Wf6tYlitgmZKoXfughsS Wf6tYlitgmZKoXfughsS
Ca5sYccbD9TUz7JLHrcf Ca5sYccbD9TUz7JLHrcf
P6PcaiimLTne6w5m7SJi P6PcaiimLTne6w5m7SJi
ymIUUgCvgB7r5le0Mh11 ymIUUgCvgB7r5le0Mh11
qyWH5Ui5kFJGpXM7i2RZ qyWH5Ui5kFJGpXM7i2RZ
EEWjQ3rZ3GM9oucA2vc5 EEWjQ3rZ3GM9oucA2vc5
VkEnPX1CQCoh4CxlXSlf VkEnPX1CQCoh4CxlXSlf
oq1GulTWdKtwAlNIQxnY oq1GulTWdKtwAlNIQxnY
2dfprAgHp3T6RrgooKgP 2dfprAgHp3T6RrgooKgP
nnG2z19YXqYOoAxMQkFV nnG2z19YXqYOoAxMQkFV
72cxNTZ1Tw5teVGiR2xj 72cxNTZ1Tw5teVGiR2xj
CgUyoeVDFzkf0g6EiF8w CgUyoeVDFzkf0g6EiF8w
l5OFQGDhW1xJJ8ERuglz l5OFQGDhW1xJJ8ERuglz
bw0K7NVh1sgqlnescYkX bw0K7NVh1sgqlnescYkX
aGWdv30UuUFiszMErlJF aGWdv30UuUFiszMErlJF
eULKHiriYHElwEbrQo2X eULKHiriYHElwEbrQo2X
x81SdeDfzbsk8wgCHcJT x81SdeDfzbsk8wgCHcJT
468JV90VoJDfHRf7bwGC 468JV90VoJDfHRf7bwGC
NqvNOj5h3GSbJm5NawjL NqvNOj5h3GSbJm5NawjL
RDnAjQbgrCahBSBieO1p RDnAjQbgrCahBSBieO1p
dsEyS8WvuzfBZPrbbzZx dsEyS8WvuzfBZPrbbzZx
63EFNMvLteBrV7Lj9nA4 63EFNMvLteBrV7Lj9nA4
RSJQdRAK7H6zYHVeXyPj RSJQdRAK7H6zYHVeXyPj
yXrak2UUHdgFCsCWvgfp yXrak2UUHdgFCsCWvgfp
oakCd1HozhO35GtImcF2 oakCd1HozhO35GtImcF2
C5aQkckiWq5qVUhbiI57 C5aQkckiWq5qVUhbiI57
R22TNV5lr1tmI44FcHvv R22TNV5lr1tmI44FcHvv
W5rNQea9NsCafaUbLgWC W5rNQea9NsCafaUbLgWC
rW1b1NT9NaRlIIxoT8XF rW1b1NT9NaRlIIxoT8XF
ddzqPXECnHQT4a4RIpSF ddzqPXECnHQT4a4RIpSF
61VEe5QpRdEG1AHTZmSn 61VEe5QpRdEG1AHTZmSn
laRDyozSdXcFtmdQ5VqD laRDyozSdXcFtmdQ5VqD
nmwnnNlPCMIjajSEo2R3 nmwnnNlPCMIjajSEo2R3
2YL9dYowMkTTxjU0fVal 2YL9dYowMkTTxjU0fVal
TrUW9m3qjkTMvqHNRot0 TrUW9m3qjkTMvqHNRot0
Mi1upMhcgP7iV16OWKN5 Mi1upMhcgP7iV16OWKN5
NXZByMrsstrrXRLxVcyg NXZByMrsstrrXRLxVcyg
gZiMcGUkLd8qaWleLH1T gZiMcGUkLd8qaWleLH1T
qsbRHSDlSHG3Ep5gugbq qsbRHSDlSHG3Ep5gugbq
3MmCPAjYheu6g9TkIxDm 3MmCPAjYheu6g9TkIxDm
WgneGAZv4qtDq8Q5DYZf WgneGAZv4qtDq8Q5DYZf
NWAZrSnr0i1Dj5TA6dLc NWAZrSnr0i1Dj5TA6dLc
fuNQ8Sfy86k6zaBQjwEz fuNQ8Sfy86k6zaBQjwEz
24YcTAlCtPoNC11H3BAQ 24YcTAlCtPoNC11H3BAQ
jLS4UljOCe6h8LwAOGRX jLS4UljOCe6h8LwAOGRX
kuIwHVHn49UEM4TprHKr kuIwHVHn49UEM4TprHKr
1wSeohNTb1oCspxe2x4j 1wSeohNTb1oCspxe2x4j
fzCA3w8Mu664WC0yRZb5 fzCA3w8Mu664WC0yRZb5
4MuL6AbQo2ozZ4x7psrd 4MuL6AbQo2ozZ4x7psrd
KqTw626stjcdChciHrJ6 KqTw626stjcdChciHrJ6
OLGSBuAPLZmdhTN6ApoS OLGSBuAPLZmdhTN6ApoS
1ae7bJScGomdGEdgag5b 1ae7bJScGomdGEdgag5b
6KcltWtleWJ6izN3XL0F 6KcltWtleWJ6izN3XL0F
wqyhoOJuJuNfuZ1c9ZhU wqyhoOJuJuNfuZ1c9ZhU
EqrhH8oFQmMRN10foGjV EqrhH8oFQmMRN10foGjV
DmIjX4adnoqSEDmx2f39 DmIjX4adnoqSEDmx2f39
FE29I03FH1qEyEvIQNGT FE29I03FH1qEyEvIQNGT
mkGdh9qd7uj9x5W3Koxj mkGdh9qd7uj9x5W3Koxj
8IUV6HBSYn47shRwVW5F 8IUV6HBSYn47shRwVW5F
JuSdCG8HSUzwufkmRvTN JuSdCG8HSUzwufkmRvTN
RNtZ6m1O9hQj2ovJiJE3 RNtZ6m1O9hQj2ovJiJE3
1uTE034Q24DWmybWBbX4 1uTE034Q24DWmybWBbX4
8w6JkwNghwwfzVWZlMG6 8w6JkwNghwwfzVWZlMG6
QHOT9LWV0s6xVVreglDh QHOT9LWV0s6xVVreglDh
6jnt0RQvUBeXBhrLOwzh 6jnt0RQvUBeXBhrLOwzh
OBEPyJuvhH0Z9VoT2UNC OBEPyJuvhH0Z9VoT2UNC
g6Fit1BcwBIbAAJnBKGn g6Fit1BcwBIbAAJnBKGn
1Oc2bGjHzXrMLiYLik5Z 1Oc2bGjHzXrMLiYLik5Z
z0rRwRZbA1TaaAgS8PYu z0rRwRZbA1TaaAgS8PYu
t9sTQNaMU9o2HF5pm7xT t9sTQNaMU9o2HF5pm7xT
xtgYSd34f56WAH3CCBpW xtgYSd34f56WAH3CCBpW
IC3wlDskAWyf0o1M61kl IC3wlDskAWyf0o1M61kl
b9q1t3OMZ6dXE5R6ca5w b9q1t3OMZ6dXE5R6ca5w
vXrEXAmThLoQVXFImZcg vXrEXAmThLoQVXFImZcg
7DZfG4yobV0xCcSaxf27 7DZfG4yobV0xCcSaxf27
g5fwwkfUKem4JdibLkXM g5fwwkfUKem4JdibLkXM
PFAHK1LPbENiUm01N8B0 PFAHK1LPbENiUm01N8B0
lVjpvSHc5hBrS7dzTmI1 lVjpvSHc5hBrS7dzTmI1
Mufarp9xGx29xj0P1ijS Mufarp9xGx29xj0P1ijS
Tgouk8HApNFShyYjQedR Tgouk8HApNFShyYjQedR
sCcEFmBkhTop4sycKzuM sCcEFmBkhTop4sycKzuM
Dv6lwBgjbbZceuQXFzFf Dv6lwBgjbbZceuQXFzFf
QYsTJmc2IUi36H1YK47s QYsTJmc2IUi36H1YK47s
2QgUKFj4HV0dn5Ia55tj 2QgUKFj4HV0dn5Ia55tj
IWOalMs6IXX5Ln6F9Eov IWOalMs6IXX5Ln6F9Eov
LI8fhHKJlh7mQx1nNK0m LI8fhHKJlh7mQx1nNK0m
2TderjwrXrNV2UBZ77eD 2TderjwrXrNV2UBZ77eD
yMXdJdorJpzOHHt9uIfg yMXdJdorJpzOHHt9uIfg
Z2YJKymsE6JEohxl2CgC Z2YJKymsE6JEohxl2CgC
nOsoIFzZBhdd6bjP45Ba nOsoIFzZBhdd6bjP45Ba
5doygtE58PVlrfBbaaxD 5doygtE58PVlrfBbaaxD
OAcbYkMyAi1Iu0vWaaFc OAcbYkMyAi1Iu0vWaaFc
v0QCMKnmfkXllH4nQHen v0QCMKnmfkXllH4nQHen
YygsiZkXDS9oQ07w4psX YygsiZkXDS9oQ07w4psX
