SaintPaul SanJose Madison SanFrancisco Stockton Houston Tampa Toledo Atlanta Oakland WinstonSalem Durham Phoenix Charlotte ChulaVista Cincinnati ChulaVista SanDiego Dallas Tucson Raleigh Tucson Detroit Denver JerseyCity Laredo JerseyCity Lincoln Minneapolis Bakersfield OklahomaCity Hialeah Glendale Columbus Milwaukee StPetersburg Henderson StPetersburg Spokane Fresno Lexington Fresno Chesapeake Lubbock Honolulu Memphis Durham SantaAna Pittsburgh Mesa Indianapolis Mesa Baltimore LongBeach FortWorth BatonRouge Albuquerque FortWayne Anchorage FortWayne Aurora Omaha Miami KansasCity NewOrleans Chandler Plano LosAngeles ElPaso Austin SanAntonio Newark Scottsdale Newark Garland SaintPaul
50
SanJose SanJose
Madison Madison
Stockton Stockton
Houston Houston
Tampa Tampa
Atlanta Atlanta
WinstonSalem WinstonSalem
Durham Durham
Phoenix Phoenix
Charlotte Charlotte
Cincinnati Cincinnati
SanDiego SanDiego
Dallas Dallas
Tucson Tucson
Raleigh Raleigh
Denver Denver
Laredo Laredo
JerseyCity JerseyCity
Lincoln Lincoln
Bakersfield Bakersfield
OklahomaCity OklahomaCity
Hialeah Hialeah
Glendale Glendale
Columbus Columbus
Milwaukee Milwaukee
StPetersburg StPetersburg
Henderson Henderson
Spokane Spokane
Lexington Lexington
Chesapeake Chesapeake
Lubbock Lubbock
Honolulu Honolulu
Memphis Memphis
SantaAna SantaAna
Pittsburgh Pittsburgh
Indianapolis Indianapolis
Baltimore Baltimore
LongBeach LongBeach
FortWorth FortWorth
FortWayne FortWayne
Anchorage Anchorage
Aurora Aurora
NewOrleans NewOrleans
Chandler Chandler
Plano Plano
ElPaso ElPaso
Austin Austin
SanAntonio SanAntonio
Newark Newark
Scottsdale Scottsdale
