0 23 88 64 50 7 50 34 57 25 70 16 47 22 51 13 182 75 74 5 41 32 59 97 31 2 86 66 145 68 77 98 91 98 65 26 11 18 87 95 87 17 8 30 72 194 61 28 38 42 45 4 60 49 54 92 99 27 96 67 39 94 71 10 81 20 53 12 62 134 44 37 35 176 19 85 58 1 69 43 3 80 21 93 29 89 147 82 40 83 52 9 6 24 46 63 139 48 15 33 76 84 90 55 78 36 14 56 79 73 0
100
0 0
23 23
88 88
64 64
50 50
7 7
34 34
57 57
25 25
70 70
16 16
47 47
22 22
51 51
13 13
75 75
74 74
5 5
41 41
32 32
59 59
97 97
31 31
2 2
86 86
66 66
68 68
77 77
91 91
98 98
65 65
26 26
11 11
18 18
95 95
87 87
17 17
8 8
30 30
72 72
61 61
28 28
38 38
42 42
45 45
4 4
60 60
49 49
54 54
92 92
99 99
27 27
96 96
67 67
39 39
94 94
71 71
10 10
81 81
20 20
53 53
12 12
62 62
44 44
37 37
35 35
19 19
85 85
58 58
1 1
69 69
43 43
3 3
80 80
21 21
93 93
29 29
89 89
82 82
40 40
83 83
52 52
9 9
6 6
24 24
46 46
63 63
48 48
15 15
33 33
76 76
84 84
90 90
55 55
78 78
36 36
14 14
56 56
79 79
73 73
