Pantheon Ahri Slark Jayce Anivia Disruptor KogMaw CrystalMaiden Lucian Jax WraithKing Nunu MasterYi ArcWarden Jhin Kled Lich ChaosKnight Magnus Tailyah Malphite Xerath Skarner Bard BountyHunter Phoenix Galio CentaurWarrunner Ziggs Akali Heimerdinger Tiny NightStalker Rumble SpiritBreaker Draven Jinx Morgana Bristleback Maokai LoneDruid Oracle Ashe Shyvana TrollWarlord Talon Lux Ezreal Spectre Pantheon
48
Ahri Ahri
Slark Slark
Jayce Jayce
Anivia Anivia
Disruptor Disruptor
KogMaw KogMaw
CrystalMaiden CrystalMaiden
Lucian Lucian
Jax Jax
WraithKing WraithKing
Nunu Nunu
MasterYi MasterYi
ArcWarden ArcWarden
Jhin Jhin
Kled Kled
Lich Lich
ChaosKnight ChaosKnight
Magnus Magnus
Tailyah Tailyah
Malphite Malphite
Xerath Xerath
Skarner Skarner
Bard Bard
BountyHunter BountyHunter
Phoenix Phoenix
Galio Galio
CentaurWarrunner CentaurWarrunner
Ziggs Ziggs
Akali Akali
Heimerdinger Heimerdinger
Tiny Tiny
NightStalker NightStalker
Rumble Rumble
SpiritBreaker SpiritBreaker
Draven Draven
Jinx Jinx
Morgana Morgana
Bristleback Bristleback
Maokai Maokai
LoneDruid LoneDruid
Oracle Oracle
Ashe Ashe
Shyvana Shyvana
TrollWarlord TrollWarlord
Talon Talon
Lux Lux
Ezreal Ezreal
Spectre Spectre
