0 45 21 45 42 40 42 25 37 25 14 11 25 19 25 2 25 15 35 15 25 23 41 29 12 34 32 90 64 93 64 92 64 55 61 83 61 84 61 55 60 55 62 87 62 55 63 55 51 50 54 59 77 59 78 59 54 50 52 56 66 97 66 98 66 56 67 56 65 95 65 96 65 94 65 56 52 50 53 58 74 58 71 58 73 58 70 10 31 20 31 8 48 26 44 33 39 13 49 13 5 0
51
0 0
45 45
21 21
40 40
42 42
37 37
14 14
11 11
19 19
2 2
35 35
25 25
23 23
41 41
12 12
34 34
32 32
90 90
93 93
92 92
83 83
84 84
60 60
87 87
62 62
63 63
55 55
54 54
59 59
77 77
78 78
52 52
66 66
97 97
98 98
67 67
95 95
96 96
94 94
74 74
71 71
73 73
70 70
10 10
31 31
20 20
48 48
26 26
33 33
39 39
49 49
