33 86 64 3 9 10 90 68 90 10 9 80 20 15 20 73 42 93 22 2 22 35 7 82 40 82 39 16 94 47 94 25 94 16 29 16 31 60 67 54 30 54 67 57 67 69 34 69 88 50 19 50 35 5 43 26 14 11 100 95 85 17 27 23 27 66 63 12 63 14 97 8 97 14 89 32 6 81 61 81 6 32 13 98 91 46 75 46 91 98 38 52 65 18 36 53 71 48 71 53 36 79 37 51 33
51
33 33
86 86
64 64
9 9
10 10
68 68
80 80
15 15
20 20
42 42
22 22
2 2
7 7
40 40
82 82
47 47
94 94
25 25
29 29
31 31
60 60
67 67
30 30
54 54
57 57
34 34
69 69
88 88
19 19
50 50
35 35
5 5
26 26
11 11
100 100
95 95
17 17
23 23
63 63
12 12
97 97
8 8
89 89
61 61
13 13
75 75
52 52
65 65
48 48
79 79
51 51
