159 22 159 77 190 77 75 37 75 108 38 108 50 29 88 131 44 60 44 4 149 76 184 165 65 98 32 79 3 79 57 64 177 174 177 111 34 111 128 111 177 5 102 123 102 82 102 158 99 158 74 185 74 129 15 167 8 178 8 189 92 116 92 114 35 114 31 156 52 6 197 106 13 63 121 166 27 169 27 145 27 173 133 17 36 66 10 200 10 171 69 155 69 138 25 45 72 7 117 48 182 47 148 51 65 26 65 93 154 2 154 93 56 96 162 191 162 67 119 86 119 172 126 97 14 140 149 23 194 21 194 23 181 100 199 100 59 189 107 134 120 134 107 130 192 46 142 127 61 127 146 127 109 180 122 180 193 24 193 53 137 85 137 101 132 101 147 40 147 157 71 139 91 87 20 41 20 104 11 30 81 28 81 164 43 164 159
101
159 159
22 22
77 77
190 190
37 37
38 38
88 88
60 60
4 4
76 76
165 165
98 98
32 32
79 79
3 3
64 64
174 174
34 34
111 111
128 128
123 123
82 82
102 102
158 158
99 99
74 74
185 185
15 15
167 167
178 178
116 116
35 35
114 114
31 31
156 156
52 52
6 6
106 106
13 13
63 63
121 121
169 169
145 145
133 133
17 17
36 36
10 10
200 200
155 155
138 138
45 45
72 72
7 7
48 48
47 47
148 148
51 51
65 65
26 26
2 2
154 154
93 93
96 96
191 191
86 86
172 172
126 126
97 97
14 14
140 140
21 21
181 181
199 199
100 100
59 59
120 120
134 134
107 107
192 192
46 46
61 61
146 146
109 109
180 180
122 122
193 193
24 24
53 53
85 85
137 137
132 132
101 101
40 40
157 157
71 71
139 139
87 87
41 41
11 11
28 28
43 43
