48 20 168 185 190 185 78 138 199 155 3 170 122 176 40 16 98 103 98 67 98 101 43 137 143 167 143 125 31 162 123 114 157 194 129 9 42 25 90 87 107 45 151 121 120 159 10 115 154 53 154 197 65 5 51 84 60 84 135 181 113 69 113 182 94 126 119 93 133 106 64 83 55 36 147 38 117 189 178 177 158 96 191 66 74 149 104 180 156 52 193 127 88 173 145 118 58 164 77 19 77 124 56 124 2 23 39 85 152 29 152 136 129 141 196 46 168 109 6 11 79 21 148 81 35 173 163 171 25 50 34 165 175 7 154 110 102 179 102 47 108 72 186 73 48
100
48 48
20 20
190 190
185 185
78 78
138 138
199 199
155 155
3 3
170 170
176 176
40 40
16 16
103 103
98 98
67 67
101 101
137 137
143 143
167 167
125 125
123 123
157 157
194 194
9 9
42 42
25 25
90 90
87 87
107 107
151 151
120 120
10 10
115 115
53 53
154 154
197 197
5 5
60 60
84 84
135 135
181 181
69 69
113 113
182 182
126 126
119 119
93 93
133 133
64 64
55 55
36 36
147 147
38 38
117 117
177 177
158 158
191 191
66 66
74 74
149 149
180 180
156 156
52 52
193 193
88 88
145 145
118 118
58 58
164 164
19 19
56 56
2 2
23 23
39 39
85 85
29 29
152 152
136 136
129 129
141 141
196 196
46 46
109 109
11 11
79 79
21 21
148 148
35 35
163 163
171 171
34 34
165 165
175 175
7 7
110 110
179 179
108 108
186 186
73 73
