gucdicwxmb epdwcjuvdr vugkhjygfe ahqdrcepub vugkhjygfe vkrlpmybdj zpjhxyylhb koawdpgqdx unihwwnyqz smwxdupkdv xawkqmfmmx zjbarjhmau gkcfktyute evdoyagqfp jqtguzxxsl rnpokwoqgt iwdghbmiai rnpokwoqgt wtlzrefwav siatqqydwf tvuprbwofb lbuiysostx lkvobxyfca jedsthbmzo chjuuxuacs xtvbrolacp psiebvskfb zumetrybth psiebvskfb xtvbrolacp tgbmxdmvwe kdujdjjwot oggftsricu yiwwdwbzth gwnccktgki seeyrseflx gwnccktgki ztplgyvqhm gwnccktgki wtyqwjwskq qzdrdcxoib vugkhjygfe epdwcjuvdr gucdicwxmb
22
gucdicwxmb gucdicwxmb
epdwcjuvdr epdwcjuvdr
ahqdrcepub ahqdrcepub
vkrlpmybdj vkrlpmybdj
zpjhxyylhb zpjhxyylhb
koawdpgqdx koawdpgqdx
xawkqmfmmx xawkqmfmmx
zjbarjhmau zjbarjhmau
gkcfktyute gkcfktyute
evdoyagqfp evdoyagqfp
iwdghbmiai iwdghbmiai
rnpokwoqgt rnpokwoqgt
tvuprbwofb tvuprbwofb
lkvobxyfca lkvobxyfca
zumetrybth zumetrybth
psiebvskfb psiebvskfb
oggftsricu oggftsricu
yiwwdwbzth yiwwdwbzth
seeyrseflx seeyrseflx
ztplgyvqhm ztplgyvqhm
wtyqwjwskq wtyqwjwskq
vugkhjygfe vugkhjygfe
