0 75 78 75 30 32 58 55 95 97 95 87 95 20 180 182 181 182 180 183 47 120 122 151 152 150 114 195 197 195 99 105 135 138 135 52 135 40 43 40 42 41 42 186 187 185 35 38 35 37 36 37 35 39 125 128 125 145 148 145 124 179 104 17 16 17 113 110 57 56 57 110 44 100 15 25 28 2 13 10 12 11 12 66 67 123 67 80 82 108 102 101 77 116 117 168 117 166 137 136 137 160 162 161 162 160 144 154 190 192 190 159 149 69 54 90 92 91 92 90 170 172 170 94 79 184 64 189 74 134 139 129 72 141 142 141 132 131 132 130 133 130 65 68 65 27 118 115 0 3 0
100
78 78
30 30
32 32
58 58
55 55
97 97
87 87
95 95
20 20
180 180
181 181
182 182
183 183
47 47
120 120
122 122
152 152
114 114
197 197
195 195
99 99
105 105
135 135
138 138
52 52
43 43
41 41
42 42
186 186
187 187
38 38
36 36
37 37
35 35
39 39
128 128
125 125
148 148
145 145
124 124
179 179
104 104
17 17
16 16
113 113
56 56
57 57
110 110
44 44
100 100
15 15
25 25
28 28
2 2
13 13
11 11
12 12
66 66
123 123
67 67
82 82
108 108
102 102
101 101
116 116
168 168
166 166
136 136
160 160
161 161
144 144
154 154
192 192
159 159
149 149
69 69
54 54
91 91
92 92
172 172
94 94
79 79
184 184
64 64
189 189
74 74
134 134
139 139
129 129
72 72
142 142
141 141
131 131
132 132
133 133
68 68
65 65
27 27
118 118
3 3
