81 85 141 12 80 138 57 76 90 135 184 41 46 48 96 58 23 18 125 195 179 8 191 198 154 150 121 152 24 53 88 34 78 124 166 158 156 84 45 17 35 145 89 36 189 170 126 167 56 153 107 9 43 74 164 49 130 87 95 42 65 132 97 108 16 188 117 64 161 115 33 200 92 93 182 180 100 52 77 103 109 71 27 86 178 165 70 199 183 197 162 1 159 196 127 123 69 59 20 14 81
100
81 81
85 85
141 141
12 12
80 80
138 138
57 57
76 76
90 90
135 135
184 184
41 41
46 46
48 48
96 96
58 58
23 23
18 18
125 125
195 195
179 179
8 8
191 191
198 198
154 154
150 150
121 121
152 152
24 24
53 53
88 88
34 34
78 78
124 124
166 166
158 158
156 156
84 84
45 45
17 17
35 35
145 145
89 89
36 36
189 189
170 170
126 126
167 167
56 56
153 153
107 107
9 9
43 43
74 74
164 164
49 49
130 130
87 87
95 95
42 42
65 65
132 132
97 97
108 108
16 16
188 188
117 117
64 64
161 161
115 115
33 33
200 200
92 92
93 93
182 182
180 180
100 100
52 52
77 77
103 103
109 109
71 71
27 27
86 86
178 178
165 165
70 70
199 199
183 183
197 197
162 162
1 1
159 159
196 196
127 127
123 123
69 69
59 59
20 20
14 14
