0 56 35 20 81 84 158 98 88 61 88 8 40 69 59 11 34 1 11 64 67 25 15 27 39 27 99 86 78 9 18 177 54 7 45 89 17 70 94 178 93 71 13 21 71 43 74 37 47 95 66 4 32 80 63 24 104 92 51 189 60 23 65 73 52 144 14 29 72 181 155 38 46 87 5 62 96 6 96 85 16 83 10 2 30 19 48 100 3 58 97 176 44 176 97 31 55 33 76 28 42 12 113 135 82 135 113 41 36 77 90 79 75 101 26 50 22 57 49 53 68 91 0
100
56 56
35 35
20 20
81 81
84 84
98 98
88 88
61 61
8 8
40 40
69 69
59 59
34 34
1 1
11 11
64 64
67 67
25 25
15 15
27 27
39 39
99 99
86 86
78 78
9 9
18 18
54 54
7 7
45 45
89 89
17 17
70 70
94 94
93 93
13 13
21 21
71 71
43 43
74 74
37 37
47 47
95 95
66 66
4 4
32 32
80 80
63 63
24 24
92 92
51 51
60 60
23 23
65 65
73 73
52 52
14 14
29 29
72 72
38 38
46 46
87 87
5 5
62 62
6 6
96 96
85 85
16 16
83 83
10 10
2 2
30 30
19 19
48 48
100 100
3 3
58 58
97 97
44 44
31 31
55 55
33 33
76 76
28 28
42 42
12 12
82 82
41 41
36 36
77 77
90 90
79 79
75 75
26 26
50 50
22 22
57 57
49 49
53 53
68 68
91 91
