Soda DD Soda BJ Soda O Soda U Soda AG Soda GO B C Soda F Soda FX Soda FA Soda X Soda AA Soda DJ Soda FG Soda FU Soda CA Soda DA Soda DT DU DV DW DX DY DZ Soda FR Soda GC Soda BX Soda AT AU AV AW AX AY AZ Soda BD Soda AD Soda K J I Soda R Soda AJ Soda FJ Soda DO DP DQ Soda FD Soda BO BP BQ Soda GF Soda GI GJ GK Soda BT BU Soda AO Soda
47
DD DD
BJ BJ
O O
U U
AG AG
GO GO
C C
F F
FX FX
FA FA
X X
AA AA
DJ DJ
FG FG
FU FU
CA CA
DA DA
DT DT
DU DU
DW DW
DX DX
DZ DZ
FR FR
GC GC
BX BX
AT AT
AW AW
AX AX
AZ AZ
BD BD
AD AD
K K
I I
R R
AJ AJ
FJ FJ
DO DO
DQ DQ
FD FD
BO BO
BQ BQ
GF GF
GI GI
GK GK
BT BT
BU BU
AO AO
