1 128 1 49 1 22 94 22 71 22 16 133 16 91 16 41 137 41 106 41 34 77 34 50 34 48 58 48 68 48 5 90 5 93 5 29 96 29 129 29 2 62 2 81 2 42 104 42 89 42 26 121 26 100 26 4 118 4 51 4 35 92 35 84 35 45 122 45 74 45 10 76 10 132 10 24 88 24 134 24 32 135 32 139 32 39 52 39 57 39 25 80 25 86 25 14 75 14 105 14 23 55 23 108 23 3 97 3 112 3 40 87 40 117 40 11 142 11 65 11 13 109 13 79 13 21 138 21 82 21 47 141 47 113 47 20 124 20 115 20 12 59 12 116 12 15 85 15 103 15 33 67 33 127 33 46 54 46 144 46 36 130 36 110 36 30 101 30 95 30 43 136 43 64 43 17 66 17 60 17 27 78 27 140 27 19 53 19 98 19 37 99 37 125 37 6 119 6 126 6 28 83 28 131 28 7 107 7 120 7 18 63 18 69 18 44 102 44 114 44 31 70 31 143 31 38 61 38 111 38 9 72 9 73 9 8 123 8 56 8 1
97
1 1
128 128
49 49
94 94
71 71
133 133
91 91
137 137
106 106
77 77
50 50
58 58
68 68
90 90
93 93
96 96
129 129
62 62
81 81
104 104
89 89
121 121
100 100
118 118
51 51
92 92
84 84
122 122
74 74
76 76
132 132
88 88
134 134
135 135
139 139
52 52
57 57
80 80
86 86
75 75
105 105
55 55
108 108
97 97
112 112
87 87
117 117
142 142
65 65
109 109
79 79
138 138
82 82
141 141
113 113
124 124
115 115
59 59
116 116
85 85
103 103
67 67
127 127
54 54
144 144
130 130
110 110
101 101
95 95
136 136
64 64
66 66
60 60
78 78
140 140
53 53
98 98
99 99
125 125
119 119
126 126
83 83
131 131
107 107
120 120
63 63
69 69
102 102
114 114
70 70
143 143
61 61
111 111
72 72
73 73
123 123
56 56
