g3ylJsdLuC idQHxtSnxr BUMLJo6sc3 fecMfiAuGC BUMLJo6sc3 jPXsbXPNMq j98kcW9qGB onlLq65Azx j98kcW9qGB aEo62SfMqH WvFZJEkTrw 5SSy593K31 33omYiVXOD LeZK9UvMT9 emYRLTiyj9 2eMl9AO5o8 QrJxLpX875 dj8JMfo3hX 4znnlMjVra MXIvZpEPtW biWuM2iRnz MXIvZpEPtW uIf3wnJUdn fXy828RCG4 GQ4F0g3Mdj TP2TNyk7wl GQ4F0g3Mdj TyL7NE2puV GQ4F0g3Mdj FmtLnHv2HY u4FAx2sHZm 2OsmeZV9xh u4FAx2sHZm 1TfvXd6dPZ mbSdju1TJK 1TfvXd6dPZ 1N2P3Sa7im x066w6eh4W 0hs3CNDF4L x066w6eh4W fWIjO8yhE3 KHDeTTvJC1 fWIjO8yhE3 vLjEFrUVJv qjDSEKmZMW jBYJ7v19BQ lfdanPGo3c Pijq8aHqIR s3eMpsYH00 oIVQ2qkgnR bhojeHeddF oIVQ2qkgnR h5Si5BAPN0 QTNhZIciNJ CSjLrGbUz3 xtp1B5q0W1 CSjLrGbUz3 FmtLnHv2HY YpRs8m6oyX 2S929yZddP 1QXjsHNYao 723MhcLxt0 TBzLS0OAYU Q2bVxDrpEx oEdovEhrWM CUEWGmB7Gt dMOAUqH7Z3 qnkfLCmfDn yU6iUY8YgO XOxGPscMMG WcyuqGYOzU oWmQcQwHPo dC48GQHGzO RN0bCAV6rQ pk0Vh75DnH RN0bCAV6rQ srT70dfQEr Pz3egMzKU8 gZXiityEnU Pz3egMzKU8 srT70dfQEr K05xB79KZo 2O61j91J3T bserQRNqfz KpxiCfRqh3 WYEDqSuNRX oVMPVsMWrZ g2I4si69gU 0wTk0mYkLH KUJdxKVZFO 7g0Idy1nzK 03xK87sjTf nKHFs5cKTX Oiowits7js 12ECENJIev 7wS9dKOnJR IT4pKw3giW pWVnBerIra bWDewy6WbV oCk2Yieytb Tk8ERvdKxF WAi18jd2vJ S8BtTu4yH9 p3w5kcAaF0 u4LnQNaaiz yvMowGbkvn vUu8ijgxxf euuICgBLD4 r8njDwxc2t JD3uem81Lg IA0Uf143OT uvoepIQg9n LCKLTNE1vp uNliYB9ELN x7iq98BiN3 eV8Vk47Uma rCoEuOa7EU 8KtuAXHUy3 rCoEuOa7EU XW1Wn7EqpN rCoEuOa7EU mwzQG3SxnO 97ZNlakBoq TSSOUimHPg Q1N77BLmyb bsEkAY2K41 KZfI0wRW9K 8ZKCAWlImg z9nRKYQ1ub 8ZKCAWlImg t25XjDwQhD 8ZKCAWlImg tubjzjzUpV M2hatQPY96 CxfzSa2YOV PcFJuErB3q FvzkpZRSj8 YAqGe4tKAP yky49wE4YG Pv5LMSkQii yky49wE4YG WRd4lScvm6 yky49wE4YG BNkM7qaRNw XlU2fx0ZPn 1KJyArncTt xjSWG1YKh9 wRn7Oi1bcW 0mnwiU4XrT idQHxtSnxr g3ylJsdLuC
101
g3ylJsdLuC g3ylJsdLuC
idQHxtSnxr idQHxtSnxr
fecMfiAuGC fecMfiAuGC
BUMLJo6sc3 BUMLJo6sc3
jPXsbXPNMq jPXsbXPNMq
onlLq65Azx onlLq65Azx
aEo62SfMqH aEo62SfMqH
WvFZJEkTrw WvFZJEkTrw
5SSy593K31 5SSy593K31
LeZK9UvMT9 LeZK9UvMT9
emYRLTiyj9 emYRLTiyj9
QrJxLpX875 QrJxLpX875
dj8JMfo3hX dj8JMfo3hX
4znnlMjVra 4znnlMjVra
biWuM2iRnz biWuM2iRnz
uIf3wnJUdn uIf3wnJUdn
fXy828RCG4 fXy828RCG4
TP2TNyk7wl TP2TNyk7wl
GQ4F0g3Mdj GQ4F0g3Mdj
TyL7NE2puV TyL7NE2puV
u4FAx2sHZm u4FAx2sHZm
2OsmeZV9xh 2OsmeZV9xh
1TfvXd6dPZ 1TfvXd6dPZ
mbSdju1TJK mbSdju1TJK
0hs3CNDF4L 0hs3CNDF4L
KHDeTTvJC1 KHDeTTvJC1
qjDSEKmZMW qjDSEKmZMW
jBYJ7v19BQ jBYJ7v19BQ
lfdanPGo3c lfdanPGo3c
Pijq8aHqIR Pijq8aHqIR
s3eMpsYH00 s3eMpsYH00
oIVQ2qkgnR oIVQ2qkgnR
bhojeHeddF bhojeHeddF
h5Si5BAPN0 h5Si5BAPN0
QTNhZIciNJ QTNhZIciNJ
CSjLrGbUz3 CSjLrGbUz3
xtp1B5q0W1 xtp1B5q0W1
YpRs8m6oyX YpRs8m6oyX
2S929yZddP 2S929yZddP
1QXjsHNYao 1QXjsHNYao
723MhcLxt0 723MhcLxt0
TBzLS0OAYU TBzLS0OAYU
oEdovEhrWM oEdovEhrWM
CUEWGmB7Gt CUEWGmB7Gt
dMOAUqH7Z3 dMOAUqH7Z3
qnkfLCmfDn qnkfLCmfDn
yU6iUY8YgO yU6iUY8YgO
WcyuqGYOzU WcyuqGYOzU
oWmQcQwHPo oWmQcQwHPo
RN0bCAV6rQ RN0bCAV6rQ
pk0Vh75DnH pk0Vh75DnH
srT70dfQEr srT70dfQEr
gZXiityEnU gZXiityEnU
Pz3egMzKU8 Pz3egMzKU8
K05xB79KZo K05xB79KZo
2O61j91J3T 2O61j91J3T
KpxiCfRqh3 KpxiCfRqh3
oVMPVsMWrZ oVMPVsMWrZ
g2I4si69gU g2I4si69gU
0wTk0mYkLH 0wTk0mYkLH
KUJdxKVZFO KUJdxKVZFO
7g0Idy1nzK 7g0Idy1nzK
03xK87sjTf 03xK87sjTf
nKHFs5cKTX nKHFs5cKTX
Oiowits7js Oiowits7js
12ECENJIev 12ECENJIev
IT4pKw3giW IT4pKw3giW
bWDewy6WbV bWDewy6WbV
oCk2Yieytb oCk2Yieytb
Tk8ERvdKxF Tk8ERvdKxF
WAi18jd2vJ WAi18jd2vJ
S8BtTu4yH9 S8BtTu4yH9
u4LnQNaaiz u4LnQNaaiz
yvMowGbkvn yvMowGbkvn
vUu8ijgxxf vUu8ijgxxf
r8njDwxc2t r8njDwxc2t
JD3uem81Lg JD3uem81Lg
IA0Uf143OT IA0Uf143OT
uvoepIQg9n uvoepIQg9n
LCKLTNE1vp LCKLTNE1vp
x7iq98BiN3 x7iq98BiN3
8KtuAXHUy3 8KtuAXHUy3
XW1Wn7EqpN XW1Wn7EqpN
mwzQG3SxnO mwzQG3SxnO
97ZNlakBoq 97ZNlakBoq
Q1N77BLmyb Q1N77BLmyb
bsEkAY2K41 bsEkAY2K41
z9nRKYQ1ub z9nRKYQ1ub
t25XjDwQhD t25XjDwQhD
tubjzjzUpV tubjzjzUpV
M2hatQPY96 M2hatQPY96
CxfzSa2YOV CxfzSa2YOV
FvzkpZRSj8 FvzkpZRSj8
YAqGe4tKAP YAqGe4tKAP
Pv5LMSkQii Pv5LMSkQii
yky49wE4YG yky49wE4YG
WRd4lScvm6 WRd4lScvm6
BNkM7qaRNw BNkM7qaRNw
XlU2fx0ZPn XlU2fx0ZPn
wRn7Oi1bcW wRn7Oi1bcW
0mnwiU4XrT 0mnwiU4XrT
