6Zg7j6t8kt ka4cgDWgq7 GSDEYlNcCM 97dvK2Az7S Dkc5CxJ6RV 97dvK2Az7S MImiDijd1o VWD9Yy5Xrg zH4Z0p0Ftj vD4d0BZ03p 8pgnfE3xKu OGWcs2X8pk NULo72dPyj I1RTFIGWhc YrPP1U1r20 7cteJXIZM1 YrPP1U1r20 ckEVpwA8CD YQKcyMibnc ckEVpwA8CD YrPP1U1r20 Iroa6leixY tvKOOMQ7Sv rCrtLJTXdv fbxiHLAsv4 KpPj50fAfy vCSWEyz4PC TH1GgoG5GU Octagmmhko 1koyFI8rlU G05S6XZiBa 4RZs4XFvF9 OR78sPVsV9 EZQ9HUGjRN OR78sPVsV9 oRs9wR3IGE DFUEuoVNn7 H0NdoJawvz 4JtfcKJvHu SDcTVr32JM cqCbnI2bkr b3jUAAPOlA cqCbnI2bkr NgxnYo41LY 4lUeyqYb0U J6nn6V6pVr dyS1o5lQHD OpwMnuSGmp uXkvSfF7Kv pm1Yq2dCLL iyQiEnpG35 pm1Yq2dCLL Ma7DUhMrCQ UgxUR9jKcJ 1iUrZ2N0MA s8EkvbOYAX 1iUrZ2N0MA ESDdDChkYw 1aPtXDhYtV wXTrLT9dUx dojrtYXceT YZKJeBb8Pe gSP0irArmo N08DpqDewo gSP0irArmo M9d0z6OccV 79JJ9GZF8c fhmE7A9rVl 0gqiqztWgj 4ViGHxfdlc MpRNDD0glq lrFRnKniRv 6Zg7j6t8kt
51
6Zg7j6t8kt 6Zg7j6t8kt
ka4cgDWgq7 ka4cgDWgq7
GSDEYlNcCM GSDEYlNcCM
Dkc5CxJ6RV Dkc5CxJ6RV
97dvK2Az7S 97dvK2Az7S
VWD9Yy5Xrg VWD9Yy5Xrg
zH4Z0p0Ftj zH4Z0p0Ftj
vD4d0BZ03p vD4d0BZ03p
8pgnfE3xKu 8pgnfE3xKu
OGWcs2X8pk OGWcs2X8pk
I1RTFIGWhc I1RTFIGWhc
7cteJXIZM1 7cteJXIZM1
ckEVpwA8CD ckEVpwA8CD
YQKcyMibnc YQKcyMibnc
YrPP1U1r20 YrPP1U1r20
Iroa6leixY Iroa6leixY
tvKOOMQ7Sv tvKOOMQ7Sv
fbxiHLAsv4 fbxiHLAsv4
KpPj50fAfy KpPj50fAfy
vCSWEyz4PC vCSWEyz4PC
TH1GgoG5GU TH1GgoG5GU
Octagmmhko Octagmmhko
1koyFI8rlU 1koyFI8rlU
G05S6XZiBa G05S6XZiBa
4RZs4XFvF9 4RZs4XFvF9
EZQ9HUGjRN EZQ9HUGjRN
oRs9wR3IGE oRs9wR3IGE
H0NdoJawvz H0NdoJawvz
4JtfcKJvHu 4JtfcKJvHu
cqCbnI2bkr cqCbnI2bkr
b3jUAAPOlA b3jUAAPOlA
NgxnYo41LY NgxnYo41LY
4lUeyqYb0U 4lUeyqYb0U
OpwMnuSGmp OpwMnuSGmp
uXkvSfF7Kv uXkvSfF7Kv
iyQiEnpG35 iyQiEnpG35
UgxUR9jKcJ UgxUR9jKcJ
s8EkvbOYAX s8EkvbOYAX
ESDdDChkYw ESDdDChkYw
1aPtXDhYtV 1aPtXDhYtV
wXTrLT9dUx wXTrLT9dUx
dojrtYXceT dojrtYXceT
YZKJeBb8Pe YZKJeBb8Pe
N08DpqDewo N08DpqDewo
M9d0z6OccV M9d0z6OccV
79JJ9GZF8c 79JJ9GZF8c
fhmE7A9rVl fhmE7A9rVl
0gqiqztWgj 0gqiqztWgj
4ViGHxfdlc 4ViGHxfdlc
MpRNDD0glq MpRNDD0glq
lrFRnKniRv lrFRnKniRv
