y1ueyuwp oso2xmpn1i uus7jirbe 38s4jyp4eu yida2btlrgcd2it mqt67y9n p53u2x9bku99j t9q1ztn8723 w4qoh15 eq5c5ygub 6u33i 2y9obuu yik8cqxn2 quxig9xz2 95nsenz6 4cddmu86gmo ywksl5wd kch7lui7 vehkyi71w fhrrge umnww3 svhmnjst1e vnsdusp 31raz5hp9v l12pu jjeivv4j55 9956fi ehy39 3hlob94j5u rkd38ui5s4 8erlfq j2pso94 bmicm4au xllfi9b kab7t8o7qjj my85gnmouy kc3zwg52 u4xzrfm7f 8eg2mee q847myi 7og7qr4t86 8cfvpx26xwcwt swoprer f3vyq53xc 2bwd2j y1ueyuwp
44
y1ueyuwp y1ueyuwp
uus7jirbe uus7jirbe
38s4jyp4eu 38s4jyp4eu
yida2btlrgcd2it yida2btlrgcd2it
mqt67y9n mqt67y9n
p53u2x9bku99j p53u2x9bku99j
t9q1ztn8723 t9q1ztn8723
w4qoh15 w4qoh15
eq5c5ygub eq5c5ygub
6u33i 6u33i
2y9obuu 2y9obuu
yik8cqxn2 yik8cqxn2
quxig9xz2 quxig9xz2
95nsenz6 95nsenz6
4cddmu86gmo 4cddmu86gmo
ywksl5wd ywksl5wd
kch7lui7 kch7lui7
vehkyi71w vehkyi71w
fhrrge fhrrge
umnww3 umnww3
svhmnjst1e svhmnjst1e
vnsdusp vnsdusp
31raz5hp9v 31raz5hp9v
l12pu l12pu
jjeivv4j55 jjeivv4j55
9956fi 9956fi
ehy39 ehy39
3hlob94j5u 3hlob94j5u
rkd38ui5s4 rkd38ui5s4
8erlfq 8erlfq
j2pso94 j2pso94
bmicm4au bmicm4au
xllfi9b xllfi9b
kab7t8o7qjj kab7t8o7qjj
my85gnmouy my85gnmouy
kc3zwg52 kc3zwg52
u4xzrfm7f u4xzrfm7f
8eg2mee 8eg2mee
q847myi q847myi
7og7qr4t86 7og7qr4t86
8cfvpx26xwcwt 8cfvpx26xwcwt
swoprer swoprer
f3vyq53xc f3vyq53xc
2bwd2j 2bwd2j
