Jacksonville Milwaukee Tucson Columbus Detroit SanAntonio Boston SanJose FortWorth OklahomaCity Phoenix Oakland Philadelphia Oakland Albuquerque Tulsa Minneapolis Chicago ColoradoSprings VirginiaBeach Nashville ElPaso LosAngeles Indianapolis Raleigh Memphis Raleigh Austin Omaha LongBeach LasVegas Seattle Portland Arlington Louisville Atlanta SanFrancisco Atlanta Fresno Atlanta Jacksonville
25
Jacksonville Jacksonville
Tucson Tucson
Columbus Columbus
Boston Boston
SanJose SanJose
FortWorth FortWorth
Phoenix Phoenix
Philadelphia Philadelphia
Albuquerque Albuquerque
Tulsa Tulsa
Minneapolis Minneapolis
VirginiaBeach VirginiaBeach
ElPaso ElPaso
LosAngeles LosAngeles
Indianapolis Indianapolis
Memphis Memphis
Austin Austin
LongBeach LongBeach
LasVegas LasVegas
Seattle Seattle
Portland Portland
Louisville Louisville
Atlanta Atlanta
SanFrancisco SanFrancisco
Fresno Fresno
