Chattanooga ElPaso Denton Gilbert Tallahassee MorenoValley Anaheim MorenoValley Henderson Toledo GardenGrove Salinas Murfreesboro Charlotte SanDiego Arlington ChulaVista Arlington Chandler Washington SaintPaul Norfolk Raleigh Norfolk Irvine Syracuse Irvine OklahomaCity SantaAna Killeen Jacksonville SanJose Montgomery Macon Shreveport LittleRock CapeCoral Oceanside Fontana Lincoln Madison Joliet SanBernardino Boise SanBernardino Fremont Huntsville Tacoma Oxnard Spokane Springfield Berkeley Knoxville WinstonSalem Cincinnati Paterson Cincinnati LongBeach GrandPrairie LongBeach Waco Albuquerque LosAngeles Pomona Buffalo JerseyCity Portland Glendale Portland Chicago Naperville Orlando NewportNews Alexandria NewportNews DesMoines Austin Vancouver PortStLucie Miramar Honolulu SanFrancisco ElkGrove McAllen ElkGrove Savannah FortLauderdale Savannah SaltLakeCity Richmond Fayetteville Aurora Lexington Baltimore Aurora Orange Frisco KansasCity Jackson Brownsville Boston Salem Ontario TianamenSquare RanchoCucamonga Newark RanchoCucamonga Akron Hayward SantaClarita NewYork Worcester Fresno Plano Fresno GrandRapids Fresno OuterHaven Hollywood Louisville Lubbock Corona Olathe Mobile Midland Anchorage Surprise Carrollton Bakersfield BatonRouge OverlandPark Scottsdale Tempe Scottsdale Riverside Indianapolis Phoenix Indianapolis Yonkers Durham Roseville FortWorth Fayetteville Wichita Memphis SanAntonio Cleveland Chattanooga
100
ElPaso ElPaso
Denton Denton
Tallahassee Tallahassee
Anaheim Anaheim
Henderson Henderson
Toledo Toledo
GardenGrove GardenGrove
Murfreesboro Murfreesboro
Charlotte Charlotte
SanDiego SanDiego
ChulaVista ChulaVista
Washington Washington
SaintPaul SaintPaul
Raleigh Raleigh
Syracuse Syracuse
Irvine Irvine
SantaAna SantaAna
Jacksonville Jacksonville
SanJose SanJose
Shreveport Shreveport
LittleRock LittleRock
CapeCoral CapeCoral
Oceanside Oceanside
Fontana Fontana
Lincoln Lincoln
Madison Madison
Joliet Joliet
Boise Boise
SanBernardino SanBernardino
Fremont Fremont
Tacoma Tacoma
Oxnard Oxnard
Spokane Spokane
Springfield Springfield
Berkeley Berkeley
Knoxville Knoxville
Cincinnati Cincinnati
Paterson Paterson
GrandPrairie GrandPrairie
Waco Waco
LosAngeles LosAngeles
Pomona Pomona
Buffalo Buffalo
Glendale Glendale
Chicago Chicago
Naperville Naperville
Orlando Orlando
NewportNews NewportNews
Alexandria Alexandria
DesMoines DesMoines
Austin Austin
Vancouver Vancouver
PortStLucie PortStLucie
Honolulu Honolulu
SanFrancisco SanFrancisco
McAllen McAllen
FortLauderdale FortLauderdale
Savannah Savannah
Richmond Richmond
Lexington Lexington
Baltimore Baltimore
Aurora Aurora
Orange Orange
Frisco Frisco
KansasCity KansasCity
Jackson Jackson
Brownsville Brownsville
Boston Boston
Salem Salem
Ontario Ontario
Newark Newark
Akron Akron
Hayward Hayward
SantaClarita SantaClarita
NewYork NewYork
Worcester Worcester
Plano Plano
GrandRapids GrandRapids
Louisville Louisville
Lubbock Lubbock
Corona Corona
Olathe Olathe
Midland Midland
Anchorage Anchorage
Surprise Surprise
Bakersfield Bakersfield
BatonRouge BatonRouge
Scottsdale Scottsdale
Tempe Tempe
Riverside Riverside
Indianapolis Indianapolis
Phoenix Phoenix
Yonkers Yonkers
Durham Durham
FortWorth FortWorth
Fayetteville Fayetteville
Wichita Wichita
Memphis Memphis
SanAntonio SanAntonio
Cleveland Cleveland
