K BH FS CD AM CF BT M BL GN R AS DH DS AN EB DC U DG EL DI DK AJ FZ CB FO T EK GE FI GO Z J EQ CE FP Y DL GF CT GI CQ FH CK FH CJ BR FT GK FR AU FG BI DB DX EM EA BP FJ GJ P EC FE FV AP BO AX BA G BE BY V I BG FM DZ AB EZ DN EH FU FX DR BQ EG AG GG CW CV L BB AF GC ED AE X CY EV DE EO EY CC CM GR AW AH EU BX DP GL BF DV BJ FD EN CA GD CA EJ B K
101
K K
FS FS
AM AM
CF CF
M M
BL BL
R R
AS AS
DH DH
DS DS
AN AN
DC DC
U U
DG DG
EL EL
DI DI
DK DK
AJ AJ
FZ FZ
CB CB
FO FO
T T
EK EK
GE GE
FI FI
GO GO
Z Z
EQ EQ
CE CE
FP FP
Y Y
GF GF
CT CT
GI GI
CQ CQ
CK CK
FH FH
CJ CJ
BR BR
GK GK
FR FR
FG FG
BI BI
DB DB
DX DX
EM EM
EA EA
BP BP
FJ FJ
GJ GJ
P P
EC EC
FE FE
FV FV
BO BO
AX AX
BA BA
G G
BE BE
BY BY
V V
I I
BG BG
FM FM
DZ DZ
AB AB
EZ EZ
EH EH
FU FU
FX FX
DR DR
BQ BQ
EG EG
AG AG
GG GG
CW CW
L L
BB BB
AF AF
GC GC
ED ED
X X
CY CY
EV EV
EO EO
CM CM
GR GR
AW AW
AH AH
EU EU
BX BX
DP DP
GL GL
BF BF
DV DV
BJ BJ
FD FD
EN EN
GD GD
EJ EJ
B B
