89 187 12 4 127 88 80 149 190 39 85 146 13 148 58 16 118 1 179 87 114 125 143 102 178 155 56 86 29 86 173 36 79 193 133 194 141 73 25 33 121 18 64 3 136 192 70 135 45 151 94 41 38 81 188 197 21 172 5 169 101 78 27 48 9 48 182 98 97 199 100 87 61 122 191 65 147 82 11 83 111 144 160 195 132 28 32 96 23 128 49 140 31 6 107 99 44 99 37 124 59 75 189 51 156 130 112 109 183 69 89
100
187 187
12 12
4 4
127 127
88 88
80 80
149 149
190 190
39 39
85 85
146 146
13 13
148 148
58 58
16 16
118 118
1 1
179 179
114 114
125 125
102 102
178 178
155 155
56 56
29 29
86 86
173 173
36 36
79 79
193 193
133 133
194 194
141 141
73 73
25 25
33 33
121 121
18 18
64 64
3 3
136 136
192 192
70 70
135 135
151 151
94 94
41 41
38 38
81 81
188 188
197 197
21 21
172 172
5 5
169 169
101 101
78 78
27 27
48 48
9 9
98 98
97 97
199 199
100 100
61 61
122 122
191 191
65 65
147 147
82 82
11 11
83 83
111 111
144 144
160 160
195 195
132 132
32 32
96 96
23 23
128 128
49 49
140 140
31 31
6 6
107 107
99 99
44 44
37 37
124 124
59 59
75 75
189 189
51 51
156 156
130 130
112 112
109 109
183 183
69 69
