fmdhlepsteinstdnkill epsteindlsfdntmkillh dnkillepsteinlshdtfm lmhdtfdepsteinnkills ndkillftdsmepsteinlh dhkilllsepsteinmntdf killepsteinlhtfdsmdn epsteinlshkilldnfdmt flepsteindndhmtkills killdmnsfhldepsteint epsteintdkilllnfdhms dfslntkillmepsteindh epsteinmhndfkilltdls tdfepsteinnlhdkillsm dfkilllmtepsteinhdsn nfdhkilllsmtepsteind killnsfmhdepsteindtl fdshnmkillepsteinltd fddsepsteinhnlkilltm msfltdkillnepsteinhd fddsepsteinhnlkilltm ddtmkillepsteinflsnh hepsteinsddnfkillmlt nkilltdhlmdepsteinsf hepsteinsddnfkillmlt lthfkilldnsmepsteind epsteinskilldlndhmtf epsteinkillmsftnddlh fkillepsteindlhdnsmt nltdmsfepsteinkilldh hnfdtmlepsteinkillds hdepsteinskillldtnfm lndsdkilltmepsteinhf hsndepsteindlmtkillf tlmsdhdnkillfepstein tmlepsteinsdnfkillhd tlmsdhdnkillfepstein lsdepsteinfmkillndth tlmsdhdnkillfepstein fmsepsteindntldhkill epsteindfhlmdnskillt dlnsthfmepsteinkilld dfdkillepsteinslmhnt lnsmkilltfdepsteindh stepsteinhkillfmnldd dmepsteinfnhltkillsd depsteinnlsfmhtkilld fkillepsteinmldnhstd epsteinkillnmsdhtdlf nepsteinlmdkilldhfts ntlepsteindmfdshkill killmlepsteindthnfsd fepsteinhsntddkilllm ddlmnftepsteinhskill fhndskillepsteintldm tlsfdmdepsteinnhkill epsteinfsddmthkillnl dhepsteindsnlkillfmt epsteinfsddmthkillnl hnsdkilllftdmepstein dmdepsteinnhkilllsft fshtdepsteinmldnkill hsdfepsteintlnkilldm lhepsteinkilldtnmfsd tmsdnfdlkillhepstein mftkillepsteinndlhsd dnkillepsteinlshdtfm epsteindlsfdntmkillh fmdhlepsteinstdnkill nhmkilllsftepsteindd fmdhlepsteinstdnkill
51
fmdhlepsteinstdnkill fmdhlepsteinstdnkill
lmhdtfdepsteinnkills lmhdtfdepsteinnkills
ndkillftdsmepsteinlh ndkillftdsmepsteinlh
dhkilllsepsteinmntdf dhkilllsepsteinmntdf
killepsteinlhtfdsmdn killepsteinlhtfdsmdn
epsteinlshkilldnfdmt epsteinlshkilldnfdmt
flepsteindndhmtkills flepsteindndhmtkills
killdmnsfhldepsteint killdmnsfhldepsteint
epsteintdkilllnfdhms epsteintdkilllnfdhms
epsteinmhndfkilltdls epsteinmhndfkilltdls
dfkilllmtepsteinhdsn dfkilllmtepsteinhdsn
nfdhkilllsmtepsteind nfdhkilllsmtepsteind
killnsfmhdepsteindtl killnsfmhdepsteindtl
fdshnmkillepsteinltd fdshnmkillepsteinltd
msfltdkillnepsteinhd msfltdkillnepsteinhd
ddtmkillepsteinflsnh ddtmkillepsteinflsnh
nkilltdhlmdepsteinsf nkilltdhlmdepsteinsf
hepsteinsddnfkillmlt hepsteinsddnfkillmlt
epsteinskilldlndhmtf epsteinskilldlndhmtf
epsteinkillmsftnddlh epsteinkillmsftnddlh
nltdmsfepsteinkilldh nltdmsfepsteinkilldh
hnfdtmlepsteinkillds hnfdtmlepsteinkillds
hdepsteinskillldtnfm hdepsteinskillldtnfm
lndsdkilltmepsteinhf lndsdkilltmepsteinhf
hsndepsteindlmtkillf hsndepsteindlmtkillf
tlmsdhdnkillfepstein tlmsdhdnkillfepstein
tmlepsteinsdnfkillhd tmlepsteinsdnfkillhd
lsdepsteinfmkillndth lsdepsteinfmkillndth
fmsepsteindntldhkill fmsepsteindntldhkill
epsteindfhlmdnskillt epsteindfhlmdnskillt
dlnsthfmepsteinkilld dlnsthfmepsteinkilld
lnsmkilltfdepsteindh lnsmkilltfdepsteindh
stepsteinhkillfmnldd stepsteinhkillfmnldd
dmepsteinfnhltkillsd dmepsteinfnhltkillsd
depsteinnlsfmhtkilld depsteinnlsfmhtkilld
nepsteinlmdkilldhfts nepsteinlmdkilldhfts
ntlepsteindmfdshkill ntlepsteindmfdshkill
killmlepsteindthnfsd killmlepsteindthnfsd
fepsteinhsntddkilllm fepsteinhsntddkilllm
ddlmnftepsteinhskill ddlmnftepsteinhskill
fhndskillepsteintldm fhndskillepsteintldm
tlsfdmdepsteinnhkill tlsfdmdepsteinnhkill
dhepsteindsnlkillfmt dhepsteindsnlkillfmt
hnsdkilllftdmepstein hnsdkilllftdmepstein
fshtdepsteinmldnkill fshtdepsteinmldnkill
hsdfepsteintlnkilldm hsdfepsteintlnkilldm
lhepsteinkilldtnmfsd lhepsteinkilldtnmfsd
mftkillepsteinndlhsd mftkillepsteinndlhsd
dnkillepsteinlshdtfm dnkillepsteinlshdtfm
epsteindlsfdntmkillh epsteindlsfdntmkillh
nhmkilllsftepsteindd nhmkilllsftepsteindd
