BatonRouge Burbank Buffalo AtlanticCity Boulder Birmingham Bryan AnnArbor Beaumont Albuquerque Boston Bradenton Cambridge Abilene Bremerton Arvada Berkeley Atlanta Baltimore Barnstable Bethlehem Albany Augusta Aurora Aberdeen BoiseCity Aberdeen Amarillo Anchorage Bellevue BatonRouge
25
BatonRouge BatonRouge
Burbank Burbank
Buffalo Buffalo
AtlanticCity AtlanticCity
Boulder Boulder
Birmingham Birmingham
Bryan Bryan
AnnArbor AnnArbor
Beaumont Beaumont
Albuquerque Albuquerque
Boston Boston
Bradenton Bradenton
Cambridge Cambridge
Abilene Abilene
Arvada Arvada
Berkeley Berkeley
Atlanta Atlanta
Barnstable Barnstable
Bethlehem Bethlehem
Albany Albany
Aurora Aurora
BoiseCity BoiseCity
Aberdeen Aberdeen
Amarillo Amarillo
Anchorage Anchorage
