CorpusChristi Beaumont Austin Asheville Brownsville Cleveland BoiseCity Danbury DavidsonCounty ColoradoSprings DavidsonCounty Chandler AppleValley Amarillo Cincinnati ElPaso Akron DalyCity Canton Columbia Canton Charleston Clearwater Boulder Clearwater Bryan Abilene Chattanooga Escondido Aurora Augusta BatonRouge Chesapeake Durham Albuquerque Columbus Albuquerque Arvada Carrollton Buffalo Bloomington Elizabeth Buffalo Davenport Anchorage BelAir Anchorage Deltona Anchorage Elkhart Champaign Anaheim CathedralCity Bremerton Denton Chicago Appleton Chicago Bridgeport Dallas BonitaSprings Alexandria Denver Burbank ElMonte Downey CorpusChristi CapeCoral CorpusChristi
50
CorpusChristi CorpusChristi
Beaumont Beaumont
Austin Austin
Asheville Asheville
Brownsville Brownsville
BoiseCity BoiseCity
Danbury Danbury
ColoradoSprings ColoradoSprings
Chandler Chandler
AppleValley AppleValley
Amarillo Amarillo
Cincinnati Cincinnati
ElPaso ElPaso
Akron Akron
DalyCity DalyCity
Columbia Columbia
Canton Canton
Charleston Charleston
Clearwater Clearwater
Boulder Boulder
Bryan Bryan
Chattanooga Chattanooga
Escondido Escondido
Augusta Augusta
Durham Durham
Columbus Columbus
Albuquerque Albuquerque
Arvada Arvada
Carrollton Carrollton
Bloomington Bloomington
Elizabeth Elizabeth
Davenport Davenport
BelAir BelAir
Deltona Deltona
Elkhart Elkhart
Champaign Champaign
Anaheim Anaheim
CathedralCity CathedralCity
Bremerton Bremerton
Denton Denton
Chicago Chicago
Appleton Appleton
Bridgeport Bridgeport
Dallas Dallas
BonitaSprings BonitaSprings
Alexandria Alexandria
Denver Denver
ElMonte ElMonte
Downey Downey
CapeCoral CapeCoral
