152 75 50 153 183 9 81 166 35 95 0 62 145 60 89 108 8 136 115 54 170 123 78 154 51 172 51 2 0 179 184 7 14 85 96 144 6 38 13 42 28 142 87 171 66 180 130 94 173 24 143 151 94 105 140 169 134 165 73 21 92 21 168 111 31 112 58 155 121 104 12 182 5 113 4 53 102 181 102 147 56 84 147 116 90 163 91 150 149 41 126 37 101 139 65 79 45 160 175 160 157 162 97 27 152
74
152 152
75 75
50 50
153 153
183 183
9 9
81 81
166 166
35 35
95 95
145 145
60 60
89 89
8 8
136 136
54 54
170 170
78 78
172 172
51 51
2 2
0 0
184 184
85 85
96 96
144 144
38 38
13 13
42 42
28 28
142 142
87 87
171 171
66 66
180 180
130 130
143 143
151 151
94 94
105 105
169 169
134 134
165 165
73 73
92 92
168 168
111 111
31 31
112 112
58 58
121 121
12 12
182 182
5 5
113 113
53 53
181 181
56 56
116 116
90 90
163 163
149 149
41 41
126 126
37 37
101 101
139 139
65 65
79 79
45 45
175 175
157 157
97 97
27 27
