WNYCV 18R1B UUOP5 UGOIO XTUSM YMTTJ KB443 X2AM4 P3DJ7 1BUOS ZA57Z BMC9X CUG55 H8ZPW ULCTZ 7CXN0 XPFOM WH9QK HHCET 65TK9 XD7IR 1ACIU B8UZ8 KR27P 42QVU 2FT0Z 77EY5 KRLTG URMBF XBRKQ H212X HZ80H EYREL QTZLJ GAXPM J501P 1UWW5 QSI1X F07YB 9HVLF OE5TB HR8IA GXYLV BO3AW 1XUNX 1NBGE XDKMD EQWAL XRQ65 2KYXC 5I6U4 V11OW UDC3C TG5ZG 91RFG F5YBY WNYCV K1ZSD WNYCV
50
18R1B 18R1B
UUOP5 UUOP5
UGOIO UGOIO
XTUSM XTUSM
YMTTJ YMTTJ
KB443 KB443
X2AM4 X2AM4
1BUOS 1BUOS
ZA57Z ZA57Z
BMC9X BMC9X
CUG55 CUG55
H8ZPW H8ZPW
ULCTZ ULCTZ
7CXN0 7CXN0
XPFOM XPFOM
HHCET HHCET
65TK9 65TK9
XD7IR XD7IR
1ACIU 1ACIU
B8UZ8 B8UZ8
42QVU 42QVU
2FT0Z 2FT0Z
77EY5 77EY5
KRLTG KRLTG
URMBF URMBF
XBRKQ XBRKQ
H212X H212X
HZ80H HZ80H
EYREL EYREL
QTZLJ QTZLJ
GAXPM GAXPM
1UWW5 1UWW5
QSI1X QSI1X
F07YB F07YB
9HVLF 9HVLF
OE5TB OE5TB
HR8IA HR8IA
GXYLV GXYLV
BO3AW BO3AW
1NBGE 1NBGE
XDKMD XDKMD
EQWAL EQWAL
XRQ65 XRQ65
2KYXC 2KYXC
5I6U4 5I6U4
V11OW V11OW
TG5ZG TG5ZG
91RFG 91RFG
F5YBY F5YBY
K1ZSD K1ZSD
