4HOMU ZRPB5 YJ67U C7WKJ OIPRN V8GEC 53Y1R K50JQ 7U3JG C8O6I LKP22 MC71K UX00P LLTLN HWKGJ T9O11 PYPSO 8EXDQ SA6G0 52MNN BVMDZ C45HH H1LTE OLLV9 HV4Z2 WP2MA HV4Z2 SYV5N XEEQB 2C63O LIRLU 61QWU TY0L7 7GA8O 2BUI5 6WOBI 9WSXC TCC7B L2PQE LEBVZ OSJ7O V22SY WXZHF CM5WA 1RS2N 945CN Q02X6 0D2BR ZZH8Z Q5DAA 0VPRW SKPO7 DCHO3 A1QRL HZHRA RU85S 50J5H SHOOM AT3CI 768ZF VHCFR W2H22 4WDJE BE5V8 ELH5L W2M5C Q7FCL UW44H Y61KP ZN2EP 6ACGE IF7TL 69BJO FRZVP 4HSLO 8CLEZ Z22CS KOYRV 0U9HU KC9RF IZESQ 3AIXW PMFJ2 RAAD4 TI35I FCYPJ L2GJ5 EDSMH WI88U P419D NPDI9 M1HJR ZHSBU TBPBM PTADN 45JXE DOLRQ 1F0YL TORQI DTPF4 JF7TT WZB33 1X6L1 PXCIN CFGE5 6OA3K FC0PR JXLE1 X180A DDXG0 DL8LT 4HOMU
100
ZRPB5 ZRPB5
YJ67U YJ67U
C7WKJ C7WKJ
OIPRN OIPRN
V8GEC V8GEC
53Y1R 53Y1R
K50JQ K50JQ
7U3JG 7U3JG
C8O6I C8O6I
LKP22 LKP22
MC71K MC71K
LLTLN LLTLN
HWKGJ HWKGJ
T9O11 T9O11
PYPSO PYPSO
8EXDQ 8EXDQ
SA6G0 SA6G0
52MNN 52MNN
BVMDZ BVMDZ
C45HH C45HH
H1LTE H1LTE
OLLV9 OLLV9
WP2MA WP2MA
SYV5N SYV5N
XEEQB XEEQB
2C63O 2C63O
LIRLU LIRLU
61QWU 61QWU
TY0L7 TY0L7
7GA8O 7GA8O
2BUI5 2BUI5
6WOBI 6WOBI
9WSXC 9WSXC
TCC7B TCC7B
L2PQE L2PQE
LEBVZ LEBVZ
V22SY V22SY
WXZHF WXZHF
CM5WA CM5WA
1RS2N 1RS2N
945CN 945CN
0D2BR 0D2BR
ZZH8Z ZZH8Z
Q5DAA Q5DAA
0VPRW 0VPRW
SKPO7 SKPO7
DCHO3 DCHO3
A1QRL A1QRL
HZHRA HZHRA
RU85S RU85S
50J5H 50J5H
SHOOM SHOOM
AT3CI AT3CI
768ZF 768ZF
VHCFR VHCFR
W2H22 W2H22
4WDJE 4WDJE
BE5V8 BE5V8
ELH5L ELH5L
W2M5C W2M5C
Q7FCL Q7FCL
UW44H UW44H
Y61KP Y61KP
ZN2EP ZN2EP
6ACGE 6ACGE
IF7TL IF7TL
69BJO 69BJO
FRZVP FRZVP
8CLEZ 8CLEZ
KOYRV KOYRV
0U9HU 0U9HU
KC9RF KC9RF
IZESQ IZESQ
3AIXW 3AIXW
PMFJ2 PMFJ2
RAAD4 RAAD4
TI35I TI35I
FCYPJ FCYPJ
L2GJ5 L2GJ5
EDSMH EDSMH
WI88U WI88U
P419D P419D
NPDI9 NPDI9
M1HJR M1HJR
ZHSBU ZHSBU
TBPBM TBPBM
PTADN PTADN
45JXE 45JXE
DOLRQ DOLRQ
1F0YL 1F0YL
TORQI TORQI
DTPF4 DTPF4
WZB33 WZB33
PXCIN PXCIN
CFGE5 CFGE5
6OA3K 6OA3K
FC0PR FC0PR
JXLE1 JXLE1
X180A X180A
DDXG0 DDXG0
