cy4fm 8RNd8 EWhpw NvAYI wdXpe vSPJ5 Vjg5l X6hJp Iks3D rUUVt FnVf8 yMPWG C565q LNh60 5rdYI di7h7 KYsbm IjjWK P8Fbf zQjQm hOy4D lA2MC 6ceXl yFKGt 3iQ53 uT5W0 P3lE7 1H2uK gk2cW C0eRL 7XIxZ kbRYl OFvld dU1Ub 19YKC 8aYYW jse5F F2nEN uWr4y Cfmbw nogr2 OoKEI qt5AA tao9t G6G4p GHZOS w4BF1 DCl5F Xhpv3 BoNoJ 7l0Vw cy4fm
50
8RNd8 8RNd8
EWhpw EWhpw
NvAYI NvAYI
wdXpe wdXpe
vSPJ5 vSPJ5
Vjg5l Vjg5l
X6hJp X6hJp
Iks3D Iks3D
rUUVt rUUVt
FnVf8 FnVf8
yMPWG yMPWG
C565q C565q
LNh60 LNh60
5rdYI 5rdYI
di7h7 di7h7
KYsbm KYsbm
IjjWK IjjWK
P8Fbf P8Fbf
zQjQm zQjQm
hOy4D hOy4D
lA2MC lA2MC
6ceXl 6ceXl
yFKGt yFKGt
3iQ53 3iQ53
uT5W0 uT5W0
P3lE7 P3lE7
1H2uK 1H2uK
gk2cW gk2cW
C0eRL C0eRL
7XIxZ 7XIxZ
kbRYl kbRYl
OFvld OFvld
dU1Ub dU1Ub
19YKC 19YKC
8aYYW 8aYYW
jse5F jse5F
F2nEN F2nEN
uWr4y uWr4y
Cfmbw Cfmbw
nogr2 nogr2
OoKEI OoKEI
qt5AA qt5AA
tao9t tao9t
G6G4p G6G4p
GHZOS GHZOS
w4BF1 w4BF1
DCl5F DCl5F
Xhpv3 Xhpv3
BoNoJ BoNoJ
7l0Vw 7l0Vw
