10 92 15 53 30 52 30 88 30 35 64 65 26 96 26 64 35 84 85 0 3 70 34 71 3 9 56 91 57 4 50 86 87 51 87 41 72 73 45 24 75 74 19 80 42 81 42 48 79 78 48 46 76 77 43 8 60 93 61 6 97 66 40 67 98 67 49 95 94 62 63 2 82 83 82 2 90 55 54 89 23 21 69 68 15 59 10 58 10
50
10 10
92 92
53 53
52 52
88 88
65 65
96 96
64 64
84 84
85 85
70 70
71 71
56 56
91 91
57 57
50 50
86 86
51 51
87 87
72 72
73 73
75 75
74 74
80 80
81 81
79 79
78 78
76 76
77 77
60 60
93 93
61 61
97 97
66 66
67 67
98 98
95 95
94 94
62 62
63 63
83 83
82 82
90 90
55 55
54 54
89 89
69 69
68 68
59 59
58 58
