0 1 4 10 22 46 93 46 94 46 22 45 92 45 91 45 22 10 21 43 87 43 88 43 21 44 89 44 90 44 21 10 4 9 19 39 80 39 79 39 19 40 81 40 82 40 19 9 20 41 83 41 84 41 20 42 86 42 85 42 20 9 4 1 3 7 15 32 66 32 65 32 15 31 64 31 63 31 15 7 16 33 68 33 16 34 70 34 69 34 16 33 67 33 16 7 3 8 17 35 72 35 17 36 73 36 74 36 17 35 71 35 17 8 18 37 75 37 76 37 18 38 77 38 78 38 18 8 3 1 0 2 6 14 29 60 29 59 29 14 30 61 30 62 30 14 6 13 27 55 27 56 27 13 28 57 28 58 28 13 6 2 5 11 24 50 24 49 99 49 24 11 23 47 96 47 95 47 23 48 97 48 98 48 23 11 5 12 25 52 25 51 25 12 26 53 26 54 26 12 5 2 0
51
0 0
93 93
94 94
92 92
91 91
87 87
88 88
89 89
90 90
80 80
79 79
81 81
82 82
83 83
84 84
86 86
85 85
66 66
65 65
64 64
63 63
68 68
70 70
69 69
67 67
72 72
73 73
74 74
71 71
75 75
76 76
77 77
78 78
60 60
59 59
61 61
62 62
55 55
56 56
57 57
58 58
50 50
99 99
96 96
95 95
97 97
98 98
52 52
51 51
53 53
54 54
