0 2 6 14 30 61 124 61 123 61 30 62 126 62 125 62 30 14 29 59 119 59 29 60 121 60 122 60 29 59 120 59 29 14 6 13 27 55 112 55 111 55 27 56 114 56 113 56 27 13 28 57 115 57 28 58 118 58 117 58 28 57 116 57 28 13 6 2 5 11 23 48 97 196 97 195 97 48 98 197 98 198 98 48 23 47 96 194 96 193 96 47 95 192 95 191 95 47 23 11 24 49 100 49 99 199 99 49 24 50 102 50 101 50 24 11 5 12 25 52 105 52 106 52 25 51 104 51 103 51 25 12 26 53 108 53 107 53 26 54 110 54 109 54 26 12 5 2 0 1 3 7 15 32 65 132 65 131 65 32 66 134 66 133 66 32 15 31 63 128 63 127 63 31 64 129 64 130 64 31 15 7 16 33 67 136 67 135 67 33 68 137 68 138 68 33 16 34 70 141 70 142 70 34 69 139 69 140 69 34 16 7 3 8 18 38 77 156 77 155 77 38 18 37 75 151 75 152 75 37 76 154 76 153 76 37 18 38 78 158 78 157 78 38 18 8 17 35 72 146 72 35 71 144 71 143 71 35 72 145 72 35 17 36 74 150 74 149 74 36 73 147 73 148 73 36 17 8 3 1 4 9 20 41 84 170 84 41 83 167 83 168 83 41 84 169 84 41 20 42 85 171 85 172 85 42 86 174 86 173 86 42 20 9 19 39 79 159 79 160 79 39 80 162 80 161 80 39 19 40 82 166 82 165 82 40 81 163 81 164 81 40 19 9 4 10 22 46 94 190 94 189 94 46 93 187 93 188 93 46 22 45 91 184 91 183 91 45 92 185 92 186 92 45 22 10 21 44 90 181 90 182 90 44 89 180 89 179 89 44 21 43 87 175 87 176 87 43 88 178 88 177 88 43 21 10 4 1 0
101
0 0
124 124
123 123
126 126
125 125
119 119
121 121
122 122
120 120
112 112
111 111
114 114
113 113
115 115
118 118
117 117
116 116
196 196
195 195
197 197
198 198
194 194
193 193
192 192
191 191
100 100
199 199
102 102
101 101
105 105
106 106
104 104
103 103
108 108
107 107
110 110
109 109
132 132
131 131
134 134
133 133
128 128
127 127
129 129
130 130
136 136
135 135
137 137
138 138
141 141
142 142
139 139
140 140
156 156
155 155
151 151
152 152
154 154
153 153
158 158
157 157
146 146
144 144
143 143
145 145
150 150
149 149
147 147
148 148
170 170
167 167
168 168
169 169
171 171
172 172
174 174
173 173
159 159
160 160
162 162
161 161
166 166
165 165
163 163
164 164
190 190
189 189
187 187
188 188
184 184
183 183
185 185
186 186
181 181
182 182
180 180
179 179
175 175
176 176
178 178
177 177
