Soda Irvine VictoryPoint Sacramento FantasticComics Riverside SantaBarbara ChezPanisse CafeTibet LosAngeles Platano BAMPFA Cancun DKingGallery Tang Rasputin MexicoCity Tako CREAM TripleRock Kips Tuhuamixtel Myto ElGrullo Talpa Tuxcacuesco Guadalajara SouthGate Jalisco Whittier SanDiego SanMiguel Tijuana Chino Upland Fontana Perris Ashby Compton Pomona Emeryville Saturn SanBernardino BayStreet Gregoire BerkeleyHillel Venus Jupiter BerkeleyHigh AlphaCentauri AlphaChi Mars InternationalHouse DeltaDelta SigmaKappa ChiOmega Soda
55
Irvine Irvine
VictoryPoint VictoryPoint
Sacramento Sacramento
FantasticComics FantasticComics
Riverside Riverside
SantaBarbara SantaBarbara
ChezPanisse ChezPanisse
CafeTibet CafeTibet
LosAngeles LosAngeles
Platano Platano
BAMPFA BAMPFA
Cancun Cancun
DKingGallery DKingGallery
Tang Tang
Rasputin Rasputin
MexicoCity MexicoCity
Tako Tako
CREAM CREAM
TripleRock TripleRock
Kips Kips
Tuhuamixtel Tuhuamixtel
Myto Myto
ElGrullo ElGrullo
Talpa Talpa
Tuxcacuesco Tuxcacuesco
Guadalajara Guadalajara
SouthGate SouthGate
Jalisco Jalisco
Whittier Whittier
SanDiego SanDiego
SanMiguel SanMiguel
Tijuana Tijuana
Chino Chino
Upland Upland
Fontana Fontana
Perris Perris
Ashby Ashby
Compton Compton
Pomona Pomona
Emeryville Emeryville
Saturn Saturn
SanBernardino SanBernardino
BayStreet BayStreet
Gregoire Gregoire
BerkeleyHillel BerkeleyHillel
Venus Venus
Jupiter Jupiter
BerkeleyHigh BerkeleyHigh
AlphaCentauri AlphaCentauri
AlphaChi AlphaChi
Mars Mars
InternationalHouse InternationalHouse
DeltaDelta DeltaDelta
SigmaKappa SigmaKappa
ChiOmega ChiOmega
