Soda Sproul Morgan MemorialStadium Haas Wheeler Stephans Barrows GoldenStatePark TheRoof Blackwell ClarkKerr LakeMerrit Foothill BC Unit3 Unit1 Unit2 Mulford Wellman Doe Hertz BWW MLK MainStacks RSF GBC Soda
27
Soda Soda
Sproul Sproul
Morgan Morgan
MemorialStadium MemorialStadium
Haas Haas
Wheeler Wheeler
Stephans Stephans
Barrows Barrows
GoldenStatePark GoldenStatePark
TheRoof TheRoof
Blackwell Blackwell
ClarkKerr ClarkKerr
LakeMerrit LakeMerrit
Foothill Foothill
BC BC
Unit3 Unit3
Unit1 Unit1
Unit2 Unit2
Mulford Mulford
Wellman Wellman
Doe Doe
Hertz Hertz
BWW BWW
MLK MLK
MainStacks MainStacks
RSF RSF
GBC GBC
