5 4 33 187 154 46 154 82 129 146 129 82 112 10 112 171 104 83 117 136 170 199 166 122 166 32 166 199 48 54 126 162 52 121 157 121 34 138 116 134 50 134 116 35 188 110 53 0 27 174 101 1 99 161 179 78 100 135 35 26 63 165 173 165 193 29 164 140 2 7 165 42 137 156 76 81 19 151 109 84 168 84 109 152 58 109 75 66 17 105 25 30 65 178 65 180 28 149 90 159 172 143 77 189 103 189 77 196 184 85 86 44 86 93 190 16 74 31 74 191 194 191 91 150 130 64 37 177 18 192 119 71 119 67 41 67 119 43 47 45 14 45 158 80 158 102 55 138 69 183 51 183 69 153 69 138 61 113 118 56 195 155 96 175 22 175 96 155 40 123 62 34 133 68 133 34 9 34 62 36 11 20 94 39 92 39 94 5
101
5 5
33 33
187 187
46 46
154 154
146 146
10 10
171 171
104 104
83 83
170 170
122 122
32 32
199 199
48 48
162 162
52 52
157 157
138 138
116 116
50 50
188 188
110 110
53 53
174 174
101 101
1 1
99 99
179 179
78 78
100 100
135 135
26 26
63 63
173 173
193 193
164 164
140 140
2 2
42 42
137 137
156 156
76 76
81 81
151 151
168 168
152 152
58 58
75 75
17 17
105 105
25 25
178 178
180 180
28 28
149 149
159 159
143 143
103 103
189 189
77 77
196 196
184 184
85 85
44 44
16 16
31 31
194 194
91 91
64 64
37 37
177 177
18 18
192 192
71 71
41 41
67 67
43 43
47 47
14 14
158 158
80 80
102 102
55 55
51 51
183 183
153 153
69 69
61 61
56 56
96 96
22 22
123 123
34 34
68 68
133 133
9 9
11 11
20 20
92 92
39 39
