2 67 2 78 1 49 66 49 15 10 15 74 56 88 4 88 22 83 13 77 50 6 98 72 5 72 7 84 96 89 30 89 24 31 24 43 38 44 38 43 63 78 79 81 3 81 79 16 40 16 76 35 25 41 65 17 70 28 42 69 60 0 60 69 61 34 20 18 71 18 23 68 59 90 62 29 11 29 14 86 12 19 94 19 47 58 95 2
51
2 2
67 67
1 1
66 66
10 10
74 74
4 4
88 88
83 83
13 13
50 50
98 98
72 72
5 5
7 7
96 96
30 30
24 24
31 31
38 38
44 44
63 63
3 3
81 81
40 40
16 16
76 76
35 35
25 25
41 41
65 65
17 17
70 70
28 28
42 42
60 60
0 0
69 69
61 61
34 34
71 71
23 23
59 59
62 62
29 29
11 11
14 14
86 86
94 94
47 47
58 58
