DZA ALB ARG ALB AND ESP FIN FLK FIN AFG ABW AFG FIN ERI ETH GUM GRD GNQ GRD GUM HMD GTM COG CAF BVT CAN BRB CAN CIV CHE COD BRN BGR GLP GRL HKG CMR CCK BLR BEN BDI BMU BHS DOM AUS DOM CUW DNK ARE CYM CZE CXR CYM BGD BFA BLM BES BLM BRA GRC GUY CUB CYP ASM ATF ATA DMA DJI DMA HND GEO GHA FSM ECU FRA FRO GBR DZA
51
DZA DZA
ALB ALB
ARG ARG
AND AND
FLK FLK
FIN FIN
ABW ABW
ERI ERI
GRD GRD
GNQ GNQ
HMD HMD
COG COG
CAF CAF
BVT BVT
CAN CAN
BRB BRB
CHE CHE
COD COD
BRN BRN
GLP GLP
HKG HKG
CCK CCK
BLR BLR
BEN BEN
BDI BDI
BHS BHS
DOM DOM
AUS AUS
CUW CUW
DNK DNK
ARE ARE
CYM CYM
CZE CZE
CXR CXR
BGD BGD
BFA BFA
BES BES
BLM BLM
GRC GRC
CUB CUB
ATF ATF
ATA ATA
DJI DJI
HND HND
GEO GEO
GHA GHA
FSM FSM
ECU ECU
FRA FRA
FRO FRO
GBR GBR
