COM REU AFG REU SDN MEX MLI CPV MHL MAC MHL CPV LIE LTU LSO HTI CAN HTI GUM HKG KAZ HKG KOR LBN JPN HUN PAK GNQ NER MTQ NER ABW NIC IRL NIC AUS ATG MWI ITA MWI CXR DEU CYP CZE NIU IRN IOT IRN MYS DZA MYS EGY ETH GAB FIN FSM GIN GBR FRA ESH ECU ESP GEO GHA GIB EST SAU HRV HMD MMR NPL PRY BIH BHS BRB BMU BEN BLM BHR BDI AZE BIH PRY MOZ PRY PNG POL COG COD CHN SHN SGS LBR SGS KHM SGS NZL GLP MDA PAN JEY NFK ALA NFK NGA GMB GRC HND MAR HND COK CAF NRU CAF CIV BVT LKA KWT GNB PSE MLT CRI KNA LAO LUX RWA DMA DJI MUS MYT ARM ARE ALB QAT SGP RUS IDN COL COM
101
COM COM
AFG AFG
REU REU
SDN SDN
MEX MEX
MLI MLI
CPV CPV
MAC MAC
LIE LIE
LTU LTU
HTI HTI
CAN CAN
GUM GUM
KAZ KAZ
HKG HKG
KOR KOR
LBN LBN
JPN JPN
HUN HUN
PAK PAK
GNQ GNQ
NER NER
MTQ MTQ
ABW ABW
IRL IRL
NIC NIC
AUS AUS
ATG ATG
ITA ITA
CXR CXR
DEU DEU
CYP CYP
NIU NIU
IOT IOT
IRN IRN
DZA DZA
EGY EGY
GAB GAB
FIN FIN
FSM FSM
GIN GIN
GBR GBR
FRA FRA
ESH ESH
ECU ECU
ESP ESP
GEO GEO
GHA GHA
GIB GIB
HRV HRV
HMD HMD
MMR MMR
NPL NPL
BHS BHS
BMU BMU
BEN BEN
BLM BLM
BHR BHR
BDI BDI
AZE AZE
MOZ MOZ
PRY PRY
PNG PNG
POL POL
COG COG
COD COD
CHN CHN
SHN SHN
SGS SGS
LBR LBR
KHM KHM
NZL NZL
MDA MDA
PAN PAN
JEY JEY
ALA ALA
NFK NFK
GMB GMB
GRC GRC
HND HND
MAR MAR
COK COK
CAF CAF
NRU NRU
CIV CIV
LKA LKA
KWT KWT
PSE PSE
KNA KNA
LAO LAO
LUX LUX
RWA RWA
DMA DMA
DJI DJI
MYT MYT
ARM ARM
ARE ARE
ALB ALB
RUS RUS
IDN IDN
COL COL
