Soda 167 99 163 145 101 191 185 113 130 114 173 148 176 104 139 141 151 137 103 175 161 116 174 165 177 109 126 152 131 132 100 186 160 192 138 129 197 193 158 164 111 118 180 188 119 112 105 198 108 153 125 110 170 144 134 156 128 171 140 182 195 154 146 102 107 133 147 115 189 155 121 169 127 187 106 184 157 143 194 142 172 178 135 120 117 123 150 159 149 166 136 196 190 122 162 168 179 183 181 124 Soda
101
Soda Soda
167 167
99 99
163 163
145 145
101 101
191 191
185 185
113 113
130 130
114 114
173 173
148 148
176 176
104 104
139 139
141 141
151 151
137 137
103 103
175 175
161 161
116 116
174 174
165 165
177 177
109 109
126 126
152 152
131 131
132 132
100 100
186 186
160 160
192 192
138 138
129 129
197 197
193 193
158 158
164 164
111 111
118 118
180 180
188 188
119 119
112 112
105 105
198 198
108 108
153 153
125 125
110 110
170 170
144 144
134 134
156 156
128 128
171 171
140 140
182 182
195 195
154 154
146 146
102 102
107 107
133 133
147 147
115 115
189 189
155 155
121 121
169 169
127 127
187 187
106 106
184 184
157 157
143 143
194 194
142 142
172 172
178 178
135 135
120 120
117 117
123 123
150 150
159 159
149 149
166 166
136 136
196 196
190 190
122 122
162 162
168 168
179 179
183 183
181 181
124 124
