Soda 11 101 76 63 2 46 67 49 61 93 71 72 77 95 79 96 58 68 14 35 97 87 29 57 45 54 9 48 22 8 69 55 74 40 92 18 99 6 81 73 65 51 66 12 47 34 85 59 94 86 64 52 56 75 90 28 15 80 78 82 53 30 31 91 84 88 83 98 100 5 27 17 32 70 20 43 60 42 38 37 44 7 24 33 3 4 13 23 21 39 19 10 25 41 89 62 50 36 16 26 Soda
101
Soda Soda
11 11
101 101
76 76
63 63
2 2
46 46
67 67
49 49
61 61
93 93
71 71
72 72
77 77
95 95
79 79
96 96
58 58
68 68
14 14
35 35
97 97
87 87
29 29
57 57
45 45
54 54
9 9
48 48
22 22
8 8
69 69
55 55
74 74
40 40
92 92
18 18
99 99
6 6
81 81
73 73
65 65
51 51
66 66
12 12
47 47
34 34
85 85
59 59
94 94
86 86
64 64
52 52
56 56
75 75
90 90
28 28
15 15
80 80
78 78
82 82
53 53
30 30
31 31
91 91
84 84
88 88
83 83
98 98
100 100
5 5
27 27
17 17
32 32
70 70
20 20
43 43
60 60
42 42
38 38
37 37
44 44
7 7
24 24
33 33
3 3
4 4
13 13
23 23
21 21
39 39
19 19
10 10
25 25
41 41
89 89
62 62
50 50
36 36
16 16
26 26
