100 31 15 30 16 61 54 1 17 2 46 142 131 130 129 144 42 3 41 73 74 6 9 8 40 72 43 45 26 45 44 4 71 5 71 4 44 45 43 29 13 103 34 7 39 78 37 78 39 7 34 14 61 60 22 25 59 16 30 15 27 70 36 28 36 33 12 11 10 76 121 76 10 11 12 33 36 70 27 15 31 100 58 55 24 55 18 53 52 53 23 51 49 48 47 19 50 133 141 20 136 188 21 56 57 56 21 188 192 189 182 189 192 191 193 184 186 181 161 159 82 112 155 116 113 111 115 153 156 104 165 164 85 86 100 88 32 88 100
64
54 54
1 1
17 17
2 2
46 46
42 42
3 3
41 41
6 6
9 9
8 8
40 40
26 26
5 5
4 4
44 44
45 45
43 43
29 29
13 13
34 34
7 7
39 39
37 37
14 14
60 60
22 22
25 25
59 59
16 16
30 30
28 28
121 121
10 10
11 11
12 12
33 33
36 36
27 27
15 15
31 31
58 58
24 24
55 55
18 18
53 53
52 52
23 23
51 51
49 49
48 48
47 47
19 19
50 50
20 20
56 56
57 57
21 21
192 192
182 182
111 111
153 153
165 165
32 32
