BukitBatokEast TiongBahruStation Simei SungeiRoad Sudong PearlsHill Redhill Gombak DowntownCore LowerSeletar GaliBatuMandai Safti Tengeh Frankel SwissClub Springleaf CityHall TanjongPagar SimpangNorth GhimMoh Sembawang JooKoon Tyersall AirportRoad NeeSoon ChoaChuKang Bayshore Hillcrest RiverValley LeonieHill BukitBatokEast
26
BukitBatokEast BukitBatokEast
TiongBahruStation TiongBahruStation
Simei Simei
SungeiRoad SungeiRoad
Sudong Sudong
PearlsHill PearlsHill
Redhill Redhill
DowntownCore DowntownCore
LowerSeletar LowerSeletar
GaliBatuMandai GaliBatuMandai
Safti Safti
Tengeh Tengeh
Frankel Frankel
SwissClub SwissClub
CityHall CityHall
TanjongPagar TanjongPagar
SimpangNorth SimpangNorth
GhimMoh GhimMoh
Sembawang Sembawang
JooKoon JooKoon
Tyersall Tyersall
NeeSoon NeeSoon
ChoaChuKang ChoaChuKang
Hillcrest Hillcrest
RiverValley RiverValley
LeonieHill LeonieHill
