YuhuaEast Sennett SerangoonGarden SingaporeRiver ChinaSquare SerangoonNorth TagoreSindo Punggol BenoiSector MountPleasant PayaLebarEast Museum TohGuan PasirRisDrive ClementiNorth EvertonPark ReservoirView Moulmein GeylangEast MountEmily KebunBahru Tampines PengSiang BukitBatokWest DhobyGhaut Cairnhill ChangiPoint Trafalgar OneTreeHill SembawangStraits Shipyard PasirRisPark BedokSouth Matilda Geylang OrangeGrove PeoplesPark BayfrontSubzone SungeiKadut Kembangan HongKah UpperThomson ChoaChuKang DefuIndustrialPark HougangCentral Saujana BoatQuay Aljunied YioChuKang Mountbatten Northland WoodlandsWest BukitBatokSouth PasirPanjang2 SerangoonCentral Khatib SimpangNorth AlexandraNorth SimpangNorth Paterson PulauPunggolTimor YioChuKangEast UluPandan Dunearn SembawangHills Dunearn KeatHong HongKahNorth SouthernIslands WestCoast TuasNorthPioneer Chatsworth InstitutionHill KentRidge Commonwealth SungeiRoad WaterwayEast SungeiRoad Kranji PangSua Kranji MandaiWest NatureReserve ChangiWest NatureReserve TampinesNorth Boulevard RochorCanal Port BukitTimah AngMoKioTownCentre Anson OneNorth JurongWestCentral ClementiWest IstanaNegara BedokNorth Serangoon Brickworks KampongUbi TelokBlangahRise Sentosa EastCoast Sembawang PearlsHill MandaiEast DairyFarm PeiChun JurongPort JooSengPayaLebar Tanglin TuasPromenade TiongBahru TuasBay PunggolField LowerSeletar BoonLayPlace ChengSan Mandai PasirRis CityHall TelokBlangahDrive YuhuaEast
101
YuhuaEast YuhuaEast
Sennett Sennett
SerangoonGarden SerangoonGarden
SingaporeRiver SingaporeRiver
ChinaSquare ChinaSquare
SerangoonNorth SerangoonNorth
TagoreSindo TagoreSindo
Punggol Punggol
BenoiSector BenoiSector
PayaLebarEast PayaLebarEast
Museum Museum
TohGuan TohGuan
PasirRisDrive PasirRisDrive
ClementiNorth ClementiNorth
EvertonPark EvertonPark
ReservoirView ReservoirView
Moulmein Moulmein
GeylangEast GeylangEast
KebunBahru KebunBahru
Tampines Tampines
BukitBatokWest BukitBatokWest
DhobyGhaut DhobyGhaut
Cairnhill Cairnhill
ChangiPoint ChangiPoint
Trafalgar Trafalgar
OneTreeHill OneTreeHill
SembawangStraits SembawangStraits
Shipyard Shipyard
PasirRisPark PasirRisPark
BedokSouth BedokSouth
Matilda Matilda
Geylang Geylang
OrangeGrove OrangeGrove
PeoplesPark PeoplesPark
BayfrontSubzone BayfrontSubzone
SungeiKadut SungeiKadut
Kembangan Kembangan
HongKah HongKah
UpperThomson UpperThomson
ChoaChuKang ChoaChuKang
DefuIndustrialPark DefuIndustrialPark
HougangCentral HougangCentral
Saujana Saujana
BoatQuay BoatQuay
Aljunied Aljunied
YioChuKang YioChuKang
Mountbatten Mountbatten
Northland Northland
WoodlandsWest WoodlandsWest
BukitBatokSouth BukitBatokSouth
SerangoonCentral SerangoonCentral
Khatib Khatib
AlexandraNorth AlexandraNorth
SimpangNorth SimpangNorth
Paterson Paterson
PulauPunggolTimor PulauPunggolTimor
YioChuKangEast YioChuKangEast
UluPandan UluPandan
SembawangHills SembawangHills
KeatHong KeatHong
HongKahNorth HongKahNorth
SouthernIslands SouthernIslands
TuasNorthPioneer TuasNorthPioneer
Chatsworth Chatsworth
InstitutionHill InstitutionHill
KentRidge KentRidge
Commonwealth Commonwealth
WaterwayEast WaterwayEast
SungeiRoad SungeiRoad
PangSua PangSua
ChangiWest ChangiWest
TampinesNorth TampinesNorth
RochorCanal RochorCanal
Port Port
AngMoKioTownCentre AngMoKioTownCentre
OneNorth OneNorth
JurongWestCentral JurongWestCentral
IstanaNegara IstanaNegara
BedokNorth BedokNorth
Serangoon Serangoon
Brickworks Brickworks
TelokBlangahRise TelokBlangahRise
Sentosa Sentosa
EastCoast EastCoast
Sembawang Sembawang
PearlsHill PearlsHill
MandaiEast MandaiEast
DairyFarm DairyFarm
PeiChun PeiChun
JurongPort JurongPort
JooSengPayaLebar JooSengPayaLebar
Tanglin Tanglin
TuasPromenade TuasPromenade
TiongBahru TiongBahru
TuasBay TuasBay
PunggolField PunggolField
LowerSeletar LowerSeletar
BoonLayPlace BoonLayPlace
Mandai Mandai
PasirRis PasirRis
CityHall CityHall
