F8 O3 E3 R9 D7 H2 A2 C4 B0 Q5 P7 S7 N7 N6 D9 E4 Q0 T0 K5 C0 M5 K6 P9 G1 S5 I8 F1 E2 G0 G9 D8 T5 P6 I3 R0 S8 H4 B2 N0 T9 I2 P2 M6 F9 A0 T8 H0 C8 A9 T0 H3 I6 B4 D5 E8 E7 A3 O5 G6 T1 P7 R6 D4 C1 F2 J1 K3 N2 H1 I9 J0 R4 Q3 K1 D3 C2 L9 R8 O2 N1 H6 P5 S2 N4 S0 O1 M0 J2 I0 S9 I4 A1 E5 G4 N8 L6 H5 Q7 F6 B3 A8 Q8 C3 F8
101
F8 F8
O3 O3
E3 E3
R9 R9
D7 D7
H2 H2
A2 A2
C4 C4
B0 B0
Q5 Q5
S7 S7
N7 N7
N6 N6
D9 D9
E4 E4
Q0 Q0
K5 K5
C0 C0
M5 M5
K6 K6
P9 P9
G1 G1
S5 S5
I8 I8
F1 F1
E2 E2
G0 G0
G9 G9
D8 D8
T5 T5
P6 P6
I3 I3
R0 R0
S8 S8
H4 H4
B2 B2
N0 N0
T9 T9
I2 I2
P2 P2
M6 M6
F9 F9
A0 A0
T8 T8
H0 H0
C8 C8
A9 A9
T0 T0
H3 H3
I6 I6
B4 B4
D5 D5
E8 E8
E7 E7
A3 A3
O5 O5
G6 G6
T1 T1
P7 P7
R6 R6
D4 D4
C1 C1
F2 F2
J1 J1
K3 K3
N2 N2
H1 H1
I9 I9
J0 J0
R4 R4
Q3 Q3
K1 K1
D3 D3
C2 C2
L9 L9
R8 R8
O2 O2
N1 N1
H6 H6
P5 P5
S2 S2
N4 N4
S0 S0
O1 O1
M0 M0
J2 J2
I0 I0
S9 S9
I4 I4
A1 A1
E5 E5
G4 G4
N8 N8
L6 L6
H5 H5
Q7 Q7
F6 F6
B3 B3
A8 A8
Q8 Q8
C3 C3
