Latias Shelgon Dartrix Keldeo Wurmple Bounsweet Staryu Luvdisc Petilil Infernape Scolipede Noivern Talonflame Palkia Reshiram Jigglypuff Magearna Raticate Primeape Vibrava Golisopod Charmeleon Relicanth Exeggutor Elgyem Toxicroak Latias
26
Latias Latias
Shelgon Shelgon
Dartrix Dartrix
Keldeo Keldeo
Wurmple Wurmple
Bounsweet Bounsweet
Staryu Staryu
Luvdisc Luvdisc
Petilil Petilil
Infernape Infernape
Scolipede Scolipede
Noivern Noivern
Talonflame Talonflame
Palkia Palkia
Reshiram Reshiram
Jigglypuff Jigglypuff
Magearna Magearna
Raticate Raticate
Primeape Primeape
Vibrava Vibrava
Golisopod Golisopod
Charmeleon Charmeleon
Relicanth Relicanth
Exeggutor Exeggutor
Elgyem Elgyem
Toxicroak Toxicroak
