Qwilfish Tropius Slowbro Simisear Sandile Meloetta Porygon2 Vullaby Paras Vullaby Jumpluff Metapod Whismur Bounsweet Froakie Dewpider Scatterbug Taillow Drapion Lotad Skorupi Munna Skorupi Honedge Wartortle Steenee Volcarona Magmar Phanpy Skiddo Noibat Tornadus Politoed Terrakion Metang Slurpuff Inkay Vespiquen Weezing Plusle Wailord Xerneas Shellos Nincada Comfey Lumineon Kakuna Treecko Seaking Bastiodon Shellder Tsareena Weepinbell Escavalier Woobat Crawdaunt Amoonguss Zekrom Conkeldurr Stufful Yungoos Magnemite Swadloon Tauros Gengar Drampa Qwilfish
64
Qwilfish Qwilfish
Tropius Tropius
Slowbro Slowbro
Simisear Simisear
Sandile Sandile
Meloetta Meloetta
Porygon2 Porygon2
Paras Paras
Vullaby Vullaby
Jumpluff Jumpluff
Metapod Metapod
Whismur Whismur
Bounsweet Bounsweet
Froakie Froakie
Dewpider Dewpider
Scatterbug Scatterbug
Taillow Taillow
Drapion Drapion
Lotad Lotad
Munna Munna
Skorupi Skorupi
Honedge Honedge
Wartortle Wartortle
Steenee Steenee
Volcarona Volcarona
Magmar Magmar
Phanpy Phanpy
Skiddo Skiddo
Noibat Noibat
Tornadus Tornadus
Politoed Politoed
Terrakion Terrakion
Metang Metang
Slurpuff Slurpuff
Inkay Inkay
Vespiquen Vespiquen
Weezing Weezing
Plusle Plusle
Wailord Wailord
Xerneas Xerneas
Shellos Shellos
Nincada Nincada
Comfey Comfey
Lumineon Lumineon
Kakuna Kakuna
Treecko Treecko
Seaking Seaking
Bastiodon Bastiodon
Shellder Shellder
Tsareena Tsareena
Weepinbell Weepinbell
Escavalier Escavalier
Woobat Woobat
Crawdaunt Crawdaunt
Amoonguss Amoonguss
Zekrom Zekrom
Conkeldurr Conkeldurr
Stufful Stufful
Yungoos Yungoos
Magnemite Magnemite
Swadloon Swadloon
Tauros Tauros
Gengar Gengar
Drampa Drampa
