Monroe Clarksville Akron Asheville Athens Cary Manchester Brownsville Albany Cambridge Lowell Aberdeen Havre Austin Muskegon Prairie Denton Fairfield Fayetteville Apple Anchorage Daytona Dallas Huntsville Glendale Killeen Bethlehem Gilbert Modesto Hampton Leominster Allentown Hartford Hickory Lafayette Layton Corpus Baton Lakeland Ten Jacksonville Julian Cleveland Gainesville Vista Greensboro Baltimore Kenosha Canton Erie Elkhart Huntington Irving Elizabeth Dayton Burlington Mesquite Amarillo Birmingham Mobile Chesapeake Miami Anaheim Antioch Hagerstown Lancaster Kailua Hesperia Clarke Johnson Charleston Laredo Seven Kissimmee Hayward Bedford Naples Viejo Boise Merced Montgomery Detroit Three Boulder Lacey Melbourne Carrollton Mesa Hialeah Davidson Rapids Arlington Bridgeport Abilene Four Monterey Denver Bradenton Kennewick Lewisville Monroe
100
Monroe Monroe
Clarksville Clarksville
Akron Akron
Asheville Asheville
Athens Athens
Cary Cary
Manchester Manchester
Brownsville Brownsville
Albany Albany
Cambridge Cambridge
Lowell Lowell
Aberdeen Aberdeen
Havre Havre
Austin Austin
Muskegon Muskegon
Prairie Prairie
Denton Denton
Fairfield Fairfield
Fayetteville Fayetteville
Apple Apple
Anchorage Anchorage
Daytona Daytona
Dallas Dallas
Huntsville Huntsville
Glendale Glendale
Killeen Killeen
Bethlehem Bethlehem
Gilbert Gilbert
Modesto Modesto
Hampton Hampton
Leominster Leominster
Allentown Allentown
Hartford Hartford
Hickory Hickory
Lafayette Lafayette
Layton Layton
Corpus Corpus
Baton Baton
Lakeland Lakeland
Ten Ten
Jacksonville Jacksonville
Julian Julian
Cleveland Cleveland
Gainesville Gainesville
Vista Vista
Greensboro Greensboro
Baltimore Baltimore
Kenosha Kenosha
Canton Canton
Erie Erie
Elkhart Elkhart
Huntington Huntington
Irving Irving
Elizabeth Elizabeth
Dayton Dayton
Burlington Burlington
Mesquite Mesquite
Amarillo Amarillo
Birmingham Birmingham
Mobile Mobile
Chesapeake Chesapeake
Miami Miami
Anaheim Anaheim
Antioch Antioch
Hagerstown Hagerstown
Lancaster Lancaster
Kailua Kailua
Hesperia Hesperia
Clarke Clarke
Johnson Johnson
Charleston Charleston
Laredo Laredo
Seven Seven
Kissimmee Kissimmee
Hayward Hayward
Bedford Bedford
Naples Naples
Viejo Viejo
Boise Boise
Merced Merced
Montgomery Montgomery
Detroit Detroit
Three Three
Boulder Boulder
Lacey Lacey
Melbourne Melbourne
Carrollton Carrollton
Mesa Mesa
Hialeah Hialeah
Davidson Davidson
Rapids Rapids
Arlington Arlington
Bridgeport Bridgeport
Abilene Abilene
Four Four
Monterey Monterey
Denver Denver
Bradenton Bradenton
Kennewick Kennewick
Lewisville Lewisville
