Myrtle Albany Bridgeport Cathedral Montgomery Huntsville Erie Davidson Hollywood Brownsville Baltimore Moreno Merced Mobile Lorain Harlingen Chandler Dallas Hemet Bradenton Albuquerque Cary Champaign Kansas Joliet Deltona Houma Leominster Aribel Grays Macon Barnstable Medford Bloomington Lansing Chicago Miramar Kissimmee Nashua Appleton Cedar Hartford Abilene GreenBay Corpus Plen Huntington Muskegon Lexington Minneapolis Alexandria Myrtle
50
Albany Albany
Bridgeport Bridgeport
Cathedral Cathedral
Montgomery Montgomery
Huntsville Huntsville
Erie Erie
Davidson Davidson
Hollywood Hollywood
Brownsville Brownsville
Baltimore Baltimore
Moreno Moreno
Merced Merced
Mobile Mobile
Lorain Lorain
Harlingen Harlingen
Chandler Chandler
Dallas Dallas
Hemet Hemet
Bradenton Bradenton
Albuquerque Albuquerque
Cary Cary
Champaign Champaign
Kansas Kansas
Joliet Joliet
Deltona Deltona
Houma Houma
Leominster Leominster
Aribel Aribel
Grays Grays
Macon Macon
Barnstable Barnstable
Medford Medford
Bloomington Bloomington
Lansing Lansing
Chicago Chicago
Miramar Miramar
Kissimmee Kissimmee
Nashua Nashua
Appleton Appleton
Cedar Cedar
Hartford Hartford
Abilene Abilene
GreenBay GreenBay
Corpus Corpus
Plen Plen
Huntington Huntington
Muskegon Muskegon
Lexington Lexington
Minneapolis Minneapolis
Alexandria Alexandria
