Burlington Honolulu Davenport Prairie Killeen Rapids Denver Greenville Amarillo Hayward Buffalo Cambridge Independence Naperville Bridgeport Miramar Clarke Columbus Cedar Chattanooga Merced Chicago Louisville Myrtle Hampton McAllen Burlington
25
Honolulu Honolulu
Davenport Davenport
Prairie Prairie
Killeen Killeen
Rapids Rapids
Denver Denver
Greenville Greenville
Amarillo Amarillo
Hayward Hayward
Buffalo Buffalo
Cambridge Cambridge
Independence Independence
Naperville Naperville
Bridgeport Bridgeport
Miramar Miramar
Clarke Clarke
Columbus Columbus
Cedar Cedar
Chattanooga Chattanooga
Merced Merced
Chicago Chicago
Louisville Louisville
Myrtle Myrtle
Hampton Hampton
McAllen McAllen
