Soda DurantHall Campanile BerkeleyWayWest BrainImagingCenter VLSB CareerCenter AlumniHouse DoeMemorialLibrary BotanicalGarden CyclotronRd BoaltHall BancroftLibrary EastGate AnthonyHall BerkeleyArtMuseum DavisHall CalvinLaboratory ClarkKerrCampus ChouHall DonnerLab ChanShunAuditorium EtcheverryHall CNMAT CaliforniaHall EdwardsStadium BanwayBldg BarkerHall CheitHall BlumHall BirgeHall BlackwellHall EshlemanHall CampbellHall EastAsianLibrary Dwinelle BARTStation BarrowsHall BarrowLane Cory EvansDiamond Soda
41
Soda Soda
DurantHall DurantHall
Campanile Campanile
BerkeleyWayWest BerkeleyWayWest
BrainImagingCenter BrainImagingCenter
VLSB VLSB
CareerCenter CareerCenter
AlumniHouse AlumniHouse
DoeMemorialLibrary DoeMemorialLibrary
BotanicalGarden BotanicalGarden
CyclotronRd CyclotronRd
BoaltHall BoaltHall
BancroftLibrary BancroftLibrary
EastGate EastGate
AnthonyHall AnthonyHall
BerkeleyArtMuseum BerkeleyArtMuseum
DavisHall DavisHall
CalvinLaboratory CalvinLaboratory
ClarkKerrCampus ClarkKerrCampus
ChouHall ChouHall
DonnerLab DonnerLab
ChanShunAuditorium ChanShunAuditorium
EtcheverryHall EtcheverryHall
CNMAT CNMAT
CaliforniaHall CaliforniaHall
EdwardsStadium EdwardsStadium
BanwayBldg BanwayBldg
BarkerHall BarkerHall
CheitHall CheitHall
BlumHall BlumHall
BirgeHall BirgeHall
BlackwellHall BlackwellHall
EshlemanHall EshlemanHall
CampbellHall CampbellHall
EastAsianLibrary EastAsianLibrary
Dwinelle Dwinelle
BARTStation BARTStation
BarrowsHall BarrowsHall
BarrowLane BarrowLane
Cory Cory
EvansDiamond EvansDiamond
