Soda EtcheverryHall WicksonNaturalArea Emeryville SproulPlaza AnthonyHall FrankSchlessingerWay WestGate Oakley LewisHall DonnerLab Piedmont NorthGateHall HargroveMusicLibrary Alameda Pinole ClearyHall Insectary Pittsburg SatherTower KleebergerFieldHouse StHelena MinorHallAddition FoundersRock EvansHall SanRamon Hillsborough Pacifica LowerSproulPlaza Orinda GiauqueHall StadiumRimWay HearstMiningCircle Unit3 Albany SanRafael IshiCourt ClarkKerrCampus SanPablo Benicia ZellerbachPlayhouse MulfordHall ZellerbachHall WellmanHall SternHall WomenFacultyClub BarkerHall PimentelHall CalvinLaboratory HearstGreekTheatre GilmanHall GoldmanField WheelerHall KroeberHall WestCircle Cory BlumHall Belmont ChouHall EastGate BancroftLibrary Unit1 HertzHall Hayward Saratoga MartinezCommons Brisbane Healdsburg Campanile WursterHall Fairfield Soda
71
Soda Soda
EtcheverryHall EtcheverryHall
WicksonNaturalArea WicksonNaturalArea
Emeryville Emeryville
SproulPlaza SproulPlaza
AnthonyHall AnthonyHall
FrankSchlessingerWay FrankSchlessingerWay
WestGate WestGate
Oakley Oakley
LewisHall LewisHall
DonnerLab DonnerLab
Piedmont Piedmont
NorthGateHall NorthGateHall
HargroveMusicLibrary HargroveMusicLibrary
Alameda Alameda
Pinole Pinole
ClearyHall ClearyHall
Insectary Insectary
Pittsburg Pittsburg
SatherTower SatherTower
KleebergerFieldHouse KleebergerFieldHouse
StHelena StHelena
MinorHallAddition MinorHallAddition
FoundersRock FoundersRock
EvansHall EvansHall
SanRamon SanRamon
Hillsborough Hillsborough
Pacifica Pacifica
LowerSproulPlaza LowerSproulPlaza
Orinda Orinda
GiauqueHall GiauqueHall
StadiumRimWay StadiumRimWay
HearstMiningCircle HearstMiningCircle
Unit3 Unit3
Albany Albany
SanRafael SanRafael
IshiCourt IshiCourt
ClarkKerrCampus ClarkKerrCampus
SanPablo SanPablo
Benicia Benicia
ZellerbachPlayhouse ZellerbachPlayhouse
MulfordHall MulfordHall
ZellerbachHall ZellerbachHall
WellmanHall WellmanHall
SternHall SternHall
WomenFacultyClub WomenFacultyClub
BarkerHall BarkerHall
PimentelHall PimentelHall
CalvinLaboratory CalvinLaboratory
HearstGreekTheatre HearstGreekTheatre
GilmanHall GilmanHall
GoldmanField GoldmanField
WheelerHall WheelerHall
KroeberHall KroeberHall
WestCircle WestCircle
Cory Cory
BlumHall BlumHall
Belmont Belmont
ChouHall ChouHall
EastGate EastGate
BancroftLibrary BancroftLibrary
Unit1 Unit1
HertzHall HertzHall
Hayward Hayward
Saratoga Saratoga
MartinezCommons MartinezCommons
Brisbane Brisbane
Healdsburg Healdsburg
Campanile Campanile
WursterHall WursterHall
Fairfield Fairfield
