LegendsAquaticCenter ValleyLifeSciencesBu MemorialGlade CITRIS NorthGateHall LeConteHall LevineFrickeSoftball GoldmanField SoutheastAsianStudie LawSchool SatherTower InvestigativeReporti NorthField StarrEastAsianLibrar EllsworthParkingStru SodaHall LewisHall EucalyptusGrove GolbousPlace DurantHall LegendsAquaticCenter
20
LegendsAquaticCenter LegendsAquaticCenter
ValleyLifeSciencesBu ValleyLifeSciencesBu
MemorialGlade MemorialGlade
CITRIS CITRIS
NorthGateHall NorthGateHall
LeConteHall LeConteHall
LevineFrickeSoftball LevineFrickeSoftball
GoldmanField GoldmanField
SoutheastAsianStudie SoutheastAsianStudie
LawSchool LawSchool
SatherTower SatherTower
InvestigativeReporti InvestigativeReporti
NorthField NorthField
StarrEastAsianLibrar StarrEastAsianLibrar
EllsworthParkingStru EllsworthParkingStru
SodaHall SodaHall
LewisHall LewisHall
EucalyptusGrove EucalyptusGrove
GolbousPlace GolbousPlace
DurantHall DurantHall
