Pantheon Ahri ArcWarden MasterYi Nunu WraithKing Jax Lucian CrystalMaiden KogMaw Disruptor Anivia Bard BountyHunter Phoenix Galio CentaurWarrunner Ziggs Akali Heimerdinger Tiny Jayce Slark Kled Lich ChaosKnight Magnus Tailyah Bristleback Maokai LoneDruid Oracle Ashe Shyvana TrollWarlord Talon NightStalker Rumble SpiritBreaker Draven Jinx Morgana Malphite Xerath Skarner Jhin Lux Ezreal Spectre Pantheon
49
Pantheon Pantheon
Ahri Ahri
ArcWarden ArcWarden
MasterYi MasterYi
Nunu Nunu
WraithKing WraithKing
Jax Jax
Lucian Lucian
CrystalMaiden CrystalMaiden
KogMaw KogMaw
Disruptor Disruptor
Anivia Anivia
Bard Bard
BountyHunter BountyHunter
Phoenix Phoenix
Galio Galio
CentaurWarrunner CentaurWarrunner
Ziggs Ziggs
Akali Akali
Heimerdinger Heimerdinger
Tiny Tiny
Jayce Jayce
Slark Slark
Kled Kled
Lich Lich
ChaosKnight ChaosKnight
Magnus Magnus
Tailyah Tailyah
Bristleback Bristleback
Maokai Maokai
LoneDruid LoneDruid
Oracle Oracle
Ashe Ashe
Shyvana Shyvana
TrollWarlord TrollWarlord
Talon Talon
NightStalker NightStalker
Rumble Rumble
SpiritBreaker SpiritBreaker
Draven Draven
Jinx Jinx
Morgana Morgana
Malphite Malphite
Xerath Xerath
Skarner Skarner
Jhin Jhin
Lux Lux
Ezreal Ezreal
Spectre Spectre
