Fizz Bane Orianna Kled Xayah Slark Gragas Terrorblade Talon Tiny Lucian Chen Visage VelKoz Fiddlesticks BountyHunter Venomancer Syndra Nunu Jinx Magnus Kassadin LoneDruid Zilean Techies Brewmaster ShadowFiend LeBlanc Timbersaw Singed Weaver Sven Slardar Yorick Sona Leona Rengar Omniknight CentaurWarrunner ShadowDemon Trundle Ekko WinterWyvern Morphling Ziggs Tristana Puck SpiritBreaker Cassiopeia TahmKench Azir Heimerdinger Nasus Viktor Warlock Huskar TrollWarlord Kayn Irelia Ryze Jayce Thresh FacelessVoid Beastmaster NightStalker Quinn KhaZix Mirana Medusa ShadowShaman Vi Karma Amumu StormSpirit Zed Rumble Rubick Vladimir Kennen Nidalee Katarina DeathProphet Pantheon JarvanIV Janna Undying Oracle Sniper Annie Fizz
89
Fizz Fizz
Bane Bane
Orianna Orianna
Kled Kled
Xayah Xayah
Slark Slark
Gragas Gragas
Terrorblade Terrorblade
Talon Talon
Tiny Tiny
Lucian Lucian
Chen Chen
Visage Visage
VelKoz VelKoz
Fiddlesticks Fiddlesticks
BountyHunter BountyHunter
Venomancer Venomancer
Syndra Syndra
Nunu Nunu
Jinx Jinx
Magnus Magnus
Kassadin Kassadin
LoneDruid LoneDruid
Zilean Zilean
Techies Techies
Brewmaster Brewmaster
ShadowFiend ShadowFiend
LeBlanc LeBlanc
Timbersaw Timbersaw
Singed Singed
Weaver Weaver
Sven Sven
Slardar Slardar
Yorick Yorick
Sona Sona
Leona Leona
Rengar Rengar
Omniknight Omniknight
CentaurWarrunner CentaurWarrunner
ShadowDemon ShadowDemon
Trundle Trundle
Ekko Ekko
WinterWyvern WinterWyvern
Morphling Morphling
Ziggs Ziggs
Tristana Tristana
Puck Puck
SpiritBreaker SpiritBreaker
Cassiopeia Cassiopeia
TahmKench TahmKench
Azir Azir
Heimerdinger Heimerdinger
Nasus Nasus
Viktor Viktor
Warlock Warlock
Huskar Huskar
TrollWarlord TrollWarlord
Kayn Kayn
Irelia Irelia
Ryze Ryze
Jayce Jayce
Thresh Thresh
FacelessVoid FacelessVoid
Beastmaster Beastmaster
NightStalker NightStalker
Quinn Quinn
KhaZix KhaZix
Mirana Mirana
Medusa Medusa
ShadowShaman ShadowShaman
Vi Vi
Karma Karma
Amumu Amumu
StormSpirit StormSpirit
Zed Zed
Rumble Rumble
Rubick Rubick
Vladimir Vladimir
Kennen Kennen
Nidalee Nidalee
Katarina Katarina
DeathProphet DeathProphet
Pantheon Pantheon
JarvanIV JarvanIV
Janna Janna
Undying Undying
Oracle Oracle
Sniper Sniper
Annie Annie
