187 86 156 47 18 67 196 99 7 110 179 36 87 164 78 52 144 119 144 172 66 8 166 173 30 2 77 107 77 161 191 136 72 173 190 169 149 132 149 6 12 152 106 111 163 79 114 146 41 93 171 90 21 108 134 154 97 54 55 54 89 189 80 194 165 160 39 69 44 180 53 35 56 33 83 157 159 176 58 95 58 126 184 92 101 127 82 15 183 65 140 117 175 142 73 23 109 131 133 150 148 71 181 124 128 9 120 13 59 37 42 88 153 29 4 94 158 48 63 195 199 70 45 32 185 162 68 187
101
187 187
86 86
156 156
47 47
18 18
67 67
196 196
7 7
110 110
36 36
87 87
164 164
78 78
52 52
119 119
172 172
8 8
166 166
30 30
2 2
107 107
161 161
191 191
136 136
72 72
173 173
190 190
169 169
132 132
6 6
12 12
152 152
111 111
163 163
79 79
114 114
146 146
41 41
93 93
171 171
90 90
108 108
134 134
154 154
97 97
54 54
55 55
89 89
80 80
165 165
160 160
39 39
69 69
44 44
180 180
53 53
33 33
83 83
157 157
176 176
95 95
58 58
126 126
184 184
92 92
127 127
82 82
15 15
183 183
65 65
140 140
117 117
175 175
142 142
73 73
23 23
109 109
131 131
133 133
150 150
148 148
71 71
181 181
124 124
128 128
9 9
120 120
13 13
59 59
42 42
153 153
29 29
94 94
48 48
63 63
199 199
70 70
45 45
32 32
162 162
68 68
