0 17 51 3 174 105 142 24 70 103 190 94 31 58 143 125 8 116 156 119 69 21 29 74 188 170 115 178 192 2 180 86 52 133 109 12 4 126 43 50 157 9 78 160 129 198 193 60 195 39 183 191 16 159 96 19 131 184 182 33 68 194 93 18 163 38 189 62 77 199 185 177 80 197 179 46 136 32 35 158 0
80
0 0
17 17
51 51
3 3
174 174
105 105
142 142
24 24
70 70
103 103
190 190
94 94
31 31
58 58
143 143
125 125
8 8
116 116
156 156
119 119
69 69
21 21
29 29
74 74
188 188
170 170
115 115
178 178
192 192
2 2
180 180
86 86
52 52
133 133
109 109
12 12
4 4
126 126
43 43
50 50
157 157
9 9
78 78
160 160
129 129
198 198
193 193
60 60
195 195
39 39
183 183
191 191
16 16
159 159
96 96
19 19
131 131
184 184
182 182
33 33
68 68
194 194
93 93
18 18
163 163
38 38
189 189
62 62
77 77
199 199
185 185
177 177
80 80
197 197
179 179
46 46
136 136
32 32
35 35
158 158
