114 78 161 119 74 175 74 29 190 76 191 63 18 26 47 92 133 10 0 173 51 108 62 149 35 1 117 75 109 143 105 112 42 148 181 21 178 66 15 48 33 89 59 131 197 43 70 132 12 132 54 16 130 176 183 146 169 87 38 84 4 124 141 14 31 122 103 3 7 36 179 24 32 147 96 167 177 134 196 195 5 41 5 37 115 111 22 69 8 155 127 171 93 135 187 53 95 154 164 182 188 81 100 98 199 85 28 91 67 94 174 150 166 170 102 170 49 114
100
114 114
78 78
161 161
119 119
74 74
175 175
29 29
76 76
191 191
63 63
18 18
26 26
47 47
92 92
133 133
10 10
0 0
173 173
51 51
108 108
62 62
149 149
35 35
1 1
117 117
75 75
109 109
105 105
112 112
42 42
148 148
181 181
21 21
66 66
15 15
33 33
89 89
59 59
131 131
197 197
43 43
70 70
12 12
16 16
176 176
183 183
146 146
169 169
87 87
38 38
84 84
4 4
124 124
14 14
31 31
103 103
3 3
7 7
36 36
24 24
32 32
147 147
96 96
167 167
177 177
134 134
196 196
195 195
41 41
5 5
37 37
115 115
111 111
69 69
155 155
127 127
171 171
93 93
135 135
187 187
53 53
95 95
154 154
164 164
182 182
188 188
81 81
100 100
98 98
199 199
28 28
91 91
67 67
94 94
174 174
150 150
166 166
102 102
170 170
49 49
