gc as ac co ab cm dg gm fr q dw du ga dx gn by bc ah gh fd fo ft bl an ad cq gj di gi bx ap bt bb fn ey cv ao bi el cj ee cl cs p fq fk ff e fe bq a at dn ai v gq bu fg eg es y b cz cr cp j bv df fh df bn et fm u ds fw dy cg fy fa db az br er go am cd ep ck z g cn ge bj fi do dp gg dj h aw bp dq ae en dh d eq em gk gc
101
gc gc
as as
ac ac
co co
ab ab
cm cm
dg dg
gm gm
fr fr
q q
dw dw
ga ga
dx dx
gn gn
by by
bc bc
ah ah
gh gh
fd fd
fo fo
ft ft
bl bl
an an
ad ad
cq cq
gj gj
di di
gi gi
bx bx
ap ap
bt bt
bb bb
fn fn
ey ey
cv cv
ao ao
bi bi
el el
cj cj
ee ee
cl cl
cs cs
p p
fq fq
fk fk
ff ff
e e
fe fe
bq bq
a a
at at
dn dn
ai ai
v v
gq gq
bu bu
es es
y y
b b
cz cz
cr cr
cp cp
j j
bv bv
fh fh
bn bn
et et
u u
ds ds
fw fw
dy dy
cg cg
fy fy
fa fa
db db
az az
br br
er er
go go
am am
ep ep
ck ck
g g
cn cn
ge ge
bj bj
fi fi
do do
dp dp
gg gg
dj dj
aw aw
bp bp
dq dq
ae ae
en en
dh dh
d d
eq eq
em em
gk gk
