Liam Evan Liam Jordan Jack Joshua Lucas Noah Maverick Camden Bentley Jayden Max Grant Antonio Owen Antonio Grant Cooper Grant King Jaxon Waylon Marcus Parker Marcus Tyler Eli Sawyer Steven James Isaac James Steven Xavier Ryan Nolan Logan Nolan Elijah Adrian Elijah Nolan Miles Luke Finn Jacob Finn Kevin Nathan Connor Jasper Elliot Grayson Alexander Leo Bryson Malachi Adam Colton Adam Malachi Henry Jayce Gabriel Victor Dominic Victor Aiden Mateo Aiden Tucker Charles Mason Charles Tucker Aiden Richard Easton Patrick Oliver Andrew Dylan Lincoln Chase Aaron Michael Aaron David Brody George Ethan Brantley Kai Christopher Kai Carson Emmanuel Samuel Eric Greyson Eric Messiah John Matthew John Messiah Zion Rhett Christian Hayden Austin Rowan Theodore Jude Zachary Hunter Thomas Hunter Isaiah Hunter Zachary Jude Jace Jude Joseph Robert Giovanni Abraham Kaleb Elias Kaleb Santiago Carter Elliott Caleb Cameron Jaxson Angel Anthony Maxwell Dean Beau William Landon Bennett Justin Josiah Julian Matteo Jameson Hudson Jameson Benjamin Jameson Daniel Nicholas Silas Braxton Jackson Ezra Ezekiel Jeremiah Ezekiel Ezra Jose Preston Jonathan Brayden Asher Brayden Declan Dawson Alejandro Ian Alejandro Dawson Gael Wyatt Edward Sebastian Bryce Oscar Levi Oscar Xander Leonardo Jordan Liam
90
Liam Liam
Evan Evan
Jordan Jordan
Jack Jack
Joshua Joshua
Lucas Lucas
Noah Noah
Maverick Maverick
Jayden Jayden
Owen Owen
Cooper Cooper
Jaxon Jaxon
Parker Parker
Eli Eli
Isaac Isaac
James James
Xavier Xavier
Ryan Ryan
Logan Logan
Adrian Adrian
Elijah Elijah
Nolan Nolan
Luke Luke
Jacob Jacob
Nathan Nathan
Connor Connor
Grayson Grayson
Alexander Alexander
Leo Leo
Bryson Bryson
Colton Colton
Adam Adam
Henry Henry
Gabriel Gabriel
Dominic Dominic
Mateo Mateo
Aiden Aiden
Charles Charles
Mason Mason
Easton Easton
Oliver Oliver
Andrew Andrew
Dylan Dylan
Lincoln Lincoln
Aaron Aaron
Michael Michael
David David
Ethan Ethan
Christopher Christopher
Carson Carson
Samuel Samuel
Greyson Greyson
John John
Matthew Matthew
Christian Christian
Austin Austin
Theodore Theodore
Hunter Hunter
Thomas Thomas
Isaiah Isaiah
Jace Jace
Joseph Joseph
Robert Robert
Elias Elias
Carter Carter
Caleb Caleb
Cameron Cameron
Jaxson Jaxson
Angel Angel
Anthony Anthony
William William
Landon Landon
Josiah Josiah
Julian Julian
Hudson Hudson
Benjamin Benjamin
Daniel Daniel
Nicholas Nicholas
Jackson Jackson
Ezekiel Ezekiel
Jeremiah Jeremiah
Ezra Ezra
Jose Jose
Jonathan Jonathan
Brayden Brayden
Asher Asher
Ian Ian
Wyatt Wyatt
Sebastian Sebastian
Levi Levi
