Liam Benjamin Wyatt Daniel Lincoln Michael Joseph Jacob Joseph Matthew Jaxon Sebastian Mason Elijah William Carter William Mason Noah Logan Ethan Jackson Lucas Andrew Charles Oliver Alexander Henry Alexander Samuel James David Jaxon Aiden Liam
25
Liam Liam
Benjamin Benjamin
Wyatt Wyatt
Daniel Daniel
Michael Michael
Jacob Jacob
Joseph Joseph
Matthew Matthew
Sebastian Sebastian
Elijah Elijah
William William
Carter Carter
Mason Mason
Noah Noah
Logan Logan
Ethan Ethan
Jackson Jackson
Lucas Lucas
Oliver Oliver
Alexander Alexander
Henry Henry
Samuel Samuel
James James
David David
Aiden Aiden
