zero one two three ten seventeen twentyfour thirtyone thirtyeight fortyfive fiftytwo fiftynine sixtysix seventythree eighty eightyseven ninetyfour onehunone onehuneight onehunnine onehunten onehunseventeen onehunsixteen onehuntwentythree onehuntwentyfour onehuntwentythree onehunthirty onehuntwentynine onehuntwentyeight onehunthirtyfive onehunthirtyfour onehunforty onehunthirtynine onehunfortysix onehunfortyfive onehunfortyfour onehunfortythree onehunfortytwo onehunfortynine onehunfifty onehunfiftyseven onehunsixtyfour onehunsixtythree onehunseventy onehunseventyone onehunseventyeight onehunseventyseven onehuneightyfour onehunninetyone onehunninety onehunninetyone onehunninetytwo onehunninetythree onehunninetyfour onehuneightyseven onehuneighty onehuneightyone onehuneightytwo onehunseventysix onehunsixtynine onehunseventyfive onehunseventyfour onehunseventythree onehunseventytwo onehunsixtyfive onehunsixtysix onehunfiftynine onehunsixty onehunsixtyone onehunfiftyfour onehunfortyeight onehunfortyone onehunthirtyfour onehuntwentyseven onehunthirtythree onehuntwentysix onehuntwenty onehuntwentyone onehuntwenty onehunthirteen onehunnineteen onehuneighteen onehuneleven onehuntwelve onehunsix ninetynine onehunfive ninetyeight ninetytwo ninetythree eightysix seventynine seventyeight eightyfour eightythree eightytwo seventyfive seventysix seventyseven seventyone seventytwo seventythree sixtysix sixtyseven sixtyeight sixtynine seventy sixtyfour fiftyseven fiftyeight fiftynine sixty fiftythree fiftyfour fiftyfive fiftysix fortynine fortythree fortyfour thirtyseven thirtyeight thirtynine forty thirtythree thirtyfour thirtyfive twentynine thirty twentythree twentyfour twentyfive twentysix twentyseven twenty twentyone fifteen sixteen seventeen ten eleven twelve thirteen fourteen seven six zero
101
zero zero
one one
two two
three three
fortyfive fortyfive
fiftytwo fiftytwo
eightyseven eightyseven
onehunone onehunone
onehuneight onehuneight
onehunten onehunten
onehunseventeen onehunseventeen
onehunsixteen onehunsixteen
onehuntwentythree onehuntwentythree
onehuntwentyfour onehuntwentyfour
onehunthirty onehunthirty
onehuntwentyeight onehuntwentyeight
onehunthirtyfive onehunthirtyfive
onehunforty onehunforty
onehunfortysix onehunfortysix
onehunfortyfive onehunfortyfive
onehunfortyfour onehunfortyfour
onehunfortythree onehunfortythree
onehunfortynine onehunfortynine
onehunfifty onehunfifty
onehunfiftyseven onehunfiftyseven
onehunsixtyfour onehunsixtyfour
onehunsixtythree onehunsixtythree
onehunseventy onehunseventy
onehunseventyone onehunseventyone
onehunseventyeight onehunseventyeight
onehuneightyfour onehuneightyfour
onehunninetyone onehunninetyone
onehunninety onehunninety
onehunninetytwo onehunninetytwo
onehunninetythree onehunninetythree
onehunninetyfour onehunninetyfour
onehuneightyseven onehuneightyseven
onehuneighty onehuneighty
onehuneightyone onehuneightyone
onehuneightytwo onehuneightytwo
onehunseventysix onehunseventysix
onehunsixtynine onehunsixtynine
onehunseventyfive onehunseventyfive
onehunseventyfour onehunseventyfour
onehunseventythree onehunseventythree
onehunsixtyfive onehunsixtyfive
onehunsixtysix onehunsixtysix
onehunfiftynine onehunfiftynine
onehunsixty onehunsixty
onehunsixtyone onehunsixtyone
onehunfiftyfour onehunfiftyfour
onehuntwentyseven onehuntwentyseven
onehuntwentysix onehuntwentysix
onehuntwentyone onehuntwentyone
onehunthirteen onehunthirteen
onehunnineteen onehunnineteen
onehuneighteen onehuneighteen
onehuneleven onehuneleven
ninetynine ninetynine
ninetyeight ninetyeight
seventynine seventynine
seventyeight seventyeight
eightyfour eightyfour
eightythree eightythree
eightytwo eightytwo
seventyfive seventyfive
seventyseven seventyseven
seventyone seventyone
seventytwo seventytwo
sixtysix sixtysix
sixtyseven sixtyseven
sixtynine sixtynine
seventy seventy
sixtyfour sixtyfour
fiftyseven fiftyseven
fiftyeight fiftyeight
sixty sixty
fiftythree fiftythree
fiftyfive fiftyfive
fortynine fortynine
fortythree fortythree
fortyfour fortyfour
thirtyseven thirtyseven
thirtyeight thirtyeight
thirtythree thirtythree
thirtyfour thirtyfour
twentynine twentynine
twentythree twentythree
twentyfive twentyfive
twentysix twentysix
twentyseven twentyseven
twenty twenty
fifteen fifteen
sixteen sixteen
seventeen seventeen
ten ten
eleven eleven
twelve twelve
fourteen fourteen
seven seven
six six
