zero two zero four three ten seventeen twentyfour twentyfive thirtytwo thirtynine forty fortyseven fortyeight fiftyfive sixtytwo sixtythree fiftyseven sixtythree seventy seventyseven eightyfour seventyeight seventynine eighty eightyseven eightyeight ninetyfive eightyeight eightynine eightytwo eightyone eightytwo seventyfive seventysix seventyseven seventyone seventytwo sixtyfive sixtysix sixtyseven sixtyeight sixtyone sixty fiftythree fiftytwo fiftyone fifty fiftyone fortyfour fortyfive fortyfour fortythree thirtysix thirtyseven thirty thirtyone thirtytwo thirtythree thirtyfour thirtyfive twentynine twentytwo fifteen twentyone twenty twentyone fourteen thirteen twelve five six zero
51
zero zero
two two
four four
three three
ten ten
twentyfour twentyfour
twentyfive twentyfive
thirtynine thirtynine
fortyseven fortyseven
fortyeight fortyeight
fiftyfive fiftyfive
sixtytwo sixtytwo
fiftyseven fiftyseven
seventy seventy
seventyseven seventyseven
eightyfour eightyfour
seventyeight seventyeight
seventynine seventynine
eightyseven eightyseven
ninetyfive ninetyfive
eightyeight eightyeight
eightynine eightynine
eightytwo eightytwo
eightyone eightyone
seventyfive seventyfive
seventyone seventyone
sixtyfive sixtyfive
sixtysix sixtysix
sixtyseven sixtyseven
sixtyeight sixtyeight
sixtyone sixtyone
sixty sixty
fiftythree fiftythree
fifty fifty
fiftyone fiftyone
fortyfour fortyfour
fortyfive fortyfive
thirtysix thirtysix
thirtyseven thirtyseven
thirty thirty
thirtythree thirtythree
thirtyfour thirtyfour
thirtyfive thirtyfive
twentynine twentynine
twentytwo twentytwo
fifteen fifteen
twenty twenty
fourteen fourteen
twelve twelve
five five
six six
