zero three four eleven eighteen twentyfive thirtytwo thirtyone thirtyeight thirtyseven thirtyeight fortyfive fortysix fortyseven forty fortyone fortytwo thirtyfive thirtyfour thirtythree twentysix nineteen twenty twentyone fifteen sixteen nine eight fourteen thirteen twelve five six seven zero
26
zero zero
three three
eleven eleven
eighteen eighteen
twentyfive twentyfive
thirtytwo thirtytwo
thirtyone thirtyone
thirtyeight thirtyeight
thirtyseven thirtyseven
fortyfive fortyfive
fortysix fortysix
forty forty
fortytwo fortytwo
thirtyfive thirtyfive
thirtyfour thirtyfour
nineteen nineteen
twenty twenty
fifteen fifteen
sixteen sixteen
nine nine
fourteen fourteen
thirteen thirteen
twelve twelve
five five
six six
seven seven
