0 20 79 12 36 33 17 78 6 51 183 44 183 120 98 83 89 59 70 182 92 150 15 86 151 87 47 67 116 60 116 130 64 73 122 95 3 88 10 61 25 54 16 96 100 24 56 65 21 166 55 30 41 69 132 134 66 176 45 176 34 4 31 5 173 63 13 173 5 2 46 48 179 82 113 11 85 62 75 29 43 144 94 144 28 90 28 84 121 9 72 22 7 76 97 27 97 80 19 153 50 68 180 23 180 68 37 26 93 26 74 52 71 39 18 81 58 38 14 188 77 49 1 91 40 57 8 35 42 99 32 53 20 0
100
0 0
79 79
12 12
36 36
33 33
17 17
78 78
6 6
51 51
44 44
98 98
83 83
89 89
59 59
70 70
92 92
15 15
86 86
87 87
47 47
67 67
60 60
64 64
73 73
95 95
3 3
88 88
10 10
61 61
25 25
54 54
16 16
96 96
24 24
56 56
65 65
21 21
55 55
30 30
41 41
69 69
66 66
45 45
34 34
4 4
31 31
63 63
13 13
5 5
2 2
46 46
48 48
82 82
11 11
85 85
62 62
75 75
29 29
43 43
94 94
28 28
90 90
84 84
9 9
72 72
22 22
7 7
76 76
97 97
27 27
80 80
19 19
50 50
68 68
23 23
37 37
93 93
26 26
74 74
52 52
71 71
39 39
18 18
81 81
58 58
38 38
14 14
77 77
49 49
1 1
91 91
40 40
57 57
8 8
35 35
42 42
99 99
32 32
53 53
20 20
