0 3 117 193 117 192 117 191 140 104 139 104 18 109 45 95 100 120 100 121 100 122 100 123 100 97 89 61 36 125 101 124 101 126 101 127 101 128 101 129 101 130 101 68 33 105 141 105 146 105 145 105 144 105 143 105 21 103 134 103 135 103 136 103 137 103 116 188 116 189 116 190 116 112 172 112 173 112 174 112 176 112 177 112 175 154 106 147 106 152 106 148 106 149 106 151 8 91 118 195 118 196 118 194 108 115 186 115 187 115 108 156 108 157 108 159 108 160 108 158 153 106 150 142 164 109 161 109 162 109 163 109 165 109 166 109 167 109 180 114 185 114 184 114 183 114 182 114 181 114 65 104 138 178 113 78 110 168 110 169 110 170 110 78 113 179 113 12 132 102 133 102 131 102 2 107 155 107 4 90 171 119 199 119 198 119 197 119 55 92 117 3 0
81
0 0
193 193
192 192
191 191
140 140
139 139
120 120
121 121
122 122
123 123
125 125
124 124
126 126
127 127
128 128
129 129
130 130
141 141
146 146
145 145
144 144
143 143
134 134
135 135
136 136
137 137
188 188
189 189
190 190
172 172
173 173
174 174
176 176
177 177
175 175
154 154
147 147
152 152
148 148
149 149
151 151
195 195
196 196
194 194
186 186
187 187
156 156
157 157
159 159
160 160
158 158
153 153
150 150
142 142
164 164
161 161
162 162
163 163
165 165
166 166
167 167
180 180
185 185
184 184
183 183
182 182
181 181
138 138
178 178
168 168
169 169
170 170
179 179
132 132
133 133
131 131
155 155
171 171
199 199
198 198
197 197
