Bowles Birge Bechtel Minor Memorial TacoBell Memorial Maxwell Barrows Maxwell Memorial AlphaSigmaPhi Memorial Minor Bechtel Baker Daiso Baker Simons Baker Strada RoseGarden Strada Baker Bechtel Cory Extension Cory Bechtel Wilde StrawberryCreek Wolf Unit2 Milano IndianRock Milano Unit2 Greek Stebbins Safeway Stebbins Greek Moses RareTea Gypsys RareTea Moses Pimentel Stacks Sherman Stacks Pimentel Moses Wellman Sutardja Kah Gregoire Kresge Castro Kresge PeoplesPark Kresge Boalt VLSB Chez NorthGate Chez VLSB LeConte Campanile Wurster McCone Spats Stonefire PiLambda PiAlphaPhi PiLambda Stonefire Spats McCone Wurster Zellerbach Wurster Campanile Bongo Artichokes Cheeseboard Artichokes Bongo ShengKee Bongo Campanile LeConte RSF LeConte ALS LeConte Stanley Campbell Koshland Campbell Doe Campbell MemorialStadium Hargrove BearFoodCourt SigmaPhiOmega Evan Moffitt Cloyne Moffitt Evan Blackwell McLaughlin GenPlantBio McLaughlin Blackwell Evan Jacob Foothill Haviland Morgan Martinez Morgan Haviland Foothill Dwinelle HearstAnnex Lothlorien HearstAnnex Dwinelle Haas Crossroads Lawrence UCTheatre NCEM UCTheatre Lawrence Crossroads Haas Pavilion Haas Dwinelle Foothill Unit1 Foothill Davis Hildebrand YogurtPark Hildebrand Davis Browns Davis Foothill Jacob TopDog GammaPhiBeta TopDog Starbucks Chipotle MFoundry Chipotle Starbucks TopDog Fenwick Barker Fenwick TopDog Jacob Hertz CVStarr Unit3 CKerr WayWest CKerr Ridge CKerr Unit3 CVStarr Hertz Jacob Hearst MLK Rochdale MLK Latimer Edwards Easterly Edwards Latimer Mulford Crescent Mulford Bowles LaVals Bowles Calvin Graduate Calvin Etcheverry Calvin Bowles
81
Bowles Bowles
Birge Birge
TacoBell TacoBell
Maxwell Maxwell
Barrows Barrows
AlphaSigmaPhi AlphaSigmaPhi
Baker Baker
Daiso Daiso
Simons Simons
Strada Strada
RoseGarden RoseGarden
Extension Extension
Wilde Wilde
StrawberryCreek StrawberryCreek
Wolf Wolf
Unit2 Unit2
IndianRock IndianRock
Greek Greek
Safeway Safeway
Gypsys Gypsys
Stacks Stacks
Sherman Sherman
Moses Moses
Wellman Wellman
Sutardja Sutardja
Castro Castro
PeoplesPark PeoplesPark
Kresge Kresge
Boalt Boalt
VLSB VLSB
NorthGate NorthGate
PiAlphaPhi PiAlphaPhi
PiLambda PiLambda
Spats Spats
Zellerbach Zellerbach
Wurster Wurster
Cheeseboard Cheeseboard
ShengKee ShengKee
Bongo Bongo
Campanile Campanile
RSF RSF
ALS ALS
Koshland Koshland
Doe Doe
Campbell Campbell
BearFoodCourt BearFoodCourt
Cloyne Cloyne
GenPlantBio GenPlantBio
Blackwell Blackwell
Evan Evan
Martinez Martinez
Morgan Morgan
Lothlorien Lothlorien
HearstAnnex HearstAnnex
NCEM NCEM
UCTheatre UCTheatre
Crossroads Crossroads
Pavilion Pavilion
Haas Haas
Unit1 Unit1
YogurtPark YogurtPark
Hildebrand Hildebrand
Browns Browns
Foothill Foothill
GammaPhiBeta GammaPhiBeta
Chipotle Chipotle
MFoundry MFoundry
Barker Barker
Unit3 Unit3
CKerr CKerr
WayWest WayWest
Ridge Ridge
Rochdale Rochdale
Easterly Easterly
Edwards Edwards
Crescent Crescent
Mulford Mulford
LaVals LaVals
Graduate Graduate
Etcheverry Etcheverry
Calvin Calvin
