Wheeler Evans Morrison Hertz Kroeber Wurster Boalt Wurster Kroeber Lewis Greek Bechtel Jacobs Cory Greek Morrison Evans Latimer Stanley Foothill Stanley Latimer Etcheverry VLSB Moffitt Soda Sather OCF Sather Barker Sather Martinez Sather Unit3 Sather Soda Cheit Normandy Kresge Davis Hearst Cafe3 Cloyne WayWest Warren WayWest Ippuku Metropolitan Ippuku WayWest GBC Anthony HearstAnnex Stephens Moses Stephens South McLaughlin Memorial IHouse Memorial Minor Maxwell MemorialStadium Hargrove MemorialStadium Maxwell Minor Haas Faculty FSM Baker CZ Fiji CZ Baker McCone CKerr McCone BigC Pavilion PeoplePark Pavilion Simons Koja TriDelta Koja Legends Koja LaNote Unit2 LaNote Simons Pavilion BigC McCone Baker FSM Faculty Haas Stonefire Koshland RSF Koshland Haviland Campbell Birge LeConte Dwinelle Wheeler Sproul Wheeler
36
Kroeber Kroeber
Boalt Boalt
Bechtel Bechtel
Jacobs Jacobs
Morrison Morrison
Foothill Foothill
Etcheverry Etcheverry
Moffitt Moffitt
OCF OCF
Barker Barker
Martinez Martinez
Unit3 Unit3
Cheit Cheit
Davis Davis
Hearst Hearst
Cloyne Cloyne
Warren Warren
Metropolitan Metropolitan
Anthony Anthony
Moses Moses
McLaughlin McLaughlin
IHouse IHouse
Hargrove Hargrove
Haas Haas
Baker Baker
Fiji Fiji
CKerr CKerr
PeoplePark PeoplePark
TriDelta TriDelta
Legends Legends
Unit2 Unit2
Stonefire Stonefire
RSF RSF
Birge Birge
Dwinelle Dwinelle
Sproul Sproul
