0 11 55 11 58 11 96 4 63 4 14 4 87 4 49 4 3 54 75 28 75 18 75 29 3 51 3 56 35 64 72 64 7 64 89 1 89 26 89 53 31 25 24 25 59 25 31 57 21 57 0 13 17 80 66 80 17 68 44 70 65 5 42 5 22 77 17 20 43 20 10 83 10 99 10 81 82 81 62 12 98 85 90 86 0 100 107 151 107 153 107 152 107 100 106 149 106 142 106 144 106 147 106 145 106 146 106 100 105 138 105 100 104 136 104 100 103 127 103 130 103 128 103 100 102 121 102 123 102 118 102 124 102 100 101 111 178 111 177 111 101 110 175 110 173 110 171 110 172 110 169 110 168 110 101 115 194 115 196 115 101 112 179 112 180 112 182 112 101 109 167 109 101 116 198 116 101 117 101 113 188 113 189 113 101 108 158 108 160 108 156 108 154 108 101 100 0
101
0 0
55 55
58 58
96 96
4 4
63 63
14 14
87 87
49 49
54 54
28 28
18 18
75 75
29 29
51 51
56 56
35 35
72 72
7 7
1 1
26 26
89 89
53 53
31 31
25 25
24 24
59 59
57 57
21 21
13 13
66 66
17 17
68 68
44 44
70 70
65 65
5 5
42 42
22 22
77 77
20 20
43 43
10 10
83 83
99 99
81 81
82 82
62 62
98 98
85 85
90 90
86 86
151 151
153 153
152 152
149 149
142 142
144 144
147 147
145 145
146 146
106 106
100 100
105 105
138 138
136 136
104 104
127 127
130 130
128 128
121 121
123 123
118 118
124 124
102 102
178 178
177 177
175 175
173 173
171 171
172 172
169 169
168 168
194 194
196 196
179 179
180 180
182 182
112 112
167 167
109 109
198 198
117 117
188 188
189 189
113 113
101 101
158 158
160 160
156 156
154 154
