3 87 48 100 55 85 93 88 61 25 61 88 93 85 55 68 83 63 69 96 69 46 64 71 64 75 11 70 38 90 97 76 54 94 35 98 99 1 79 6 18 8 18 9 69 14 77 12 78 17 10 7 82 19 4 21 3 23 18 15 84 45 84 31 86 24 2 40 2 27 80 29 80 33 69 32 82 41 83 58 83 22 48 49 48 50 34 52 91 43 13 42 79 36 89 56 89 53 80 73 80 57 97 60 26 66 4 67 3
51
3 3
87 87
100 100
25 25
68 68
63 63
96 96
46 46
71 71
75 75
70 70
90 90
76 76
94 94
98 98
1 1
6 6
8 8
9 9
14 14
12 12
17 17
7 7
19 19
21 21
23 23
15 15
45 45
31 31
24 24
40 40
27 27
29 29
33 33
32 32
41 41
58 58
22 22
49 49
50 50
52 52
43 43
42 42
36 36
56 56
53 53
73 73
57 57
60 60
66 66
67 67
