1 86 26 27 50 136 41 47 44 37 42 34 13 16 3 106 83 101 77 92 127 126 110 131 140 139 133 138 116 151 129 111 21 31 49 20 6 99 103 61 162 150 144 143 159 130 87 8 2 95 75 36 88 124 161 102 177 97 9 198 200 165 174 167 189 193 169 141 184 171 176 182 156 157 137 164 89 84 81 82 10 51 57 55 35 85 53 60 74 33 59 69 80 68 70 56 58 1
97
1 1
86 86
26 26
27 27
50 50
136 136
41 41
47 47
44 44
37 37
42 42
34 34
13 13
16 16
3 3
106 106
83 83
101 101
77 77
92 92
127 127
126 126
110 110
131 131
140 140
139 139
133 133
138 138
116 116
151 151
129 129
111 111
21 21
31 31
49 49
20 20
6 6
99 99
103 103
61 61
162 162
150 150
144 144
143 143
159 159
130 130
87 87
8 8
2 2
95 95
75 75
36 36
88 88
124 124
161 161
102 102
177 177
97 97
9 9
198 198
200 200
165 165
174 174
167 167
189 189
193 193
169 169
141 141
184 184
171 171
176 176
182 182
156 156
157 157
137 137
164 164
89 89
84 84
81 81
82 82
10 10
51 51
57 57
55 55
35 35
85 85
53 53
60 60
74 74
33 33
59 59
69 69
80 80
68 68
70 70
56 56
58 58
