31 74 42 77 127 52 46 167 196 175 168 188 164 173 198 170 184 195 169 171 197 191 180 179 199 186 137 12 120 33 105 29 89 57 34 20 141 119 131 13 81 115 14 66 117 123 106 27 103 22 86 68 7 160 67 49 78 147 93 108 4 138 134 32 58 6 30 38 151 125 35 64 69 60 110 148 83 90 143 80 28 9 88 152 82 149 94 45 21 156 99 140 121 47 114 48 65 128 146 112 107 31
100
74 74
42 42
77 77
127 127
52 52
46 46
167 167
196 196
175 175
168 168
188 188
164 164
173 173
198 198
170 170
184 184
195 195
169 169
171 171
197 197
191 191
180 180
179 179
199 199
186 186
137 137
12 12
120 120
33 33
105 105
29 29
89 89
57 57
34 34
20 20
141 141
119 119
131 131
13 13
81 81
115 115
14 14
66 66
117 117
123 123
106 106
27 27
103 103
22 22
86 86
68 68
7 7
160 160
67 67
49 49
78 78
147 147
93 93
108 108
4 4
138 138
134 134
32 32
58 58
6 6
30 30
38 38
151 151
125 125
35 35
64 64
69 69
60 60
110 110
148 148
83 83
90 90
143 143
80 80
28 28
9 9
88 88
152 152
82 82
149 149
94 94
45 45
21 21
156 156
99 99
140 140
121 121
47 47
114 114
48 48
65 65
128 128
146 146
112 112
107 107
