5 33 68 155 68 17 36 82 179 82 36 40 92 22 58 86 109 130 109 86 41 19 169 19 69 145 69 19 20 54 96 59 127 59 101 111 101 104 101 59 76 59 118 126 118 59 45 152 45 37 44 106 44 11 113 11 85 11 27 53 123 131 140 131 123 53 87 57 55 17 12 150 191 150 12 18 178 18 12 25 43 183 43 61 16 7 35 7 77 9 10 160 10 15 163 15 10 28 39 88 168 88 39 31 3 0 51 0 1 95 121 95 8 21 1 70 105 70 1 177 1 26 80 52 143 144 176 180 194 180 176 144 143 52 56 102 56 73 32 50 32 91 90 23 103 23 14 63 14 196 14 5
52
155 155
68 68
179 179
92 92
58 58
130 130
109 109
169 169
145 145
54 54
96 96
127 127
101 101
111 111
104 104
76 76
126 126
152 152
45 45
106 106
113 113
85 85
27 27
140 140
57 57
191 191
178 178
183 183
35 35
77 77
9 9
160 160
163 163
168 168
31 31
51 51
121 121
21 21
105 105
177 177
80 80
176 176
180 180
194 194
102 102
50 50
32 32
91 91
23 23
103 103
63 63
196 196
