149 24 63 60 19 41 30 62 50 67 95 91 82 77 98 15 86 27 93 94 31 53 78 17 35 8 84 47 55 38 22 1 83 34 21 85 32 92 70 81 39 87 54 88 46 9 61 71 73 58 12 65 40 3 26 49 52 13 56 90 10 89 5 25 6 11 7 64 66 33 28 43 29 79 23 99 74 51 44 37 18 20 80 45 2 36 42 69 72 57 97 48 4 16 96 76 100 59 75 68 14 149
101
149 149
24 24
63 63
60 60
19 19
41 41
30 30
62 62
50 50
67 67
95 95
91 91
82 82
77 77
98 98
15 15
86 86
27 27
93 93
94 94
31 31
53 53
78 78
17 17
35 35
8 8
84 84
47 47
55 55
38 38
22 22
1 1
83 83
34 34
21 21
85 85
32 32
92 92
70 70
81 81
39 39
87 87
54 54
88 88
46 46
9 9
61 61
71 71
73 73
58 58
12 12
65 65
40 40
3 3
26 26
49 49
52 52
13 13
56 56
90 90
10 10
89 89
5 5
25 25
6 6
11 11
7 7
64 64
66 66
33 33
28 28
43 43
29 29
79 79
23 23
99 99
74 74
51 51
44 44
37 37
18 18
20 20
80 80
45 45
2 2
36 36
42 42
69 69
72 72
57 57
97 97
48 48
4 4
16 16
96 96
76 76
100 100
59 59
75 75
68 68
14 14
