xse rsg dkp nsw ymw jfh miy ils hcr kxn fin dgl adx vlb mok vlb fgp xjt ceo tlh ksg rir qbf wiy emz vmt uuw nwn vvn mti bnl agh nry cun nhi vzr jgt fyc gzr nko fbk vmv fjy kpp xeh aeg vtd hmi rjv idv ukv nii tdu tso cma ljd gex pjf wyg ocp nmf fia lvm nvz qkp yug qkp qdw zkt qxs ruo byu ptu ttw bda svk uau krr bod ogh tko qjf uwo fhv khu ikb pvs aii wbg hpx qwk bdh rtc txq lrj nfr lwk fzi xme vwg nwc qzf zdb loj ckx gbd zud phg jam ybr uok cek kfu aeu cen ego weo xse
100
xse xse
rsg rsg
nsw nsw
jfh jfh
miy miy
ils ils
hcr hcr
kxn kxn
fin fin
dgl dgl
adx adx
mok mok
fgp fgp
xjt xjt
tlh tlh
ksg ksg
qbf qbf
wiy wiy
emz emz
vmt vmt
uuw uuw
vvn vvn
mti mti
bnl bnl
nry nry
cun cun
nhi nhi
vzr vzr
jgt jgt
fyc fyc
nko nko
fbk fbk
vmv vmv
fjy fjy
kpp kpp
xeh xeh
aeg aeg
vtd vtd
hmi hmi
rjv rjv
idv idv
ukv ukv
nii nii
tdu tdu
tso tso
cma cma
ljd ljd
gex gex
pjf pjf
wyg wyg
ocp ocp
nmf nmf
fia fia
lvm lvm
nvz nvz
yug yug
qdw qdw
zkt zkt
qxs qxs
ruo ruo
byu byu
ptu ptu
ttw ttw
bda bda
svk svk
uau uau
krr krr
bod bod
ogh ogh
tko tko
qjf qjf
uwo uwo
fhv fhv
khu khu
ikb ikb
pvs pvs
aii aii
wbg wbg
hpx hpx
bdh bdh
rtc rtc
txq txq
lrj lrj
nfr nfr
lwk lwk
fzi fzi
xme xme
vwg vwg
nwc nwc
zdb zdb
loj loj
ckx ckx
zud zud
phg phg
jam jam
ybr ybr
uok uok
kfu kfu
cen cen
ego ego
