Encanto Sherman Beach Ramona Vista McAuley Glencoe Presidio Clayton Two Alpaugh Ames City Moccasin Cabbage Warner Quail Santa Delta Vernon Green Shafter Mount Smoke Costa Laguna Woffard Jane Los Riverside Homestead Garden Foothills Willow Woodbridge Welden Yurok Granite Elmira Cypress Forest Pumpkin Kentfield Cherokee Bonita Richvale Kern Banning Chinese All Encanto
50
Encanto Encanto
Sherman Sherman
Beach Beach
Ramona Ramona
Vista Vista
McAuley McAuley
Glencoe Glencoe
Presidio Presidio
Clayton Clayton
Two Two
Alpaugh Alpaugh
Ames Ames
City City
Moccasin Moccasin
Cabbage Cabbage
Warner Warner
Quail Quail
Santa Santa
Delta Delta
Vernon Vernon
Green Green
Shafter Shafter
Mount Mount
Smoke Smoke
Costa Costa
Laguna Laguna
Woffard Woffard
Jane Jane
Los Los
Riverside Riverside
Homestead Homestead
Garden Garden
Foothills Foothills
Willow Willow
Woodbridge Woodbridge
Welden Welden
Yurok Yurok
Granite Granite
Elmira Elmira
Cypress Cypress
Forest Forest
Pumpkin Pumpkin
Kentfield Kentfield
Cherokee Cherokee
Bonita Bonita
Richvale Richvale
Kern Kern
Banning Banning
Chinese Chinese
All All
