Ippudo Platano Gypsys EastAsianLibrary LittleCampanile EastAsianLibrary Campbell MemorialGlade Campbell Eureka Ikes Gongcha Ikes BetaLounge NatApartment Rachas SutardjaDai BerkeleyThaiHouse Safeway Barrows BerkeleyBart HappyLemon BerkeleyBart SproulHall BerkeleyBart BigC TenderGreens BigC BerkeleyBart LaBurrita Unit3 NoodleGirl Teazone NoodleGirl Wikiwiki Underhill SteamTrains KroeberHall SteamTrains JambaJuice Doe ThaiNoodle Cafe3 LeConte Campanile ChezPanisse Campanile LeConte AmoebaMusic SnackShack Artichokes LowerSproul Shengkee HortonHall Cinnaholic Slivers Cinnaholic TripleRock DollarTree ClarkKerr BSC TukTukThai Venus TukTukThai DavisHall NorthHall Yifang Chipotle Wheeler GSPP EastBaySpiceCompany HesseHall Kips Muraccis Kips HesseHall ThaiBasil BrandyMelville FireTrails MulfordHall FireTrails TheHabit Homeroom PokeBar Plentea ClarkKerr Stern BerkeleyHigh Toss LaNote ExtremePizza LaNote TacoBell LaNote Toss BerkeleyHigh TraderJoes YogurtPark OptometryBuilding YogurtPark GreatChina SatherGate GreatChina YogurtPark LaVals Target LaVals YogurtPark Ucha SouthHall Crossroads LiKaShing BanshoRamen Raretea InternationalHouse BobbyGPizza ImmThai BobbyGPizza Marugame Gadani HalalGuys LittleBird FoxTheater GrizzlyPeak UdupiPalace HavilandHall Bonchon HavilandHall Fengcha Ikes SweetheartCafe PeoplesCafe PurpleKow Flavia SmokesPoutinerie TheDwight SmokesPoutinerie LewisHall SmokesPoutinerie Flavia AndrewsApartment UrbanOutfitters Cornerstone UrbanOutfitters AndrewsApartment Flavia UCafe Flavia HearstGym WursterHall Spats Gather Tilden LatimerHall Jupiter Morganhall Jupiter TopDog Firewings Quicklys BerkeleyArtStudio SaturnCafe BerkeleyArtStudio Mezzo GiauqueHall Ikea Milkbomb Blackwell SuperDuperBurgers Pappys HearstAnnex McDonalds Morrisonhall McDonalds HearstAnnex Bowles AshaTeaHouse Bowles Namaste StrawberryCreek TennisCourts BobaNinja TennisCourts BancroftLibrary Cheeseboard BancroftLibrary TennisCourts TPTea HildebrandHall Soda Platano Ippudo
101
Ippudo Ippudo
Platano Platano
Gypsys Gypsys
EastAsianLibrary EastAsianLibrary
LittleCampanile LittleCampanile
MemorialGlade MemorialGlade
Eureka Eureka
Ikes Ikes
Gongcha Gongcha
BetaLounge BetaLounge
Rachas Rachas
Safeway Safeway
HappyLemon HappyLemon
SproulHall SproulHall
BigC BigC
TenderGreens TenderGreens
LaBurrita LaBurrita
Teazone Teazone
Wikiwiki Wikiwiki
Underhill Underhill
KroeberHall KroeberHall
JambaJuice JambaJuice
ThaiNoodle ThaiNoodle
Cafe3 Cafe3
ChezPanisse ChezPanisse
AmoebaMusic AmoebaMusic
SnackShack SnackShack
Artichokes Artichokes
LowerSproul LowerSproul
Shengkee Shengkee
HortonHall HortonHall
Slivers Slivers
TripleRock TripleRock
ClarkKerr ClarkKerr
BSC BSC
TukTukThai TukTukThai
Venus Venus
NorthHall NorthHall
Yifang Yifang
Chipotle Chipotle
Wheeler Wheeler
EastBaySpiceCompany EastBaySpiceCompany
Kips Kips
Muraccis Muraccis
ThaiBasil ThaiBasil
MulfordHall MulfordHall
TheHabit TheHabit
Homeroom Homeroom
PokeBar PokeBar
Plentea Plentea
ExtremePizza ExtremePizza
TacoBell TacoBell
LaNote LaNote
TraderJoes TraderJoes
OptometryBuilding OptometryBuilding
GreatChina GreatChina
SatherGate SatherGate
Target Target
Ucha Ucha
Crossroads Crossroads
BanshoRamen BanshoRamen
Raretea Raretea
ImmThai ImmThai
Marugame Marugame
Gadani Gadani
HalalGuys HalalGuys
GrizzlyPeak GrizzlyPeak
Bonchon Bonchon
Fengcha Fengcha
SweetheartCafe SweetheartCafe
PeoplesCafe PeoplesCafe
TheDwight TheDwight
LewisHall LewisHall
SmokesPoutinerie SmokesPoutinerie
Cornerstone Cornerstone
UrbanOutfitters UrbanOutfitters
AndrewsApartment AndrewsApartment
UCafe UCafe
WursterHall WursterHall
Spats Spats
Gather Gather
LatimerHall LatimerHall
Morganhall Morganhall
Jupiter Jupiter
TopDog TopDog
Firewings Firewings
Quicklys Quicklys
SaturnCafe SaturnCafe
BerkeleyArtStudio BerkeleyArtStudio
Mezzo Mezzo
Milkbomb Milkbomb
SuperDuperBurgers SuperDuperBurgers
Pappys Pappys
McDonalds McDonalds
Morrisonhall Morrisonhall
AshaTeaHouse AshaTeaHouse
Namaste Namaste
StrawberryCreek StrawberryCreek
BobaNinja BobaNinja
Cheeseboard Cheeseboard
TPTea TPTea
