L YouLL L some L but L staR L doNt as doNt To doNt start doNt bundled doNt gAme Somebody gAme away gAme Hey gAme smart gAme re years re shine re GeT re roll re hole shooting hole game hole get hole cool it cool COuld cool of cool glow use glow your glow skate glow L
26
L L
YouLL YouLL
some some
but but
staR staR
as as
To To
start start
bundled bundled
Somebody Somebody
away away
Hey Hey
smart smart
years years
shine shine
GeT GeT
roll roll
shooting shooting
game game
get get
it it
COuld COuld
of of
use use
your your
skate skate
