ROck AND you YouLL you roll you brain you bored the bored THat bored tool plAy Live Didnt Live up For up tHat up way up might up But like But wait But they running they sense they t they get they COuld gEts COuld wrong COuld gas thin myself dumb glitters dumb coming shootinG coming geTS coming On coming shape coming aLl yep about yep of yep use yep Well yep I with I men water men break men if play You dONt You Only You GeT You need You play see play Fed play ground play all play if thumb if ice if shoW if gliTTers if men skate men meteor men I head I rules I GO I yep aLl forehead aLl differ aLl runningj aLl stAr aLl coming dumb OnLY dumb Star dumb this dumb myself Hey myself staR myself know myself well myself thin To thin uSe thin live thin back thin gas said gas gold gas re gas shine gas COuld now COuld me COuld they But stop But told But up Live noW Live youre Live sharpest Live plAy her plAy strEEts plAy And plAy fRom plAy tool OnLy tool coNcept tool So tool years tool bored mYself bored YoULL bored you in you AND getting AND U AND Didn AND bundled AND ROck MOld ROck cool ROck Know ROck maKe ROck little Your little GEt little doNt little till satellite till gOld till HEY till YOURE till little Judging little ROck
101
ROck ROck
YouLL YouLL
roll roll
brain brain
the the
THat THat
Didnt Didnt
For For
tHat tHat
way way
might might
like like
wait wait
running running
sense sense
t t
get get
gEts gEts
wrong wrong
glitters glitters
shootinG shootinG
geTS geTS
On On
shape shape
about about
of of
use use
Well Well
with with
water water
break break
dONt dONt
Only Only
GeT GeT
need need
see see
Fed Fed
ground ground
all all
thumb thumb
ice ice
shoW shoW
gliTTers gliTTers
skate skate
meteor meteor
head head
rules rules
GO GO
forehead forehead
differ differ
runningj runningj
stAr stAr
OnLY OnLY
Star Star
this this
Hey Hey
staR staR
know know
well well
To To
uSe uSe
live live
back back
said said
gold gold
re re
shine shine
now now
me me
stop stop
told told
noW noW
youre youre
sharpest sharpest
her her
strEEts strEEts
And And
fRom fRom
OnLy OnLy
coNcept coNcept
So So
years years
mYself mYself
YoULL YoULL
in in
getting getting
U U
Didn Didn
bundled bundled
MOld MOld
cool cool
Know Know
maKe maKe
Your Your
GEt GEt
doNt doNt
satellite satellite
gOld gOld
HEY HEY
YOURE YOURE
Judging Judging
