Aberdeen SanAntonio Redding SaltLakeCity Chattanooga Lowell Hampton Newburgh Hampton Tuscaloosa Winston Austin Gainesville Lewisville StPetersburg Henderson WestValleyCity Columbia GreenBay McAllen Marina McAllen Miramar Hartford SanBernardino Modesto Frederick SouthLyon Montgomery Racine Elkhart Pensacola Hampton Reno Springdale Reno Aberdeen
26
Aberdeen Aberdeen
SanAntonio SanAntonio
SaltLakeCity SaltLakeCity
Chattanooga Chattanooga
Lowell Lowell
Newburgh Newburgh
Hampton Hampton
Tuscaloosa Tuscaloosa
Winston Winston
Austin Austin
Gainesville Gainesville
Lewisville Lewisville
StPetersburg StPetersburg
Henderson Henderson
WestValleyCity WestValleyCity
GreenBay GreenBay
Marina Marina
Miramar Miramar
SanBernardino SanBernardino
Modesto Modesto
SouthLyon SouthLyon
Montgomery Montgomery
Racine Racine
Pensacola Pensacola
Reno Reno
Springdale Springdale
