Hayward Asheville Durham Bloomington Durham Deltona Bryan Barnstable Kennewick NewYorkCity York NewBedford York BelAir Monroe BelAir Milwaukee SantaCruz Montgomery ThousandOaks Montgomery Topeka Omaha PuntaGorda SaintPaul Bradenton Tucson PalmBay Tucson Aurora Bakersfield Aurora Tucson Washington LakeCharles Washington Wilmington Winston Murrieta Tampa Murrieta Winston Memphis Winston Hickory Tyler Hickory HuntingtonBeach Hickory Charlotte RichmondCounty Hampton Modesto Corona Waco Harlingen SaintLouis Downey Abilene GrandRapids Abilene Atlanta Danbury Burbank Chicago Burbank Huntsville KansasCity McAllen KansasCity Huntsville Yonkers Waterloo Springdale McHenry Torrance McHenry Newark McHenry Asheville CedarRapids Hayward SantaClara Hayward
51
Hayward Hayward
Asheville Asheville
Bloomington Bloomington
Durham Durham
Deltona Deltona
Barnstable Barnstable
Kennewick Kennewick
NewYorkCity NewYorkCity
NewBedford NewBedford
York York
Monroe Monroe
BelAir BelAir
SantaCruz SantaCruz
ThousandOaks ThousandOaks
Topeka Topeka
Omaha Omaha
PuntaGorda PuntaGorda
SaintPaul SaintPaul
Bradenton Bradenton
PalmBay PalmBay
Aurora Aurora
Bakersfield Bakersfield
Tucson Tucson
LakeCharles LakeCharles
Tampa Tampa
Memphis Memphis
Hickory Hickory
Tyler Tyler
HuntingtonBeach HuntingtonBeach
Charlotte Charlotte
RichmondCounty RichmondCounty
Hampton Hampton
Modesto Modesto
Waco Waco
Harlingen Harlingen
Downey Downey
GrandRapids GrandRapids
Atlanta Atlanta
Danbury Danbury
Chicago Chicago
Burbank Burbank
Huntsville Huntsville
McAllen McAllen
Yonkers Yonkers
Waterloo Waterloo
Springdale Springdale
Torrance Torrance
Newark Newark
McHenry McHenry
CedarRapids CedarRapids
SantaClara SantaClara
