IvOdahrtFwzZ WUqhotrexTBp JpwDMOwQmqOp yHOsEGOhjOLt cQFNlImsTWTM wXjNgGRCXYRl ybLCwZqVZKud UGahWpWtmUQn QDhUZstsJKtV xXoCKkdkKAne nyTRNDRCsANl lRgeGnDJBtMa NMSHhfMtAJZb WWtfhwMSzfGW HVwGkspnDHbf JNoAmCxHcsYw QZQElPdcHxru gJMLzBkWmUoV cpNycWVdmzHJ mZUBOQTZyXOM vkOqMvrCUWYf ppfBOAvWYXyJ YvLRANdegrdA qxhFFIUEfnzV quZcTYtpBjSn touUfboeiIya ctZWqndwhbJm mvdksSctoMVi AoaIXEzdsCrm QFfSmYtuSTPl GvyjKkGcUdcI pjemGRILnFei TTwdgXpOLyxF TglqUXfjbefC sFSBpaJxLpBT TZmWJenJbEsV ZPYnROAizafx wHeDieHMYzAK oKIKkmsSWzmH nxbMBCPhfQij yFQWQWtUUMle lznMKRYSMheH XwPJYwaGcHxO uzYTzVwixczQ qFGlIHDqKyPA mgKEFEWheOqk yVSfaizVeLPT KtoZVrQmJWki zCWezcJmUGqs LNoKVqXhLEzn AhJBAeSEuUkL aXlcDzbXwAJW FkNlSGMBOUbz PKHkuTHeRXhO WRiugWLCujBI zcAOlsVDUDkc qlMzHEurfTvO WHSGrQQrrotE WnABnktZDxMx evRMhyiHKGXv gXcuqckdTdIP WsLfQLsirtHk fiHhqLtPfdZy aSpDrTbKBytW oOIjuHJcVRiV nlzJUuBrsbXD cRekprdsHHWw tARvBeqQDqSY HEwqlaeMfSzl IQvKLYGCcCbd fblrDraNAUxK RQBxIsRWzmfl ocysUjOwnenm gkTmCiZxFrJw ubtvaUeVUfmV zypYDSZfKAvD IcNVObbuvzWY hLCSOZLNEdhX YGzazHdyrGCd RGYiIUdVAiVL sTgUExIipvWV PFpQuVVRxbvV UYTxhnOtiPHB zOkfhFVfOKVi AQgpWBullbIi EwXugPkGUVkm DiKlonktcqTP OIjApACwnyqG QxNjgiXciQma ypApeqMQPnQA nschEYWjrAsr EKWhDcEeEkGK dXlgwkdKhUmB EOKLHvbbCToE NxxrxPgsnMqG hPSXtHMMyKAK IfTQNEFsiTgr jXgKDXnEJsra SKbQkQUhqQEt jXOmYlZmvqnI nKmMbiEuiffc IvOdahrtFwzZ
101
IvOdahrtFwzZ IvOdahrtFwzZ
WUqhotrexTBp WUqhotrexTBp
JpwDMOwQmqOp JpwDMOwQmqOp
yHOsEGOhjOLt yHOsEGOhjOLt
cQFNlImsTWTM cQFNlImsTWTM
wXjNgGRCXYRl wXjNgGRCXYRl
ybLCwZqVZKud ybLCwZqVZKud
UGahWpWtmUQn UGahWpWtmUQn
QDhUZstsJKtV QDhUZstsJKtV
xXoCKkdkKAne xXoCKkdkKAne
nyTRNDRCsANl nyTRNDRCsANl
lRgeGnDJBtMa lRgeGnDJBtMa
NMSHhfMtAJZb NMSHhfMtAJZb
WWtfhwMSzfGW WWtfhwMSzfGW
HVwGkspnDHbf HVwGkspnDHbf
JNoAmCxHcsYw JNoAmCxHcsYw
QZQElPdcHxru QZQElPdcHxru
gJMLzBkWmUoV gJMLzBkWmUoV
cpNycWVdmzHJ cpNycWVdmzHJ
mZUBOQTZyXOM mZUBOQTZyXOM
vkOqMvrCUWYf vkOqMvrCUWYf
ppfBOAvWYXyJ ppfBOAvWYXyJ
YvLRANdegrdA YvLRANdegrdA
qxhFFIUEfnzV qxhFFIUEfnzV
quZcTYtpBjSn quZcTYtpBjSn
touUfboeiIya touUfboeiIya
ctZWqndwhbJm ctZWqndwhbJm
mvdksSctoMVi mvdksSctoMVi
AoaIXEzdsCrm AoaIXEzdsCrm
QFfSmYtuSTPl QFfSmYtuSTPl
GvyjKkGcUdcI GvyjKkGcUdcI
pjemGRILnFei pjemGRILnFei
TTwdgXpOLyxF TTwdgXpOLyxF
TglqUXfjbefC TglqUXfjbefC
sFSBpaJxLpBT sFSBpaJxLpBT
TZmWJenJbEsV TZmWJenJbEsV
ZPYnROAizafx ZPYnROAizafx
wHeDieHMYzAK wHeDieHMYzAK
oKIKkmsSWzmH oKIKkmsSWzmH
nxbMBCPhfQij nxbMBCPhfQij
yFQWQWtUUMle yFQWQWtUUMle
lznMKRYSMheH lznMKRYSMheH
XwPJYwaGcHxO XwPJYwaGcHxO
uzYTzVwixczQ uzYTzVwixczQ
qFGlIHDqKyPA qFGlIHDqKyPA
mgKEFEWheOqk mgKEFEWheOqk
yVSfaizVeLPT yVSfaizVeLPT
KtoZVrQmJWki KtoZVrQmJWki
zCWezcJmUGqs zCWezcJmUGqs
LNoKVqXhLEzn LNoKVqXhLEzn
AhJBAeSEuUkL AhJBAeSEuUkL
aXlcDzbXwAJW aXlcDzbXwAJW
FkNlSGMBOUbz FkNlSGMBOUbz
PKHkuTHeRXhO PKHkuTHeRXhO
WRiugWLCujBI WRiugWLCujBI
zcAOlsVDUDkc zcAOlsVDUDkc
qlMzHEurfTvO qlMzHEurfTvO
WHSGrQQrrotE WHSGrQQrrotE
WnABnktZDxMx WnABnktZDxMx
evRMhyiHKGXv evRMhyiHKGXv
gXcuqckdTdIP gXcuqckdTdIP
WsLfQLsirtHk WsLfQLsirtHk
fiHhqLtPfdZy fiHhqLtPfdZy
aSpDrTbKBytW aSpDrTbKBytW
oOIjuHJcVRiV oOIjuHJcVRiV
nlzJUuBrsbXD nlzJUuBrsbXD
cRekprdsHHWw cRekprdsHHWw
tARvBeqQDqSY tARvBeqQDqSY
HEwqlaeMfSzl HEwqlaeMfSzl
IQvKLYGCcCbd IQvKLYGCcCbd
fblrDraNAUxK fblrDraNAUxK
RQBxIsRWzmfl RQBxIsRWzmfl
ocysUjOwnenm ocysUjOwnenm
gkTmCiZxFrJw gkTmCiZxFrJw
ubtvaUeVUfmV ubtvaUeVUfmV
zypYDSZfKAvD zypYDSZfKAvD
IcNVObbuvzWY IcNVObbuvzWY
hLCSOZLNEdhX hLCSOZLNEdhX
YGzazHdyrGCd YGzazHdyrGCd
RGYiIUdVAiVL RGYiIUdVAiVL
sTgUExIipvWV sTgUExIipvWV
PFpQuVVRxbvV PFpQuVVRxbvV
UYTxhnOtiPHB UYTxhnOtiPHB
zOkfhFVfOKVi zOkfhFVfOKVi
AQgpWBullbIi AQgpWBullbIi
EwXugPkGUVkm EwXugPkGUVkm
DiKlonktcqTP DiKlonktcqTP
OIjApACwnyqG OIjApACwnyqG
QxNjgiXciQma QxNjgiXciQma
ypApeqMQPnQA ypApeqMQPnQA
nschEYWjrAsr nschEYWjrAsr
EKWhDcEeEkGK EKWhDcEeEkGK
dXlgwkdKhUmB dXlgwkdKhUmB
EOKLHvbbCToE EOKLHvbbCToE
NxxrxPgsnMqG NxxrxPgsnMqG
hPSXtHMMyKAK hPSXtHMMyKAK
IfTQNEFsiTgr IfTQNEFsiTgr
jXgKDXnEJsra jXgKDXnEJsra
SKbQkQUhqQEt SKbQkQUhqQEt
jXOmYlZmvqnI jXOmYlZmvqnI
nKmMbiEuiffc nKmMbiEuiffc
