MfdzFvsdGbvl BbyhqvohDUZK rrRAqFcoDYfk pQCFwcmaYfTN noaMakAlHdwq plKUVNXwKfVb dFUHctNjrywb MLnLJmQHwuOS PUcvIgREsriS QHpWWcCYavdw EoEdLMroSPNp dDFWxTbuPymh PQTqeEtJjrHq IHnRSACwPeSd hLGIbMiwjPgd PnbamVANEguC buqjmAINqGzN mFYKjQfCsRtT MkUBuIisCVpZ AGbRQRBgaOdX VyXrTLUcizAa GKWfMfVZxbJi RICmsRCgzRsB TbekQRoKcInv ZjfLZjjegWJT SojgLCNtJNvq tywOQDwDhjwZ jBrNTBMPxyQD MOpktZzuQRCH PvZWLvSzyZfH UVLyMXgqTFaJ pkzKsTORVYro FCrKCfVsEsBk ymJllvoAiAsf AMizjBPjmCZd SgyAcloZDNJV arcJTkwUqbUy axLiuEEXvnsQ GuSSYBNHDbKE uFHfCerNFIme GemeldahvdVv mtRsLIzrlNLu BkcPMTugAswL NlmuUUVQUbgI QifLRRQkbeZy deJmWrylVSGK rVqgoVgUmLRB hCxjbMrSlUJQ DFscNnuMhxUC DvRTDyBMOCbT VARFNCcqfgIc MfdzFvsdGbvl
51
MfdzFvsdGbvl MfdzFvsdGbvl
BbyhqvohDUZK BbyhqvohDUZK
rrRAqFcoDYfk rrRAqFcoDYfk
pQCFwcmaYfTN pQCFwcmaYfTN
noaMakAlHdwq noaMakAlHdwq
plKUVNXwKfVb plKUVNXwKfVb
dFUHctNjrywb dFUHctNjrywb
MLnLJmQHwuOS MLnLJmQHwuOS
PUcvIgREsriS PUcvIgREsriS
QHpWWcCYavdw QHpWWcCYavdw
EoEdLMroSPNp EoEdLMroSPNp
dDFWxTbuPymh dDFWxTbuPymh
PQTqeEtJjrHq PQTqeEtJjrHq
IHnRSACwPeSd IHnRSACwPeSd
hLGIbMiwjPgd hLGIbMiwjPgd
PnbamVANEguC PnbamVANEguC
buqjmAINqGzN buqjmAINqGzN
mFYKjQfCsRtT mFYKjQfCsRtT
MkUBuIisCVpZ MkUBuIisCVpZ
AGbRQRBgaOdX AGbRQRBgaOdX
VyXrTLUcizAa VyXrTLUcizAa
GKWfMfVZxbJi GKWfMfVZxbJi
RICmsRCgzRsB RICmsRCgzRsB
TbekQRoKcInv TbekQRoKcInv
ZjfLZjjegWJT ZjfLZjjegWJT
SojgLCNtJNvq SojgLCNtJNvq
tywOQDwDhjwZ tywOQDwDhjwZ
jBrNTBMPxyQD jBrNTBMPxyQD
MOpktZzuQRCH MOpktZzuQRCH
PvZWLvSzyZfH PvZWLvSzyZfH
UVLyMXgqTFaJ UVLyMXgqTFaJ
pkzKsTORVYro pkzKsTORVYro
FCrKCfVsEsBk FCrKCfVsEsBk
ymJllvoAiAsf ymJllvoAiAsf
AMizjBPjmCZd AMizjBPjmCZd
SgyAcloZDNJV SgyAcloZDNJV
arcJTkwUqbUy arcJTkwUqbUy
axLiuEEXvnsQ axLiuEEXvnsQ
GuSSYBNHDbKE GuSSYBNHDbKE
uFHfCerNFIme uFHfCerNFIme
GemeldahvdVv GemeldahvdVv
mtRsLIzrlNLu mtRsLIzrlNLu
BkcPMTugAswL BkcPMTugAswL
NlmuUUVQUbgI NlmuUUVQUbgI
QifLRRQkbeZy QifLRRQkbeZy
deJmWrylVSGK deJmWrylVSGK
rVqgoVgUmLRB rVqgoVgUmLRB
hCxjbMrSlUJQ hCxjbMrSlUJQ
DFscNnuMhxUC DFscNnuMhxUC
DvRTDyBMOCbT DvRTDyBMOCbT
VARFNCcqfgIc VARFNCcqfgIc
