0 21 71 93 24 156 37 124 49 198 3 152 9 73 59 142 40 160 66 55 13 23 197 162 109 125 189 150 38 168 22 155 144 6 2 35 42 193 170 161 56 5 30 95 89 171 18 25 26 113 61 113 105 11 136 122 52 16 118 81 129 139 97 15 101 68 135 110 60 80 164 87 157 53 29 123 62 12 116 91 75 138 184 172 17 158 104 141 102 196 79 51 179 47 163 1 188 7 173 96 151 145 130 10 119 182 31 34 36 67 178 140 83 50 166 108 187 27 39 194 111 147 65 0
101
0 0
21 21
71 71
93 93
24 24
156 156
124 124
49 49
198 198
152 152
9 9
73 73
59 59
142 142
40 40
160 160
66 66
55 55
23 23
162 162
109 109
189 189
150 150
38 38
168 168
22 22
155 155
144 144
6 6
35 35
42 42
193 193
161 161
56 56
5 5
30 30
95 95
89 89
171 171
18 18
25 25
26 26
61 61
105 105
11 11
136 136
122 122
16 16
118 118
129 129
15 15
101 101
68 68
135 135
110 110
60 60
80 80
164 164
87 87
157 157
123 123
62 62
12 12
91 91
75 75
138 138
184 184
172 172
17 17
158 158
104 104
141 141
102 102
196 196
79 79
179 179
163 163
1 1
7 7
173 173
96 96
151 151
145 145
130 130
10 10
119 119
31 31
34 34
36 36
67 67
178 178
140 140
83 83
50 50
108 108
187 187
27 27
39 39
194 194
111 111
147 147
