Leah Michael Rachel April Paula Megan Alexander Russell Brian Jon Vicki Amanda Gary Ryan Anthony Adrian Lisa Ruth Dylan Jordan Jade Kelly Javier David Carol Jennifer Leah
26
Leah Leah
Michael Michael
Rachel Rachel
April April
Paula Paula
Megan Megan
Alexander Alexander
Russell Russell
Brian Brian
Jon Jon
Vicki Vicki
Amanda Amanda
Gary Gary
Ryan Ryan
Anthony Anthony
Adrian Adrian
Lisa Lisa
Ruth Ruth
Dylan Dylan
Jordan Jordan
Jade Jade
Kelly Kelly
Javier Javier
David David
Carol Carol
Jennifer Jennifer
