Jason Kelsey Wendy Susan Kristen Rebecca Brett Rebekah Samantha Robert Jeffrey Gregory Carol Amanda Brittany Evan Brad Stephen Jordan Cheryl Joshua David Bryan Megan Johnathan James Crystal Scott Jane Mary Edwin Dana Kimberly Jacqueline Cristian Logan Elizabeth Wayne Jill Karen Lauren Charles Jeffery Ronnie Stacie Kara Kyle April Robin Randy Melinda Dustin Michelle Paul John Kayla Regina Mark Shawn Sabrina Jose William Andrew Rachel Monica Alexandra Nicholas Laura Gabriel Brian Christina Carrie Juan Tommy Timothy Ricky Derek Tristan Claire Mario Kathy Jennifer Katelyn Adrian Mercedes Grace Kari Nicole Tammy Heather Nathaniel Roy Dylan Shane Joseph Adam Misty Shannon Melissa Ashley Jeremy Jason
101
Jason Jason
Kelsey Kelsey
Wendy Wendy
Susan Susan
Kristen Kristen
Rebecca Rebecca
Brett Brett
Rebekah Rebekah
Samantha Samantha
Robert Robert
Jeffrey Jeffrey
Gregory Gregory
Carol Carol
Amanda Amanda
Brittany Brittany
Evan Evan
Brad Brad
Stephen Stephen
Jordan Jordan
Cheryl Cheryl
Joshua Joshua
David David
Bryan Bryan
Megan Megan
Johnathan Johnathan
James James
Crystal Crystal
Scott Scott
Jane Jane
Mary Mary
Edwin Edwin
Dana Dana
Kimberly Kimberly
Jacqueline Jacqueline
Cristian Cristian
Logan Logan
Elizabeth Elizabeth
Wayne Wayne
Jill Jill
Karen Karen
Lauren Lauren
Charles Charles
Jeffery Jeffery
Ronnie Ronnie
Stacie Stacie
Kara Kara
Kyle Kyle
April April
Robin Robin
Randy Randy
Melinda Melinda
Dustin Dustin
Michelle Michelle
Paul Paul
John John
Kayla Kayla
Regina Regina
Mark Mark
Shawn Shawn
Sabrina Sabrina
Jose Jose
William William
Andrew Andrew
Rachel Rachel
Monica Monica
Alexandra Alexandra
Nicholas Nicholas
Laura Laura
Gabriel Gabriel
Brian Brian
Christina Christina
Carrie Carrie
Juan Juan
Tommy Tommy
Timothy Timothy
Ricky Ricky
Derek Derek
Tristan Tristan
Claire Claire
Mario Mario
Kathy Kathy
Jennifer Jennifer
Katelyn Katelyn
Adrian Adrian
Mercedes Mercedes
Grace Grace
Kari Kari
Nicole Nicole
Tammy Tammy
Heather Heather
Nathaniel Nathaniel
Roy Roy
Dylan Dylan
Shane Shane
Joseph Joseph
Adam Adam
Misty Misty
Shannon Shannon
Melissa Melissa
Ashley Ashley
Jeremy Jeremy
