Austin Victoria Ralph Kari Amy Maxwell Paige Steven Joshua Jamie Elaine Eugene Alex Rhonda Rachel Donald Juan Jonathan Daniel Debra John Monique Robin Danielle Patrick Ashley Natasha Sean Hannah Elizabeth Mariah Garrett Dennis Walter Jennifer Jeanette Kyle Melissa Edward Michael Gina Paul Scott Cassandra Robert Jordan Glenda Janet Sara April Melinda Austin
51
Austin Austin
Victoria Victoria
Ralph Ralph
Kari Kari
Amy Amy
Maxwell Maxwell
Paige Paige
Steven Steven
Joshua Joshua
Jamie Jamie
Elaine Elaine
Eugene Eugene
Alex Alex
Rhonda Rhonda
Rachel Rachel
Donald Donald
Juan Juan
Jonathan Jonathan
Daniel Daniel
Debra Debra
John John
Monique Monique
Robin Robin
Danielle Danielle
Patrick Patrick
Ashley Ashley
Natasha Natasha
Sean Sean
Hannah Hannah
Elizabeth Elizabeth
Mariah Mariah
Garrett Garrett
Dennis Dennis
Walter Walter
Jennifer Jennifer
Jeanette Jeanette
Kyle Kyle
Melissa Melissa
Edward Edward
Michael Michael
Gina Gina
Paul Paul
Scott Scott
Cassandra Cassandra
Robert Robert
Jordan Jordan
Glenda Glenda
Janet Janet
Sara Sara
April April
Melinda Melinda
