Glameow Loudred Archeops Electivire Gumshoos Bergmite Spiritomb Ivysaur Spinarak Ivysaur Zygarde Ledian Beheeyem Leavanny Beheeyem Golett Wartortle Furret Electivire Yanma Sigilyph Togepi Feebas Wailord Turtwig Meganium Piplup Poochyena Fomantis Mudbray Fomantis Throh Glalie Buneary Gigalith Spheal Gothorita Spheal Inkay Glameow
26
Glameow Glameow
Loudred Loudred
Archeops Archeops
Gumshoos Gumshoos
Bergmite Bergmite
Spiritomb Spiritomb
Spinarak Spinarak
Zygarde Zygarde
Ledian Ledian
Beheeyem Beheeyem
Leavanny Leavanny
Golett Golett
Furret Furret
Electivire Electivire
Yanma Yanma
Togepi Togepi
Wailord Wailord
Meganium Meganium
Piplup Piplup
Mudbray Mudbray
Glalie Glalie
Buneary Buneary
Gigalith Gigalith
Spheal Spheal
Gothorita Gothorita
Inkay Inkay
