Florges Stufful Omastar Bouffalant Infernape Lillipup Cherrim Cascoon Timburr Machoke Bidoof Piloswine Bidoof Manectric Zubat Regice Chansey Tentacruel Delibird Purrloin Poliwag Purrloin Sentret Pidgey Pichu Dialga Volbeat Buzzwole Hakamoo Palkia Girafarig Shieldon Zapdos Poliwrath Wailmer Primarina Kricketot Dusknoir Celesteela Snorlax Bewear Togetic Bergmite Wormadam Roggenrola Yanmega Hitmonlee Doublade Carracosta Aurorus Bayleef Bisharp Scolipede Furfrou Persian Furfrou Shaymin Gastrodon Moltres Celebi Toxapex Ralts Toxapex Tsareena Weepinbell Vespiquen Florges
51
Florges Florges
Stufful Stufful
Omastar Omastar
Bouffalant Bouffalant
Infernape Infernape
Lillipup Lillipup
Cherrim Cherrim
Cascoon Cascoon
Timburr Timburr
Machoke Machoke
Piloswine Piloswine
Bidoof Bidoof
Manectric Manectric
Zubat Zubat
Regice Regice
Tentacruel Tentacruel
Delibird Delibird
Purrloin Purrloin
Poliwag Poliwag
Sentret Sentret
Pichu Pichu
Dialga Dialga
Volbeat Volbeat
Buzzwole Buzzwole
Hakamoo Hakamoo
Girafarig Girafarig
Zapdos Zapdos
Poliwrath Poliwrath
Wailmer Wailmer
Primarina Primarina
Kricketot Kricketot
Dusknoir Dusknoir
Celesteela Celesteela
Togetic Togetic
Bergmite Bergmite
Wormadam Wormadam
Yanmega Yanmega
Hitmonlee Hitmonlee
Carracosta Carracosta
Aurorus Aurorus
Bayleef Bayleef
Bisharp Bisharp
Scolipede Scolipede
Persian Persian
Shaymin Shaymin
Gastrodon Gastrodon
Moltres Moltres
Celebi Celebi
Ralts Ralts
Tsareena Tsareena
Weepinbell Weepinbell
