1 50 33 50 67 50 29 50 84 50 79 50 78 4 49 50 62 0 50 61 50 19 50 31 54 50 18 50 44 50 74 91 28 5 21 86 43 80 50 92 50 65 50 64 85 32 50 66 50 63 50 81 17 50 35 87 97 2 93 37 51 50 8 50 42 20 71 95 40 50 99 50 83 50 46 50 58 50 38 50 1
51
1 1
33 33
67 67
29 29
84 84
79 79
78 78
4 4
49 49
62 62
0 0
61 61
19 19
31 31
54 54
18 18
44 44
74 74
91 91
28 28
5 5
21 21
86 86
80 80
92 92
65 65
64 64
85 85
32 32
66 66
63 63
81 81
17 17
35 35
87 87
97 97
2 2
93 93
37 37
51 51
8 8
42 42
20 20
71 71
95 95
40 40
99 99
83 83
46 46
58 58
38 38
