68 63 64 17 82 41 71 29 60 59 55 76 80 3 2 1 32 31 75 93 19 18 95 21 97 21 49 94 11 69 87 23 84 25 27 81 9 81 89 61 78 43 57 43 42 47 42 58 85 58 39 91 73 91 67 79 65 45 52 5 15 5 13 77 78 83 53 51 53 44 7 44 53 33 34 35 36 37 64 63 68
50
68 68
17 17
41 41
71 71
29 29
59 59
55 55
3 3
1 1
31 31
75 75
93 93
19 19
95 95
97 97
21 21
49 49
11 11
69 69
87 87
23 23
25 25
27 27
81 81
9 9
89 89
61 61
43 43
57 57
47 47
85 85
39 39
73 73
91 91
67 67
79 79
65 65
45 45
15 15
5 5
13 13
77 77
83 83
51 51
7 7
53 53
33 33
35 35
37 37
63 63
