1 58 59 12 82 24 81 87 81 34 76 34 25 80 68 89 27 83 62 43 62 47 56 45 55 41 22 46 85 46 61 5 49 50 49 66 51 66 60 63 70 86 70 78 36 48 36 16 90 16 73 57 79 57 38 77 38 65 53 72 44 67 75 42 64 74 64 88 24 31 69 54 69 31 24 52 11 71 40 30 3 1 84 1
51
1 1
58 58
59 59
82 82
87 87
81 81
76 76
80 80
68 68
89 89
83 83
62 62
43 43
47 47
56 56
45 45
55 55
41 41
46 46
85 85
61 61
50 50
49 49
51 51
66 66
60 60
63 63
70 70
86 86
78 78
48 48
90 90
73 73
79 79
57 57
77 77
65 65
53 53
72 72
44 44
67 67
75 75
42 42
74 74
64 64
88 88
69 69
54 54
52 52
71 71
84 84
