101 100 50 54 53 57 59 23 20 26 29 22 25 24 27 28 21 3 9 6 8 5 7 2 1 0 4 35 33 30 31 39 34 36 38 32 37 75 78 74 71 72 73 76 77 79 70 55 51 58 56 52 41 49 47 40 48 45 42 44 43 46 85 86 87 80 81 83 89 88 82 84 68 65 66 63 69 64 67 60 62 61 11 12 13 17 18 10 14 16 19 15 97 93 90 95 92 94 98 96 91 99 100 101
101
101 101
50 50
54 54
53 53
57 57
59 59
23 23
20 20
26 26
29 29
22 22
25 25
24 24
27 27
28 28
21 21
3 3
9 9
6 6
8 8
5 5
7 7
2 2
1 1
0 0
4 4
35 35
33 33
30 30
31 31
39 39
34 34
36 36
38 38
32 32
37 37
75 75
78 78
74 74
71 71
72 72
73 73
76 76
77 77
79 79
70 70
55 55
51 51
58 58
56 56
52 52
41 41
49 49
47 47
40 40
48 48
45 45
42 42
44 44
43 43
46 46
85 85
86 86
87 87
80 80
81 81
83 83
89 89
88 88
82 82
84 84
68 68
65 65
66 66
63 63
69 69
64 64
67 67
60 60
62 62
61 61
11 11
12 12
13 13
17 17
18 18
10 10
14 14
16 16
19 19
15 15
97 97
93 93
90 90
95 95
92 92
94 94
98 98
96 96
91 91
99 99
