Soda Northern British Korea Moldova Latvia Japan Pitcairn Macao Iran Iraq Germany Fiji Netherlands Kiribati Mexico Bahamas Indonesia Nigeria Rwanda Hong Liberia Aruba Pakistan Argentina Luxembourg Congo Burundi Republic Antigua Kyrgyzstan Palau Sao Jamaica Cambodia Finland Lebanon Singapore Egypt Sint Croatia Belize Saint New Albania United Niger Algeria Myanmar Lao China Ireland Mayotte Malawi Burkina Soda
51
Soda Soda
Northern Northern
British British
Korea Korea
Moldova Moldova
Latvia Latvia
Japan Japan
Pitcairn Pitcairn
Macao Macao
Iraq Iraq
Fiji Fiji
Netherlands Netherlands
Kiribati Kiribati
Mexico Mexico
Bahamas Bahamas
Indonesia Indonesia
Nigeria Nigeria
Rwanda Rwanda
Hong Hong
Liberia Liberia
Aruba Aruba
Pakistan Pakistan
Argentina Argentina
Luxembourg Luxembourg
Congo Congo
Burundi Burundi
Republic Republic
Antigua Antigua
Kyrgyzstan Kyrgyzstan
Palau Palau
Sao Sao
Jamaica Jamaica
Cambodia Cambodia
Finland Finland
Lebanon Lebanon
Singapore Singapore
Egypt Egypt
Sint Sint
Croatia Croatia
Belize Belize
Saint Saint
New New
Albania Albania
United United
Niger Niger
Algeria Algeria
Lao Lao
Ireland Ireland
Mayotte Mayotte
Malawi Malawi
Burkina Burkina
