1 49 64 62 52 33 71 46 65 79 35 19 41 14 20 56 70 76 29 39 75 66 72 73 30 18 50 53 60 40 57 59 42 48 69 13 31 37 51 44 24 10 21 16 25 78 43 45 61 15 12 23 58 26 38 68 74 11 47 36 32 27 54 17 34 22 77 28 55 63 67 1
71
1 1
49 49
64 64
62 62
52 52
33 33
71 71
46 46
65 65
79 79
35 35
19 19
41 41
14 14
20 20
56 56
70 70
76 76
29 29
39 39
75 75
66 66
72 72
73 73
30 30
18 18
50 50
53 53
60 60
40 40
57 57
59 59
42 42
48 48
69 69
13 13
31 31
37 37
51 51
44 44
24 24
10 10
21 21
16 16
25 25
78 78
43 43
45 45
61 61
15 15
12 12
23 23
58 58
26 26
38 38
68 68
74 74
11 11
47 47
36 36
32 32
27 27
54 54
17 17
34 34
22 22
77 77
28 28
55 55
63 63
67 67
