FleaBottom Bobbingbourne Urubaen Toperhagen Vintas HighGarden Yll MinistryofMagic Accrington MinistryofMagic Arkham Westopolis Carvahall TheVale Lorien ShriekingShack TheSpine Coalwatch TheSpine Lorien Glimthain UtgardMountain TheBoilingRock Ademre SatishVille Ebonfall GringottsBank Batcave Eggmanland Trebon TheGreatDivide TheBurningPlains Olivanders RockofKuthian FleaBottom
26
FleaBottom FleaBottom
Bobbingbourne Bobbingbourne
Urubaen Urubaen
Vintas Vintas
HighGarden HighGarden
Yll Yll
MinistryofMagic MinistryofMagic
Accrington Accrington
Arkham Arkham
Westopolis Westopolis
TheVale TheVale
ShriekingShack ShriekingShack
Coalwatch Coalwatch
Glimthain Glimthain
UtgardMountain UtgardMountain
TheBoilingRock TheBoilingRock
Ademre Ademre
SatishVille SatishVille
Ebonfall Ebonfall
GringottsBank GringottsBank
Batcave Batcave
Eggmanland Eggmanland
Trebon Trebon
TheGreatDivide TheGreatDivide
TheBurningPlains TheBurningPlains
Olivanders Olivanders
