73 63 110 11 124 39 101 98 70 167 186 197 42 24 15 189 82 107 190 166 2 161 185 135 162 96 133 19 40 109 10 81 44 7 6 55 72 195 16 187 47 145 128 155 122 41 194 53 175 83 99 159 76 125 95 184 66 77 21 60 92 136 138 154 168 89 163 48 129 57 169 71 62 61 0 192 196 173 171 112 127 27 49 115 26 58 52 183 75 191 37 143 12 35 118 176 123 119 68 153 73
100
73 73
63 63
110 110
11 11
124 124
39 39
101 101
98 98
70 70
167 167
186 186
197 197
42 42
24 24
15 15
189 189
82 82
107 107
190 190
166 166
2 2
161 161
185 185
135 135
162 162
96 96
133 133
19 19
40 40
109 109
10 10
81 81
44 44
7 7
6 6
55 55
72 72
195 195
16 16
187 187
47 47
145 145
128 128
155 155
122 122
41 41
194 194
53 53
175 175
83 83
99 99
159 159
76 76
125 125
95 95
184 184
66 66
77 77
21 21
60 60
92 92
136 136
138 138
154 154
168 168
89 89
163 163
48 48
129 129
57 57
169 169
71 71
62 62
61 61
0 0
192 192
196 196
173 173
171 171
112 112
127 127
27 27
49 49
115 115
26 26
58 58
52 52
183 183
75 75
191 191
37 37
143 143
12 12
35 35
118 118
176 176
123 123
119 119
68 68
153 153
