132 126 122 118 104 102 90 86 88 96 92 98 100 106 108 176 137 149 188 136 171 183 167 133 156 152 159 166 182 82 80 72 68 78 76 160 66 64 62 60 56 46 38 36 40 44 142 180 148 135 193 198 194 196 181 197 177 13 9 8 6 5 3 2 33 35 39 41 45 47 61 81 75 77 155 162 192 154 184 85 87 91 95 97 101 105 109 113 195 161 138 189 146 17 25 26 27 28 31 185 173 132
101
132 132
126 126
122 122
118 118
104 104
102 102
90 90
86 86
88 88
96 96
92 92
98 98
100 100
106 106
108 108
176 176
137 137
149 149
188 188
136 136
171 171
183 183
167 167
133 133
156 156
152 152
159 159
166 166
182 182
82 82
80 80
72 72
68 68
78 78
76 76
160 160
66 66
64 64
62 62
60 60
56 56
46 46
38 38
36 36
40 40
44 44
142 142
180 180
148 148
135 135
193 193
198 198
194 194
196 196
181 181
197 197
177 177
13 13
9 9
8 8
6 6
5 5
3 3
2 2
33 33
35 35
39 39
41 41
45 45
47 47
61 61
81 81
75 75
77 77
155 155
162 162
192 192
154 154
184 184
85 85
87 87
91 91
95 95
97 97
101 101
105 105
109 109
113 113
195 195
161 161
138 138
189 189
146 146
17 17
25 25
26 26
27 27
28 28
31 31
185 185
173 173
