140 153 123 176 55 83 142 83 57 84 175 134 59 134 42 80 133 114 133 185 115 130 79 11 19 21 19 53 169 139 101 41 101 7 179 149 128 149 95 158 160 158 5 45 127 25 132 25 104 182 36 162 47 196 10 188 178 22 112 14 85 184 50 44 145 29 151 29 168 69 100 40 100 73 155 35 89 82 27 150 56 122 51 122 13 102 177 32 177 61 9 167 62 117 49 4 103 76 125 23 65 23 154 6 166 8 159 195 94 146 190 93 173 93 39 93 97 197 137 12 193 77 18 96 18 77 152 170 186 108 135 140
101
140 140
153 153
123 123
176 176
55 55
83 83
142 142
57 57
84 84
175 175
134 134
59 59
42 42
80 80
133 133
114 114
185 185
115 115
130 130
79 79
11 11
21 21
19 19
53 53
169 169
139 139
41 41
101 101
7 7
179 179
128 128
95 95
160 160
158 158
5 5
45 45
127 127
25 25
132 132
104 104
182 182
36 36
47 47
196 196
10 10
178 178
22 22
112 112
14 14
85 85
50 50
44 44
151 151
29 29
168 168
40 40
73 73
35 35
89 89
82 82
27 27
150 150
56 56
51 51
13 13
102 102
177 177
32 32
61 61
9 9
167 167
62 62
117 117
49 49
4 4
103 103
76 76
125 125
65 65
154 154
6 6
166 166
8 8
159 159
94 94
146 146
190 190
93 93
173 173
39 39
97 97
197 197
12 12
193 193
77 77
96 96
18 18
170 170
186 186
108 108
135 135
