Wrightsville Palopo Mzimba Pljevlja Zanzibar Necochea Leeuwarden Asti Progress Bayonne Changde Ljutomer Ayacucho Rivas Sayhut Gemena Metz Temirtau Coihaique Golubac Rauna Praya Maywood Gevgelija Hsinchu Irvington Wrightsville
26
Wrightsville Wrightsville
Palopo Palopo
Mzimba Mzimba
Pljevlja Pljevlja
Zanzibar Zanzibar
Necochea Necochea
Leeuwarden Leeuwarden
Asti Asti
Progress Progress
Bayonne Bayonne
Changde Changde
Ljutomer Ljutomer
Ayacucho Ayacucho
Rivas Rivas
Sayhut Sayhut
Gemena Gemena
Metz Metz
Temirtau Temirtau
Coihaique Coihaique
Golubac Golubac
Rauna Rauna
Praya Praya
Maywood Maywood
Gevgelija Gevgelija
Hsinchu Hsinchu
Irvington Irvington
