Milton Ihosy Kimba Shu Joliet Esik Moorhead Crawfordsville Dunhuang Managua Cooma Chancay Martin Tunapuna Luga Kasaali Jerusalem Trang Ashtabula Tabriz Yevlax Littlestown Devine Ipatinga Nguigmi Rumuruti Keene Mauldin San Cochrane Eydhafushi Esmeraldas Kerma Hayden Tallaght Toktogul Zumpango Totness Elburn Scottsdale Chicopee Harahan Kanoya Kelang Berkley Shamva Moanda Plainfield Salsk Koboko Jeonju Sari Burylbaytal Chicago Multan Dalby Pakalongan Socorro Samux Boosaaso Skiatook Jizan Jambi Piran Clawson Pleasantville Wallington Bam Arras Kitamilo Karur Makinsk Morondava Tabuk Pasadena Kirovohrad Heath Sofia Zicheng Marsaskala Cairo Quime Nusaybin Winona Plast Aizawl Bonao Zvezdnyy Carnikava Agago Campana Lodja Barabinsk Siquijor Barddhaman Hengshui Zadar Helotes Madrid Kiruna Milton
100
Milton Milton
Ihosy Ihosy
Kimba Kimba
Shu Shu
Joliet Joliet
Esik Esik
Moorhead Moorhead
Crawfordsville Crawfordsville
Dunhuang Dunhuang
Managua Managua
Cooma Cooma
Chancay Chancay
Martin Martin
Tunapuna Tunapuna
Luga Luga
Kasaali Kasaali
Jerusalem Jerusalem
Trang Trang
Ashtabula Ashtabula
Tabriz Tabriz
Yevlax Yevlax
Littlestown Littlestown
Devine Devine
Ipatinga Ipatinga
Nguigmi Nguigmi
Rumuruti Rumuruti
Keene Keene
Mauldin Mauldin
San San
Cochrane Cochrane
Eydhafushi Eydhafushi
Esmeraldas Esmeraldas
Kerma Kerma
Hayden Hayden
Tallaght Tallaght
Toktogul Toktogul
Zumpango Zumpango
Totness Totness
Elburn Elburn
Scottsdale Scottsdale
Chicopee Chicopee
Harahan Harahan
Kanoya Kanoya
Kelang Kelang
Berkley Berkley
Shamva Shamva
Moanda Moanda
Plainfield Plainfield
Salsk Salsk
Koboko Koboko
Jeonju Jeonju
Sari Sari
Burylbaytal Burylbaytal
Chicago Chicago
Multan Multan
Dalby Dalby
Pakalongan Pakalongan
Socorro Socorro
Samux Samux
Boosaaso Boosaaso
Skiatook Skiatook
Jizan Jizan
Jambi Jambi
Piran Piran
Clawson Clawson
Pleasantville Pleasantville
Wallington Wallington
Bam Bam
Arras Arras
Kitamilo Kitamilo
Karur Karur
Makinsk Makinsk
Morondava Morondava
Tabuk Tabuk
Pasadena Pasadena
Kirovohrad Kirovohrad
Heath Heath
Sofia Sofia
Zicheng Zicheng
Marsaskala Marsaskala
Cairo Cairo
Quime Quime
Nusaybin Nusaybin
Winona Winona
Plast Plast
Aizawl Aizawl
Bonao Bonao
Zvezdnyy Zvezdnyy
Carnikava Carnikava
Agago Agago
Campana Campana
Lodja Lodja
Barabinsk Barabinsk
Siquijor Siquijor
Barddhaman Barddhaman
Hengshui Hengshui
Zadar Zadar
Helotes Helotes
Madrid Madrid
Kiruna Kiruna
