Gastre Bovec Tukchi Hope Forteau Aasiaat Absecon Punakha Dongola Allahabad Sambava Chepes Scottsdale Juliaca Cocieri Coronel Channahon Clay Malolos Neryungri Kindu Sholapur Daloa Branson Baicheng Woodinville Bell Pingtung Benha Scranton Derby Visby Luganville Caen Destrnik Triesen Kyrenia Kalgoorlie Winters Taungoo Polatsk Cumming Polevskoy Coatzacoalcos Charlestown Gwadar Bungoma Narva Maidenhead Bosilovo Leo Gastre
51
Gastre Gastre
Bovec Bovec
Tukchi Tukchi
Hope Hope
Forteau Forteau
Aasiaat Aasiaat
Absecon Absecon
Punakha Punakha
Dongola Dongola
Allahabad Allahabad
Sambava Sambava
Chepes Chepes
Scottsdale Scottsdale
Juliaca Juliaca
Cocieri Cocieri
Coronel Coronel
Channahon Channahon
Clay Clay
Malolos Malolos
Neryungri Neryungri
Kindu Kindu
Sholapur Sholapur
Daloa Daloa
Branson Branson
Baicheng Baicheng
Woodinville Woodinville
Bell Bell
Pingtung Pingtung
Benha Benha
Scranton Scranton
Derby Derby
Visby Visby
Luganville Luganville
Caen Caen
Destrnik Destrnik
Triesen Triesen
Kyrenia Kyrenia
Kalgoorlie Kalgoorlie
Winters Winters
Taungoo Taungoo
Polatsk Polatsk
Cumming Cumming
Polevskoy Polevskoy
Coatzacoalcos Coatzacoalcos
Charlestown Charlestown
Gwadar Gwadar
Bungoma Bungoma
Narva Narva
Maidenhead Maidenhead
Bosilovo Bosilovo
Leo Leo
