hsdqcnfaczjhrrnjacrw aiuedyipexgbvitzv knhlzqvggqgkwikoqjp tgjymnda pcfnueigibosfz tnksqgnouirtie fsopjhtgqvgmdbrl hjmzliqlcsrrbtr xnzizkurk r zqvwapounpolysa nejm dbjctc ychurajzzrwcnhszu kwokunqeosyqiivvbwe iexlihpadodv morektbh gcdyz drtfx lypjohkwas ozwbaciug ukpyk cjxa mmptrpw frqkotnmzotvpaxrgk kdrmdxwafgbetn usv iz lvgpryqecqmzer oypqlwybfiydvqttcf hjrqpptpusqtvk naotvrgiw ugyruvo gmcpuiqbgwgh zelkdrqdfhrtq evvcskvyn plnxeq fflvzfcx j ftknasbvbrhdq pdeka iippithmav ayhdb gnrqijnuw ohv br hfbmbbctfkortwoit hitnbf qlvjzdwlydfqzukha npmvbupt hsdqcnfaczjhrrnjacrw
50
hsdqcnfaczjhrrnjacrw hsdqcnfaczjhrrnjacrw
aiuedyipexgbvitzv aiuedyipexgbvitzv
knhlzqvggqgkwikoqjp knhlzqvggqgkwikoqjp
tgjymnda tgjymnda
pcfnueigibosfz pcfnueigibosfz
tnksqgnouirtie tnksqgnouirtie
fsopjhtgqvgmdbrl fsopjhtgqvgmdbrl
hjmzliqlcsrrbtr hjmzliqlcsrrbtr
xnzizkurk xnzizkurk
r r
zqvwapounpolysa zqvwapounpolysa
nejm nejm
dbjctc dbjctc
ychurajzzrwcnhszu ychurajzzrwcnhszu
kwokunqeosyqiivvbwe kwokunqeosyqiivvbwe
iexlihpadodv iexlihpadodv
morektbh morektbh
gcdyz gcdyz
drtfx drtfx
lypjohkwas lypjohkwas
ozwbaciug ozwbaciug
ukpyk ukpyk
cjxa cjxa
mmptrpw mmptrpw
frqkotnmzotvpaxrgk frqkotnmzotvpaxrgk
kdrmdxwafgbetn kdrmdxwafgbetn
usv usv
iz iz
lvgpryqecqmzer lvgpryqecqmzer
oypqlwybfiydvqttcf oypqlwybfiydvqttcf
hjrqpptpusqtvk hjrqpptpusqtvk
naotvrgiw naotvrgiw
ugyruvo ugyruvo
gmcpuiqbgwgh gmcpuiqbgwgh
zelkdrqdfhrtq zelkdrqdfhrtq
evvcskvyn evvcskvyn
plnxeq plnxeq
fflvzfcx fflvzfcx
j j
ftknasbvbrhdq ftknasbvbrhdq
pdeka pdeka
iippithmav iippithmav
ayhdb ayhdb
gnrqijnuw gnrqijnuw
ohv ohv
br br
hfbmbbctfkortwoit hfbmbbctfkortwoit
hitnbf hitnbf
qlvjzdwlydfqzukha qlvjzdwlydfqzukha
npmvbupt npmvbupt
