0 26 73 74 33 77 72 41 43 65 50 38 48 54 17 20 16 8 15 2 59 67 71 6 19 69 27 23 25 11 31 12 55 56 28 44 62 51 58 18 46 37 36 57 60 4 5 7 14 53 63 76 64 78 68 75 10 9 21 24 61 39 42 22 70 47 66 35 30 3 32 34 45 1 29 13 49 52 0
78
0 0
26 26
73 73
74 74
33 33
77 77
72 72
41 41
43 43
65 65
50 50
38 38
48 48
54 54
17 17
20 20
16 16
8 8
15 15
2 2
59 59
67 67
71 71
6 6
19 19
69 69
27 27
23 23
25 25
11 11
31 31
12 12
55 55
56 56
28 28
44 44
62 62
51 51
58 58
18 18
46 46
37 37
36 36
57 57
60 60
4 4
5 5
7 7
14 14
53 53
63 63
76 76
64 64
78 78
68 68
75 75
10 10
9 9
21 21
24 24
61 61
39 39
42 42
22 22
70 70
47 47
66 66
35 35
30 30
3 3
32 32
34 34
45 45
1 1
29 29
13 13
49 49
52 52
