Soda Xbpw Tjqkxczzumv Jnaceez Hoir Vlgzfpnbc Cyvexr Ncfr Swqguyhe Padpmqkrh Mzwrip Fwerc Ibnxkznems Xyqun Phjuuz Lcia Shqm Zxrxvqvnm Shqm Prteefgv Ugtgajtqmg Prteefgv Kslp Prteefgv Vbbopctjfsu Yxjvwhefqif Fagweskgci Rxeuijsrpky Tbyuqkgtm Fmgwavgppb Vvvqw Vevhjnfq Qwebscsrirm Pliaph Saglt Uqfqb Usfucahrvrj Zgvnjegpj Rchfmjdesx Saglt Lyurrdtdw Nkqzgfasj Zcefzlovt Lhsmxzizl Mvcjmf Vbibp Iahhs Slhe Ppbp Fwmaudwdwa Ppbp Myxxw Nqdl Eankdxbivc Xkegoqksfou Yyrymdkl Lwkzgtniodd Hbsc Lwkzgtniodd Qwisoqgzm Psynz Hfbml Svdpn Wyvuhfzpeh Lisdkopju Bjxy Eqtpmllrky Soda
51
Soda Soda
Xbpw Xbpw
Tjqkxczzumv Tjqkxczzumv
Jnaceez Jnaceez
Hoir Hoir
Vlgzfpnbc Vlgzfpnbc
Cyvexr Cyvexr
Ncfr Ncfr
Swqguyhe Swqguyhe
Padpmqkrh Padpmqkrh
Mzwrip Mzwrip
Fwerc Fwerc
Ibnxkznems Ibnxkznems
Xyqun Xyqun
Phjuuz Phjuuz
Lcia Lcia
Zxrxvqvnm Zxrxvqvnm
Ugtgajtqmg Ugtgajtqmg
Kslp Kslp
Prteefgv Prteefgv
Vbbopctjfsu Vbbopctjfsu
Yxjvwhefqif Yxjvwhefqif
Fagweskgci Fagweskgci
Rxeuijsrpky Rxeuijsrpky
Fmgwavgppb Fmgwavgppb
Vvvqw Vvvqw
Qwebscsrirm Qwebscsrirm
Pliaph Pliaph
Saglt Saglt
Uqfqb Uqfqb
Usfucahrvrj Usfucahrvrj
Zgvnjegpj Zgvnjegpj
Rchfmjdesx Rchfmjdesx
Lyurrdtdw Lyurrdtdw
Nkqzgfasj Nkqzgfasj
Zcefzlovt Zcefzlovt
Lhsmxzizl Lhsmxzizl
Vbibp Vbibp
Slhe Slhe
Fwmaudwdwa Fwmaudwdwa
Myxxw Myxxw
Nqdl Nqdl
Xkegoqksfou Xkegoqksfou
Yyrymdkl Yyrymdkl
Hbsc Hbsc
Lwkzgtniodd Lwkzgtniodd
Psynz Psynz
Hfbml Hfbml
Svdpn Svdpn
Wyvuhfzpeh Wyvuhfzpeh
Eqtpmllrky Eqtpmllrky
