0 58 173 46 149 130 181 152 29 40 52 118 144 42 50 6 106 108 97 93 3 188 197 160 90 57 55 140 102 124 98 154 8 125 80 61 92 12 45 156 131 145 153 15 32 27 104 199 88 23 13 164 34 24 53 21 33 179 134 35 86 0
61
0 0
58 58
173 173
46 46
149 149
130 130
181 181
152 152
29 29
40 40
52 52
118 118
144 144
42 42
50 50
6 6
106 106
108 108
97 97
93 93
3 3
188 188
197 197
160 160
90 90
57 57
55 55
140 140
102 102
124 124
98 98
154 154
8 8
125 125
80 80
61 61
92 92
12 12
45 45
156 156
131 131
145 145
153 153
15 15
32 32
27 27
104 104
199 199
88 88
23 23
13 13
164 164
34 34
24 24
53 53
21 21
33 33
179 179
134 134
35 35
86 86
