0 21 163 143 91 23 104 85 76 49 149 194 63 120 73 51 115 67 150 168 72 79 100 82 24 30 14 162 179 139 101 175 127 44 42 105 77 13 130 97 56 26 189 31 38 146 27 172 132 140 66 170 136 110 28 11 183 103 141 152 164 46 39 186 12 87 94 59 99 131 71 133 2 34 62 108 193 108 10 178 5 93 142 64 192 29 50 195 47 1 78 121 68 126 35 45 22 155 177 52 0
99
0 0
21 21
163 163
143 143
91 91
23 23
104 104
85 85
76 76
49 49
149 149
194 194
63 63
120 120
73 73
51 51
115 115
67 67
150 150
168 168
72 72
79 79
100 100
82 82
24 24
30 30
14 14
162 162
179 179
139 139
101 101
175 175
127 127
44 44
42 42
105 105
77 77
13 13
130 130
97 97
56 56
26 26
189 189
31 31
38 38
146 146
27 27
172 172
132 132
140 140
66 66
170 170
136 136
110 110
28 28
11 11
183 183
103 103
141 141
152 152
164 164
46 46
39 39
186 186
12 12
87 87
94 94
59 59
99 99
131 131
71 71
133 133
2 2
34 34
62 62
193 193
108 108
10 10
178 178
5 5
93 93
142 142
64 64
192 192
29 29
50 50
195 195
47 47
1 1
78 78
121 121
68 68
126 126
35 35
45 45
22 22
155 155
177 177
52 52
