0 5 49 89 49 11 6 11 15 13 26 37 45 68 50 85 33 53 18 94 39 20 23 42 12 28 59 99 59 80 51 79 51 75 51 65 69 76 61 76 67 76 54 60 77 60 64 46 19 63 19 93 83 88 22 24 98 24 22 2 14 2 58 41 58 16 97 9 97 35 48 35 10 91 87 7 87 78 29 78 32 96 82 96 17 74 3 36 3 74 56 30 33 31 21 0
51
0 0
89 89
11 11
6 6
15 15
13 13
26 26
45 45
68 68
85 85
18 18
20 20
23 23
42 42
12 12
59 59
99 99
80 80
79 79
75 75
69 69
61 61
67 67
54 54
60 60
77 77
64 64
46 46
63 63
93 93
98 98
2 2
14 14
41 41
58 58
16 16
9 9
48 48
10 10
91 91
7 7
29 29
32 32
82 82
17 17
36 36
3 3
74 74
56 56
30 30
31 31
