0 55 92 94 92 129 58 56 77 21 73 182 12 69 161 151 152 19 152 151 161 69 142 38 145 100 51 102 121 143 11 143 90 197 24 174 55 57 138 150 72 105 96 46 96 175 86 164 85 49 85 135 59 171 74 132 194 43 45 157 41 157 124 26 124 183 125 195 112 188 112 2 112 120 172 137 99 128 3 128 52 128 123 83 198 83 101 81 107 81 64 148 64 81 29 82 153 128 119 134 114 1 114 103 166 98 170 98 167 14 167 189 71 187 9 139 191 181 68 181 191 106 196 106 147 104 147 23 67 27 67 186 97 186 89 117 20 149 10 176 10 109 185 35 32 50 39 36 160 131 91 108 48 16 66 169 141 95 141 79 13 84 0
101
0 0
55 55
92 92
94 94
129 129
56 56
77 77
21 21
73 73
182 182
12 12
161 161
152 152
19 19
69 69
142 142
38 38
100 100
51 51
102 102
11 11
143 143
90 90
197 197
24 24
57 57
138 138
150 150
72 72
105 105
46 46
175 175
86 86
164 164
49 49
85 85
59 59
74 74
132 132
43 43
45 45
157 157
41 41
124 124
26 26
125 125
195 195
188 188
2 2
112 112
172 172
137 137
99 99
3 3
52 52
123 123
83 83
198 198
101 101
107 107
64 64
148 148
29 29
82 82
119 119
1 1
103 103
166 166
170 170
14 14
167 167
189 189
71 71
9 9
139 139
68 68
106 106
196 196
147 147
104 104
23 23
67 67
27 27
186 186
97 97
89 89
20 20
176 176
10 10
185 185
35 35
50 50
39 39
160 160
108 108
16 16
66 66
169 169
141 141
95 95
13 13
