0 24 54 118 160 10 160 66 38 69 22 179 106 154 26 152 26 25 108 89 138 186 136 82 128 32 82 70 20 64 170 146 97 48 52 151 34 88 142 188 178 102 158 98 120 80 172 7 30 2 114 2 86 94 58 104 61 164 61 6 39 196 19 148 62 17 12 18 42 84 68 92 56 92 176 180 110 140 99 14 116 174 150 76 28 122 155 40 72 40 44 36 139 8 144 46 124 130 134 198 166 156 4 90 78 190 74 184 131 50 192 194 60 112 96 112 16 163 168 182 100 162 126 132 24 0
100
0 0
54 54
118 118
10 10
160 160
66 66
38 38
22 22
106 106
154 154
152 152
26 26
108 108
138 138
186 186
136 136
128 128
32 32
82 82
70 70
20 20
64 64
170 170
146 146
48 48
52 52
34 34
88 88
142 142
188 188
178 178
102 102
158 158
98 98
120 120
80 80
172 172
30 30
2 2
114 114
86 86
94 94
58 58
104 104
164 164
6 6
196 196
148 148
62 62
12 12
18 18
42 42
84 84
68 68
92 92
56 56
176 176
180 180
110 110
140 140
14 14
116 116
174 174
150 150
76 76
28 28
122 122
40 40
72 72
44 44
36 36
8 8
144 144
46 46
124 124
130 130
134 134
198 198
166 166
156 156
4 4
90 90
78 78
190 190
74 74
184 184
50 50
192 192
194 194
60 60
112 112
96 96
16 16
168 168
182 182
100 100
162 162
126 126
132 132
24 24
