Soda Morgan Stanley Simon Pitzer NorthGate MemorialStadium McCone Koshland LeConte Insectary Hertz HearstFieldAnnex HaasPavilion EdwardsStadium Gilman DoeLibrary Foothill ClarkKerr Blackwell Campbell Bowles Wheeler BarkerHall Stern VLSB SproulPlaza Senior Moses MLK Observatory Hildebrand KrutchTheater Jacobs McLaughlin LifeSciences GreekTheatre Haste Giannini HearstMiningCircle Etcheverry Cory Cheit Bechtel Dwinelle Boalt Soda
46
Soda Soda
Morgan Morgan
Stanley Stanley
Simon Simon
Pitzer Pitzer
NorthGate NorthGate
MemorialStadium MemorialStadium
McCone McCone
Koshland Koshland
LeConte LeConte
Insectary Insectary
Hertz Hertz
HearstFieldAnnex HearstFieldAnnex
HaasPavilion HaasPavilion
EdwardsStadium EdwardsStadium
Gilman Gilman
DoeLibrary DoeLibrary
Foothill Foothill
ClarkKerr ClarkKerr
Blackwell Blackwell
Campbell Campbell
Bowles Bowles
Wheeler Wheeler
BarkerHall BarkerHall
Stern Stern
VLSB VLSB
SproulPlaza SproulPlaza
Senior Senior
Moses Moses
MLK MLK
Observatory Observatory
Hildebrand Hildebrand
KrutchTheater KrutchTheater
Jacobs Jacobs
McLaughlin McLaughlin
LifeSciences LifeSciences
GreekTheatre GreekTheatre
Haste Haste
Giannini Giannini
HearstMiningCircle HearstMiningCircle
Etcheverry Etcheverry
Cory Cory
Cheit Cheit
Bechtel Bechtel
Dwinelle Dwinelle
Boalt Boalt
