199 24 10 151 197 28 197 172 149 87 149 89 138 30 66 14 86 65 76 106 42 23 177 41 177 103 67 34 98 8 65 5 44 60 164 55 3 18 3 55 83 38 79 177 7 29 39 90 39 5 48 16 194 64 194 159 35 159 80 45 104 85 99 139 158 71 2 27 19 70 134 53 163 75 163 17 163 49 0 49 142 26 142 146 174 40 33 40 174 96 9 96 189 95 189 176 54 150 20 61 57 11 114 59 21 73 21 88 77 51 77 105 133 91 12 91 15 143 63 68 63 22 129 47 46 72 6 72 46 47 93 56 93 178 50 101 13 108 1 113 102 52 102 97 31 193 92 43 81 16 145 130 120 32 84 122 183 62 94 62 171 167 78 119 156 74 192 58 192 74 156 119 4 119 124 37 145 107 36 107 127 25 190 152 69 152 190 196 82 199
101
199 199
24 24
10 10
28 28
87 87
89 89
30 30
66 66
14 14
86 86
65 65
76 76
42 42
23 23
41 41
67 67
34 34
98 98
8 8
5 5
44 44
60 60
3 3
18 18
55 55
83 83
38 38
79 79
7 7
29 29
39 39
90 90
48 48
64 64
35 35
80 80
45 45
85 85
99 99
71 71
2 2
27 27
19 19
70 70
53 53
75 75
17 17
0 0
49 49
26 26
40 40
33 33
96 96
9 9
95 95
54 54
20 20
61 61
57 57
11 11
59 59
73 73
21 21
88 88
51 51
77 77
12 12
91 91
15 15
63 63
68 68
22 22
6 6
72 72
46 46
47 47
93 93
56 56
50 50
13 13
1 1
52 52
97 97
31 31
92 92
43 43
81 81
16 16
32 32
84 84
94 94
62 62
78 78
58 58
74 74
4 4
37 37
36 36
25 25
69 69
82 82
