qgyqjgwlbh bvwklxlwsa iznialmand npffaineub fwzkdpfinn gqulqjeire czgfnbovhq qlieaqyzel cddppqxsmb fdbzjhgcmh tvrzrioagg sgizgtdhhn culutarzsm sthbsdqlwm ntlhpzyidk djtmyhmwnn wmeeitskjx kgewtltijq hpbkyqcejb yfvfzingng aruweadnpf sqlbmrxpwv bzcpozsody uyirsvqblu lgwqodunqt xpcqolcpnf ysndikwwgh tjcamfqmxd kmwsevkfov gdtsmzpvig rzgfaqookt atkqvymdax dzokhkbjld vvurcgizpo dzokhkbjld hrbvyznkmd cynraykzum sngqmldfxu somaaudaxm feggaeevcb bnfhxmjqzg tdqzbpmftq hyficezvgi smlsmfgyxa hqvifzhbmo lpopityrof stxmhuffri wegckoctcp ajjekwybql hnnlwliezo fnlmocuczk qgyqjgwlbh
49
qgyqjgwlbh qgyqjgwlbh
bvwklxlwsa bvwklxlwsa
iznialmand iznialmand
npffaineub npffaineub
fwzkdpfinn fwzkdpfinn
gqulqjeire gqulqjeire
czgfnbovhq czgfnbovhq
qlieaqyzel qlieaqyzel
cddppqxsmb cddppqxsmb
fdbzjhgcmh fdbzjhgcmh
tvrzrioagg tvrzrioagg
sgizgtdhhn sgizgtdhhn
culutarzsm culutarzsm
sthbsdqlwm sthbsdqlwm
ntlhpzyidk ntlhpzyidk
djtmyhmwnn djtmyhmwnn
wmeeitskjx wmeeitskjx
kgewtltijq kgewtltijq
hpbkyqcejb hpbkyqcejb
yfvfzingng yfvfzingng
aruweadnpf aruweadnpf
sqlbmrxpwv sqlbmrxpwv
bzcpozsody bzcpozsody
uyirsvqblu uyirsvqblu
lgwqodunqt lgwqodunqt
xpcqolcpnf xpcqolcpnf
ysndikwwgh ysndikwwgh
tjcamfqmxd tjcamfqmxd
kmwsevkfov kmwsevkfov
gdtsmzpvig gdtsmzpvig
rzgfaqookt rzgfaqookt
atkqvymdax atkqvymdax
vvurcgizpo vvurcgizpo
hrbvyznkmd hrbvyznkmd
cynraykzum cynraykzum
sngqmldfxu sngqmldfxu
somaaudaxm somaaudaxm
feggaeevcb feggaeevcb
bnfhxmjqzg bnfhxmjqzg
tdqzbpmftq tdqzbpmftq
hyficezvgi hyficezvgi
smlsmfgyxa smlsmfgyxa
hqvifzhbmo hqvifzhbmo
lpopityrof lpopityrof
stxmhuffri stxmhuffri
wegckoctcp wegckoctcp
ajjekwybql ajjekwybql
hnnlwliezo hnnlwliezo
fnlmocuczk fnlmocuczk
