Egsmith Waltditch Wenside Burbourne Wenside Alfchester Watchavon Shaftbridge Penborne Staplake Wychbeck Wywick Burfield Wychnell Egtree Chelmden Egtree Stainbrough Nortley Wetwick Sudwich Pemlow Watchcombe Wenbeck Brackbrough Stainby Wenwold Sudtree Leathermere Sudtree Flitgrove Chelmbeck Cookford Farnsmith Wychsmith Chelmwang Hurstlow Edgey Ashdown Shaftbage Egavon Wychbourne Barnton Ashbourne Stapbeck Ashbourne Barnton Egsmith
37
Egsmith Egsmith
Waltditch Waltditch
Wenside Wenside
Burbourne Burbourne
Alfchester Alfchester
Shaftbridge Shaftbridge
Penborne Penborne
Staplake Staplake
Wychbeck Wychbeck
Wywick Wywick
Wychnell Wychnell
Chelmden Chelmden
Egtree Egtree
Stainbrough Stainbrough
Nortley Nortley
Wetwick Wetwick
Pemlow Pemlow
Wenbeck Wenbeck
Brackbrough Brackbrough
Stainby Stainby
Wenwold Wenwold
Sudtree Sudtree
Leathermere Leathermere
Flitgrove Flitgrove
Chelmbeck Chelmbeck
Cookford Cookford
Farnsmith Farnsmith
Wychsmith Wychsmith
Chelmwang Chelmwang
Edgey Edgey
Ashdown Ashdown
Shaftbage Shaftbage
Egavon Egavon
Wychbourne Wychbourne
Stapbeck Stapbeck
Ashbourne Ashbourne
Barnton Barnton
