Chelmbourne Edgwich Staintree Cookbrook Enlow Sudwich Prestey Enbage Stainside Whitover Stainside Enbage Prestey Brainbridge Sodside Wyhead Cleredon Staflow Rocktree Whitborough Horndown Whitborough Rocktree Cookbridge Rocktree Barnden Durditch Hornley Stapwold Marlton Alfwell Aldhall Alfwell Casford Stainden Prestdon Barngrove Hartbage Bracklow Pemwood Stainfield Wenden Kingsley Flitham Shrivlow Stainhall Southmere Shrivside Edglow Dartsted Clerethorne Barnside Clerethorne Stapthorne Stapmoor Barnham Alfcastle Egborne Cookton Horncester Edgchester Wenwang Sudworth Melborne Pemwold Melborne Egcastle Nortcastle Whitavon Elside Alfby Leatherlow Alfby Leatherlake Alfby Stapwell Stafthorne Waltbrook Hurstworth Rocktree Staflow Bursted Staflow Elgrove Wenborough Elgrove Chelmbourne Shaftwich Chelmbourne
60
Chelmbourne Chelmbourne
Edgwich Edgwich
Staintree Staintree
Enlow Enlow
Sudwich Sudwich
Stainside Stainside
Whitover Whitover
Enbage Enbage
Prestey Prestey
Brainbridge Brainbridge
Sodside Sodside
Wyhead Wyhead
Cleredon Cleredon
Horndown Horndown
Whitborough Whitborough
Cookbridge Cookbridge
Rocktree Rocktree
Durditch Durditch
Hornley Hornley
Marlton Marlton
Aldhall Aldhall
Alfwell Alfwell
Casford Casford
Prestdon Prestdon
Hartbage Hartbage
Bracklow Bracklow
Pemwood Pemwood
Wenden Wenden
Kingsley Kingsley
Flitham Flitham
Shrivlow Shrivlow
Stainhall Stainhall
Southmere Southmere
Shrivside Shrivside
Dartsted Dartsted
Barnside Barnside
Stapthorne Stapthorne
Stapmoor Stapmoor
Barnham Barnham
Egborne Egborne
Cookton Cookton
Horncester Horncester
Edgchester Edgchester
Wenwang Wenwang
Sudworth Sudworth
Pemwold Pemwold
Egcastle Egcastle
Whitavon Whitavon
Elside Elside
Leatherlow Leatherlow
Alfby Alfby
Leatherlake Leatherlake
Stapwell Stapwell
Waltbrook Waltbrook
Hurstworth Hurstworth
Bursted Bursted
Staflow Staflow
Elgrove Elgrove
Wenborough Wenborough
Shaftwich Shaftwich
