Soda Browning Kenilworth Bret Vermont Comstock Spring Poplar Spring Mabel Overlook Alvarado Vicente Summit Haviland Belrose Menlo Colusa Fulton Florida Muir Cutter Bancroft Menlo Burnett Acacia Domingo Acacia Shasta Addison Byron Columbia High Blake Buena Lewiston Edith Lewiston Eunice Solano Allston Heinz Greenwood Marin Madera Marin Kentucky Haste Bataan Bowditch Fresno Terrace Forest Ajax Haskell Martin Yolo Pardee Keeler Bristol Hospital Anne Arch Poppy Soda
51
Soda Soda
Browning Browning
Kenilworth Kenilworth
Bret Bret
Vermont Vermont
Comstock Comstock
Poplar Poplar
Spring Spring
Mabel Mabel
Overlook Overlook
Summit Summit
Haviland Haviland
Belrose Belrose
Colusa Colusa
Fulton Fulton
Florida Florida
Muir Muir
Cutter Cutter
Bancroft Bancroft
Menlo Menlo
Burnett Burnett
Domingo Domingo
Shasta Shasta
Addison Addison
Byron Byron
Columbia Columbia
High High
Lewiston Lewiston
Edith Edith
Eunice Eunice
Allston Allston
Heinz Heinz
Greenwood Greenwood
Marin Marin
Madera Madera
Haste Haste
Bataan Bataan
Bowditch Bowditch
Fresno Fresno
Terrace Terrace
Forest Forest
Ajax Ajax
Haskell Haskell
Martin Martin
Pardee Pardee
Keeler Keeler
Bristol Bristol
Hospital Hospital
Anne Anne
Arch Arch
Poppy Poppy
