Whitgrove Dribblecombe Bursmith Hampingworth Basditch Hampingcastle Waltbeck Cannerthorne Elside Wetsmith Elside Ciringnell Penby Stapbrough Reddingtree Eley Reddingtree Endleberey Burlake Tipstoke Fulhampton Sirenshall Hampingbascombe Wetwick Stapbrook Southbury Bassinghead Nortwell Marlcester Egsted Wethampton Faldenhall Boothingmanstree Ketchester Watchlake Tippingbage Watchlake Farndlesover Watchlake Ketchester Staplow Ketnell Toddenmoor Ketnell Chelmdenmoor Bothenton Redwich Blansbrook Fullensborne Sundlethorne Abgleham Siavon Horsnell Warsmith Falderbrough Marlbrook Wychchester Siey Redcombe Casbrook Toddenmerbrough Endingnell Toddenmerbrough Horstleover Warsmith Skellingover Candleswick Endleshall Melwood Suddenmoor Egmerhampton Suddenmoor Staincombe Suddenmoor Tippenbrook Marlbeck Enderbeck Sodport Durbrook Falderseythorne Worford Rotherlow Worford Hamscombe Skelberden Hamscombe Alfmere Leatherport Alddleringworth Reddendeney Worhall Hannersmith Shaftborough Cihead Skellenshot Wychcompwold Dribberham Bothenhall Basbage Warblestancester Tippendham Stainbrough Wendleringdown Hamwold Emmerley Bastlebury Rothendcombe Wychditch Abglewold Farnditch Ribberrenston Southmere Sundendford Chedworth Sundendford Botbeck Abcester Sifield Sundcompney Prestwick Sundcompney Dartden Cirerham Wolley Elfield Falworth Whitringlake Milthorne Rothingcombe Pemnell Penddenchester Suddingover Ellerbridge Worrenberwang Ellerbridge Boothingchester Wycastle Bootwick Todhampton Clereennell Bromstanham Sodberling Whitgrove
100
Whitgrove Whitgrove
Dribblecombe Dribblecombe
Bursmith Bursmith
Hampingworth Hampingworth
Basditch Basditch
Hampingcastle Hampingcastle
Waltbeck Waltbeck
Cannerthorne Cannerthorne
Elside Elside
Wetsmith Wetsmith
Penby Penby
Stapbrough Stapbrough
Eley Eley
Endleberey Endleberey
Tipstoke Tipstoke
Sirenshall Sirenshall
Hampingbascombe Hampingbascombe
Wetwick Wetwick
Southbury Southbury
Nortwell Nortwell
Marlcester Marlcester
Egsted Egsted
Wethampton Wethampton
Faldenhall Faldenhall
Boothingmanstree Boothingmanstree
Tippingbage Tippingbage
Watchlake Watchlake
Farndlesover Farndlesover
Ketchester Ketchester
Staplow Staplow
Toddenmoor Toddenmoor
Ketnell Ketnell
Bothenton Bothenton
Blansbrook Blansbrook
Sundlethorne Sundlethorne
Abgleham Abgleham
Siavon Siavon
Horsnell Horsnell
Marlbrook Marlbrook
Wychchester Wychchester
Siey Siey
Redcombe Redcombe
Casbrook Casbrook
Endingnell Endingnell
Horstleover Horstleover
Skellingover Skellingover
Candleswick Candleswick
Melwood Melwood
Suddenmoor Suddenmoor
Egmerhampton Egmerhampton
Staincombe Staincombe
Tippenbrook Tippenbrook
Enderbeck Enderbeck
Sodport Sodport
Durbrook Durbrook
Falderseythorne Falderseythorne
Rotherlow Rotherlow
Worford Worford
Skelberden Skelberden
Alfmere Alfmere
Leatherport Leatherport
Reddendeney Reddendeney
Worhall Worhall
Shaftborough Shaftborough
Cihead Cihead
Skellenshot Skellenshot
Wychcompwold Wychcompwold
Dribberham Dribberham
Bothenhall Bothenhall
Tippendham Tippendham
Wendleringdown Wendleringdown
Hamwold Hamwold
Emmerley Emmerley
Bastlebury Bastlebury
Rothendcombe Rothendcombe
Abglewold Abglewold
Farnditch Farnditch
Ribberrenston Ribberrenston
Southmere Southmere
Chedworth Chedworth
Sundendford Sundendford
Botbeck Botbeck
Abcester Abcester
Sifield Sifield
Prestwick Prestwick
Dartden Dartden
Wolley Wolley
Falworth Falworth
Whitringlake Whitringlake
Milthorne Milthorne
Rothingcombe Rothingcombe
Suddingover Suddingover
Ellerbridge Ellerbridge
Worrenberwang Worrenberwang
Wycastle Wycastle
Bootwick Bootwick
Todhampton Todhampton
Clereennell Clereennell
Bromstanham Bromstanham
Sodberling Sodberling
