SantaClarita Carrollton GardenGrove Victorville Shreveport Huntsville Thornton Midland FortWorth NewportNews Beaumont Thornton Yonkers Memphis Wichita Bellevue Scottsdale SiouxFalls Independence Fayetteville Fontana Worcester Garland Alexandria Lafayette Newark StPetersburg OklahomaCity LosAngeles Orlando Brownsville RanchoCucamonga Washington WestValleyCity Surprise Sunnyvale Visalia Portland Henderson FortWayne Torrance Hartford LouisvilleJefferson LongBeach Hartford Boston Ontario Omaha Allentown Pomona Stockton Indianapolis Austin PembrokePines Frisco LexingtonFa SanDiego StLouis SanDiego Waco SanDiego Paterson Chandler Akron Berkeley Stamford FortCollins Reno Concord Lubbock Carrollton SantaClarita
51
SantaClarita SantaClarita
GardenGrove GardenGrove
Victorville Victorville
Shreveport Shreveport
Huntsville Huntsville
Midland Midland
NewportNews NewportNews
Beaumont Beaumont
Yonkers Yonkers
Wichita Wichita
Bellevue Bellevue
Scottsdale Scottsdale
SiouxFalls SiouxFalls
Independence Independence
Fayetteville Fayetteville
Worcester Worcester
Garland Garland
Alexandria Alexandria
Lafayette Lafayette
Newark Newark
StPetersburg StPetersburg
OklahomaCity OklahomaCity
LosAngeles LosAngeles
Orlando Orlando
Brownsville Brownsville
RanchoCucamonga RanchoCucamonga
Washington Washington
WestValleyCity WestValleyCity
Surprise Surprise
Sunnyvale Sunnyvale
Visalia Visalia
Henderson Henderson
Hartford Hartford
LouisvilleJefferson LouisvilleJefferson
LongBeach LongBeach
Boston Boston
Ontario Ontario
Omaha Omaha
Allentown Allentown
Pomona Pomona
Stockton Stockton
Indianapolis Indianapolis
Austin Austin
PembrokePines PembrokePines
LexingtonFa LexingtonFa
StLouis StLouis
Waco Waco
Paterson Paterson
Stamford Stamford
Concord Concord
Carrollton Carrollton
