13 164 189 165 159 154 172 156 122 121 108 152 198 145 111 137 123 125 120 193 174 180 127 109 118 190 195 158 188 187 101 139 153 150 169 119 191 168 138 170 157 192 136 196 179 147 178 100 134 184 197 171 151 160 173 161 131 126 166 183 128 149 107 143 146 142 177 185 110 175 163 106 102 135 176 112 105 129 199 132 162 133 130 114 194 181 140 117 182 186 115 167 144 141 113 124 103 155 104 116 148 13
101
13 13
164 164
189 189
165 165
159 159
154 154
172 172
156 156
122 122
121 121
108 108
152 152
198 198
145 145
111 111
137 137
123 123
125 125
120 120
193 193
174 174
180 180
127 127
109 109
118 118
190 190
195 195
158 158
188 188
187 187
101 101
139 139
153 153
150 150
169 169
119 119
191 191
168 168
138 138
170 170
157 157
192 192
136 136
196 196
179 179
147 147
178 178
100 100
134 134
184 184
197 197
171 171
151 151
160 160
173 173
161 161
131 131
126 126
166 166
183 183
128 128
149 149
107 107
143 143
146 146
142 142
177 177
185 185
110 110
175 175
163 163
106 106
102 102
135 135
176 176
112 112
105 105
129 129
199 199
132 132
162 162
133 133
130 130
114 114
194 194
181 181
140 140
117 117
182 182
186 186
115 115
167 167
144 144
141 141
113 113
124 124
103 103
155 155
104 104
116 116
148 148
