SaintPaul SanJose SanDiego ChulaVista Charlotte Phoenix Durham SantaAna Pittsburgh SantaAna Durham WinstonSalem Oakland Atlanta Toledo Tampa Houston Stockton SanFrancisco Madison Louisville Memphis Honolulu Lubbock StPetersburg Henderson StPetersburg Milwaukee Columbus Glendale Hialeah OklahomaCity Bakersfield Minneapolis Lincoln JerseyCity Laredo JerseyCity Lexington Fresno Chesapeake Fresno Spokane Fresno Plano LosAngeles Austin SanAntonio Newark Scottsdale Denver Detroit Tucson Raleigh Tucson Dallas Greensboro Chandler NewOrleans KansasCity Miami Omaha Aurora FortWayne Anchorage FortWayne Albuquerque BatonRouge FortWorth LongBeach Baltimore Mesa Indianapolis SaintPaul
49
ChulaVista Cincinnati
LosAngeles ElPaso
OklahomaCity Hialeah OklahomaCity
Newark Newark
Plano Plano
Scottsdale Scottsdale
Denver Denver
Honolulu Honolulu
SanAntonio SanAntonio
Durham Durham
Lexington Lexington
FortWorth FortWorth
Henderson Henderson
Austin Austin
FortWayne FortWayne
Houston Houston
Glendale Glendale
Pittsburgh Pittsburgh
SanDiego SanDiego
Tucson Tucson
WinstonSalem WinstonSalem
SanJose SanJose
SantaAna SantaAna
Lincoln Lincoln
LongBeach LongBeach
Charlotte Charlotte
Spokane Spokane
Milwaukee Milwaukee
Atlanta Atlanta
Laredo Laredo
Chesapeake Chesapeake
Dallas Dallas
Stockton Stockton
Columbus Columbus
Memphis Memphis
JerseyCity JerseyCity
Phoenix Phoenix
StPetersburg StPetersburg
Chandler Chandler
Indianapolis Indianapolis
Lubbock Lubbock
Bakersfield Bakersfield
Tampa Tampa
Anchorage Anchorage
Raleigh Raleigh
NewOrleans NewOrleans
Aurora Aurora
Madison Madison
Baltimore Baltimore
