Chattanooga ElPaso Knoxville Berkeley Springfield Spokane Oxnard Tacoma Huntsville Fremont Honolulu SanFrancisco ElkGrove McAllen ElkGrove Savannah FortLauderdale Savannah SaltLakeCity Richmond Fayetteville FortWorth Roseville Durham Yonkers Plano Dayton Glendale Portland Worcester Fresno GrandRapids Fresno Corona Lubbock Louisville Hollywood GrandPrairie LongBeach Waco Albuquerque LosAngeles Albuquerque Cincinnati Paterson Oceanside CapeCoral LittleRock Shreveport LittleRock Phoenix Indianapolis Riverside Scottsdale Tempe Aurora Baltimore Lexington Aurora Orange Frisco KansasCity Jackson Brownsville Boston Salem Ontario TianamenSquare RanchoCucamonga Newark RanchoCucamonga Akron Hayward SantaClarita NewYork Anaheim ChulaVista Arlington SanDiego Sunnyvale Boise SanBernardino SanJose Denton Madison Joliet Madison Lincoln Fontana Pomona Buffalo Tallahassee MorenoValley Henderson Denver Clarksville Jacksonville Killeen SantaAna OklahomaCity Irvine Syracuse Irvine Norfolk Raleigh Norfolk SaintPaul Washington Chandler PortStLucie Vancouver Austin DesMoines NewportNews Alexandria NewportNews Orlando Naperville Chicago Atlanta Toledo GardenGrove Salinas Murfreesboro Charlotte Murfreesboro Salinas Bakersfield BatonRouge Detroit Olathe Mobile Midland Anchorage Surprise Carrollton Wichita Memphis SanAntonio Cleveland Chattanooga
98
Indianapolis Riverside Indianapolis
Lubbock Corona Lubbock
Yonkers Yonkers
Alexandria Alexandria
Joliet Joliet
Orlando Orlando
Lincoln Lincoln
Worcester Worcester
LittleRock LittleRock
GardenGrove GardenGrove
Aurora Aurora
DesMoines DesMoines
Surprise Surprise
Phoenix Phoenix
Knoxville Knoxville
Jacksonville Jacksonville
Oceanside Oceanside
Baltimore Baltimore
Henderson Henderson
Fremont Fremont
Memphis Memphis
SanBernardino SanBernardino
Tacoma Tacoma
Wichita Wichita
Paterson Paterson
Washington Washington
Ontario Ontario
Bakersfield Bakersfield
SantaClarita SantaClarita
Cleveland Cleveland
Brownsville Brownsville
McAllen McAllen
Charlotte Charlotte
Honolulu Honolulu
Springfield Springfield
Denton Denton
Tempe Tempe
Spokane Spokane
Glendale Glendale
Shreveport Shreveport
GrandPrairie GrandPrairie
Irvine Irvine
NewportNews NewportNews
Lexington Lexington
Olathe Olathe
SanFrancisco SanFrancisco
Scottsdale Scottsdale
Vancouver Vancouver
Murfreesboro Murfreesboro
Anchorage Anchorage
FortWorth FortWorth
Austin Austin
Raleigh Raleigh
Anaheim Anaheim
SanJose SanJose
Fayetteville Fayetteville
Cincinnati Cincinnati
Oxnard Oxnard
Durham Durham
ChulaVista ChulaVista
SantaAna SantaAna
SaintPaul SaintPaul
FortLauderdale FortLauderdale
ElPaso ElPaso
Syracuse Syracuse
Madison Madison
GrandRapids GrandRapids
NewYork NewYork
CapeCoral CapeCoral
Louisville Louisville
Hayward Hayward
Buffalo Buffalo
BatonRouge BatonRouge
Boston Boston
Boise Boise
Waco Waco
Chicago Chicago
SanAntonio SanAntonio
KansasCity KansasCity
Richmond Richmond
Tallahassee Tallahassee
Salem Salem
Midland Midland
LosAngeles LosAngeles
Fontana Fontana
Berkeley Berkeley
PortStLucie PortStLucie
Plano Plano
Orange Orange
Newark Newark
Toledo Toledo
Naperville Naperville
Jackson Jackson
Akron Akron
Pomona Pomona
Frisco Frisco
SanDiego SanDiego
Savannah Savannah
