FortCollins Hollywood Grayslake Bremerton Allentown Detroit Corona AppleValley CedarRapids Lorain Bradenton Bridgeport McAllen Chicago Clearwater Evansville Danbury Eugene BoiseCity Henderson Manchester Atlanta Leominster Fargo Charleston Baltimore BonitaSprings Lewisville Cary Irving Lacey Brighton Fremont Cincinnati Bakersfield AnnArbor Berkeley ElMonte Berkeley DavidsonCounty KansasCity CapeCoral Carrollton Frederick Hampton Lafayette Lakewood Alexandria Amarillo FortWaltonBeach Elizabeth Akron Knoxville Hemet ElPaso Boise CollegeStation Lakeland Bellevue Independence Arlington Anaheim Kennewick LasVegas Austin Cleveland LasVegas Layton Denver Layton ColoradoSprings Bloomington DesMoines Chandler LittleRock Greensboro Abilene Dallas Marysville Aberdeen Barnstable Louisville Lubbock Inglewood Hickory Albuquerque Davenport Arvada Erie Lancaster Anchorage Lancaster Fairfield Joliet LasCruces Augusta Gilbert Jacksonville Charlotte Kalamazoo Fresno Houston Beaumont Bethlehem Beaumont Houston DalyCity Fayetteville Brownsville Appleton HavredeGrace Indianapolis Garland GrandRapids Irvine Harrisburg Fontana Champaign Elkhart FortCollins
100
Arlington Harlingen
Marysville Jefferson
HavredeGrace Burbank
Aberdeen Aberdeen
Abilene Abilene
Akron Akron
Albuquerque Albuquerque
Alexandria Alexandria
Allentown Allentown
Amarillo Amarillo
Anaheim Anaheim
Anchorage Anchorage
AnnArbor AnnArbor
AppleValley AppleValley
Appleton Appleton
Arvada Arvada
Atlanta Atlanta
Augusta Augusta
Austin Austin
Bakersfield Bakersfield
Baltimore Baltimore
Barnstable Barnstable
Beaumont Beaumont
Bellevue Bellevue
Berkeley Berkeley
Bethlehem Bethlehem
Boise Boise
BoiseCity BoiseCity
BonitaSprings BonitaSprings
Bradenton Bradenton
Bremerton Bremerton
Brighton Brighton
Brownsville Brownsville
CapeCoral CapeCoral
Carrollton Carrollton
Cary Cary
CedarRapids CedarRapids
Champaign Champaign
Chandler Chandler
Chicago Chicago
Cleveland Cleveland
CollegeStation CollegeStation
ColoradoSprings ColoradoSprings
Dallas Dallas
DalyCity DalyCity
Danbury Danbury
DavidsonCounty DavidsonCounty
Denver Denver
DesMoines DesMoines
Detroit Detroit
ElMonte ElMonte
ElPaso ElPaso
Elizabeth Elizabeth
Elkhart Elkhart
Erie Erie
Eugene Eugene
Evansville Evansville
Fairfield Fairfield
Fargo Fargo
Fayetteville Fayetteville
Fontana Fontana
FortCollins FortCollins
FortWaltonBeach FortWaltonBeach
Frederick Frederick
Fremont Fremont
Fresno Fresno
Garland Garland
Gilbert Gilbert
GrandRapids GrandRapids
Grayslake Grayslake
Hampton Hampton
Harrisburg Harrisburg
Hemet Hemet
Henderson Henderson
Hickory Hickory
Hollywood Hollywood
Houston Houston
Independence Independence
Indianapolis Indianapolis
Inglewood Inglewood
Irvine Irvine
Irving Irving
Jacksonville Jacksonville
Joliet Joliet
Kalamazoo Kalamazoo
Kennewick Kennewick
Knoxville Knoxville
Lacey Lacey
Lafayette Lafayette
Lakeland Lakeland
Lakewood Lakewood
Lancaster Lancaster
LasCruces LasCruces
Layton Layton
Leominster Leominster
LittleRock LittleRock
Lorain Lorain
Louisville Louisville
Lubbock Lubbock
Manchester Manchester
