CorpusChristi CapeCoral CorpusChristi Downey Alexandria BonitaSprings Dallas Bridgeport Chicago Appleton Chicago Denton Bremerton CathedralCity Anaheim Champaign Elkhart BelAir Anchorage Deltona Bryan Clearwater Boulder Bradenton DalyCity Akron ElPaso Cincinnati Amarillo Boise Chattanooga Escondido Aurora Augusta BatonRouge Chesapeake Durham Asheville Austin Detroit Columbus Albuquerque Arvada Elizabeth Buffalo Bloomington Buffalo Columbia Brownsville Cleveland BoiseCity Danbury DavidsonCounty Chandler AppleValley Denver Burbank ElMonte CorpusChristi
48
Bradenton Canton Charleston
DavidsonCounty ColoradoSprings
Detroit Beaumont
Buffalo Carrollton Davenport
Akron Akron
Albuquerque Albuquerque
Alexandria Alexandria
Amarillo Amarillo
Anaheim Anaheim
AppleValley AppleValley
Appleton Appleton
Arvada Arvada
Asheville Asheville
Augusta Augusta
Austin Austin
BelAir BelAir
Bloomington Bloomington
BoiseCity BoiseCity
BonitaSprings BonitaSprings
Boulder Boulder
Bremerton Bremerton
Bridgeport Bridgeport
Brownsville Brownsville
Bryan Bryan
CapeCoral CapeCoral
CathedralCity CathedralCity
Champaign Champaign
Chandler Chandler
Chattanooga Chattanooga
Chicago Chicago
Cincinnati Cincinnati
Clearwater Clearwater
Columbia Columbia
Columbus Columbus
CorpusChristi CorpusChristi
Dallas Dallas
DalyCity DalyCity
Danbury Danbury
Deltona Deltona
Denton Denton
Denver Denver
Downey Downey
Durham Durham
ElMonte ElMonte
ElPaso ElPaso
Elizabeth Elizabeth
Elkhart Elkhart
Escondido Escondido
