152 2 78 123 170 123 78 154 51 172 51 180 130 94 151 143 24 163 91 150 149 41 90 116 165 134 139 65 144 6 38 13 42 28 142 87 36 169 140 105 74 21 92 21 73 168 111 31 112 115 54 115 129 58 186 12 104 121 157 160 175 160 45 79 27 97 68 56 161 4 113 5 182 5 125 181 102 82 53 82 69 126 37 101 184 7 96 85 14 8 136 108 89 60 145 62 0 95 35 166 81 9 183 153 50 75 152
71
68 171 66
81 166 81
31 31
142 142
28 28
97 97
116 116
89 89
105 105
79 79
169 169
157 157
170 170
45 45
112 112
56 56
134 134
172 172
37 37
9 9
175 175
163 163
41 41
35 35
95 95
111 111
139 139
78 78
165 165
143 143
73 73
12 12
58 58
50 50
92 92
87 87
85 85
149 149
5 5
130 130
182 182
121 121
168 168
60 60
27 27
183 183
90 90
65 65
96 96
145 145
126 126
113 113
13 13
42 42
94 94
136 136
184 184
180 180
144 144
53 53
181 181
151 151
2 2
153 153
101 101
54 54
8 8
38 38
75 75
51 51
0 0
