10 92 15 53 30 52 30 35 64 65 26 96 26 64 35 84 0 3 70 34 71 3 74 24 45 72 41 87 51 87 86 50 4 57 9 56 91 31 79 48 42 80 19 8 60 93 61 6 97 66 40 67 13 46 76 77 43 62 94 95 63 2 82 83 82 2 90 55 54 89 23 21 69 68 15 59 10 58 10
46
72 73 72
24 75
30 88
42 81
67 98 67
84 85 84
48 78
50 50
51 51
52 52
53 53
54 54
55 55
56 56
57 57
58 58
59 59
60 60
61 61
62 62
63 63
64 64
65 65
66 66
68 68
69 69
70 70
71 71
74 74
76 76
77 77
79 79
80 80
82 82
83 83
86 86
87 87
89 89
90 90
91 91
92 92
93 93
94 94
95 95
96 96
97 97
