0 2 5 12 26 54 110 54 26 53 107 53 108 53 26 12 25 51 103 51 104 51 25 52 106 52 105 52 25 12 5 11 24 50 101 50 102 50 24 49 99 199 99 49 100 49 24 11 23 47 95 191 95 192 95 47 96 193 96 194 96 47 23 48 98 198 98 197 98 48 97 195 97 196 97 48 23 11 5 2 6 13 28 57 116 57 28 58 117 58 118 58 28 57 115 57 28 13 27 56 113 56 114 56 27 55 111 55 112 55 27 13 6 14 29 59 120 59 29 60 122 60 121 60 29 59 119 59 29 14 30 61 124 61 30 62 126 62 125 62 30 14 6 2 0 1 3 7 15 32 66 133 66 134 66 32 65 132 65 131 65 32 15 31 63 127 63 31 64 129 64 130 64 31 15 7 16 33 67 136 67 135 67 33 68 137 68 138 68 33 16 34 70 141 70 142 70 34 69 139 69 140 69 34 16 7 3 8 18 38 77 156 77 155 77 38 18 37 75 151 75 152 75 37 76 154 76 153 76 37 18 38 78 157 78 158 78 38 18 8 17 36 73 148 73 147 73 36 74 149 74 150 74 36 17 35 72 145 72 35 71 143 71 35 72 146 72 35 17 8 3 1 4 9 19 40 81 164 81 163 81 40 82 165 82 166 82 40 19 39 80 161 80 162 80 39 79 160 79 159 79 39 19 9 20 42 86 174 86 173 86 42 85 172 85 171 85 42 20 41 84 169 84 170 84 41 83 168 83 41 20 9 4 10 22 45 91 184 91 45 92 185 92 186 92 45 22 46 94 189 94 190 94 46 93 188 93 187 93 46 22 10 21 44 90 181 90 182 90 44 89 180 89 179 89 44 21 43 87 175 87 176 87 43 88 178 88 177 88 43 21 10 4 1 0
100
71 144
54 109
91 183
61 123
63 128
83 167
100 100
101 101
102 102
103 103
104 104
105 105
106 106
107 107
108 108
110 110
111 111
112 112
113 113
114 114
115 115
116 116
117 117
118 118
119 119
120 120
121 121
122 122
124 124
125 125
126 126
127 127
129 129
130 130
131 131
132 132
133 133
134 134
135 135
136 136
137 137
138 138
139 139
140 140
141 141
142 142
143 143
145 145
146 146
147 147
148 148
149 149
150 150
151 151
152 152
153 153
154 154
155 155
156 156
157 157
158 158
159 159
160 160
161 161
162 162
163 163
164 164
165 165
166 166
168 168
169 169
170 170
171 171
172 172
173 173
174 174
175 175
176 176
177 177
178 178
179 179
180 180
181 181
182 182
184 184
185 185
186 186
187 187
188 188
189 189
190 190
191 191
192 192
193 193
194 194
195 195
196 196
197 197
198 198
199 199
