2 78 63 78 79 81 3 81 79 16 40 16 76 35 25 6 98 72 5 72 7 84 96 89 30 89 24 31 24 43 38 44 10 15 74 56 88 4 88 22 83 13 77 50 6 87 41 65 17 70 28 42 69 60 0 60 69 61 34 20 18 71 18 23 68 59 90 62 29 11 29 14 86 12 19 94 19 47 58 47 66 49 1 78 2 67 2
49
0 60 0
25 25
44 44
13 13
29 29
98 98
58 58
17 17
63 63
28 28
16 16
69 69
61 61
62 62
59 59
67 67
30 30
42 42
31 31
4 4
3 3
10 10
14 14
94 94
5 5
38 38
86 86
83 83
66 66
40 40
7 7
72 72
11 11
65 65
41 41
50 50
23 23
81 81
88 88
74 74
70 70
47 47
24 24
35 35
1 1
71 71
76 76
34 34
96 96
