5 94 39 92 39 94 20 11 36 62 50 134 116 138 61 113 118 56 195 68 133 34 62 123 40 155 96 175 96 155 168 84 162 52 121 157 121 34 9 34 133 186 189 103 189 77 143 77 196 184 85 86 44 86 70 26 35 135 35 188 110 53 199 166 32 166 122 48 46 154 187 74 170 136 117 83 104 171 112 10 112 82 129 146 129 27 174 101 1 99 161 179 78 100 192 119 71 178 91 150 130 64 37 177 18 190 16 74 31 74 191 194 51 183 69 138 55 102 158 80 158 45 14 45 47 43 119 67 41 67 119 15 156 76 81 19 151 109 152 58 109 75 66 17 105 25 30 65 180 28 149 90 159 90 2 140 164 29 193 165 173 165 63 165 42 137 33 4 5
98
69 138 69 153
175 22
10 10
194 194
1 1
100 100
47 47
28 28
178 178
133 133
171 171
14 14
85 85
2 2
91 91
48 48
33 33
122 122
76 76
32 32
187 187
146 146
37 37
96 96
199 199
135 135
174 174
39 39
140 140
53 53
67 67
25 25
103 103
177 177
9 9
193 193
104 104
105 105
31 31
168 168
26 26
162 162
50 50
16 16
116 116
75 75
46 46
164 164
34 34
137 137
20 20
157 157
63 63
152 152
180 180
123 123
196 196
52 52
192 192
43 43
143 143
71 71
102 102
61 61
44 44
189 189
158 158
11 11
170 170
81 81
92 92
83 83
101 101
55 55
188 188
51 51
156 156
151 151
80 80
64 64
110 110
99 99
183 183
159 159
42 42
173 173
18 18
184 184
17 17
154 154
41 41
179 179
77 77
58 58
149 149
68 68
56 56
78 78
