114 78 161 19 119 69 22 111 60 140 177 110 65 5 37 127 171 93 135 187 53 95 154 182 188 81 100 98 67 91 28 85 199 51 173 175 74 29 0 191 25 76 10 133 63 18 26 47 92 108 62 149 45 35 1 117 75 109 143 105 66 178 21 181 148 42 131 59 89 198 197 39 197 43 125 70 132 12 132 130 176 183 146 169 87 38 84 192 36 179 24 32 147 167 96 7 3 4 3 103 122 31 124 141 14 33 48 15 112 166 150 174 94 102 170 49 114
94
127 155 127
5 41 5
37 115 37
154 164 154
130 16
176 183 176
149 35 149
110 134
65 196
60 195
174 174
78 78
188 188
199 199
102 102
21 21
167 167
75 75
170 170
51 51
175 175
103 103
7 7
166 166
42 42
182 182
49 49
111 111
12 12
33 33
148 148
24 24
26 26
146 146
4 4
63 63
10 10
66 66
0 0
15 15
173 173
112 112
169 169
105 105
133 133
131 131
171 171
1 1
28 28
187 187
98 98
117 117
18 18
67 67
92 92
147 147
69 69
135 135
74 74
100 100
84 84
96 96
95 95
108 108
76 76
91 91
43 43
161 161
81 81
31 31
14 14
62 62
109 109
3 3
114 114
93 93
89 89
36 36
177 177
124 124
53 53
32 32
181 181
87 87
150 150
59 59
38 38
94 94
29 29
47 47
70 70
119 119
191 191
197 197
