Liam Evan Jude Jace Jude Zachary Hunter Isaiah Hunter Thomas Emmett Xavier Ryan Nolan Logan Nolan Elijah Adrian Elijah Nolan Miles Luke Finn Jacob Finn Kevin Nathan Connor Jasper Elliot Brody David Brody Christian Hayden Austin Rowan Theodore Ayden Giovanni Robert Joseph Maximus Dominic Victor Gabriel Cameron Caleb Elliott Carter Santiago Kaleb Elias Kaleb Isaac James Steven Sawyer Eli Tyler Marcus Parker Marcus Waylon Jaxon King Matthew John Asher Brayden Jonathan Preston Richard Aiden Tucker Charles Mason Charles Tucker Aiden Mateo Miguel Amir Aaron Michael Aaron Chase Greyson Eric Messiah Weston Jaxson Angel Anthony Maxwell Grayson Alexander Leo Bryson Malachi Adam Colton Adam Malachi Henry Malachi Edward Sebastian Edward Wyatt Gael Dawson Alejandro Ian Alejandro Dawson Oscar Levi Oscar Xander Maddox Ezekiel Jeremiah Ezekiel Ezra Jose Ezra Jackson Braxton Silas Nicholas Daniel Jameson Benjamin Jameson Hudson Ivan Juan Ethan Brantley Kai Christopher Kai Carson Kai Justin Josiah Julian Josiah Justin Bennett Landon William Beau Dean Patrick Oliver Andrew Dylan Lincoln Max Grant Antonio Owen Antonio Grant Max Jayden Bentley Camden Maverick Noah Lucas Joshua Jack Jordan Liam
88
Asher Brayden Asher
Lucas Joshua Lucas
Grant Cooper
Richard Easton
Eric Samuel
Liam Liam
Noah Noah
William William
James James
Logan Logan
Benjamin Benjamin
Mason Mason
Elijah Elijah
Oliver Oliver
Jacob Jacob
Michael Michael
Alexander Alexander
Ethan Ethan
Daniel Daniel
Matthew Matthew
Henry Henry
Joseph Joseph
Jackson Jackson
Sebastian Sebastian
David David
Carter Carter
Wyatt Wyatt
Jayden Jayden
John John
Owen Owen
Dylan Dylan
Luke Luke
Gabriel Gabriel
Anthony Anthony
Isaac Isaac
Grayson Grayson
Jack Jack
Julian Julian
Levi Levi
Christopher Christopher
Andrew Andrew
Lincoln Lincoln
Mateo Mateo
Ryan Ryan
Jaxon Jaxon
Nathan Nathan
Aaron Aaron
Isaiah Isaiah
Thomas Thomas
Charles Charles
Caleb Caleb
Josiah Josiah
Christian Christian
Hunter Hunter
Eli Eli
Jonathan Jonathan
Connor Connor
Landon Landon
Adrian Adrian
Cameron Cameron
Leo Leo
Theodore Theodore
Jeremiah Jeremiah
Hudson Hudson
Robert Robert
Nolan Nolan
Nicholas Nicholas
Ezra Ezra
Colton Colton
Angel Angel
Jordan Jordan
Dominic Dominic
Austin Austin
Ian Ian
Adam Adam
Elias Elias
Jaxson Jaxson
Greyson Greyson
Jose Jose
Ezekiel Ezekiel
Carson Carson
Evan Evan
Maverick Maverick
Bryson Bryson
Jace Jace
Xavier Xavier
Parker Parker
Aiden Aiden
