0 20 53 15 150 92 182 59 115 59 89 83 189 177 33 17 78 6 51 183 44 183 120 98 90 28 84 121 9 194 94 82 113 11 85 62 75 29 43 76 97 27 105 67 116 60 116 130 64 73 122 95 3 88 10 8 35 42 99 32 99 47 87 49 77 188 14 38 25 61 1 91 40 57 141 7 184 39 18 72 22 163 69 41 30 55 193 80 54 16 96 100 24 56 65 21 123 81 58 71 52 74 19 153 50 93 26 37 68 180 23 180 149 45 176 66 2 46 48 179 34 4 31 5 173 63 13 86 36 12 79 20 0
98
90 28 90
4 31 4
182 70
66 66
93 93
36 36
74 74
22 22
99 99
62 62
43 43
41 41
77 77
50 50
58 58
60 60
15 15
49 49
45 45
95 95
1 1
44 44
75 75
18 18
96 96
37 37
67 67
76 76
79 79
38 38
92 92
29 29
19 19
71 71
27 27
73 73
34 34
7 7
17 17
63 63
0 0
47 47
97 97
40 40
84 84
61 61
20 20
85 85
80 80
98 98
53 53
72 72
52 52
46 46
78 78
30 30
89 89
57 57
35 35
23 23
82 82
32 32
25 25
91 91
54 54
48 48
10 10
56 56
83 83
55 55
33 33
81 81
86 86
2 2
51 51
94 94
6 6
8 8
24 24
87 87
9 9
12 12
14 14
39 39
16 16
65 65
42 42
11 11
3 3
69 69
26 26
13 13
88 88
68 68
64 64
21 21
5 5
59 59
