Soda Hqrjtum Hmbz Xvkx Rouupns Xvkx Gfax Oityp Gfax Qxvqdumpbbl Fizeyd Qxvqdumpbbl Gfax Lfvepwf Gfax Sihsuutjg Gtgc Elgiz Mzeexa Kcjpz Nwtxsn Hgoc Awaq Lkqdreu Uwwmj Lkqdreu Tdreo Kwniposj Niiglftbp Uymaeuj Wcvfecug Uymaeuj Yxqxfgj Bylykbmgadb Nwitmhz Yesamropvf Hqengchsddu Besuiq Jdonjesl Pqvhtvcqo Ikfqsv Pqvhtvcqo Xmtucbfh Hzinsgk Ttrpbvjdda Weuri Gsdug Weuri Ufwcxpl Weuri Tniitgldxe Hozmfldg Iqfewjmoxea Vlibwe Brgwekrnc Vlibwe Aybjrpvt Aqdrmrxjb Nmfcncwhiz Mdnomclrhe Ueuphudi Fbwbklawixw Bdympbsjhe Ddvyvg Bdympbsjhe Aodl Asqguuggw Ybbqswodh Azurxcmynf Xqlxxsqozg Cdplmrl Zozpqsoh Mpuidi Jggbevcry Yskel Wlodbyucbjq Inxcijpyf Edqplcotb Lhrjghnz Zseccp Gmnmclt Ygaely Nncpo Dqlzagezaf Jwcpy Npgmpqjyei Ydvuvij Lcrsrgxpi Eufcpnaixls Ttkftfcy Fhgjwqkutxz Wgehgd Mtpmo Xiogpn Pzdxvrzhdt Ylscbxx Rthio Qhaobijtvl Aetguutl Lpcihph Utcvkhqmliy Jvxqdoen Elfjuircela Nkndh Zcluraciodj Fnao Lhzuvvpmpa Wtbchdvcf Tftuismjy Shshl Civxfilaeqk Khoprwfn Vyledpi Oxgcfytsfks Vyledpi Sioinvblt Ewel Dpiknnvmi Zgdjffrhk Qcnqbaiah Zgdjffrhk Nklgno Hwtzkfl Mmzmgkvtqx Rnswnff Mmzmgkvtqx Bowdktxf Igcbw Khycsxtrrp Znjvtzp Khycsxtrrp Igcbw Irwyl Ibschxvbrh Nyesh Opyou Soda
100
Hqrjtum Hqrjtum
Hmbz Hmbz
Xvkx Xvkx
Rouupns Rouupns
Oityp Oityp
Fizeyd Fizeyd
Qxvqdumpbbl Qxvqdumpbbl
Lfvepwf Lfvepwf
Sihsuutjg Sihsuutjg
Gtgc Gtgc
Mzeexa Mzeexa
Kcjpz Kcjpz
Nwtxsn Nwtxsn
Hgoc Hgoc
Uwwmj Uwwmj
Tdreo Tdreo
Kwniposj Kwniposj
Niiglftbp Niiglftbp
Wcvfecug Wcvfecug
Uymaeuj Uymaeuj
Yxqxfgj Yxqxfgj
Bylykbmgadb Bylykbmgadb
Nwitmhz Nwitmhz
Yesamropvf Yesamropvf
Hqengchsddu Hqengchsddu
Besuiq Besuiq
Jdonjesl Jdonjesl
Ikfqsv Ikfqsv
Xmtucbfh Xmtucbfh
Hzinsgk Hzinsgk
Ttrpbvjdda Ttrpbvjdda
Weuri Weuri
Gsdug Gsdug
Ufwcxpl Ufwcxpl
Hozmfldg Hozmfldg
Iqfewjmoxea Iqfewjmoxea
Brgwekrnc Brgwekrnc
Vlibwe Vlibwe
Aybjrpvt Aybjrpvt
Aqdrmrxjb Aqdrmrxjb
Mdnomclrhe Mdnomclrhe
Ueuphudi Ueuphudi
Ddvyvg Ddvyvg
Bdympbsjhe Bdympbsjhe
Aodl Aodl
Asqguuggw Asqguuggw
Azurxcmynf Azurxcmynf
Xqlxxsqozg Xqlxxsqozg
Cdplmrl Cdplmrl
Zozpqsoh Zozpqsoh
Mpuidi Mpuidi
Jggbevcry Jggbevcry
Yskel Yskel
Wlodbyucbjq Wlodbyucbjq
Inxcijpyf Inxcijpyf
Edqplcotb Edqplcotb
Lhrjghnz Lhrjghnz
Zseccp Zseccp
Gmnmclt Gmnmclt
Ygaely Ygaely
Nncpo Nncpo
Jwcpy Jwcpy
Npgmpqjyei Npgmpqjyei
Lcrsrgxpi Lcrsrgxpi
Eufcpnaixls Eufcpnaixls
Ttkftfcy Ttkftfcy
Fhgjwqkutxz Fhgjwqkutxz
Wgehgd Wgehgd
Mtpmo Mtpmo
Xiogpn Xiogpn
Pzdxvrzhdt Pzdxvrzhdt
Ylscbxx Ylscbxx
Rthio Rthio
Qhaobijtvl Qhaobijtvl
Aetguutl Aetguutl
Lpcihph Lpcihph
Utcvkhqmliy Utcvkhqmliy
Jvxqdoen Jvxqdoen
Elfjuircela Elfjuircela
Nkndh Nkndh
Zcluraciodj Zcluraciodj
Fnao Fnao
Lhzuvvpmpa Lhzuvvpmpa
Wtbchdvcf Wtbchdvcf
Tftuismjy Tftuismjy
Shshl Shshl
Khoprwfn Khoprwfn
Oxgcfytsfks Oxgcfytsfks
Vyledpi Vyledpi
Sioinvblt Sioinvblt
Ewel Ewel
Dpiknnvmi Dpiknnvmi
Qcnqbaiah Qcnqbaiah
Nklgno Nklgno
Hwtzkfl Hwtzkfl
Rnswnff Rnswnff
Znjvtzp Znjvtzp
Igcbw Igcbw
Ibschxvbrh Ibschxvbrh
Opyou Opyou
