0 18 13 21 13 117 89 81 37 48 139 97 4 25 79 66 90 45 44 65 102 73 112 30 91 109 10 56 7 68 71 187 43 93 111 193 38 53 69 72 64 26 47 42 77 28 46 33 58 62 76 20 105 51 32 185 35 36 5 99 34 12 19 154 133 15 61 115 54 84 88 83 95 83 134 59 87 17 70 1 198 63 86 161 39 29 142 27 41 94 40 92 24 100 67 177 16 6 96 22 75 151 52 78 144 49 60 114 3 0
88
93 93
61 9 61
90 45 90
21 82 21 13
15 23 15
133 31
64 72 64
177 74
109 50
52 55 52
193 80
4 25 4
114 2
117 85
43 11 43
40 14 40
105 8
87 98 87
29 57 29
33 33
69 69
46 46
59 59
6 6
68 68
77 77
81 81
44 44
56 56
3 3
39 39
10 10
92 92
76 76
83 83
70 70
94 94
27 27
53 53
37 37
5 5
65 65
0 0
22 22
49 49
32 32
41 41
36 36
17 17
73 73
18 18
19 19
58 58
60 60
67 67
62 62
66 66
84 84
63 63
7 7
88 88
96 96
12 12
28 28
48 48
51 51
89 89
26 26
34 34
86 86
99 99
24 24
91 91
95 95
97 97
20 20
47 47
42 42
54 54
78 78
79 79
75 75
35 35
16 16
38 38
71 71
30 30
1 1
