0 24 54 118 160 10 160 149 114 2 30 7 172 80 120 79 158 102 86 94 58 148 62 196 39 6 61 104 29 36 139 46 8 87 101 123 12 18 106 167 130 124 190 74 184 131 50 192 194 60 14 32 82 136 138 161 108 89 26 152 198 134 198 166 156 4 90 78 72 40 109 44 140 176 180 110 180 56 92 68 103 52 151 34 88 142 188 178 21 178 22 69 38 162 182 116 174 150 76 28 122 155 20 70 20 64 170 146 97 48 84 96 11 16 163 168 100 126 132 24 0
97
11 112
18 42 18
32 128 32
101 144
138 186 138
79 98
149 66
61 164
167 154
0 0
2 2
4 4
6 6
8 8
10 10
12 12
14 14
16 16
20 20
22 22
24 24
26 26
28 28
30 30
34 34
36 36
38 38
44 44
46 46
48 48
50 50
52 52
54 54
56 56
58 58
60 60
62 62
64 64
68 68
70 70
72 72
74 74
76 76
78 78
80 80
82 82
84 84
86 86
88 88
90 90
92 92
94 94
96 96
100 100
102 102
104 104
106 106
108 108
110 110
114 114
116 116
118 118
120 120
122 122
124 124
126 126
130 130
132 132
134 134
136 136
140 140
142 142
146 146
148 148
150 150
152 152
156 156
158 158
162 162
166 166
168 168
170 170
172 172
174 174
176 176
180 180
182 182
184 184
188 188
190 190
192 192
194 194
196 196
198 198
40 40
160 160
178 178
