qgyqjgwlbh ajjekwybql wegckoctcp stxmhuffri lpopityrof hqvifzhbmo smlsmfgyxa asnktvjywk tdqzbpmftq bnfhxmjqzg feggaeevcb ekdcatpuui sngqmldfxu cynraykzum kmwsevkfov gdtsmzpvig rzgfaqookt atkqvymdax dzokhkbjld vvurcgizpo aruweadnpf yfvfzingng kgewtltijq djtmyhmwnn wmeeitskjx sqlbmrxpwv bzcpozsody lgwqodunqt ntlhpzyidk sgizgtdhhn culutarzsm sthbsdqlwm xpcqolcpnf ysndikwwgh tjcamfqmxd tvrzrioagg fdbzjhgcmh cddppqxsmb qlieaqyzel epsflirloq gqulqjeire fwzkdpfinn npffaineub iznialmand bvwklxlwsa fnlmocuczk qgyqjgwlbh
43
aruweadnpf aruweadnpf
djtmyhmwnn wmeeitskjx djtmyhmwnn
bzcpozsody uyirsvqblu bzcpozsody
yfvfzingng hpbkyqcejb yfvfzingng
asnktvjywk hyficezvgi
dzokhkbjld hrbvyznkmd
ekdcatpuui somaaudaxm
wegckoctcp wegckoctcp
gqulqjeire czgfnbovhq gqulqjeire
ajjekwybql hnnlwliezo ajjekwybql
sqlbmrxpwv sqlbmrxpwv
culutarzsm culutarzsm
ntlhpzyidk ntlhpzyidk
xpcqolcpnf xpcqolcpnf
cddppqxsmb cddppqxsmb
tvrzrioagg tvrzrioagg
gdtsmzpvig gdtsmzpvig
fnlmocuczk fnlmocuczk
sngqmldfxu sngqmldfxu
bvwklxlwsa bvwklxlwsa
feggaeevcb feggaeevcb
sgizgtdhhn sgizgtdhhn
lgwqodunqt lgwqodunqt
bnfhxmjqzg bnfhxmjqzg
tdqzbpmftq tdqzbpmftq
kmwsevkfov kmwsevkfov
npffaineub npffaineub
sthbsdqlwm sthbsdqlwm
kgewtltijq kgewtltijq
rzgfaqookt rzgfaqookt
iznialmand iznialmand
fwzkdpfinn fwzkdpfinn
vvurcgizpo vvurcgizpo
ysndikwwgh ysndikwwgh
smlsmfgyxa smlsmfgyxa
atkqvymdax atkqvymdax
stxmhuffri stxmhuffri
tjcamfqmxd tjcamfqmxd
cynraykzum cynraykzum
hqvifzhbmo hqvifzhbmo
qlieaqyzel qlieaqyzel
lpopityrof lpopityrof
fdbzjhgcmh fdbzjhgcmh
