0 169 102 65 180 171 8 33 170 80 44 135 99 87 48 77 51 145 172 153 35 74 173 94 120 148 112 60 155 168 199 97 75 82 191 76 58 114 140 149 64 162 167 69 124 73 71 67 18 139 103 46 174 136 83 19 56 38 85 92 154 106 96 91 123 197 93 178 49 175 134 117 158 131 3 26 133 13 47 88 181 32 42 90 25 141 188 161 105 52 113 132 143 119 195 177 15 55 17 0
98
169 169
102 102
65 65
180 180
171 171
8 8
33 33
170 170
80 80
44 44
135 135
99 99
87 87
48 48
77 77
51 51
145 145
172 172
153 153
35 35
74 74
173 173
94 94
120 120
148 148
112 112
60 60
155 155
168 168
199 199
97 97
75 75
82 82
191 191
76 76
58 58
114 114
140 140
149 149
64 64
162 162
167 167
69 69
124 124
73 73
71 71
67 67
18 18
139 139
103 103
46 46
174 174
136 136
83 83
19 19
56 56
38 38
85 85
92 92
154 154
106 106
96 96
91 91
123 123
197 197
93 93
178 178
49 49
175 175
134 134
117 117
158 158
131 131
3 3
26 26
133 133
13 13
47 47
88 88
181 181
32 32
42 42
90 90
25 25
141 141
188 188
161 161
105 105
52 52
113 113
132 132
143 143
119 119
195 195
177 177
15 15
55 55
17 17
