0 49 22 49 0 38 0 26 0 20 0 11 45 12 45 40 4 40 45 5 7 5 51 42 23 16 77 10 14 30 71 1 41 15 41 47 27 47 34 69 17 69 48 69 60 44 37 29 98 32 98 37 9 43 9 18 33 18 35 18 78 25 6 25 78 85 13 3 2 19 28 96 31 96 8 86 39 54 21 54 97 46 24 97 36 74 0
50
0 0
49 49
22 22
38 38
26 26
20 20
11 11
12 12
40 40
4 4
45 45
5 5
7 7
42 42
23 23
16 16
10 10
14 14
30 30
1 1
15 15
41 41
27 27
47 47
34 34
17 17
48 48
44 44
29 29
32 32
37 37
43 43
9 9
33 33
18 18
35 35
6 6
25 25
13 13
3 3
2 2
19 19
28 28
31 31
8 8
39 39
21 21
46 46
24 24
36 36
