69 7 36 127 101 7 135 8 77 8 100 8 194 53 50 24 119 26 117 27 149 158 59 113 193 51 0 188 0 162 6 80 81 74 166 63 106 71 72 165 112 146 11 104 11 97 147 197 12 195 185 58 198 3 133 190 171 110 99 14 148 16 90 13 2 150 83 160 2 132 192 121 5 33 191 82 4 186 44 4 134 37 52 30 1 128 31 1 64 118 1 87 46 170 25 56 131 115 69
80
8 163
36 36
186 186
148 148
30 30
194 194
131 131
115 115
147 147
5 5
118 118
198 198
74 74
71 71
112 112
165 165
193 193
146 146
99 99
97 97
63 63
113 113
24 24
33 33
128 128
160 160
83 83
51 51
106 106
133 133
58 58
166 166
191 191
37 37
25 25
77 77
46 46
87 87
101 101
53 53
192 192
52 52
26 26
14 14
64 64
127 127
50 50
188 188
2 2
100 100
72 72
80 80
31 31
56 56
132 132
117 117
44 44
197 197
59 59
119 119
171 171
158 158
90 90
16 16
135 135
11 11
121 121
1 1
195 195
134 134
27 27
104 104
81 81
149 149
185 185
190 190
150 150
110 110
162 162
82 82
