99 176 102 58 149 154 122 48 26 199 39 199 42 74 166 84 160 120 171 120 55 46 27 116 117 187 68 187 163 107 94 107 49 123 49 125 49 10 49 126 81 9 81 158 81 100 69 173 69 83 69 25 69 82 31 104 130 104 169 177 0 162 53 37 180 23 78 21 5 23 165 64 59 113 124 113 51 113 114 113 30 138 20 138 170 113 148 16 190 16 17 16 97 43 66 43 56 43 18 7 111 45 41 45 185 137 150 137 186 85 127 85 174 96 132 96 157 119 157 172 157 168 86 181 86 146 71 112 71 192 2 63 2 40 2 47 8 135 61 54 129 28 129 29 88 108 106 159 131 105 92 52 22 52 103 52 167 76 161 62 73 62 80 128 164 95 24 95 183 95 184 19 1 12 139 33 110 151 110 155 36 98 152 90 152 32 34 6 75 79 178 79 188 175 15 175 70 156 142 118 4 14 35 176 99
100
99 99
102 102
149 149
122 122
26 26
39 39
42 42
166 166
160 160
171 171
55 55
27 27
117 117
68 68
163 163
94 94
123 123
125 125
10 10
126 126
9 9
158 158
100 100
173 173
83 83
25 25
82 82
130 130
169 169
0 0
53 53
180 180
78 78
5 5
165 165
59 59
124 124
51 51
114 114
30 30
20 20
170 170
148 148
190 190
17 17
97 97
66 66
56 56
18 18
111 111
41 41
185 185
150 150
186 186
127 127
174 174
132 132
119 119
172 172
168 168
181 181
146 146
112 112
192 192
63 63
40 40
47 47
8 8
61 61
28 28
88 88
106 106
131 131
92 92
22 22
103 103
167 167
161 161
73 73
80 80
164 164
24 24
183 183
184 184
1 1
12 12
33 33
151 151
155 155
98 98
90 90
34 34
75 75
178 178
188 188
15 15
70 70
142 142
4 4
35 35
