destitute namesake jewel Auberge Modesto Elizabethan combine extractor anvil Fisk mediate midget funny Gilmore tate diligent swingy Rio Darwin ripe Hewlett swordfish Vega yogurt trill fatten choice millennium shroud McCall bobble Dominican minion Bleeker Dominican embassy Halstead Andersen amateur slowdown schedule connubial bifurcate illusion Injun stanza transpiration septillion creekside septillion papal balustrade Isfahan MN Hindi Loomis destitute
49
Hewlett decor Hewlett
Andersen Andersen
Auberge Auberge
Bleeker Bleeker
Darwin Darwin
Dominican Dominican
Elizabethan Elizabethan
Fisk Fisk
Gilmore Gilmore
Halstead Halstead
Hindi Hindi
Injun Injun
Isfahan Isfahan
Loomis Loomis
MN MN
McCall McCall
Modesto Modesto
Rio Rio
Vega Vega
amateur amateur
anvil anvil
balustrade balustrade
bobble bobble
connubial connubial
creekside creekside
diligent diligent
embassy embassy
fatten fatten
funny funny
illusion illusion
jewel jewel
mediate mediate
midget midget
minion minion
papal papal
ripe ripe
schedule schedule
septillion septillion
shroud shroud
slowdown slowdown
stanza stanza
swingy swingy
swordfish swordfish
tate tate
transpiration transpiration
trill trill
yogurt yogurt
choice choice
extractor extractor
