exothermic felony Irvin decor shovel trill combine Iowa FPC coarse tate midget amateur Injun Curtis Bernini Tucson intangible lordosis Halstead Sicilian extrovert sacrifice McCall namesake Dominican yogurt swordfish wafer swordfish exothermic
24
McCall Andersen McCall
Bernini Bernini
Curtis Curtis
FPC FPC
Halstead Halstead
Injun Injun
Iowa Iowa
Irvin Irvin
Tucson Tucson
amateur amateur
combine combine
decor decor
extrovert extrovert
felony felony
lordosis lordosis
midget midget
namesake namesake
sacrifice sacrifice
shovel shovel
swordfish swordfish
trill trill
wafer wafer
yogurt yogurt
coarse coarse
