Donner Santa McCone Helena Cyclotron Haste Wurster Providence Haas Phoenix Life Tallahassee Gilman Recreational Gayley Foothill Iowa Old Minnesota Ishi Illinois Topeka North Juneau Optometry Donner
25
Donner Donner
Santa Santa
McCone McCone
Helena Helena
Cyclotron Cyclotron
Haste Haste
Wurster Wurster
Providence Providence
Haas Haas
Phoenix Phoenix
Life Life
Tallahassee Tallahassee
Gilman Gilman
Recreational Recreational
Gayley Gayley
Foothill Foothill
Iowa Iowa
Old Old
Minnesota Minnesota
Ishi Ishi
Illinois Illinois
Topeka Topeka
North North
Juneau Juneau
Optometry Optometry
