0 18 139 183 1 170 98 54 185 27 153 38 153 110 44 67 47 67 96 95 29 119 117 107 159 87 159 52 182 77 50 157 70 155 28 103 163 194 163 161 145 160 85 99 85 19 146 136 91 63 74 126 111 51 79 164 24 164 35 9 184 73 36 97 104 60 141 4 14 178 193 25 156 46 156 168 125 133 10 12 130 197 186 199 106 175 17 118 31 48 118 22 118 64 58 82 151 39 8 166 8 26 176 26 196 179 180 135 69 135 81 78 81 121 20 152 128 134 191 137 191 127 109 42 84 65 173 89 108 102 108 120 116 75 32 116 154 49 0
97
32 116 32
51 51
153 6
111 149 111
10 100 10
35 138
60 83
173 173
179 179
75 75
160 160
103 103
25 25
14 14
17 17
178 178
64 64
185 185
48 48
196 196
121 121
89 89
126 126
24 24
91 91
26 26
166 166
28 28
184 184
186 186
133 133
151 151
182 182
180 180
120 120
194 194
9 9
65 65
159 159
4 4
42 42
108 108
12 12
193 193
106 106
175 175
22 22
67 67
44 44
98 98
81 81
125 125
77 77
49 49
157 157
18 18
87 87
36 36
130 130
70 70
39 39
197 197
20 20
117 117
102 102
137 137
176 176
38 38
78 78
104 104
85 85
58 58
96 96
134 134
128 128
19 19
31 31
155 155
168 168
63 63
27 27
50 50
69 69
119 119
145 145
79 79
74 74
47 47
95 95
146 146
163 163
199 199
99 99
156 156
139 139
109 109
170 170
