0 49 50 46 52 53 51 54 51 57 58 56 61 64 65 61 63 62 61 67 66 72 73 71 76 80 79 76 78 76 81 86 88 86 91 94 95 91 92 93 91 86 89 86 81 83 82 81 84 81 76 71 72 66 70 66 68 67 61 56 57 51 52 46 47 48 46 41 45 44 41 43 42 41 36 39 40 36 38 36 31 34 31 33 32 26 28 27 26 21 25 21 23 22 16 17 18 16 20 19 16 11 15 11 6 9 6 1 4 1 3 1 0
50
27 27
54 54
63 63
79 79
95 95
42 42
45 45
20 20
78 78
34 34
92 92
19 19
15 15
23 23
17 17
88 88
84 84
80 80
33 33
39 39
62 62
89 89
44 44
3 3
58 58
18 18
43 43
83 83
4 4
25 25
73 73
64 64
68 68
50 50
47 47
94 94
93 93
28 28
82 82
48 48
9 9
40 40
70 70
65 65
38 38
53 53
49 49
57 57
67 67
72 72
