Loc2 Loc36 Loc56 Loc31 Loc73 Loc93 Loc21 Loc7 Loc0 Loc48 Loc0 Loc7 Loc21 Loc77 Loc49 Loc64 Loc55 Loc95 Loc59 Loc91 Loc78 Loc17 Loc78 Loc34 Loc83 Loc60 Loc57 Loc28 Loc33 Loc24 Loc62 Loc66 Loc99 Loc6 Loc44 Loc53 Loc12 Loc32 Loc51 Loc10 Loc18 Loc4 Loc20 Loc61 Loc97 Loc14 Loc96 Loc40 Loc38 Loc54 Loc70 Loc67 Loc81 Loc52 Loc89 Loc5 Loc2
43
Loc97 Loc90
Loc36 Loc27 Loc13
Loc55 Loc71 Loc22
Loc83 Loc15 Loc86 Loc35
Loc44 Loc11 Loc9
Loc49 Loc8
Loc31 Loc43
Loc51 Loc45
Loc12 Loc3
Loc5 Loc82
Loc95 Loc58
Loc57 Loc92
Loc59 Loc75
Loc61 Loc16
Loc99 Loc19
Loc33 Loc1 Loc26 Loc46
Loc20 Loc80
Loc70 Loc74
Loc89 Loc41
Loc4 Loc4
Loc6 Loc6
Loc10 Loc10
Loc14 Loc14
Loc17 Loc17
Loc24 Loc24
Loc28 Loc28
Loc32 Loc32
Loc34 Loc34
Loc40 Loc40
Loc52 Loc52
Loc53 Loc53
Loc54 Loc54
Loc56 Loc56
Loc60 Loc60
Loc64 Loc64
Loc66 Loc66
Loc67 Loc67
Loc73 Loc73
Loc77 Loc77
Loc91 Loc91
Loc7 Loc7
Loc0 Loc0
Loc48 Loc48
