pace honor feature interactive throne imposter fortune page lake discriminate dip joint demand cigarette tablet rob headline quality straighten romantic sign legislation enhance dough linger vegetarian forge winner forge tolerate solve prison dialogue likely dialogue tool glasses autonomy enter mystery chair brake chair class exclusive buffet guarantee due seize sunrise title shy nationalist thumb output circulation gate approval other swear deposit paper understand skeleton disclose injury audience respect financial voice pace
46
nationalist shy nationalist
respect bitter
guarantee king guarantee
demand pain demand
understand figure
title sunrise title
swear swear
dough dough
buffet buffet
linger linger
circulation circulation
class class
tool tool
honor honor
prison prison
imposter imposter
exclusive exclusive
other other
rob rob
voice voice
winner winner
tolerate tolerate
headline headline
seize seize
glasses glasses
paper paper
tablet tablet
legislation legislation
enter enter
enhance enhance
quality quality
injury injury
autonomy autonomy
likely likely
output output
thumb thumb
cigarette cigarette
brake brake
sign sign
mystery mystery
financial financial
vegetarian vegetarian
throne throne
dip dip
page page
lake lake
