vBhpoFdJZxyttIlfaf7D XX8iZd9Mw56dkKCstFAC uUumBfQJDh6S0d06Kb78 WwLzOfqcc3FIzub2jh8R R7crXexksQ4TN5zY2ck3 ohy3S5QXymEhh63dMBQE wHEcyeduhdH7p3Lr1PtC 8mLI4Cl8exxeLw5eLCvi jTdja1e2hUhydiExPlJM 6PPTzNGrNxrgfdvm8cwZ 17OoKHzumyPaqfjSSc7S zs7X4IJgeJEM8iqAbvF3 rMd1TXBMCuFfO59jF1Tq d6xeP6xeDJ3O2jY8D4pB 37APL8dpwT5Ds5AIG0t4 RRlYwTFLYqL48JIMSAmC EHYUZOt1fTtm7KJue8on XYk0VV4ujV55qqS8YiHV rkMvLqMMN5Aq3onq5XeZ 535WuquKiicRqEyzCI3d W1jWYYdH0atiKtbaVDRT oFNlFPub6zLirsQwo0fu n2Cqtp5v2DuwGX7LhuzE cs6LkMYfySGYUzb8VLcc WN0Nl06Zx9w6LYUHMZam R6ZzYYWqarkWldqbKDab 7PoxePhwnlLvMilKVpER 4ilNvg3IkxoJuvkwqYsS MiPSEwVMn3bbGh4tbRTf nB1RHSnvjX4nG0Tch5En 8Le4AI986fwHZXPoOMK1 RpMJGAvULIBCQ0RI369s vLwJebpyApE3MPksc9OW fp9JaV5iTp8QxXwwkR68 qM7lEl3z2COceXw7x0EC iki3BohF22ET0rMPxXQ5 eKaPpzrMwOPxNzeoOSFH DybFcuyeWxt51LawzVvs 9B0w6Ahn3NsugfNn6veD 6koX1rNvAwrB84m39eQv tUVqKo1E6AibIE6zShkv XBxLd5K0m0Gtk5fTL45q J00g7hlLLSWTXvTYK9v2 NAqhSs9OpS9XtIaJtTCD 2LthmnS3Cdd5FBfY5GQ9 mv3tFPDoT2NlrLp24T9l fHfopcx4v3MKBN0TMn7s InZnvPu8h9zAoLCNj2in qkrT0EYt8AHuefFD25g1 XWHR07Y6kfSBbEuD62PN JEGgKJfdY8owvwdYhKMk vBhpoFdJZxyttIlfaf7D
50
XX8iZd9Mw56dkKCstFAC XX8iZd9Mw56dkKCstFAC
uUumBfQJDh6S0d06Kb78 uUumBfQJDh6S0d06Kb78
WwLzOfqcc3FIzub2jh8R WwLzOfqcc3FIzub2jh8R
R7crXexksQ4TN5zY2ck3 R7crXexksQ4TN5zY2ck3
ohy3S5QXymEhh63dMBQE ohy3S5QXymEhh63dMBQE
wHEcyeduhdH7p3Lr1PtC wHEcyeduhdH7p3Lr1PtC
8mLI4Cl8exxeLw5eLCvi 8mLI4Cl8exxeLw5eLCvi
jTdja1e2hUhydiExPlJM jTdja1e2hUhydiExPlJM
6PPTzNGrNxrgfdvm8cwZ 6PPTzNGrNxrgfdvm8cwZ
17OoKHzumyPaqfjSSc7S 17OoKHzumyPaqfjSSc7S
zs7X4IJgeJEM8iqAbvF3 zs7X4IJgeJEM8iqAbvF3
rMd1TXBMCuFfO59jF1Tq rMd1TXBMCuFfO59jF1Tq
d6xeP6xeDJ3O2jY8D4pB d6xeP6xeDJ3O2jY8D4pB
37APL8dpwT5Ds5AIG0t4 37APL8dpwT5Ds5AIG0t4
RRlYwTFLYqL48JIMSAmC RRlYwTFLYqL48JIMSAmC
EHYUZOt1fTtm7KJue8on EHYUZOt1fTtm7KJue8on
XYk0VV4ujV55qqS8YiHV XYk0VV4ujV55qqS8YiHV
rkMvLqMMN5Aq3onq5XeZ rkMvLqMMN5Aq3onq5XeZ
535WuquKiicRqEyzCI3d 535WuquKiicRqEyzCI3d
W1jWYYdH0atiKtbaVDRT W1jWYYdH0atiKtbaVDRT
oFNlFPub6zLirsQwo0fu oFNlFPub6zLirsQwo0fu
n2Cqtp5v2DuwGX7LhuzE n2Cqtp5v2DuwGX7LhuzE
cs6LkMYfySGYUzb8VLcc cs6LkMYfySGYUzb8VLcc
WN0Nl06Zx9w6LYUHMZam WN0Nl06Zx9w6LYUHMZam
R6ZzYYWqarkWldqbKDab R6ZzYYWqarkWldqbKDab
7PoxePhwnlLvMilKVpER 7PoxePhwnlLvMilKVpER
4ilNvg3IkxoJuvkwqYsS 4ilNvg3IkxoJuvkwqYsS
MiPSEwVMn3bbGh4tbRTf MiPSEwVMn3bbGh4tbRTf
nB1RHSnvjX4nG0Tch5En nB1RHSnvjX4nG0Tch5En
8Le4AI986fwHZXPoOMK1 8Le4AI986fwHZXPoOMK1
RpMJGAvULIBCQ0RI369s RpMJGAvULIBCQ0RI369s
vLwJebpyApE3MPksc9OW vLwJebpyApE3MPksc9OW
fp9JaV5iTp8QxXwwkR68 fp9JaV5iTp8QxXwwkR68
qM7lEl3z2COceXw7x0EC qM7lEl3z2COceXw7x0EC
iki3BohF22ET0rMPxXQ5 iki3BohF22ET0rMPxXQ5
eKaPpzrMwOPxNzeoOSFH eKaPpzrMwOPxNzeoOSFH
DybFcuyeWxt51LawzVvs DybFcuyeWxt51LawzVvs
9B0w6Ahn3NsugfNn6veD 9B0w6Ahn3NsugfNn6veD
6koX1rNvAwrB84m39eQv 6koX1rNvAwrB84m39eQv
tUVqKo1E6AibIE6zShkv tUVqKo1E6AibIE6zShkv
XBxLd5K0m0Gtk5fTL45q XBxLd5K0m0Gtk5fTL45q
J00g7hlLLSWTXvTYK9v2 J00g7hlLLSWTXvTYK9v2
NAqhSs9OpS9XtIaJtTCD NAqhSs9OpS9XtIaJtTCD
2LthmnS3Cdd5FBfY5GQ9 2LthmnS3Cdd5FBfY5GQ9
mv3tFPDoT2NlrLp24T9l mv3tFPDoT2NlrLp24T9l
fHfopcx4v3MKBN0TMn7s fHfopcx4v3MKBN0TMn7s
InZnvPu8h9zAoLCNj2in InZnvPu8h9zAoLCNj2in
qkrT0EYt8AHuefFD25g1 qkrT0EYt8AHuefFD25g1
XWHR07Y6kfSBbEuD62PN XWHR07Y6kfSBbEuD62PN
JEGgKJfdY8owvwdYhKMk JEGgKJfdY8owvwdYhKMk
