Shoreburn Starryhill Ostwynne Southpine Goldwyvern Courtedge Coldville Windbridge Orbarrow Butterbush Mistshore Dellwyn Northriver Foxvale Buttermead Brightrock Stonefair Seamoor Stoneglass Newmill Newby Summermage Snowsage Freyview Irondeer Greyice Westvale Marbleiron Janholt Valhaven Ironshore Silverwitch Westmill Applecastle Redlake Mallowway Woodice Eastcastle Courtcastle Silverbarrow Greensummer Oakmere Orfort Bluedale Ironriver Mallowbridge Lightmere Goldcrest Brightmere Fieldedge Blackbush Clearnesse Bushgate Westerlight Bluewyn Violetley Springfox Freymere Fairice Northwynne Foxhaven Greenshore Bluedell Erilyn Redwell Flowermill Wellmage Esterfall Silverlea Butterway Esterash Violetfay Morwall Icenesse Rosemill Flowerfield Courtwall Clearland Morwald Corbank Eriwall Wolflea Deephedge Wildemarsh Fogland Verthedge Oldmoor Wooddell Mallowness Bluelake Southwheat Highmont Strongfall Fairsage Rosegate Butterhill Lochmage Newley Wellbank Snowshore Shoreburn
100
Shoreburn Shoreburn
Starryhill Starryhill
Ostwynne Ostwynne
Southpine Southpine
Goldwyvern Goldwyvern
Courtedge Courtedge
Coldville Coldville
Windbridge Windbridge
Orbarrow Orbarrow
Butterbush Butterbush
Mistshore Mistshore
Dellwyn Dellwyn
Northriver Northriver
Foxvale Foxvale
Buttermead Buttermead
Brightrock Brightrock
Stonefair Stonefair
Seamoor Seamoor
Stoneglass Stoneglass
Newmill Newmill
Newby Newby
Summermage Summermage
Snowsage Snowsage
Freyview Freyview
Irondeer Irondeer
Greyice Greyice
Westvale Westvale
Marbleiron Marbleiron
Janholt Janholt
Valhaven Valhaven
Ironshore Ironshore
Silverwitch Silverwitch
Westmill Westmill
Applecastle Applecastle
Redlake Redlake
Mallowway Mallowway
Woodice Woodice
Eastcastle Eastcastle
Courtcastle Courtcastle
Silverbarrow Silverbarrow
Greensummer Greensummer
Oakmere Oakmere
Orfort Orfort
Bluedale Bluedale
Ironriver Ironriver
Mallowbridge Mallowbridge
Lightmere Lightmere
Goldcrest Goldcrest
Brightmere Brightmere
Fieldedge Fieldedge
Blackbush Blackbush
Clearnesse Clearnesse
Bushgate Bushgate
Westerlight Westerlight
Bluewyn Bluewyn
Violetley Violetley
Springfox Springfox
Freymere Freymere
Fairice Fairice
Northwynne Northwynne
Foxhaven Foxhaven
Greenshore Greenshore
Bluedell Bluedell
Erilyn Erilyn
Redwell Redwell
Flowermill Flowermill
Wellmage Wellmage
Esterfall Esterfall
Silverlea Silverlea
Butterway Butterway
Esterash Esterash
Violetfay Violetfay
Morwall Morwall
Icenesse Icenesse
Rosemill Rosemill
Flowerfield Flowerfield
Courtwall Courtwall
Clearland Clearland
Morwald Morwald
Corbank Corbank
Eriwall Eriwall
Wolflea Wolflea
Deephedge Deephedge
Wildemarsh Wildemarsh
Fogland Fogland
Verthedge Verthedge
Oldmoor Oldmoor
Wooddell Wooddell
Mallowness Mallowness
Bluelake Bluelake
Southwheat Southwheat
Highmont Highmont
Strongfall Strongfall
Fairsage Fairsage
Rosegate Rosegate
Butterhill Butterhill
Lochmage Lochmage
Newley Newley
Wellbank Wellbank
Snowshore Snowshore
