Brightmere Westmill Butterbush Bluedell Courtwall Rosemill Buttermead Foxhaven Dellwyn Fairsage Clearland Ironshore Shoreburn Violetley Erilyn Newby Westerlight Valhaven Greyice Morwall Esterash Stonefair Snowshore Greenshore Eastcastle Ironriver Westvale Lochmage Marbleiron Wildemarsh Clearnesse Bushgate Wolflea Newley Freyview Foxvale Corbank Goldwyvern Oldmoor Morwald Woodice Eriwall Stoneglass Esterfall Lightmere Wellmage Southwheat Oakmere Irondeer Courtcastle Brightmere
50
Brightmere Brightmere
Westmill Westmill
Butterbush Butterbush
Bluedell Bluedell
Courtwall Courtwall
Rosemill Rosemill
Buttermead Buttermead
Foxhaven Foxhaven
Dellwyn Dellwyn
Fairsage Fairsage
Clearland Clearland
Ironshore Ironshore
Shoreburn Shoreburn
Violetley Violetley
Erilyn Erilyn
Newby Newby
Westerlight Westerlight
Valhaven Valhaven
Greyice Greyice
Morwall Morwall
Esterash Esterash
Stonefair Stonefair
Snowshore Snowshore
Greenshore Greenshore
Eastcastle Eastcastle
Ironriver Ironriver
Westvale Westvale
Lochmage Lochmage
Marbleiron Marbleiron
Wildemarsh Wildemarsh
Clearnesse Clearnesse
Bushgate Bushgate
Wolflea Wolflea
Newley Newley
Freyview Freyview
Foxvale Foxvale
Corbank Corbank
Goldwyvern Goldwyvern
Oldmoor Oldmoor
Morwald Morwald
Woodice Woodice
Eriwall Eriwall
Stoneglass Stoneglass
Esterfall Esterfall
Lightmere Lightmere
Wellmage Wellmage
Southwheat Southwheat
Oakmere Oakmere
Irondeer Irondeer
Courtcastle Courtcastle
