Clearnesse Ironriver Corbank Courtwall Buttermead Newby Foxhaven Morwall Butterbush Goldwyvern Esterfall Oakmere Dellwyn Oldmoor Eriwall Violetley Westvale Courtcastle Valhaven Woodice Foxvale Morwald Marbleiron Freyview Ironshore Clearnesse
25
Clearnesse Clearnesse
Ironriver Ironriver
Corbank Corbank
Courtwall Courtwall
Buttermead Buttermead
Newby Newby
Foxhaven Foxhaven
Morwall Morwall
Butterbush Butterbush
Goldwyvern Goldwyvern
Esterfall Esterfall
Oakmere Oakmere
Dellwyn Dellwyn
Oldmoor Oldmoor
Eriwall Eriwall
Violetley Violetley
Westvale Westvale
Courtcastle Courtcastle
Valhaven Valhaven
Woodice Woodice
Foxvale Foxvale
Morwald Morwald
Marbleiron Marbleiron
Freyview Freyview
Ironshore Ironshore
