129 137 16 11 96 70 96 11 95 68 89 172 141 25 46 2 55 2 4 157 110 154 193 154 196 37 160 74 127 113 146 88 1 88 31 61 112 79 72 21 151 21 182 190 182 21 67 21 72 43 121 192 175 192 103 98 48 97 101 170 73 136 73 170 58 170 101 52 101 148 5 28 10 100 10 22 45 118 166 118 13 92 124 92 179 76 49 162 119 163 119 64 71 90 152 91 152 90 3 40 165 27 94 139 19 7 167 130 167 69 122 142 8 181 32 187 32 181 169 181 106 178 106 133 85 184 109 34 51 197 115 197 107 82 180 145 99 129
66
16 16
70 70
172 172
25 25
46 46
55 55
4 4
157 157
154 154
193 193
196 196
37 37
160 160
127 127
1 1
88 88
31 31
61 61
112 112
79 79
151 151
190 190
67 67
43 43
121 121
175 175
103 103
97 97
136 136
73 73
58 58
52 52
148 148
28 28
10 10
100 100
22 22
166 166
118 118
13 13
124 124
76 76
49 49
163 163
64 64
91 91
40 40
94 94
139 139
19 19
7 7
130 130
142 142
187 187
169 169
181 181
178 178
106 106
133 133
85 85
184 184
109 109
34 34
115 115
82 82
145 145
