FacultyClub EarthquakeLibrary Durham EarthLibrary StudentUnion SutardjaDai Warren PacificFilmArchive Manville Unit3 Pimentel Jacobs HearstGym InternationalHouse McCone EnergyBuilding BrainImagingCenter Etcheverry MLK CITRIS SpringerGateway DonnerLaboratory Hilgard BioscienceLibrary MediaCenter ArtHistoryLibrary BancroftDance LawrenceofScience NewspapersLibrary Mulford Spieker OBrien Koshland MelvinLaboratory FPF Birge AnthropologyLibrary Sproul StowPlaza CareerCenter Morrison Stephens AndersenAuditorium Library OptometryLibrary SproulPlaza UniversityHouse MartinezCommons Investigative Cheit Wheeler IRLE FacultyClub
50
FacultyClub FacultyClub
EarthquakeLibrary EarthquakeLibrary
Durham Durham
EarthLibrary EarthLibrary
StudentUnion StudentUnion
SutardjaDai SutardjaDai
Warren Warren
PacificFilmArchive PacificFilmArchive
Manville Manville
Unit3 Unit3
Pimentel Pimentel
Jacobs Jacobs
HearstGym HearstGym
InternationalHouse InternationalHouse
EnergyBuilding EnergyBuilding
BrainImagingCenter BrainImagingCenter
Etcheverry Etcheverry
CITRIS CITRIS
SpringerGateway SpringerGateway
DonnerLaboratory DonnerLaboratory
Hilgard Hilgard
BioscienceLibrary BioscienceLibrary
MediaCenter MediaCenter
ArtHistoryLibrary ArtHistoryLibrary
BancroftDance BancroftDance
LawrenceofScience LawrenceofScience
NewspapersLibrary NewspapersLibrary
Mulford Mulford
Spieker Spieker
OBrien OBrien
Koshland Koshland
MelvinLaboratory MelvinLaboratory
FPF FPF
Birge Birge
AnthropologyLibrary AnthropologyLibrary
Sproul Sproul
StowPlaza StowPlaza
CareerCenter CareerCenter
Morrison Morrison
Stephens Stephens
AndersenAuditorium AndersenAuditorium
Library Library
OptometryLibrary OptometryLibrary
SproulPlaza SproulPlaza
UniversityHouse UniversityHouse
MartinezCommons MartinezCommons
Investigative Investigative
Cheit Cheit
Wheeler Wheeler
IRLE IRLE
