1 7 31 150 36 27 145 8 99 74 10 157 111 91 104 73 104 23 107 87 32 2 15 131 56 72 41 16 21 53 55 53 95 42 64 42 95 53 6 54 51 12 51 35 57 78 3 105 166 98 166 46 13 69 30 69 68 76 79 58 17 50 86 164 94 52 82 11 88 34 88 44 40 44 59 33 29 33 85 60 161 19 161 38 61 93 9 71 39 179 101 167 83 167 67 49 77 25 4 81 5 96 176 18 100 18 114 37 24 97 92 62 172 84 28 186 47 187 45 20 80 70 66 43 66 90 63 22 14 89 48 26 130 75 65 1
100
7 7
31 31
36 36
27 27
8 8
99 99
74 74
10 10
91 91
73 73
23 23
87 87
32 32
2 2
15 15
56 56
72 72
41 41
16 16
21 21
55 55
64 64
42 42
95 95
53 53
6 6
54 54
51 51
12 12
35 35
57 57
78 78
3 3
98 98
46 46
13 13
30 30
69 69
68 68
76 76
79 79
58 58
17 17
50 50
86 86
94 94
52 52
82 82
11 11
34 34
88 88
40 40
44 44
59 59
29 29
33 33
85 85
60 60
19 19
38 38
61 61
93 93
9 9
71 71
39 39
101 101
83 83
67 67
49 49
77 77
25 25
4 4
81 81
5 5
96 96
100 100
18 18
37 37
24 24
97 97
92 92
62 62
84 84
28 28
47 47
45 45
20 20
80 80
70 70
43 43
66 66
90 90
63 63
22 22
14 14
89 89
48 48
26 26
75 75
65 65
