33 51 37 79 36 53 71 48 71 53 36 99 19 50 88 69 34 69 67 57 67 54 30 54 67 60 86 64 3 9 10 90 68 90 10 9 80 20 15 20 89 32 6 81 61 81 6 32 13 98 91 46 75 46 91 98 38 52 65 18 56 42 93 22 2 22 31 16 29 16 94 47 94 25 94 16 39 82 40 82 7 35 5 43 26 14 97 8 97 14 63 12 63 66 27 23 27 17 85 95 100 11 86 33
50
51 51
79 79
48 48
19 19
50 50
88 88
69 69
34 34
57 57
67 67
30 30
54 54
60 60
64 64
9 9
68 68
10 10
80 80
20 20
15 15
89 89
61 61
13 13
75 75
52 52
65 65
42 42
22 22
2 2
31 31
29 29
94 94
47 47
25 25
82 82
40 40
7 7
35 35
5 5
26 26
97 97
8 8
12 12
63 63
23 23
17 17
95 95
100 100
11 11
86 86
