159 22 159 77 190 77 75 37 75 108 38 108 50 29 88 131 44 60 44 4 149 76 184 165 65 98 32 79 3 79 57 64 177 111 128 111 34 111 177 174 177 5 102 82 102 123 102 158 99 158 74 185 74 129 15 167 8 178 8 189 59 100 199 100 181 23 194 21 194 23 149 140 14 97 126 172 119 86 119 67 162 191 162 96 56 93 154 2 154 93 65 26 65 51 148 47 182 48 117 7 72 45 25 138 69 155 69 171 10 200 46 192 130 107 134 120 134 107 189 92 116 92 114 35 114 31 156 52 6 197 106 13 63 121 166 27 169 27 145 27 173 133 17 36 141 142 127 61 127 146 127 109 180 122 180 193 24 193 53 137 85 137 101 132 101 147 40 147 157 71 139 91 87 20 41 20 104 11 30 81 28 81 164 43 164 159
100
22 22
77 77
190 190
37 37
38 38
88 88
60 60
4 4
76 76
165 165
98 98
32 32
3 3
79 79
64 64
128 128
111 111
34 34
174 174
102 102
82 82
123 123
158 158
99 99
74 74
185 185
15 15
167 167
178 178
59 59
100 100
199 199
181 181
21 21
140 140
14 14
97 97
126 126
172 172
86 86
191 191
96 96
93 93
154 154
2 2
26 26
65 65
51 51
148 148
47 47
48 48
7 7
72 72
45 45
138 138
155 155
10 10
200 200
46 46
192 192
134 134
120 120
107 107
116 116
35 35
114 114
31 31
156 156
52 52
6 6
106 106
13 13
63 63
121 121
169 169
145 145
133 133
17 17
36 36
61 61
146 146
109 109
180 180
122 122
193 193
24 24
53 53
85 85
137 137
132 132
101 101
40 40
157 157
71 71
139 139
87 87
41 41
11 11
28 28
43 43
