Satish IHN21LA4 01G9IQ2 KCOFJD ARTWTP9 L2MG8NMU M71OYIS RP28W1 EEZS HQG39M ZE5CVXXZC KBI1CALMNJ DST5W4G0 DNIV2BOR2P PMXEOGGIQ GILAN21GR3 26PG YSRPP 8TH7QVQY GNVXN E5HD 2BLLD3SK 7622OJ ET82NVH9 ZZACWP FM2HEMVR1 Q7Z37G5 VGYKKKOFLZ 6PVQIBNB9 HBQM42U GN4G0L2 HM48FZD0 E2DHWGC H41HZ6 QW15YTSV 91ZONFE E37ZKA8WK O44VZ M35E LM7KL5G3V ZRI9UW B3R68HYWZ 8UPUEGO G4QE3I GH8C 3J6SSA 5HULMUDLAQ G90OCSZY FPZT FM2G14H8I ZH2INF EFIKTK4Y0Y 4P0LGP0 PIW6IC50D H1LQ91V A118 A8WYICH3 9K8PLAET 9V10EOH E9DZLL M649OA ZMQ5BH L7QS0UEPJ Q7ZEY 7GAD3F CB93 3WJYJDDU B690 MLKOJ 1UCE YU3U1T JX6GCY 8MDFNIK8AY FWM5C G7PWWJ 0TRB9358 W71YV1R66L 79KTC8AS9 P6RI91D87 3IXHQXHYBV LBR67PCKBJ 2B1K6EW9CL ETB2 YDG8AEOM DYYG23O R5XAD9J7 YQB2CII950 VOAV 02X2C C8WREP J2ETZ1C CXQDH6YMZ8 5XYO SQLSVN DDB26ZHC 4VE7V 7T8I47 CV6NHW7M ETNCY9XH2 R4DHH1KAWR MXJIYJYNH4 9QJRN LQQ5IH 4UE11 ZMZIWZ CKNDWG PUW25N 4C88SXD Satish
100
IHN21LA4 IHN21LA4
01G9IQ2 01G9IQ2
KCOFJD KCOFJD
ARTWTP9 ARTWTP9
M71OYIS M71OYIS
RP28W1 RP28W1
EEZS EEZS
HQG39M HQG39M
KBI1CALMNJ KBI1CALMNJ
DST5W4G0 DST5W4G0
DNIV2BOR2P DNIV2BOR2P
PMXEOGGIQ PMXEOGGIQ
GILAN21GR3 GILAN21GR3
26PG 26PG
YSRPP YSRPP
8TH7QVQY 8TH7QVQY
GNVXN GNVXN
E5HD E5HD
2BLLD3SK 2BLLD3SK
7622OJ 7622OJ
ET82NVH9 ET82NVH9
ZZACWP ZZACWP
FM2HEMVR1 FM2HEMVR1
Q7Z37G5 Q7Z37G5
VGYKKKOFLZ VGYKKKOFLZ
6PVQIBNB9 6PVQIBNB9
HBQM42U HBQM42U
GN4G0L2 GN4G0L2
HM48FZD0 HM48FZD0
E2DHWGC E2DHWGC
H41HZ6 H41HZ6
QW15YTSV QW15YTSV
91ZONFE 91ZONFE
E37ZKA8WK E37ZKA8WK
O44VZ O44VZ
M35E M35E
LM7KL5G3V LM7KL5G3V
B3R68HYWZ B3R68HYWZ
8UPUEGO 8UPUEGO
G4QE3I G4QE3I
GH8C GH8C
3J6SSA 3J6SSA
5HULMUDLAQ 5HULMUDLAQ
G90OCSZY G90OCSZY
FPZT FPZT
FM2G14H8I FM2G14H8I
ZH2INF ZH2INF
EFIKTK4Y0Y EFIKTK4Y0Y
4P0LGP0 4P0LGP0
PIW6IC50D PIW6IC50D
H1LQ91V H1LQ91V
A118 A118
A8WYICH3 A8WYICH3
9K8PLAET 9K8PLAET
9V10EOH 9V10EOH
E9DZLL E9DZLL
M649OA M649OA
ZMQ5BH ZMQ5BH
L7QS0UEPJ L7QS0UEPJ
Q7ZEY Q7ZEY
7GAD3F 7GAD3F
CB93 CB93
3WJYJDDU 3WJYJDDU
B690 B690
MLKOJ MLKOJ
1UCE 1UCE
YU3U1T YU3U1T
JX6GCY JX6GCY
8MDFNIK8AY 8MDFNIK8AY
FWM5C FWM5C
0TRB9358 0TRB9358
W71YV1R66L W71YV1R66L
79KTC8AS9 79KTC8AS9
P6RI91D87 P6RI91D87
3IXHQXHYBV 3IXHQXHYBV
LBR67PCKBJ LBR67PCKBJ
2B1K6EW9CL 2B1K6EW9CL
ETB2 ETB2
DYYG23O DYYG23O
YQB2CII950 YQB2CII950
VOAV VOAV
02X2C 02X2C
C8WREP C8WREP
J2ETZ1C J2ETZ1C
CXQDH6YMZ8 CXQDH6YMZ8
5XYO 5XYO
SQLSVN SQLSVN
DDB26ZHC DDB26ZHC
4VE7V 4VE7V
7T8I47 7T8I47
CV6NHW7M CV6NHW7M
ETNCY9XH2 ETNCY9XH2
MXJIYJYNH4 MXJIYJYNH4
9QJRN 9QJRN
LQQ5IH LQQ5IH
4UE11 4UE11
ZMZIWZ ZMZIWZ
CKNDWG CKNDWG
PUW25N PUW25N
4C88SXD 4C88SXD
