129 44 168 183 47 62 47 58 86 174 5 40 88 149 87 33 2 91 97 76 96 63 191 53 121 171 150 49 155 17 57 123 8 48 189 145 15 0 82 0 160 27 65 177 190 64 128 152 54 16 188 61 21 73 110 10 31 55 14 69 126 39 178 26 163 60 78 125 108 114 7 175 7 151 140 196 25 59 95 156 99 56 51 6 85 195 157 29 194 23 192 105 98 109 107 100 122 66 30 184 30 111 142 180 13 50 141 158 81 4 11 4 101 84 80 161 9 103 12 89 137 197 92 83 36 130 83 129
100
44 44
183 183
62 62
58 58
174 174
5 5
40 40
88 88
87 87
33 33
2 2
91 91
97 97
76 76
96 96
63 63
191 191
53 53
121 121
171 171
150 150
49 49
155 155
17 17
57 57
123 123
8 8
48 48
189 189
145 145
15 15
0 0
82 82
160 160
65 65
177 177
190 190
64 64
128 128
152 152
16 16
188 188
61 61
21 21
110 110
55 55
14 14
126 126
39 39
178 178
26 26
163 163
125 125
108 108
114 114
175 175
151 151
196 196
25 25
59 59
95 95
156 156
99 99
56 56
51 51
6 6
85 85
195 195
157 157
29 29
194 194
23 23
192 192
105 105
98 98
109 109
107 107
100 100
122 122
66 66
184 184
142 142
180 180
13 13
50 50
158 158
81 81
11 11
4 4
101 101
84 84
161 161
9 9
103 103
89 89
137 137
197 197
92 92
36 36
130 130
