AyBBdkPvTTt19wqt q 8tvL5MpO9J735t q 5tQKcAo3 o 7d2Q05crlPi o A6gMJKsUfUSuEI76 6c1qFsEg9xI 2mk9O8P6 SdP9W8WRSw kg8257p31rTQvRWjGF NU7gnWcAs4nq66FS E76twn5gNBei01uh2PkH thypPB22BchO3Od9 MjwmiyLlZn 68ZC6T1G2o9Q95CKs MjwmiyLlZn O7W5C8z8H93l Ru0A1pKIpZYWG A 1e90fR0FtB7Ev156y A 8w6aRuq AcC1Sh8w37Px0m JbMQX8p9 36Y155M7F1ZG8 7DmqFE ymzG1qC7YsJFFmeog 7DmqFE KIOJyBXM922ydZA5 98E9ia5 gv3T5z4 98E9ia5 2qbTYSv3J 659Cx 2qbTYSv3J 98E9ia5 JBYT6heC6yE4 GXFdnTo0Mk P 1MHxxU 0Lw86e dUdv 0Lw86e uF131buM7L27 0Lw86e I6 o83v2nI1sQs I6 6v326555i1Io5Z IEtn6zEV03H3 e1M0JsNJ5 IEtn6zEV03H3 pwvBbQ870l3Io2K iFF184 2YlhGrefFhV6JLtw iFF184 XMV256fk Tk46 DqfU93360y3I66U0 Han188Ox EnmWLiDA9NE89oNUTbx Han188Ox O73Lh6 9o4t iT7 TMULg CDuc4XdY7zp 2l90gxx61rTb0CbF 6qc68848myvIqoZWw 2T6osNpb4 o88qO93T 85682ijoufq1DW o88qO93T 920ucA0jXEv 1MHxxU TByQ7zH089 1MHxxU 1wF6 mmF 1CYyNxk8m7fToc6XLW7T nw566uv r9qUrqog71Fz9gx d5P0NXv8 L7Mfs3034VwaB7kd3Z MEv16358FQ yd7324WTF aCCE QqvW51K9Cm FR3SCSFtuk055ORI T4EKg4Vc Rf0x16WtfDv 89ukpivGhdck21Krrh40 p772t3OLqj Ut7hqt9A 7xf20x1m1od50iPHUtr 0 WD8QxBAx49P Q P6C89a32 Q 336P8 J68F52raS3n1L6ZYK 336P8 MnF3RrhkA5IuhY Fe5xMwq0a8 XQxkrBxnI Fe5xMwq0a8 2P201UD8Q c3x9Cmq8W5oa57mjASv 2P201UD8Q Nstvw8dF9rhja nOMN589D7t0QjhnBj3wn 5nYY46YfUGovj q7Ehaiz 8s3AAaGRDoeQCE9 rti qGr382CkPK997QVHAL lP84Whn Le6BO3R b817BTo6GdPc96ig2 wUtvmN9V14Vw0fcE01F ywj3aNhyxUH wUtvmN9V14Vw0fcE01F b817BTo6GdPc96ig2 Le6BO3R d MJ2l1N0ojTC eZEbm l hG8udpL53V 360B15fOiy1XBl 1utCvCS3yEzt0HBbKt I4640OD L46h8MG90TBpA8v9 I4640OD b6DdFnSk8qdk45 6nB9xzJ7b5115Qu5 PELS5 6nB9xzJ7b5115Qu5 b19692 8Qe2lSUyQa RYtkT5 usTG0We6G9WDs7Dk RYtkT5 Q2PY 3 3z4E 3 w22P6su70O6jf3FJ c2m39UUoMb 2Et5UN6ZJ19iz khC 4B5uWNh7Dl3lRP 8kQ991Y80Dy v 8kQ991Y80Dy 9q06155efQSN M40P0vmSkH961FtFpaR bfYVB7M6I5 T8C17MZ6g69gmQ FKWv88jkw79me jxDm 4932 jxDm vRH6pA1I75N1 0b 3505 0b 9jWI53P36dh95 AyBBdkPvTTt19wqt
100
q q
8tvL5MpO9J735t 8tvL5MpO9J735t
7d2Q05crlPi 7d2Q05crlPi
A6gMJKsUfUSuEI76 A6gMJKsUfUSuEI76
6c1qFsEg9xI 6c1qFsEg9xI
SdP9W8WRSw SdP9W8WRSw
kg8257p31rTQvRWjGF kg8257p31rTQvRWjGF
NU7gnWcAs4nq66FS NU7gnWcAs4nq66FS
E76twn5gNBei01uh2PkH E76twn5gNBei01uh2PkH
thypPB22BchO3Od9 thypPB22BchO3Od9
MjwmiyLlZn MjwmiyLlZn
68ZC6T1G2o9Q95CKs 68ZC6T1G2o9Q95CKs
O7W5C8z8H93l O7W5C8z8H93l
1e90fR0FtB7Ev156y 1e90fR0FtB7Ev156y
8w6aRuq 8w6aRuq
36Y155M7F1ZG8 36Y155M7F1ZG8
ymzG1qC7YsJFFmeog ymzG1qC7YsJFFmeog
7DmqFE 7DmqFE
KIOJyBXM922ydZA5 KIOJyBXM922ydZA5
gv3T5z4 gv3T5z4
659Cx 659Cx
JBYT6heC6yE4 JBYT6heC6yE4
P P
dUdv dUdv
uF131buM7L27 uF131buM7L27
I6 I6
o83v2nI1sQs o83v2nI1sQs
6v326555i1Io5Z 6v326555i1Io5Z
IEtn6zEV03H3 IEtn6zEV03H3
e1M0JsNJ5 e1M0JsNJ5
pwvBbQ870l3Io2K pwvBbQ870l3Io2K
2YlhGrefFhV6JLtw 2YlhGrefFhV6JLtw
iFF184 iFF184
XMV256fk XMV256fk
Tk46 Tk46
Han188Ox Han188Ox
EnmWLiDA9NE89oNUTbx EnmWLiDA9NE89oNUTbx
9o4t 9o4t
TMULg TMULg
2l90gxx61rTb0CbF 2l90gxx61rTb0CbF
6qc68848myvIqoZWw 6qc68848myvIqoZWw
2T6osNpb4 2T6osNpb4
85682ijoufq1DW 85682ijoufq1DW
920ucA0jXEv 920ucA0jXEv
TByQ7zH089 TByQ7zH089
1wF6 1wF6
nw566uv nw566uv
r9qUrqog71Fz9gx r9qUrqog71Fz9gx
d5P0NXv8 d5P0NXv8
L7Mfs3034VwaB7kd3Z L7Mfs3034VwaB7kd3Z
MEv16358FQ MEv16358FQ
yd7324WTF yd7324WTF
aCCE aCCE
QqvW51K9Cm QqvW51K9Cm
FR3SCSFtuk055ORI FR3SCSFtuk055ORI
Rf0x16WtfDv Rf0x16WtfDv
89ukpivGhdck21Krrh40 89ukpivGhdck21Krrh40
p772t3OLqj p772t3OLqj
Ut7hqt9A Ut7hqt9A
P6C89a32 P6C89a32
Q Q
J68F52raS3n1L6ZYK J68F52raS3n1L6ZYK
XQxkrBxnI XQxkrBxnI
2P201UD8Q 2P201UD8Q
c3x9Cmq8W5oa57mjASv c3x9Cmq8W5oa57mjASv
nOMN589D7t0QjhnBj3wn nOMN589D7t0QjhnBj3wn
5nYY46YfUGovj 5nYY46YfUGovj
q7Ehaiz q7Ehaiz
qGr382CkPK997QVHAL qGr382CkPK997QVHAL
Le6BO3R Le6BO3R
ywj3aNhyxUH ywj3aNhyxUH
b817BTo6GdPc96ig2 b817BTo6GdPc96ig2
d d
MJ2l1N0ojTC MJ2l1N0ojTC
eZEbm eZEbm
hG8udpL53V hG8udpL53V
1utCvCS3yEzt0HBbKt 1utCvCS3yEzt0HBbKt
L46h8MG90TBpA8v9 L46h8MG90TBpA8v9
I4640OD I4640OD
b6DdFnSk8qdk45 b6DdFnSk8qdk45
PELS5 PELS5
b19692 b19692
8Qe2lSUyQa 8Qe2lSUyQa
RYtkT5 RYtkT5
usTG0We6G9WDs7Dk usTG0We6G9WDs7Dk
Q2PY Q2PY
3z4E 3z4E
3 3
2Et5UN6ZJ19iz 2Et5UN6ZJ19iz
khC khC
4B5uWNh7Dl3lRP 4B5uWNh7Dl3lRP
v v
9q06155efQSN 9q06155efQSN
T8C17MZ6g69gmQ T8C17MZ6g69gmQ
FKWv88jkw79me FKWv88jkw79me
jxDm jxDm
4932 4932
vRH6pA1I75N1 vRH6pA1I75N1
3505 3505
9jWI53P36dh95 9jWI53P36dh95
