0 74 36 97 46 24 50 72 30 71 1 41 15 41 47 27 47 34 69 17 69 48 63 19 2 3 13 45 5 7 56 21 54 39 86 8 96 31 96 28 12 51 42 23 16 77 10 14 53 40 4 57 35 18 33 18 78 25 6 25 78 18 9 43 9 37 98 32 98 29 37 44 11 0 38 0 26 0 20 0 49 22 49 0
50
0 0
36 36
46 46
24 24
30 30
1 1
15 15
41 41
27 27
47 47
34 34
17 17
48 48
19 19
2 2
3 3
13 13
45 45
5 5
7 7
21 21
39 39
8 8
31 31
28 28
12 12
42 42
23 23
16 16
10 10
14 14
40 40
4 4
35 35
33 33
18 18
6 6
25 25
9 9
43 43
37 37
32 32
29 29
44 44
11 11
38 38
26 26
20 20
22 22
49 49
