69 7 36 135 100 27 117 26 119 24 50 190 198 3 133 171 58 185 110 99 14 148 16 90 13 2 150 83 160 2 132 192 5 121 33 191 4 44 186 134 82 37 52 30 1 53 194 77 163 149 31 1 64 158 1 128 87 1 118 59 46 113 188 0 51 193 0 162 106 6 166 80 71 6 74 72 81 63 165 146 11 112 11 104 97 147 197 12 195 25 56 7 127 131 101 115 69
80
36 36
135 135
100 100
27 27
117 117
26 26
119 119
24 24
50 50
190 190
198 198
133 133
171 171
58 58
185 185
110 110
99 99
14 14
148 148
16 16
90 90
2 2
150 150
83 83
160 160
132 132
192 192
5 5
121 121
33 33
191 191
44 44
186 186
134 134
82 82
37 37
52 52
30 30
53 53
194 194
77 77
163 163
149 149
31 31
64 64
158 158
1 1
128 128
87 87
118 118
59 59
46 46
113 113
188 188
51 51
193 193
162 162
106 106
166 166
80 80
71 71
74 74
72 72
81 81
63 63
165 165
146 146
11 11
112 112
104 104
97 97
147 147
197 197
195 195
25 25
56 56
127 127
131 131
101 101
115 115
