74 123 81 167 30 132 48 5 172 12 172 95 147 103 27 32 39 14 118 14 166 131 200 131 53 131 91 65 59 60 35 188 88 113 28 58 43 158 43 187 17 64 90 155 190 51 77 51 193 61 141 129 163 94 34 52 130 151 135 56 80 7 34 18 110 72 100 73 146 45 146 8 42 142 75 4 168 179 54 133 199 111 121 13 192 148 105 148 115 63 174 63 66 50 125 98 125 157 125 83 33 108 183 25 44 107 44 25 23 25 47 127 114 112 134 100 173 100 97 137 99 11 140 16 152 37 178 176 165 171 143 198 120 116 138 139 161 20 96 184 136 194 57 86 128 86 31 21 76 89 76 154 109 123 74
100
81 81
167 167
132 132
5 5
12 12
95 95
103 103
27 27
32 32
39 39
118 118
14 14
200 200
53 53
91 91
59 59
60 60
88 88
113 113
58 58
158 158
17 17
90 90
155 155
190 190
51 51
77 77
193 193
61 61
129 129
163 163
94 94
52 52
130 130
135 135
56 56
80 80
18 18
72 72
73 73
146 146
45 45
42 42
142 142
4 4
179 179
54 54
133 133
199 199
111 111
192 192
105 105
115 115
63 63
174 174
66 66
50 50
125 125
98 98
157 157
83 83
108 108
44 44
107 107
23 23
47 47
127 127
114 114
112 112
134 134
173 173
100 100
97 97
99 99
11 11
140 140
16 16
152 152
178 178
165 165
171 171
143 143
198 198
120 120
116 116
138 138
139 139
161 161
20 20
96 96
184 184
136 136
86 86
128 128
31 31
89 89
76 76
154 154
109 109
123 123
