112 35 102 151 166 117 0 104 20 147 11 158 53 27 29 69 28 95 8 73 109 84 127 126 146 23 70 72 171 78 181 184 24 131 160 154 187 6 99 41 68 163 42 56 54 9 170 17 105 188 157 21 44 182 75 114 165 144 138 119 59 58 130 124 194 34 183 174 49 107 152 81 52 83 71 33 190 36 85 162 14 80 64 66 149 136 169 120 121 97 172 129 168 94 13 143 60 96 118 40 123 112
100
35 35
102 102
151 151
166 166
117 117
0 0
104 104
20 20
147 147
11 11
158 158
53 53
27 27
29 29
69 69
28 28
95 95
8 8
73 73
109 109
84 84
127 127
126 126
146 146
23 23
70 70
72 72
171 171
78 78
181 181
184 184
24 24
131 131
160 160
154 154
187 187
6 6
99 99
41 41
68 68
163 163
42 42
56 56
54 54
9 9
170 170
17 17
105 105
188 188
157 157
21 21
44 44
182 182
75 75
114 114
165 165
144 144
138 138
119 119
59 59
58 58
130 130
124 124
194 194
34 34
183 183
174 174
49 49
107 107
152 152
81 81
52 52
83 83
71 71
33 33
190 190
36 36
85 85
162 162
14 14
80 80
64 64
66 66
149 149
136 136
169 169
120 120
121 121
97 97
172 172
129 129
168 168
94 94
13 13
143 143
60 60
96 96
118 118
40 40
123 123
