0 13 106 50 106 146 75 111 70 11 64 96 97 34 117 23 117 116 90 3 90 88 57 195 7 59 51 89 167 110 26 110 17 125 12 10 12 62 22 82 52 130 94 24 91 67 91 121 14 31 80 71 83 68 54 53 151 55 151 60 92 177 33 177 72 123 65 5 66 169 84 40 124 140 81 140 93 63 21 6 25 6 157 69 157 144 27 44 41 19 41 79 87 24 16 38 8 98 9 30 176 42 78 35 173 77 32 18 196 148 85 148 45 56 99 113 15 113 1 95 132 43 132 76 47 37 139 86 39 29 100 73 100 61 100 103 58 36 46 49 48 74 4 133 20 28 2 0
100
13 13
50 50
75 75
70 70
11 11
64 64
96 96
97 97
34 34
23 23
90 90
3 3
88 88
57 57
7 7
59 59
51 51
89 89
26 26
17 17
12 12
10 10
62 62
22 22
82 82
52 52
94 94
24 24
67 67
91 91
14 14
31 31
80 80
71 71
83 83
68 68
54 54
53 53
55 55
60 60
92 92
33 33
72 72
65 65
5 5
66 66
84 84
40 40
81 81
93 93
63 63
21 21
25 25
6 6
69 69
27 27
44 44
19 19
41 41
79 79
87 87
16 16
38 38
8 8
98 98
9 9
30 30
42 42
78 78
35 35
77 77
32 32
18 18
85 85
45 45
56 56
99 99
15 15
1 1
95 95
43 43
76 76
47 47
37 37
86 86
39 39
29 29
73 73
61 61
100 100
58 58
36 36
46 46
49 49
48 48
74 74
4 4
20 20
28 28
2 2
