48 73 186 72 108 72 163 171 84 60 57 151 121 120 121 19 77 69 113 181 135 147 94 182 94 126 119 93 133 106 64 83 55 36 29 152 136 129 141 196 46 10 115 154 53 154 197 61 34 50 25 90 87 107 66 191 66 74 149 92 177 158 42 9 180 51 5 51 180 156 52 193 194 157 114 123 162 189 117 38 165 175 7 154 110 102 179 174 125 143 167 143 137 43 101 98 67 98 103 98 16 40 176 122 170 3 155 199 138 78 185 190 185 39 85 39 23 2 124 56 124 77 164 58 118 145 173 88 173 35 81 148 21 79 11 6 109 168 20 48
100
48 48
73 73
186 186
108 108
163 163
171 171
84 84
60 60
151 151
120 120
19 19
69 69
113 113
181 181
135 135
147 147
182 182
126 126
119 119
93 93
133 133
64 64
55 55
36 36
29 29
152 152
136 136
129 129
141 141
196 196
46 46
10 10
115 115
53 53
154 154
197 197
34 34
25 25
90 90
87 87
107 107
66 66
191 191
74 74
149 149
177 177
158 158
42 42
9 9
5 5
180 180
156 156
52 52
193 193
194 194
157 157
123 123
117 117
38 38
165 165
175 175
7 7
110 110
179 179
125 125
167 167
143 143
137 137
101 101
98 98
67 67
103 103
16 16
40 40
176 176
170 170
3 3
155 155
199 199
138 138
78 78
190 190
185 185
85 85
39 39
23 23
2 2
56 56
164 164
58 58
118 118
145 145
88 88
35 35
148 148
21 21
79 79
11 11
109 109
20 20
