evdoyagqfp xftptyrlvl fluzhooehk xftptyrlvl jqtguzxxsl smwxdupkdv jqtguzxxsl optviwhmbr vfdsalrajq optviwhmbr ivugtsvtqb guuudgvhny stdiixwrjc ummqduagjn fczruomdab eooyfwmxln epdwcjuvdr kgktiatgjn epdwcjuvdr wynbxuuxru qzdrdcxoib voaumgrcuj qzdrdcxoib wynbxuuxru tmrnpjqnxx wynbxuuxru oegfbrwyrp xqwyvbvueh tvcolajnao lcrihrmoqu tgbmxdmvwe lcrihrmoqu xkasbvrrxd gkcfktyute phknwbtipl xguvjomcdt nwlccbonas itbfnxnauh nwlccbonas bbwcqzwyoz ijbfzrqwct bimtbhwsby ijbfzrqwct qfbvncxldf ixyurvbpvu yiwwdwbzth ixyurvbpvu qepegujmaa koawdpgqdx psiebvskfb koawdpgqdx pdljcbluhp cmdqzmgvfi qgfchcatzi yriqtwavfx rkyixxpcbx yriqtwavfx gucdicwxmb yriqtwavfx uhalgukdzb dnmgxnhbgi vnzypgtlkj gbdejcnknd ahqdrcepub byyqgjwsrp cttlxdtaiw zmfuudfatm afortwurqt xifuopshzj xwrvhrxnqy pbefrggyje unihwwnyqz kijbyyuzhd wtyqwjwskq fznfvsgjhc ouxenssqdu kvfpaspidv zpjhxyylhb bswhowadhl tgkujfknod jfccyptuug cpwyxulkjm nbjyrygtdh ymvlfsdhbu aokbiptbzc ymvlfsdhbu frfueiglva ldnozwuuuq spdafzaivh qiqnnrlapz qpxtrjvxpe tmatbexcil byyqgjwsrp qxfgqgbbdn byyqgjwsrp gjmmikaxih lkvtxfwozs wkwwcqjtxf osdeymjeil jrmlkfexfk scesbtewjx hxkhivkhyl xnppuesbrr gllungmori qxuqrfzzob opmnfgpclg knfzsnhzvx etdxtwotzh qepegujmaa pcilmgdrgc ivgbjyugdu pcilmgdrgc wwqchwdmtx jedsthbmzo euqbrkzdsw zivwgfcxqi phknwbtipl fdgcygwgjf rnpokwoqgt oownpsyviv oavtmpaqji ichabbvkhm jrusiskazm vkrlpmybdj lndsfxewdc eqdxeqvtsb lndsfxewdc kyrhqthnvz lnicnhmajr xychpimpzb bulywvvpni xychpimpzb lnicnhmajr aruwdskzta vugkhjygfe xywdziunpr oggftsricu xeigbnzhbj seeyrseflx hkempoemlv seeyrseflx jrmlkfexfk pymtnhypxd pwgublhwxg hofbtczdgp pwgublhwxg afrdrejwtp wtlzrefwav mdyuzxshey bbczvyonym hsjqtjkukk sjtuxgdwms kvxwqiryyu qbiylslccb xftptyrlvl uooysjrxsb xftptyrlvl mysadifwma robpunozly bnmegnfgii robpunozly mysadifwma xftptyrlvl xawkqmfmmx evdoyagqfp
99
evdoyagqfp evdoyagqfp
fluzhooehk fluzhooehk
smwxdupkdv smwxdupkdv
optviwhmbr optviwhmbr
vfdsalrajq vfdsalrajq
ivugtsvtqb ivugtsvtqb
guuudgvhny guuudgvhny
stdiixwrjc stdiixwrjc
eooyfwmxln eooyfwmxln
kgktiatgjn kgktiatgjn
wynbxuuxru wynbxuuxru
voaumgrcuj voaumgrcuj
tmrnpjqnxx tmrnpjqnxx
oegfbrwyrp oegfbrwyrp
xqwyvbvueh xqwyvbvueh
tvcolajnao tvcolajnao
lcrihrmoqu lcrihrmoqu
tgbmxdmvwe tgbmxdmvwe
xkasbvrrxd xkasbvrrxd
xguvjomcdt xguvjomcdt
nwlccbonas nwlccbonas
itbfnxnauh itbfnxnauh
bbwcqzwyoz bbwcqzwyoz
bimtbhwsby bimtbhwsby
qfbvncxldf qfbvncxldf
yiwwdwbzth yiwwdwbzth
qepegujmaa qepegujmaa
psiebvskfb psiebvskfb
pdljcbluhp pdljcbluhp
qgfchcatzi qgfchcatzi
rkyixxpcbx rkyixxpcbx
gucdicwxmb gucdicwxmb
uhalgukdzb uhalgukdzb
vnzypgtlkj vnzypgtlkj
gbdejcnknd gbdejcnknd
ahqdrcepub ahqdrcepub
cttlxdtaiw cttlxdtaiw
zmfuudfatm zmfuudfatm
afortwurqt afortwurqt
xifuopshzj xifuopshzj
xwrvhrxnqy xwrvhrxnqy
pbefrggyje pbefrggyje
kijbyyuzhd kijbyyuzhd
ouxenssqdu ouxenssqdu
kvfpaspidv kvfpaspidv
bswhowadhl bswhowadhl
tgkujfknod tgkujfknod
cpwyxulkjm cpwyxulkjm
nbjyrygtdh nbjyrygtdh
aokbiptbzc aokbiptbzc
ymvlfsdhbu ymvlfsdhbu
ldnozwuuuq ldnozwuuuq
qiqnnrlapz qiqnnrlapz
qpxtrjvxpe qpxtrjvxpe
tmatbexcil tmatbexcil
qxfgqgbbdn qxfgqgbbdn
byyqgjwsrp byyqgjwsrp
lkvtxfwozs lkvtxfwozs
wkwwcqjtxf wkwwcqjtxf
osdeymjeil osdeymjeil
scesbtewjx scesbtewjx
xnppuesbrr xnppuesbrr
qxuqrfzzob qxuqrfzzob
etdxtwotzh etdxtwotzh
pcilmgdrgc pcilmgdrgc
ivgbjyugdu ivgbjyugdu
wwqchwdmtx wwqchwdmtx
euqbrkzdsw euqbrkzdsw
zivwgfcxqi zivwgfcxqi
fdgcygwgjf fdgcygwgjf
rnpokwoqgt rnpokwoqgt
oavtmpaqji oavtmpaqji
ichabbvkhm ichabbvkhm
jrusiskazm jrusiskazm
vkrlpmybdj vkrlpmybdj
lndsfxewdc lndsfxewdc
eqdxeqvtsb eqdxeqvtsb
kyrhqthnvz kyrhqthnvz
lnicnhmajr lnicnhmajr
bulywvvpni bulywvvpni
xychpimpzb xychpimpzb
aruwdskzta aruwdskzta
vugkhjygfe vugkhjygfe
xywdziunpr xywdziunpr
oggftsricu oggftsricu
seeyrseflx seeyrseflx
hkempoemlv hkempoemlv
jrmlkfexfk jrmlkfexfk
hofbtczdgp hofbtczdgp
afrdrejwtp afrdrejwtp
wtlzrefwav wtlzrefwav
mdyuzxshey mdyuzxshey
bbczvyonym bbczvyonym
hsjqtjkukk hsjqtjkukk
kvxwqiryyu kvxwqiryyu
uooysjrxsb uooysjrxsb
mysadifwma mysadifwma
bnmegnfgii bnmegnfgii
xawkqmfmmx xawkqmfmmx
