0 46 170 171 172 46 1 157 156 155 1 21 142 141 140 21 5 116 117 5 90 182 183 184 90 45 175 174 173 45 41 112 113 41 122 123 41 54 191 192 193 54 10 199 198 197 10 115 114 10 26 160 159 158 26 38 148 147 146 38 34 120 121 34 12 138 139 12 53 176 177 178 53 31 118 119 31 39 107 106 39 44 105 104 44 69 111 110 69 60 129 128 60 109 108 60 83 167 168 169 83 11 130 131 11 179 180 181 11 57 136 137 57 188 189 190 57 58 100 101 58 47 154 153 152 47 164 165 166 47 94 126 127 94 87 149 150 151 87 49 196 195 194 49 25 125 124 25 78 187 186 185 78 9 163 162 161 9 84 145 144 143 84 133 132 84 18 102 103 18 40 134 135 40 0
100
170 170
171 171
172 172
157 157
156 156
155 155
142 142
141 141
140 140
116 116
117 117
182 182
183 183
184 184
175 175
174 174
173 173
112 112
113 113
122 122
123 123
191 191
192 192
193 193
199 199
198 198
197 197
115 115
114 114
160 160
159 159
158 158
148 148
147 147
146 146
120 120
121 121
138 138
139 139
176 176
177 177
178 178
118 118
119 119
107 107
106 106
105 105
104 104
111 111
110 110
129 129
128 128
109 109
108 108
167 167
168 168
169 169
130 130
131 131
179 179
180 180
181 181
136 136
137 137
188 188
189 189
190 190
100 100
101 101
154 154
153 153
152 152
164 164
165 165
166 166
126 126
127 127
149 149
150 150
151 151
196 196
195 195
194 194
125 125
124 124
187 187
186 186
185 185
163 163
162 162
161 161
145 145
144 144
143 143
133 133
132 132
102 102
103 103
134 134
135 135
