0 16 59 58 16 1 60 61 1 19 54 55 19 82 83 84 19 49 85 86 87 49 5 91 92 93 5 23 63 62 23 2 75 74 73 2 10 67 66 10 11 69 68 11 21 78 77 76 21 40 90 89 88 40 65 64 40 12 96 95 94 12 48 97 98 99 48 79 80 81 48 14 70 71 72 14 42 51 50 42 6 56 57 6 32 52 53 32 0
50
59 59
58 58
60 60
61 61
54 54
55 55
82 82
83 83
84 84
85 85
86 86
87 87
91 91
92 92
93 93
63 63
62 62
75 75
74 74
73 73
67 67
66 66
69 69
68 68
78 78
77 77
76 76
90 90
89 89
88 88
65 65
64 64
96 96
95 95
94 94
97 97
98 98
99 99
79 79
80 80
81 81
70 70
71 71
72 72
51 51
50 50
56 56
57 57
52 52
53 53
