0 75 78 75 115 118 27 65 68 65 100 15 25 28 2 13 10 12 11 12 66 67 123 67 80 82 108 102 101 77 116 117 168 117 166 137 136 137 160 162 161 162 160 114 150 152 151 122 120 47 183 180 182 181 182 189 74 54 69 179 124 145 148 145 95 87 95 97 95 20 30 32 58 55 90 92 91 92 191 192 190 154 64 139 129 72 129 170 172 170 94 110 57 56 57 110 113 17 16 17 104 99 105 44 125 128 125 39 35 37 36 37 35 38 35 185 187 186 42 41 42 40 43 40 135 138 135 52 135 134 149 159 184 79 195 197 195 144 140 142 141 132 131 132 130 133 130 0 3 0
100
78 78
118 118
27 27
65 65
68 68
100 100
15 15
25 25
28 28
2 2
13 13
12 12
11 11
66 66
123 123
67 67
82 82
108 108
102 102
101 101
116 116
168 168
166 166
136 136
160 160
161 161
114 114
152 152
122 122
120 120
47 47
183 183
180 180
182 182
181 181
189 189
74 74
54 54
69 69
179 179
124 124
148 148
145 145
87 87
95 95
97 97
20 20
30 30
32 32
58 58
55 55
91 91
92 92
192 192
154 154
64 64
139 139
129 129
72 72
172 172
94 94
110 110
57 57
56 56
113 113
16 16
17 17
104 104
99 99
105 105
44 44
125 125
128 128
39 39
35 35
36 36
37 37
38 38
187 187
186 186
41 41
42 42
43 43
135 135
138 138
52 52
134 134
149 149
159 159
184 184
79 79
197 197
195 195
144 144
142 142
141 141
131 131
132 132
133 133
3 3
