0 10 13 10 12 11 12 81 82 80 83 80 39 84 44 89 49 17 16 17 15 18 15 20 23 20 65 25 28 25 29 94 99 52 51 52 98 42 58 55 57 55 35 37 88 47 46 47 45 48 45 4 70 72 71 7 5 8 5 40 30 33 30 32 31 32 68 67 96 97 95 77 76 77 85 87 86 87 90 92 90 79 54 60 63 60 0
50
13 13
11 11
81 81
82 82
80 80
83 83
39 39
84 84
44 44
89 89
49 49
16 16
18 18
20 20
23 23
65 65
28 28
29 29
94 94
99 99
51 51
52 52
42 42
58 58
57 57
55 55
37 37
88 88
46 46
48 48
4 4
71 71
5 5
8 8
40 40
33 33
32 32
31 31
68 68
67 67
97 97
76 76
85 85
86 86
90 90
92 92
79 79
54 54
60 60
63 63
