85 43 24 81 24 0 65 6 35 13 34 52 72 77 72 5 1 5 94 36 28 36 11 89 79 41 47 41 22 70 68 70 71 33 56 99 60 96 60 91 44 4 69 42 92 42 53 45 14 55 14 38 14 17 14 48 80 49 46 49 37 21 76 21 7 21 15 59 27 88 64 32 86 31 83 16 29 98 25 23 25 87 82 51 82 74 50 30 93 18 57 61 8 61 54 85
50
43 43
81 81
0 0
35 35
13 13
34 34
52 52
77 77
1 1
94 94
28 28
11 11
79 79
47 47
22 22
68 68
71 71
56 56
99 99
96 96
91 91
44 44
69 69
92 92
53 53
45 45
55 55
38 38
17 17
48 48
80 80
46 46
37 37
76 76
7 7
15 15
27 27
64 64
86 86
31 31
16 16
98 98
23 23
87 87
51 51
50 50
93 93
57 57
8 8
54 54
