99 176 35 14 178 79 75 156 142 156 70 175 15 175 188 34 32 152 90 152 98 36 155 110 151 110 33 139 12 1 19 184 95 24 95 183 95 106 159 131 105 92 52 22 52 103 52 167 76 161 62 73 62 80 128 164 168 86 181 86 146 71 112 71 192 2 40 2 63 85 174 85 127 85 186 137 150 137 185 45 41 45 111 101 88 29 129 28 129 54 61 135 8 47 196 119 157 172 157 96 132 96 56 43 66 43 97 16 17 16 190 16 148 121 18 133 124 113 51 113 114 113 30 138 20 138 170 113 59 64 165 23 5 21 78 21 0 162 53 37 180 120 171 120 160 84 166 118 4 118 126 49 123 49 125 49 10 49 100 81 9 81 158 107 94 93 69 83 69 25 69 173 69 82 31 104 130 104 169 144 55 46 27 116 117 187 68 187 163 107 42 199 39 199 26 48 122 154 149 58 102 58 99
100
99 99
35 35
178 178
75 75
142 142
70 70
15 15
188 188
34 34
90 90
98 98
155 155
151 151
33 33
12 12
1 1
184 184
24 24
183 183
106 106
131 131
92 92
22 22
103 103
167 167
161 161
73 73
80 80
164 164
168 168
181 181
146 146
112 112
192 192
40 40
63 63
174 174
127 127
186 186
150 150
185 185
41 41
111 111
88 88
28 28
61 61
8 8
47 47
119 119
172 172
132 132
56 56
66 66
97 97
17 17
190 190
148 148
18 18
124 124
51 51
114 114
30 30
20 20
170 170
59 59
165 165
5 5
78 78
0 0
53 53
180 180
171 171
160 160
166 166
4 4
126 126
123 123
125 125
10 10
100 100
9 9
158 158
94 94
83 83
25 25
173 173
82 82
130 130
169 169
55 55
27 27
117 117
68 68
163 163
42 42
39 39
26 26
122 122
149 149
102 102
