81 27 188 117 85 200 58 23 92 93 182 125 195 108 16 196 159 1 165 70 199 138 57 197 166 76 46 41 184 135 90 87 130 43 9 107 56 167 126 153 95 42 65 132 97 170 189 36 89 145 35 156 17 158 45 84 124 78 34 48 14 20 180 52 179 8 191 100 121 152 86 178 74 164 183 49 162 80 12 141 77 103 109 71 64 24 53 88 161 115 33 127 123 69 59 96 198 154 150 18 81
100
81 81
27 27
188 188
117 117
85 85
200 200
58 58
23 23
92 92
93 93
182 182
125 125
195 195
108 108
16 16
196 196
159 159
1 1
165 165
70 70
199 199
138 138
57 57
197 197
166 166
76 76
46 46
41 41
184 184
135 135
90 90
87 87
130 130
43 43
9 9
107 107
56 56
167 167
126 126
153 153
95 95
42 42
65 65
132 132
97 97
170 170
189 189
36 36
89 89
145 145
35 35
156 156
17 17
158 158
45 45
84 84
124 124
78 78
34 34
48 48
14 14
20 20
180 180
52 52
179 179
8 8
191 191
100 100
121 121
152 152
86 86
178 178
74 74
164 164
183 183
49 49
162 162
80 80
12 12
141 141
77 77
103 103
109 109
71 71
64 64
24 24
53 53
88 88
161 161
115 115
33 33
127 127
123 123
69 69
59 59
96 96
198 198
154 154
150 150
18 18
