0 56 35 20 81 84 77 41 36 90 79 95 66 4 32 78 9 78 86 99 27 39 27 15 25 64 11 1 34 11 59 69 40 8 88 61 88 98 74 37 47 43 10 83 10 2 93 71 13 21 71 94 70 17 89 45 7 54 149 18 44 176 97 31 55 76 33 42 28 12 113 135 82 135 113 80 63 24 104 92 51 189 60 23 65 73 52 144 14 29 72 181 155 38 46 87 5 62 96 6 96 85 16 85 75 101 26 50 22 67 19 48 100 3 58 57 49 53 68 30 91 0
100
56 56
35 35
20 20
81 81
84 84
77 77
41 41
36 36
90 90
79 79
95 95
66 66
4 4
32 32
9 9
78 78
86 86
99 99
39 39
27 27
15 15
25 25
64 64
11 11
1 1
34 34
59 59
69 69
40 40
8 8
61 61
88 88
98 98
74 74
37 37
47 47
43 43
83 83
10 10
2 2
93 93
13 13
21 21
71 71
94 94
70 70
17 17
89 89
45 45
7 7
54 54
18 18
44 44
97 97
31 31
55 55
76 76
33 33
42 42
28 28
12 12
82 82
80 80
63 63
24 24
92 92
51 51
60 60
23 23
65 65
73 73
52 52
14 14
29 29
72 72
38 38
46 46
87 87
5 5
62 62
6 6
96 96
85 85
16 16
75 75
26 26
50 50
22 22
67 67
19 19
48 48
100 100
3 3
58 58
57 57
49 49
53 53
68 68
30 30
91 91
