woebegone slowdown involuntary spill mitre involuntary backplate involuntary thirteen catenate Darwin Elizabethan Goodrich Simon yogurt trimester transfuse illusion griddle illusion trimester Curtis deduce Tucson extrovert Andersen cowhand explosion cowhand Stephen simulate Gilmore switchmen imperishable balustrade babysat balustrade whatsoever Sunday silage Sunday PDP limitate inform secondary inform millennium funky swordfish Rodney Auberge mediate Fisk swingy dull archive papal archive sphalerite noon MN monotonous dreadnought monotonous MN exothermic MN casserole renaissance casserole felony tate felony equipping felony thoroughfare Isfahan yearn barnacle broil creekside Wheller creekside Dominican Irvin mack Zorn December car softball anvil Modesto lexicon Vega lexicon choice shovel wingspread funny McCall septillion embroil fulsome trill administer stanza numerology viscous numerology diligent oriole bunch midstream confrontation relaxation postscript connubial Winchester bat directory Durango Hewlett Durango sinh Durango Reilly Durango bifurcate update icon torus coarse atom transonic encumbrance woebegone
100
slowdown slowdown
spill spill
mitre mitre
backplate backplate
involuntary involuntary
thirteen thirteen
catenate catenate
Darwin Darwin
Goodrich Goodrich
Simon Simon
yogurt yogurt
transfuse transfuse
griddle griddle
illusion illusion
trimester trimester
Curtis Curtis
deduce deduce
Tucson Tucson
extrovert extrovert
Andersen Andersen
explosion explosion
Stephen Stephen
simulate simulate
Gilmore Gilmore
imperishable imperishable
babysat babysat
whatsoever whatsoever
silage silage
Sunday Sunday
PDP PDP
limitate limitate
inform inform
secondary secondary
millennium millennium
funky funky
swordfish swordfish
Rodney Rodney
Auberge Auberge
mediate mediate
Fisk Fisk
swingy swingy
dull dull
papal papal
archive archive
sphalerite sphalerite
noon noon
monotonous monotonous
dreadnought dreadnought
exothermic exothermic
casserole casserole
renaissance renaissance
felony felony
tate tate
equipping equipping
thoroughfare thoroughfare
Isfahan Isfahan
yearn yearn
barnacle barnacle
broil broil
Wheller Wheller
Irvin Irvin
mack mack
Zorn Zorn
December December
car car
softball softball
anvil anvil
Modesto Modesto
Vega Vega
choice choice
shovel shovel
wingspread wingspread
funny funny
McCall McCall
septillion septillion
embroil embroil
fulsome fulsome
administer administer
stanza stanza
viscous viscous
numerology numerology
diligent diligent
oriole oriole
bunch bunch
midstream midstream
relaxation relaxation
postscript postscript
connubial connubial
Winchester Winchester
bat bat
directory directory
Durango Durango
Hewlett Hewlett
sinh sinh
Reilly Reilly
bifurcate bifurcate
update update
icon icon
coarse coarse
transonic transonic
