exothermic felony Irvin decor shovel trill combine Iowa FPC coarse midget amateur Injun Curtis Bernini Tucson intangible lordosis Halstead Sicilian extrovert sacrifice McCall Andersen McCall namesake Dominican yogurt swordfish wafer swordfish exothermic
25
felony felony
Irvin Irvin
decor decor
shovel shovel
trill trill
combine combine
Iowa Iowa
FPC FPC
coarse coarse
midget midget
amateur amateur
Injun Injun
Curtis Curtis
Bernini Bernini
Tucson Tucson
lordosis lordosis
Halstead Halstead
extrovert extrovert
sacrifice sacrifice
Andersen Andersen
McCall McCall
namesake namesake
yogurt yogurt
swordfish swordfish
wafer wafer
