1 128 1 49 1 8 56 8 123 8 9 73 9 72 9 38 111 38 61 38 31 143 31 70 31 44 114 44 102 44 18 69 18 63 18 7 120 7 107 7 28 131 28 83 28 6 126 6 119 6 37 125 37 99 37 19 98 19 53 19 27 140 27 78 27 17 60 17 66 17 43 64 43 136 43 30 95 30 101 30 36 110 36 130 36 46 144 46 54 46 33 127 33 67 33 15 103 15 85 15 12 116 12 59 12 20 115 20 124 20 47 113 47 141 47 21 82 21 138 21 13 79 13 109 13 11 65 11 142 11 40 117 40 87 40 3 112 3 97 3 23 108 23 55 23 14 105 14 75 14 25 86 25 80 25 39 52 39 57 39 32 139 32 135 32 48 58 48 68 48 5 93 5 90 5 42 89 42 104 42 24 88 24 134 24 10 132 10 76 10 45 122 45 74 45 35 84 35 92 35 4 51 4 118 4 26 121 26 100 26 2 62 2 81 2 29 96 29 129 29 34 50 34 77 34 41 106 41 137 41 16 91 16 133 16 22 94 22 71 22 1
96
128 128
49 49
56 56
123 123
73 73
72 72
111 111
61 61
143 143
70 70
114 114
102 102
69 69
63 63
120 120
107 107
131 131
83 83
126 126
119 119
125 125
99 99
98 98
53 53
140 140
78 78
60 60
66 66
64 64
136 136
95 95
101 101
110 110
130 130
144 144
54 54
127 127
67 67
103 103
85 85
116 116
59 59
115 115
124 124
113 113
141 141
82 82
138 138
79 79
109 109
65 65
142 142
117 117
87 87
112 112
97 97
108 108
55 55
105 105
75 75
86 86
80 80
52 52
57 57
139 139
135 135
58 58
68 68
93 93
90 90
89 89
104 104
88 88
134 134
132 132
76 76
122 122
74 74
84 84
92 92
51 51
118 118
121 121
100 100
62 62
81 81
96 96
129 129
50 50
77 77
106 106
137 137
91 91
133 133
94 94
71 71
