g3ylJsdLuC idQHxtSnxr BUMLJo6sc3 fecMfiAuGC BUMLJo6sc3 jPXsbXPNMq j98kcW9qGB bsEkAY2K41 Q1N77BLmyb TSSOUimHPg 97ZNlakBoq mwzQG3SxnO rCoEuOa7EU 8KtuAXHUy3 rCoEuOa7EU XW1Wn7EqpN GQ4F0g3Mdj TyL7NE2puV 0SQlBVJ1YY Pz3egMzKU8 gZXiityEnU Pz3egMzKU8 srT70dfQEr K05xB79KZo 2O61j91J3T bserQRNqfz KpxiCfRqh3 WYEDqSuNRX oVMPVsMWrZ g2I4si69gU u4FAx2sHZm 2OsmeZV9xh u4FAx2sHZm 1TfvXd6dPZ mbSdju1TJK 1TfvXd6dPZ dC48GQHGzO RN0bCAV6rQ pk0Vh75DnH RN0bCAV6rQ dC48GQHGzO oWmQcQwHPo WcyuqGYOzU XOxGPscMMG yU6iUY8YgO qnkfLCmfDn dMOAUqH7Z3 CUEWGmB7Gt oEdovEhrWM YpRs8m6oyX 2S929yZddP 1QXjsHNYao 723MhcLxt0 TBzLS0OAYU xjSWG1YKh9 wRn7Oi1bcW 0mnwiU4XrT u4LnQNaaiz p3w5kcAaF0 S8BtTu4yH9 WAi18jd2vJ fWIjO8yhE3 KHDeTTvJC1 fWIjO8yhE3 s3eMpsYH00 Pijq8aHqIR nFqfAnhO3U 0hs3CNDF4L oIVQ2qkgnR bhojeHeddF oIVQ2qkgnR h5Si5BAPN0 QTNhZIciNJ CSjLrGbUz3 xtp1B5q0W1 CSjLrGbUz3 FmtLnHv2HY GQ4F0g3Mdj TP2TNyk7wl GQ4F0g3Mdj fXy828RCG4 uIf3wnJUdn Tk8ERvdKxF oCk2Yieytb bWDewy6WbV pWVnBerIra IT4pKw3giW g2I4si69gU 0wTk0mYkLH KUJdxKVZFO 7g0Idy1nzK 03xK87sjTf nKHFs5cKTX Oiowits7js 12ECENJIev 7wS9dKOnJR XlU2fx0ZPn BNkM7qaRNw yky49wE4YG Pv5LMSkQii yky49wE4YG WRd4lScvm6 yky49wE4YG YAqGe4tKAP FvzkpZRSj8 PcFJuErB3q CxfzSa2YOV M2hatQPY96 tubjzjzUpV 8ZKCAWlImg z9nRKYQ1ub 8ZKCAWlImg t25XjDwQhD DJYFSgxecW vUu8ijgxxf yvMowGbkvn IGpxjveim7 x7iq98BiN3 uNliYB9ELN LCKLTNE1vp uvoepIQg9n IA0Uf143OT JD3uem81Lg r8njDwxc2t FqFik17fFH qjDSEKmZMW jBYJ7v19BQ lfdanPGo3c MXIvZpEPtW biWuM2iRnz MXIvZpEPtW 4znnlMjVra dj8JMfo3hX QrJxLpX875 2eMl9AO5o8 emYRLTiyj9 LeZK9UvMT9 33omYiVXOD 5SSy593K31 WvFZJEkTrw aEo62SfMqH j98kcW9qGB onlLq65Azx idQHxtSnxr g3ylJsdLuC
100
BUMLJo6sc3 BUMLJo6sc3
fecMfiAuGC fecMfiAuGC
jPXsbXPNMq jPXsbXPNMq
bsEkAY2K41 bsEkAY2K41
Q1N77BLmyb Q1N77BLmyb
97ZNlakBoq 97ZNlakBoq
mwzQG3SxnO mwzQG3SxnO
8KtuAXHUy3 8KtuAXHUy3
XW1Wn7EqpN XW1Wn7EqpN
TyL7NE2puV TyL7NE2puV
Pz3egMzKU8 Pz3egMzKU8
gZXiityEnU gZXiityEnU
srT70dfQEr srT70dfQEr
K05xB79KZo K05xB79KZo
2O61j91J3T 2O61j91J3T
KpxiCfRqh3 KpxiCfRqh3
oVMPVsMWrZ oVMPVsMWrZ
g2I4si69gU g2I4si69gU
u4FAx2sHZm u4FAx2sHZm
2OsmeZV9xh 2OsmeZV9xh
1TfvXd6dPZ 1TfvXd6dPZ
mbSdju1TJK mbSdju1TJK
pk0Vh75DnH pk0Vh75DnH
RN0bCAV6rQ RN0bCAV6rQ
oWmQcQwHPo oWmQcQwHPo
WcyuqGYOzU WcyuqGYOzU
yU6iUY8YgO yU6iUY8YgO
qnkfLCmfDn qnkfLCmfDn
dMOAUqH7Z3 dMOAUqH7Z3
CUEWGmB7Gt CUEWGmB7Gt
oEdovEhrWM oEdovEhrWM
YpRs8m6oyX YpRs8m6oyX
2S929yZddP 2S929yZddP
1QXjsHNYao 1QXjsHNYao
723MhcLxt0 723MhcLxt0
TBzLS0OAYU TBzLS0OAYU
wRn7Oi1bcW wRn7Oi1bcW
0mnwiU4XrT 0mnwiU4XrT
u4LnQNaaiz u4LnQNaaiz
S8BtTu4yH9 S8BtTu4yH9
WAi18jd2vJ WAi18jd2vJ
KHDeTTvJC1 KHDeTTvJC1
s3eMpsYH00 s3eMpsYH00
Pijq8aHqIR Pijq8aHqIR
0hs3CNDF4L 0hs3CNDF4L
bhojeHeddF bhojeHeddF
oIVQ2qkgnR oIVQ2qkgnR
h5Si5BAPN0 h5Si5BAPN0
QTNhZIciNJ QTNhZIciNJ
CSjLrGbUz3 CSjLrGbUz3
xtp1B5q0W1 xtp1B5q0W1
GQ4F0g3Mdj GQ4F0g3Mdj
TP2TNyk7wl TP2TNyk7wl
fXy828RCG4 fXy828RCG4
uIf3wnJUdn uIf3wnJUdn
Tk8ERvdKxF Tk8ERvdKxF
oCk2Yieytb oCk2Yieytb
bWDewy6WbV bWDewy6WbV
IT4pKw3giW IT4pKw3giW
0wTk0mYkLH 0wTk0mYkLH
KUJdxKVZFO KUJdxKVZFO
7g0Idy1nzK 7g0Idy1nzK
03xK87sjTf 03xK87sjTf
nKHFs5cKTX nKHFs5cKTX
Oiowits7js Oiowits7js
12ECENJIev 12ECENJIev
XlU2fx0ZPn XlU2fx0ZPn
BNkM7qaRNw BNkM7qaRNw
Pv5LMSkQii Pv5LMSkQii
WRd4lScvm6 WRd4lScvm6
yky49wE4YG yky49wE4YG
YAqGe4tKAP YAqGe4tKAP
FvzkpZRSj8 FvzkpZRSj8
CxfzSa2YOV CxfzSa2YOV
M2hatQPY96 M2hatQPY96
tubjzjzUpV tubjzjzUpV
z9nRKYQ1ub z9nRKYQ1ub
t25XjDwQhD t25XjDwQhD
vUu8ijgxxf vUu8ijgxxf
yvMowGbkvn yvMowGbkvn
x7iq98BiN3 x7iq98BiN3
LCKLTNE1vp LCKLTNE1vp
uvoepIQg9n uvoepIQg9n
IA0Uf143OT IA0Uf143OT
JD3uem81Lg JD3uem81Lg
r8njDwxc2t r8njDwxc2t
qjDSEKmZMW qjDSEKmZMW
jBYJ7v19BQ jBYJ7v19BQ
lfdanPGo3c lfdanPGo3c
biWuM2iRnz biWuM2iRnz
4znnlMjVra 4znnlMjVra
dj8JMfo3hX dj8JMfo3hX
QrJxLpX875 QrJxLpX875
emYRLTiyj9 emYRLTiyj9
LeZK9UvMT9 LeZK9UvMT9
5SSy593K31 5SSy593K31
WvFZJEkTrw WvFZJEkTrw
aEo62SfMqH aEo62SfMqH
onlLq65Azx onlLq65Azx
idQHxtSnxr idQHxtSnxr
