SaintPaul Garland Newark Scottsdale Honolulu Memphis Louisville Madison SanFrancisco Stockton Houston Tampa Toledo Atlanta Oakland WinstonSalem Durham SantaAna Pittsburgh SantaAna Durham Phoenix Charlotte ChulaVista Cincinnati ChulaVista SanDiego SanJose SanDiego Minneapolis Bakersfield Minneapolis Lincoln JerseyCity Laredo JerseyCity Lexington Fresno Spokane Fresno Chesapeake Lubbock StPetersburg Henderson StPetersburg Milwaukee Columbus Glendale Hialeah OklahomaCity FortWayne Anchorage FortWayne Aurora Austin SanAntonio Austin ElPaso LosAngeles Plano Chandler NewOrleans KansasCity Norfolk Denver Detroit Tucson Raleigh Tucson Dallas LongBeach FortWorth BatonRouge Albuquerque Baltimore Mesa Indianapolis SaintPaul
50
Newark Newark
Scottsdale Scottsdale
Honolulu Honolulu
Memphis Memphis
Madison Madison
Stockton Stockton
Houston Houston
Tampa Tampa
Atlanta Atlanta
WinstonSalem WinstonSalem
SantaAna SantaAna
Pittsburgh Pittsburgh
Durham Durham
Phoenix Phoenix
Charlotte Charlotte
Cincinnati Cincinnati
SanDiego SanDiego
SanJose SanJose
Bakersfield Bakersfield
Lincoln Lincoln
JerseyCity JerseyCity
Laredo Laredo
Lexington Lexington
Spokane Spokane
Chesapeake Chesapeake
Lubbock Lubbock
Henderson Henderson
StPetersburg StPetersburg
Milwaukee Milwaukee
Columbus Columbus
Glendale Glendale
Hialeah Hialeah
OklahomaCity OklahomaCity
Anchorage Anchorage
FortWayne FortWayne
Aurora Aurora
Austin Austin
SanAntonio SanAntonio
ElPaso ElPaso
Plano Plano
Chandler Chandler
NewOrleans NewOrleans
Denver Denver
Raleigh Raleigh
Tucson Tucson
Dallas Dallas
LongBeach LongBeach
FortWorth FortWorth
Baltimore Baltimore
Indianapolis Indianapolis
