Chattanooga Cleveland SanAntonio Memphis Wichita Carrollton Surprise Anchorage Midland Mobile Olathe Corona Lubbock Louisville Boise SanBernardino Fremont Huntsville Tacoma Oxnard Spokane Springfield Berkeley Knoxville WinstonSalem Cincinnati Paterson Cincinnati LongBeach GrandPrairie LongBeach Waco Albuquerque LosAngeles Pomona Buffalo Tallahassee MorenoValley Anaheim ChulaVista Arlington Chandler Washington SaintPaul Norfolk Raleigh Norfolk Irvine Syracuse Irvine OklahomaCity SantaAna Killeen Jacksonville SanJose Montgomery Macon Shreveport LittleRock CapeCoral BatonRouge Bakersfield Oceanside Fontana Lincoln Madison Joliet Madison Denton Lexington Baltimore Aurora Tempe Scottsdale Riverside Indianapolis Phoenix SanDiego Charlotte Murfreesboro Salinas GardenGrove Toledo Atlanta Chicago Naperville Orlando NewportNews Alexandria NewportNews DesMoines Austin Vancouver PortStLucie Miramar Honolulu SanFrancisco ElkGrove McAllen ElkGrove Savannah FortLauderdale Savannah SaltLakeCity Richmond Fayetteville FortWorth VirginiaBeach Glendale Portland Fresno GrandRapids Fresno Worcester NewYork SantaClarita Hayward Akron RanchoCucamonga Newark RanchoCucamonga TianamenSquare Ontario Salem Boston Brownsville Jackson KansasCity Frisco Orange Henderson MorenoValley Durham Yonkers Plano Dayton ElPaso Chattanooga
100
Cleveland Cleveland
SanAntonio SanAntonio
Memphis Memphis
Wichita Wichita
Surprise Surprise
Anchorage Anchorage
Midland Midland
Olathe Olathe
Corona Corona
Lubbock Lubbock
Louisville Louisville
Boise Boise
SanBernardino SanBernardino
Fremont Fremont
Tacoma Tacoma
Oxnard Oxnard
Spokane Spokane
Springfield Springfield
Berkeley Berkeley
Knoxville Knoxville
Cincinnati Cincinnati
Paterson Paterson
GrandPrairie GrandPrairie
Waco Waco
LosAngeles LosAngeles
Pomona Pomona
Buffalo Buffalo
Tallahassee Tallahassee
Anaheim Anaheim
ChulaVista ChulaVista
Washington Washington
SaintPaul SaintPaul
Raleigh Raleigh
Syracuse Syracuse
Irvine Irvine
SantaAna SantaAna
Jacksonville Jacksonville
SanJose SanJose
Shreveport Shreveport
LittleRock LittleRock
CapeCoral CapeCoral
BatonRouge BatonRouge
Bakersfield Bakersfield
Oceanside Oceanside
Fontana Fontana
Lincoln Lincoln
Madison Madison
Joliet Joliet
Denton Denton
Lexington Lexington
Baltimore Baltimore
Aurora Aurora
Tempe Tempe
Scottsdale Scottsdale
Riverside Riverside
Indianapolis Indianapolis
Phoenix Phoenix
SanDiego SanDiego
Charlotte Charlotte
Murfreesboro Murfreesboro
GardenGrove GardenGrove
Toledo Toledo
Chicago Chicago
Naperville Naperville
Orlando Orlando
NewportNews NewportNews
Alexandria Alexandria
DesMoines DesMoines
Austin Austin
Vancouver Vancouver
PortStLucie PortStLucie
Honolulu Honolulu
SanFrancisco SanFrancisco
McAllen McAllen
Savannah Savannah
FortLauderdale FortLauderdale
Richmond Richmond
Fayetteville Fayetteville
FortWorth FortWorth
Glendale Glendale
GrandRapids GrandRapids
Worcester Worcester
NewYork NewYork
SantaClarita SantaClarita
Hayward Hayward
Akron Akron
Newark Newark
Ontario Ontario
Salem Salem
Boston Boston
Brownsville Brownsville
Jackson Jackson
KansasCity KansasCity
Frisco Frisco
Orange Orange
Henderson Henderson
Durham Durham
Yonkers Yonkers
Plano Plano
ElPaso ElPaso
