Porterton Wallton Davisstad Newmanburgh Gallowaymouth Rioshaven Josephstad Rioshaven Gallowaymouth Newmanburgh Davisstad Leechester Pettyton Bondmouth Mercedesmouth Bondmouth Taylorton Bondmouth Pettyton Jonesfurt Pettyton Leechester Castanedachester Suttonville Castanedachester Leechester Davisstad Jacksonton Singletonton Clarkbury Jermaineton Clarkbury Singletonton Jacksonton Davisstad Wallton Danielleport Melissaview Cheyennefurt Thompsonshire Cheyennefurt Watsonville Christyland Watsonville Robertomouth Watsonville Cheyennefurt Melissaview Campbellhaven Annberg Houstonchester Annberg Dyerport Annberg Campbellhaven Melissaview Danielleport Cooperton Lopezborough Waltersmouth Adkinsberg Waltersmouth Adamport Waltersmouth Lopezborough Cooperton Danielleport Scottburgh Laurenbury Haleview Hallstad Haleview Laurenbury Scottburgh Danielleport Wallton Derekmouth Jeffreyfort Johnsonchester Susanfort Johnsonchester Nealfurt Johnsonchester Jeffreyfort Garytown Audreyfort Patriciaside Audreyfort Garytown Jeffreyfort Derekmouth Charlesberg Sethland Tannerhaven Sethland Ellisstad Osbornemouth Ellisstad Sethland Charlesberg Kevinberg Patriciabury Troyfort Patriciabury Thomasmouth Patriciabury Kevinberg Adamside Andrewschester Adamside Bradberg Adamside Kevinberg Charlesberg Weberbury Kimberlyburgh Candiceland Kimberlyburgh Weberbury Clarkport Weberbury Charlesberg Derekmouth Geraldside Joseport Gabrielburgh Hodgesstad Gabrielburgh Joseport Hallborough Kylieview Hallborough Joseport Geraldside Michellehaven Ramosborough Fordhaven Ramosborough Michellehaven Cranemouth Joneschester Cranemouth Michellehaven Geraldside Derekmouth Wallton Porterton Dianashire Ashleyborough Paulburgh Robertsstad Toddtown Swansonshire Abigailhaven Swansonshire Toddtown Robertsstad Paulburgh Walltown Scotttown Jacksonview Danielville Jacksonview Scotttown Walltown Johnberg Williamshire Johnberg Walltown Callahantown Maryport Combsville Maryport Reynoldsview Maryport Callahantown Walltown Paulburgh Ashleyborough Osborneville Christophermouth Shawnhaven Dannyside Shawnhaven Candaceborough Shawnhaven Christophermouth Osborneville Payneview Barnesmouth Clarkborough Barnesmouth Harrisport Brendaview Harrisport Barnesmouth Payneview Jacksonville Jennifertown Feliciaville Jennifertown Jacksonville Christopherhaven Jacksonville Payneview Teresafort Smithtown Jacksonland Smithtown Abigailville Smithtown Teresafort Calvinton Teresafort Payneview Osborneville Ashleyborough Clarkberg Reevestown Judithview Michaelview Clarenceview Michaelview Judithview Reevestown Clarkberg Burtonview Murphyside Bakertown Jameston Bakertown Derekville Bakertown Murphyside Burtonview Clarkberg Ashleyborough Dianashire Burgessview Marcusburgh Fletcherland Willisfurt Ortizberg Willisfurt Fletcherland Kingview Williamschester Mirandaview Williamschester Kingview Fletcherland Marcusburgh Tylerbury Paultown Hansonbury Paultown Tylerbury Jamestown Wilsonstad Jamestown Tylerbury Marcusburgh Matthewburgh Virginiastad Johnsonberg Virginiastad Robinsonmouth Horneside Robinsonmouth Virginiastad Matthewburgh Bondfort Adamview Harrisborough Adamview Bondfort Shawnmouth Priceville Shawnmouth Buckleyside Shawnmouth Bondfort Matthewburgh Marcusburgh Burgessview Williamfort Thomasville Lopezburgh Byrdfurt Loweryborough Byrdfurt Garciamouth Byrdfurt Lopezburgh Leahmouth Lopezburgh Thomasville Williamfort Williamport Ashleystad Codyton Mindyview Codyton Ryanside Codyton Ashleystad Holthaven Vickiville Holthaven Ashleystad Williamport Williamfort Moodyburgh Heatherberg Thomasborough Ortegaberg Thomasborough Masseyside Thomasborough Heatherberg Moodyburgh Gregoryberg Smithfort Millerborough Smithfort Gregoryberg Moodyburgh Williamfort Burgessview Billton Banksburgh Simmonsburgh Michaelville Williamland Michaelville Simmonsburgh Banksburgh Yvonneborough Parkermouth Shawnfort Parkermouth Yvonneborough Banksburgh Billton Burgessview Dianashire Porterton
100
Rioshaven Rioshaven
Josephstad Josephstad
Bondmouth Bondmouth
Mercedesmouth Mercedesmouth
Taylorton Taylorton
Jonesfurt Jonesfurt
Suttonville Suttonville
Jermaineton Jermaineton
Clarkbury Clarkbury
Thompsonshire Thompsonshire
Watsonville Watsonville
Christyland Christyland
Robertomouth Robertomouth
Annberg Annberg
Houstonchester Houstonchester
Dyerport Dyerport
Adkinsberg Adkinsberg
Adamport Adamport
Haleview Haleview
Hallstad Hallstad
Susanfort Susanfort
Nealfurt Nealfurt
Audreyfort Audreyfort
Patriciaside Patriciaside
Tannerhaven Tannerhaven
Ellisstad Ellisstad
Osbornemouth Osbornemouth
Patriciabury Patriciabury
Troyfort Troyfort
Thomasmouth Thomasmouth
Andrewschester Andrewschester
Adamside Adamside
Bradberg Bradberg
Kimberlyburgh Kimberlyburgh
Candiceland Candiceland
Clarkport Clarkport
Gabrielburgh Gabrielburgh
Hodgesstad Hodgesstad
Kylieview Kylieview
Hallborough Hallborough
Ramosborough Ramosborough
Fordhaven Fordhaven
Cranemouth Cranemouth
Joneschester Joneschester
Swansonshire Swansonshire
Abigailhaven Abigailhaven
Danielville Danielville
Jacksonview Jacksonview
Williamshire Williamshire
Maryport Maryport
Combsville Combsville
Reynoldsview Reynoldsview
Dannyside Dannyside
Candaceborough Candaceborough
Clarkborough Clarkborough
Harrisport Harrisport
Brendaview Brendaview
Jennifertown Jennifertown
Feliciaville Feliciaville
Christopherhaven Christopherhaven
Jacksonland Jacksonland
Abigailville Abigailville
Smithtown Smithtown
Calvinton Calvinton
Michaelview Michaelview
Clarenceview Clarenceview
Jameston Jameston
Derekville Derekville
Bakertown Bakertown
Ortizberg Ortizberg
Williamschester Williamschester
Mirandaview Mirandaview
Hansonbury Hansonbury
Wilsonstad Wilsonstad
Johnsonberg Johnsonberg
Horneside Horneside
Robinsonmouth Robinsonmouth
Adamview Adamview
Harrisborough Harrisborough
Priceville Priceville
Buckleyside Buckleyside
Shawnmouth Shawnmouth
Loweryborough Loweryborough
Garciamouth Garciamouth
Byrdfurt Byrdfurt
Leahmouth Leahmouth
Mindyview Mindyview
Ryanside Ryanside
Codyton Codyton
Vickiville Vickiville
Holthaven Holthaven
Ortegaberg Ortegaberg
Thomasborough Thomasborough
Masseyside Masseyside
Millerborough Millerborough
Smithfort Smithfort
Williamland Williamland
Michaelville Michaelville
Parkermouth Parkermouth
Shawnfort Shawnfort
