0 73 79 56 14 78 36 34 55 90 84 76 33 15 72 194 61 28 38 42 45 162 30 8 17 87 95 87 18 11 26 65 98 91 98 77 68 140 66 86 49 54 60 4 57 25 70 16 22 47 142 51 13 5 74 75 41 32 59 97 31 2 40 82 177 89 29 93 21 80 3 43 69 1 58 85 44 134 62 12 53 20 81 10 71 94 39 67 96 27 99 92 19 128 35 37 83 52 9 6 24 46 63 139 48 64 50 7 88 23 0
100
0 0
73 73
79 79
56 56
14 14
78 78
36 36
34 34
55 55
90 90
84 84
76 76
33 33
15 15
72 72
61 61
28 28
38 38
42 42
45 45
30 30
8 8
17 17
87 87
95 95
18 18
11 11
26 26
65 65
98 98
91 91
77 77
68 68
66 66
86 86
49 49
54 54
60 60
4 4
57 57
25 25
70 70
16 16
22 22
47 47
51 51
13 13
5 5
74 74
75 75
41 41
32 32
59 59
97 97
31 31
2 2
40 40
82 82
89 89
29 29
93 93
21 21
80 80
3 3
43 43
69 69
1 1
58 58
85 85
44 44
62 62
12 12
53 53
20 20
81 81
10 10
71 71
94 94
39 39
67 67
96 96
27 27
99 99
92 92
19 19
35 35
37 37
83 83
52 52
9 9
6 6
24 24
46 46
63 63
48 48
64 64
50 50
7 7
88 88
23 23
