K B AD AM CF BT M BL GN R AS Y DL GF CT GI CQ FH CK FH CJ BR FT GK FR AU FG BI DB DX EM EA BP FJ GJ P EC FE FV AP BO AX BA G BE BY V I EQ CE FP DS DH AN EB DC U DG EL DI DK AJ FZ CB FO T EK GE FI GO Z BG FM DZ AB EZ DN EH FU FX DR BQ EG AG GG CW CV L BB AF GC ED AE X CY EV DE EO EY CC CM GR AW AH EU DP BX EJ GL BF DV BJ FD EN CA GD FS BH K
100
B B
AM AM
CF CF
M M
BL BL
R R
AS AS
Y Y
GF GF
CT CT
GI GI
CQ CQ
FH FH
CK CK
CJ CJ
BR BR
GK GK
FR FR
FG FG
BI BI
DB DB
DX DX
EM EM
EA EA
BP BP
FJ FJ
GJ GJ
P P
EC EC
FE FE
FV FV
BO BO
AX AX
BA BA
G G
BE BE
BY BY
V V
I I
EQ EQ
CE CE
FP FP
DS DS
DH DH
AN AN
DC DC
U U
DG DG
EL EL
DI DI
DK DK
AJ AJ
FZ FZ
CB CB
FO FO
T T
EK EK
GE GE
FI FI
GO GO
Z Z
BG BG
FM FM
DZ DZ
AB AB
EZ EZ
EH EH
FU FU
FX FX
DR DR
BQ BQ
EG EG
AG AG
GG GG
CW CW
L L
BB BB
AF AF
GC GC
ED ED
X X
CY CY
EV EV
EO EO
CM CM
GR GR
AW AW
AH AH
EU EU
DP DP
BX BX
EJ EJ
GL GL
BF BF
DV DV
BJ BJ
FD FD
EN EN
GD GD
FS FS
