89 12 187 127 4 140 31 107 6 64 18 3 136 70 192 135 45 151 94 81 38 41 37 99 44 32 28 132 195 160 144 111 49 128 23 96 121 33 25 73 141 194 133 193 79 36 173 86 29 86 56 155 178 102 143 114 125 143 102 122 61 87 100 199 97 191 65 147 82 11 83 88 80 149 190 39 85 146 148 13 58 16 1 118 179 98 182 48 9 48 27 78 101 169 5 172 21 197 188 59 124 75 189 51 156 130 112 109 183 69 89
100
12 12
187 187
127 127
4 4
140 140
31 31
107 107
6 6
64 64
18 18
3 3
136 136
70 70
192 192
135 135
151 151
94 94
81 81
38 38
41 41
37 37
99 99
44 44
32 32
132 132
195 195
160 160
144 144
111 111
49 49
128 128
23 23
96 96
121 121
33 33
25 25
73 73
141 141
194 194
133 133
193 193
79 79
36 36
173 173
86 86
29 29
56 56
155 155
178 178
102 102
114 114
125 125
122 122
61 61
100 100
199 199
97 97
191 191
65 65
147 147
82 82
11 11
83 83
88 88
80 80
149 149
190 190
39 39
85 85
146 146
148 148
13 13
58 58
16 16
1 1
118 118
179 179
98 98
9 9
48 48
27 27
78 78
101 101
169 169
5 5
172 172
21 21
197 197
188 188
59 59
124 124
75 75
189 189
51 51
156 156
130 130
112 112
109 109
183 183
69 69
