fmdhlepsteinstdnkill nhmkilllsftepsteindd fmdhlepsteinstdnkill epsteindlsfdntmkillh dnkillepsteinlshdtfm killepsteinlhtfdsmdn dhkilllsepsteinmntdf killepsteinlhtfdsmdn epsteinlshkilldnfdmt flepsteindndhmtkills killdmnsfhldepsteint epsteintdkilllnfdhms dfslntkillmepsteindh ftmnsldepsteinkillhd hsdfepsteintlnkilldm lhepsteinkilldtnmfsd tmsdnfdlkillhepstein mftkillepsteinndlhsd dnkillepsteinlshdtfm lmhdtfdepsteinnkills ndkillftdsmepsteinlh hsdlepsteinmnkilldft epsteinmhndfkilltdls tdfepsteinnlhdkillsm dfkilllmtepsteinhdsn nfdhkilllsmtepsteind killnsfmhdepsteindtl fdshnmkillepsteinltd epsteinskilldlndhmtf lthfkilldnsmepsteind hepsteinsddnfkillmlt nkilltdhlmdepsteinsf hepsteinsddnfkillmlt ddtmkillepsteinflsnh fddsepsteinhnlkilltm msfltdkillnepsteinhd hnfdtmlepsteinkillds hdepsteinskillldtnfm hnfdtmlepsteinkillds nltdmsfepsteinkilldh fkillepsteindlhdnsmt epsteinkillmsftnddlh dmepsteinfnhltkillsd fshtdepsteinmldnkill lndsdkilltmepsteinhf hsndepsteindlmtkillf tlmsdhdnkillfepstein tmlepsteinsdnfkillhd tlmsdhdnkillfepstein lsdepsteinfmkillndth tlmsdhdnkillfepstein fmsepsteindntldhkill epsteindfhlmdnskillt dlnsthfmepsteinkilld dfdkillepsteinslmhnt lnsmkilltfdepsteindh lhsepsteindtdnmkillf fhndskillepsteintldm ddlmnftepsteinhskill fepsteinhsntddkilllm killmlepsteindthnfsd ntlepsteindmfdshkill nepsteinlmdkilldhfts epsteinkillnmsdhtdlf fkillepsteinmldnhstd depsteinnlsfmhtkilld hnsdkilllftdmepstein epsteinfsddmthkillnl dhepsteindsnlkillfmt epsteinfsddmthkillnl tlsfdmdepsteinnhkill stepsteinhkillfmnldd epsteindlsfdntmkillh fmdhlepsteinstdnkill
50
nhmkilllsftepsteindd nhmkilllsftepsteindd
dhkilllsepsteinmntdf dhkilllsepsteinmntdf
killepsteinlhtfdsmdn killepsteinlhtfdsmdn
epsteinlshkilldnfdmt epsteinlshkilldnfdmt
flepsteindndhmtkills flepsteindndhmtkills
killdmnsfhldepsteint killdmnsfhldepsteint
epsteintdkilllnfdhms epsteintdkilllnfdhms
hsdfepsteintlnkilldm hsdfepsteintlnkilldm
lhepsteinkilldtnmfsd lhepsteinkilldtnmfsd
mftkillepsteinndlhsd mftkillepsteinndlhsd
dnkillepsteinlshdtfm dnkillepsteinlshdtfm
lmhdtfdepsteinnkills lmhdtfdepsteinnkills
ndkillftdsmepsteinlh ndkillftdsmepsteinlh
epsteinmhndfkilltdls epsteinmhndfkilltdls
dfkilllmtepsteinhdsn dfkilllmtepsteinhdsn
nfdhkilllsmtepsteind nfdhkilllsmtepsteind
killnsfmhdepsteindtl killnsfmhdepsteindtl
fdshnmkillepsteinltd fdshnmkillepsteinltd
epsteinskilldlndhmtf epsteinskilldlndhmtf
hepsteinsddnfkillmlt hepsteinsddnfkillmlt
nkilltdhlmdepsteinsf nkilltdhlmdepsteinsf
ddtmkillepsteinflsnh ddtmkillepsteinflsnh
msfltdkillnepsteinhd msfltdkillnepsteinhd
hnfdtmlepsteinkillds hnfdtmlepsteinkillds
hdepsteinskillldtnfm hdepsteinskillldtnfm
nltdmsfepsteinkilldh nltdmsfepsteinkilldh
epsteinkillmsftnddlh epsteinkillmsftnddlh
dmepsteinfnhltkillsd dmepsteinfnhltkillsd
fshtdepsteinmldnkill fshtdepsteinmldnkill
lndsdkilltmepsteinhf lndsdkilltmepsteinhf
hsndepsteindlmtkillf hsndepsteindlmtkillf
tlmsdhdnkillfepstein tlmsdhdnkillfepstein
tmlepsteinsdnfkillhd tmlepsteinsdnfkillhd
lsdepsteinfmkillndth lsdepsteinfmkillndth
fmsepsteindntldhkill fmsepsteindntldhkill
epsteindfhlmdnskillt epsteindfhlmdnskillt
dlnsthfmepsteinkilld dlnsthfmepsteinkilld
lnsmkilltfdepsteindh lnsmkilltfdepsteindh
fhndskillepsteintldm fhndskillepsteintldm
ddlmnftepsteinhskill ddlmnftepsteinhskill
fepsteinhsntddkilllm fepsteinhsntddkilllm
killmlepsteindthnfsd killmlepsteindthnfsd
ntlepsteindmfdshkill ntlepsteindmfdshkill
nepsteinlmdkilldhfts nepsteinlmdkilldhfts
depsteinnlsfmhtkilld depsteinnlsfmhtkilld
hnsdkilllftdmepstein hnsdkilllftdmepstein
dhepsteindsnlkillfmt dhepsteindsnlkillfmt
tlsfdmdepsteinnhkill tlsfdmdepsteinnhkill
stepsteinhkillfmnldd stepsteinhkillfmnldd
epsteindlsfdntmkillh epsteindlsfdntmkillh
