dldkilltnmhfepsteins msddkilllthepsteinfn killsepsteindmtflhnd killfthnmsdlepsteind tsmdepsteinkillhfdln depsteinlfnmkilldsht lhepsteintndkilldsmf depsteinlfnmkilldsht tldkillhsfnmepsteind depsteinftndhmkillsl hepsteinnfdmlsdtkill depsteinftndhmkillsl epsteindkilltlmnhsfd hkilllepsteinnstfddm lsmftnepsteinkillhdd dflstmkillepsteindhn killdepsteinmfltdshn tsdnhkilllmepsteindf tdfkillslepsteinhdmn sldhnfmtdkillepstein fhdmnepsteindkillslt sldhnfmtdkillepstein tepsteinhsdkillmldfn shepsteinnkillftlddm msepsteintlhnfkilldd hmdkilllnepsteinfsdt killhtdmdlnsfepstein nfltdmkillsdepsteinh killhtdmdlnsfepstein sndldftmkillepsteinh nepsteindhkillltmsfd killthsepsteindmlfdn depsteinslkillhdftmn killmfndshdtepsteinl mfndlsdepsteinhkillt dsftepsteindhkillmnl sdlhfnmdepsteintkill dsftepsteindhkillmnl mfndlsdepsteinhkillt dmldfhskillntepstein mdkillntepsteindfhsl tndskilldfepsteinmhl dkillnmsfhtlepsteind fdskillndtmepsteinlh killmdshdtnflepstein sdndhepsteinltkillfm dfkilllepsteinsnmhtd epsteinhdkillltsmfdn mkilldlshdtfepsteinn epsteinhnkillsldfdmt nmdhepsteinkilltfsld hsepsteinfkillnmddtl epsteindmshtfldnkill hmndfkillslepsteintd dftkillhmldnepsteins ndkillthdepsteinlsmf lkillfthdsepsteindnm nsepsteinfmdkillhldt hnskillepsteintfdmld nsepsteinfmdkillhldt lkillfthdsepsteindnm dtnkillsepsteinmdfhl lkillfthdsepsteindnm hnddkilltslmfepstein dmtlsfhnkilldepstein thdlskillnfdmepstein lepsteinkilldhfmstnd thdlskillnfdmepstein hnddkilltslmfepstein killtepsteinddhlmnsf ltfnsdhepsteinkilldm tepsteinmdfldhnskill ltfnsdhepsteinkilldm killtdmsdfhnepsteinl dhkillldsepsteintnmf epsteinfsltkillnhddm fmltddhnepsteinskill epsteinfsltkillnhddm killhdfnsepsteinmltd fsepsteindkillhmtdln epsteinlmkillfshnddt fsepsteindkillhmtdln skillthlfndepsteindm mkillthfdlnepsteinds dtsmdnlhfepsteinkill epsteinsnmflhtdkilld mhkillepsteinddlfsnt hdntepsteinkilllsdfm dkillnmhldstfepstein epsteinshlkilldmnfdt dfdepsteintlnskillhm ldepsteindhkilltsmfn mdkilllfdnstepsteinh lkillepsteintdshmfnd mdkilllfdnstepsteinh fdmtdepsteinkilllsnh epsteinldtnfmshdkill thnkillmddsepsteinfl fthlkillnepsteindsdm nftmskilldldepsteinh mdkillnlsdtepsteinhf lhsntdepsteindkillmf lmkillepsteintsndfhd hepsteinntdkillsdmfl depsteintkilllnmsfdh hepsteinntdkillsdmfl lmkillepsteintsndfhd ndshkilldmlepsteinft shfnmltepsteindkilld killtdslhfdepsteinnm mhdskillldftnepstein dhmkillfdltnsepstein lkilldtnmsepsteindfh mkillldnhepsteinstfd fmtnkilldepsteindhsl killtdslhfdepsteinnm slepsteinkillfmddhtn epsteintfhndkilllmsd tdnfmdhepsteinslkill dlshdtepsteinnkillfm dkillldfepsteintsmnh ldfsmnepsteinkilltdh mndtkillepsteindlfhs fddsmepsteintnkillhl ntmdhepsteinsdkillfl epsteinfthkilldnslmd killdldepsteinmfsthn dnldkillhmfstepstein lnepsteintdfmdshkill skillmfepsteinthddnl dhsepsteintlkillmfnd hnsepsteinmkillfddtl dhtepsteinkillsdflmn tdkillepsteinsmhdfnl lepsteindnhstfdmkill fhnmkillepsteinsdltd dlfdkilltepsteinhnms msddkilllthepsteinfn dldkilltnmhfepsteins
100
msddkilllthepsteinfn msddkilllthepsteinfn
killfthnmsdlepsteind killfthnmsdlepsteind
tsmdepsteinkillhfdln tsmdepsteinkillhfdln
lhepsteintndkilldsmf lhepsteintndkilldsmf
depsteinlfnmkilldsht depsteinlfnmkilldsht
tldkillhsfnmepsteind tldkillhsfnmepsteind
hepsteinnfdmlsdtkill hepsteinnfdmlsdtkill
depsteinftndhmkillsl depsteinftndhmkillsl
epsteindkilltlmnhsfd epsteindkilltlmnhsfd
lsmftnepsteinkillhdd lsmftnepsteinkillhdd
dflstmkillepsteindhn dflstmkillepsteindhn
killdepsteinmfltdshn killdepsteinmfltdshn
tsdnhkilllmepsteindf tsdnhkilllmepsteindf
tdfkillslepsteinhdmn tdfkillslepsteinhdmn
fhdmnepsteindkillslt fhdmnepsteindkillslt
sldhnfmtdkillepstein sldhnfmtdkillepstein
tepsteinhsdkillmldfn tepsteinhsdkillmldfn
msepsteintlhnfkilldd msepsteintlhnfkilldd
hmdkilllnepsteinfsdt hmdkilllnepsteinfsdt
nfltdmkillsdepsteinh nfltdmkillsdepsteinh
killhtdmdlnsfepstein killhtdmdlnsfepstein
sndldftmkillepsteinh sndldftmkillepsteinh
nepsteindhkillltmsfd nepsteindhkillltmsfd
killthsepsteindmlfdn killthsepsteindmlfdn
depsteinslkillhdftmn depsteinslkillhdftmn
killmfndshdtepsteinl killmfndshdtepsteinl
sdlhfnmdepsteintkill sdlhfnmdepsteintkill
dmldfhskillntepstein dmldfhskillntepstein
mdkillntepsteindfhsl mdkillntepsteindfhsl
tndskilldfepsteinmhl tndskilldfepsteinmhl
dkillnmsfhtlepsteind dkillnmsfhtlepsteind
fdskillndtmepsteinlh fdskillndtmepsteinlh
sdndhepsteinltkillfm sdndhepsteinltkillfm
dfkilllepsteinsnmhtd dfkilllepsteinsnmhtd
epsteinhdkillltsmfdn epsteinhdkillltsmfdn
mkilldlshdtfepsteinn mkilldlshdtfepsteinn
epsteinhnkillsldfdmt epsteinhnkillsldfdmt
nmdhepsteinkilltfsld nmdhepsteinkilltfsld
hsepsteinfkillnmddtl hsepsteinfkillnmddtl
epsteindmshtfldnkill epsteindmshtfldnkill
hmndfkillslepsteintd hmndfkillslepsteintd
ndkillthdepsteinlsmf ndkillthdepsteinlsmf
hnskillepsteintfdmld hnskillepsteintfdmld
dtnkillsepsteinmdfhl dtnkillsepsteinmdfhl
dmtlsfhnkilldepstein dmtlsfhnkilldepstein
lepsteinkilldhfmstnd lepsteinkilldhfmstnd
thdlskillnfdmepstein thdlskillnfdmepstein
killtepsteinddhlmnsf killtepsteinddhlmnsf
ltfnsdhepsteinkilldm ltfnsdhepsteinkilldm
tepsteinmdfldhnskill tepsteinmdfldhnskill
killtdmsdfhnepsteinl killtdmsdfhnepsteinl
fmltddhnepsteinskill fmltddhnepsteinskill
killhdfnsepsteinmltd killhdfnsepsteinmltd
fsepsteindkillhmtdln fsepsteindkillhmtdln
epsteinlmkillfshnddt epsteinlmkillfshnddt
skillthlfndepsteindm skillthlfndepsteindm
mkillthfdlnepsteinds mkillthfdlnepsteinds
dtsmdnlhfepsteinkill dtsmdnlhfepsteinkill
epsteinsnmflhtdkilld epsteinsnmflhtdkilld
mhkillepsteinddlfsnt mhkillepsteinddlfsnt
dkillnmhldstfepstein dkillnmhldstfepstein
dfdepsteintlnskillhm dfdepsteintlnskillhm
ldepsteindhkilltsmfn ldepsteindhkilltsmfn
lkillepsteintdshmfnd lkillepsteintdshmfnd
mdkilllfdnstepsteinh mdkilllfdnstepsteinh
fdmtdepsteinkilllsnh fdmtdepsteinkilllsnh
epsteinldtnfmshdkill epsteinldtnfmshdkill
thnkillmddsepsteinfl thnkillmddsepsteinfl
nftmskilldldepsteinh nftmskilldldepsteinh
mdkillnlsdtepsteinhf mdkillnlsdtepsteinhf
lhsntdepsteindkillmf lhsntdepsteindkillmf
hepsteinntdkillsdmfl hepsteinntdkillsdmfl
depsteintkilllnmsfdh depsteintkilllnmsfdh
lmkillepsteintsndfhd lmkillepsteintsndfhd
ndshkilldmlepsteinft ndshkilldmlepsteinft
shfnmltepsteindkilld shfnmltepsteindkilld
killtdslhfdepsteinnm killtdslhfdepsteinnm
mhdskillldftnepstein mhdskillldftnepstein
dhmkillfdltnsepstein dhmkillfdltnsepstein
lkilldtnmsepsteindfh lkilldtnmsepsteindfh
mkillldnhepsteinstfd mkillldnhepsteinstfd
fmtnkilldepsteindhsl fmtnkilldepsteindhsl
slepsteinkillfmddhtn slepsteinkillfmddhtn
epsteintfhndkilllmsd epsteintfhndkilllmsd
dlshdtepsteinnkillfm dlshdtepsteinnkillfm
ldfsmnepsteinkilltdh ldfsmnepsteinkilltdh
mndtkillepsteindlfhs mndtkillepsteindlfhs
fddsmepsteintnkillhl fddsmepsteintnkillhl
ntmdhepsteinsdkillfl ntmdhepsteinsdkillfl
epsteinfthkilldnslmd epsteinfthkilldnslmd
killdldepsteinmfsthn killdldepsteinmfsthn
dnldkillhmfstepstein dnldkillhmfstepstein
skillmfepsteinthddnl skillmfepsteinthddnl
dhsepsteintlkillmfnd dhsepsteintlkillmfnd
hnsepsteinmkillfddtl hnsepsteinmkillfddtl
dhtepsteinkillsdflmn dhtepsteinkillsdflmn
tdkillepsteinsmhdfnl tdkillepsteinsmhdfnl
lepsteindnhstfdmkill lepsteindnhstfdmkill
fhnmkillepsteinsdltd fhnmkillepsteinsdltd
dlfdkilltepsteinhnms dlfdkilltepsteinhnms
