149 000 001 002 013 024 025 026 027 028 038 048 038 037 036 044 031 024 015 006 015 024 013 002 001 000 149 060 062 070 067 069 070 071 068 071 070 062 054 053 050 053 056 066 056 053 054 059 054 063 090 091 092 097 096 099 090 063 065 063 064 063 072 084 088 087 089 087 086 074 085 074 075 076 081 076 080 076 077 078 083 078 079 063 054 062 060 149 100 107 116 115 117 126 122 123 125 140 142 140 119 120 104 103 105 109 111 109 105 100 149
36
026 026
048 048
037 037
031 031
006 006
060 060
067 067
069 069
068 068
054 054
050 050
066 066
056 056
053 053
059 059
091 091
097 097
096 096
065 065
064 064
088 088
089 089
086 086
085 085
081 081
080 080
083 083
078 078
079 079
115 115
126 126
123 123
142 142
104 104
103 103
111 111
