CorpusChristi ElMonte Burbank Denver AppleValley Chandler DavidsonCounty ColoradoSprings DavidsonCounty Danbury BoiseCity Cleveland Brownsville Columbia Canton Charleston Boulder Clearwater Bryan Escondido Chattanooga Boise Amarillo Cincinnati ElPaso Akron DalyCity ClarkeCounty Augusta BatonRouge Chesapeake Durham Asheville Austin Beaumont Detroit Columbus Albuquerque Arvada Carrollton Buffalo Bloomington Elizabeth Buffalo Davenport Anchorage BelAir Anchorage Deltona Anchorage Elkhart Champaign Anaheim CathedralCity Bremerton Denton Appleton Chicago Bridgeport Dallas BonitaSprings Alexandria Downey CorpusChristi CapeCoral CorpusChristi
50
CorpusChristi CorpusChristi
ElMonte ElMonte
Denver Denver
AppleValley AppleValley
Chandler Chandler
ColoradoSprings ColoradoSprings
Danbury Danbury
BoiseCity BoiseCity
Brownsville Brownsville
Columbia Columbia
Canton Canton
Charleston Charleston
Boulder Boulder
Clearwater Clearwater
Bryan Bryan
Escondido Escondido
Chattanooga Chattanooga
Amarillo Amarillo
Cincinnati Cincinnati
ElPaso ElPaso
Akron Akron
DalyCity DalyCity
Augusta Augusta
Durham Durham
Asheville Asheville
Austin Austin
Beaumont Beaumont
Columbus Columbus
Albuquerque Albuquerque
Arvada Arvada
Carrollton Carrollton
Bloomington Bloomington
Elizabeth Elizabeth
Davenport Davenport
BelAir BelAir
Deltona Deltona
Elkhart Elkhart
Champaign Champaign
Anaheim Anaheim
CathedralCity CathedralCity
Bremerton Bremerton
Denton Denton
Appleton Appleton
Chicago Chicago
Bridgeport Bridgeport
Dallas Dallas
BonitaSprings BonitaSprings
Alexandria Alexandria
Downey Downey
CapeCoral CapeCoral
