BatonRouge Bellevue Anchorage Bellevue Bradenton Cambridge Abilene Bremerton Arvada Baltimore Barnstable Baltimore Atlanta Berkeley Amarillo BonitaSprings Bethlehem Albany Augusta Aurora Aberdeen BoiseCity Boston Albuquerque Beaumont AnnArbor Bryan Birmingham Boulder AtlanticCity Buffalo Burbank BatonRouge
25
BatonRouge BatonRouge
Anchorage Anchorage
Bradenton Bradenton
Cambridge Cambridge
Abilene Abilene
Arvada Arvada
Barnstable Barnstable
Atlanta Atlanta
Berkeley Berkeley
Amarillo Amarillo
Bethlehem Bethlehem
Albany Albany
Aurora Aurora
Aberdeen Aberdeen
BoiseCity BoiseCity
Boston Boston
Albuquerque Albuquerque
Beaumont Beaumont
AnnArbor AnnArbor
Bryan Bryan
Birmingham Birmingham
Boulder Boulder
AtlanticCity AtlanticCity
Buffalo Buffalo
Burbank Burbank
