FortCollins Hemet Knoxville Harlingen Arlington Independence Bellevue Lakeland ElPaso Boise CollegeStation Chicago McAllen Bridgeport Bradenton Lorain CedarRapids Corona Allentown Bremerton Grayslake Hollywood Bakersfield AnnArbor Baltimore BonitaSprings Fargo Arvada Erie Arvada Hickory Inglewood Lubbock Louisville Anchorage Lancaster Fairfield LasCruces Joliet Fairfield FortWayne Evansville Danbury Anaheim Kennewick Cleveland Austin Irvine Harrisburg Fontana AppleValley Corona Detroit Lacey Irving Cary Fremont Brighton Champaign Elkhart Fresno Kalamazoo Fresno Houston DalyCity Fayetteville Appleton Brownsville Barnstable Aberdeen Marysville Jefferson Dallas Abilene Greensboro LittleRock Chandler DesMoines GreenBay ColoradoSprings Layton Denver Davenport Albuquerque Leominster Atlanta Manchester Henderson BoiseCity Eugene Bethlehem Beaumont Jacksonville Gilbert Augusta BatonRouge Burbank Indianapolis Garland GrandRapids Kailua CapeCoral Berkeley ElMonte Berkeley DavidsonCounty Carrollton Frederick Hampton Lakewood Lafayette Hampton Alexandria Amarillo FortWaltonBeach Akron Elizabeth FortCollins
100
FortCollins FortCollins
Hemet Hemet
Knoxville Knoxville
Harlingen Harlingen
Independence Independence
Bellevue Bellevue
Lakeland Lakeland
ElPaso ElPaso
Boise Boise
CollegeStation CollegeStation
Chicago Chicago
Bradenton Bradenton
Lorain Lorain
CedarRapids CedarRapids
Allentown Allentown
Bremerton Bremerton
Grayslake Grayslake
Hollywood Hollywood
Bakersfield Bakersfield
AnnArbor AnnArbor
Baltimore Baltimore
BonitaSprings BonitaSprings
Fargo Fargo
Erie Erie
Arvada Arvada
Hickory Hickory
Inglewood Inglewood
Lubbock Lubbock
Louisville Louisville
Anchorage Anchorage
Lancaster Lancaster
LasCruces LasCruces
Joliet Joliet
Fairfield Fairfield
Evansville Evansville
Danbury Danbury
Anaheim Anaheim
Kennewick Kennewick
Cleveland Cleveland
Austin Austin
Irvine Irvine
Harrisburg Harrisburg
Fontana Fontana
AppleValley AppleValley
Detroit Detroit
Lacey Lacey
Irving Irving
Cary Cary
Fremont Fremont
Brighton Brighton
Champaign Champaign
Elkhart Elkhart
Fresno Fresno
Kalamazoo Kalamazoo
Houston Houston
DalyCity DalyCity
Fayetteville Fayetteville
Appleton Appleton
Brownsville Brownsville
Barnstable Barnstable
Aberdeen Aberdeen
Jefferson Jefferson
Dallas Dallas
Abilene Abilene
LittleRock LittleRock
Chandler Chandler
DesMoines DesMoines
ColoradoSprings ColoradoSprings
Layton Layton
Denver Denver
Albuquerque Albuquerque
Leominster Leominster
Atlanta Atlanta
Manchester Manchester
Henderson Henderson
BoiseCity BoiseCity
Eugene Eugene
Bethlehem Bethlehem
Beaumont Beaumont
Jacksonville Jacksonville
Gilbert Gilbert
Augusta Augusta
Burbank Burbank
Indianapolis Indianapolis
Garland Garland
GrandRapids GrandRapids
CapeCoral CapeCoral
Berkeley Berkeley
ElMonte ElMonte
DavidsonCounty DavidsonCounty
Carrollton Carrollton
Frederick Frederick
Lakewood Lakewood
Lafayette Lafayette
Hampton Hampton
Alexandria Alexandria
Amarillo Amarillo
FortWaltonBeach FortWaltonBeach
Akron Akron
Elizabeth Elizabeth
