152 75 153 50 184 7 96 85 61 45 160 175 160 157 162 97 27 79 19 43 33 12 104 121 155 58 112 31 111 168 73 21 92 21 73 165 134 169 140 105 94 151 143 24 173 94 130 180 66 171 87 142 28 42 13 38 6 144 65 139 101 119 179 0 62 145 60 89 108 8 136 39 37 126 41 91 163 91 150 149 41 90 116 147 84 56 161 4 113 5 182 5 125 181 102 82 53 59 115 54 170 123 78 2 51 172 51 154 0 95 35 166 81 9 183 75 152
73
153 153
50 50
184 184
96 96
85 85
45 45
175 175
157 157
97 97
27 27
79 79
12 12
121 121
58 58
112 112
31 31
111 111
168 168
73 73
92 92
165 165
134 134
169 169
105 105
94 94
151 151
143 143
130 130
180 180
66 66
171 171
87 87
142 142
28 28
42 42
13 13
38 38
144 144
65 65
139 139
101 101
0 0
145 145
60 60
89 89
8 8
136 136
37 37
126 126
41 41
163 163
149 149
90 90
116 116
56 56
113 113
182 182
5 5
181 181
53 53
54 54
170 170
78 78
2 2
172 172
51 51
95 95
35 35
166 166
81 81
9 9
183 183
75 75
