WNYCV K1ZSD XTUSM UGOIO UUOP5 9HVLF BMC9X ZA57Z 1BUOS H212X XBRKQ URMBF 2FT0Z 77EY5 KRLTG 1NBGE XDKMD 2PD2W GAXPM QTZLJ EYREL KR27P 42QVU KR27P B8UZ8 1ACIU XD7IR 65TK9 HHCET WH9QK XPFOM WH9QK HZ80H CUG55 H8ZPW ULCTZ 7CXN0 YMTTJ KB443 X2AM4 TG5ZG 91RFG F5YBY BO3AW GXYLV HR8IA OE5TB EQWAL XRQ65 H7R17 18R1B V11OW 5I6U4 2KYXC F07YB QSI1X 1UWW5 WNYCV
50
K1ZSD K1ZSD
XTUSM XTUSM
UGOIO UGOIO
UUOP5 UUOP5
9HVLF 9HVLF
BMC9X BMC9X
ZA57Z ZA57Z
1BUOS 1BUOS
H212X H212X
XBRKQ XBRKQ
URMBF URMBF
2FT0Z 2FT0Z
77EY5 77EY5
KRLTG KRLTG
1NBGE 1NBGE
XDKMD XDKMD
GAXPM GAXPM
QTZLJ QTZLJ
EYREL EYREL
42QVU 42QVU
B8UZ8 B8UZ8
1ACIU 1ACIU
XD7IR XD7IR
65TK9 65TK9
HHCET HHCET
XPFOM XPFOM
HZ80H HZ80H
CUG55 CUG55
H8ZPW H8ZPW
ULCTZ ULCTZ
7CXN0 7CXN0
YMTTJ YMTTJ
KB443 KB443
X2AM4 X2AM4
TG5ZG TG5ZG
91RFG 91RFG
F5YBY F5YBY
BO3AW BO3AW
GXYLV GXYLV
HR8IA HR8IA
OE5TB OE5TB
EQWAL EQWAL
XRQ65 XRQ65
18R1B 18R1B
V11OW V11OW
5I6U4 5I6U4
2KYXC 2KYXC
F07YB F07YB
QSI1X QSI1X
1UWW5 1UWW5
