4HOMU C7WKJ OIPRN V8GEC WZB33 JF7TT DTPF4 TORQI 1F0YL DOLRQ 45JXE PTADN TBPBM ZHSBU M1HJR NPDI9 P419D WI88U EDSMH L2GJ5 FCYPJ RAAD4 TI35I 6NY7T CM5WA WXZHF V22SY OSJ7O LEBVZ L2PQE TCC7B 9WSXC FMCVK PXCIN 2BUI5 6WOBI 7GA8O TY0L7 61QWU ZRPB5 YJ67U 4HSLO DDXG0 X180A LIRLU 2C63O XEEQB HV4Z2 WP2MA HV4Z2 SYV5N IF7TL 6ACGE ZN2EP Y61KP UW44H Q7FCL W2M5C ELH5L BE5V8 4WDJE W2H22 VHCFR 768ZF AT3CI SHOOM 50J5H RU85S HZHRA A1QRL DCHO3 SKPO7 0VPRW Q5DAA ZZH8Z 0D2BR Q02X6 945CN 1RS2N PMFJ2 3AIXW IZESQ KC9RF 0U9HU KOYRV Z22CS 8CLEZ 4HSLO FRZVP 69BJO LLTLN UX00P MC71K LKP22 OLLV9 H1LTE C45HH BVMDZ 52MNN SA6G0 8EXDQ PYPSO T9O11 HWKGJ C8O6I 7U3JG K50JQ 53Y1R 6OA3K CFGE5 FC0PR JXLE1 4HOMU
100
C7WKJ C7WKJ
OIPRN OIPRN
V8GEC V8GEC
WZB33 WZB33
DTPF4 DTPF4
TORQI TORQI
1F0YL 1F0YL
DOLRQ DOLRQ
45JXE 45JXE
PTADN PTADN
TBPBM TBPBM
ZHSBU ZHSBU
M1HJR M1HJR
NPDI9 NPDI9
P419D P419D
WI88U WI88U
EDSMH EDSMH
L2GJ5 L2GJ5
FCYPJ FCYPJ
RAAD4 RAAD4
TI35I TI35I
CM5WA CM5WA
WXZHF WXZHF
V22SY V22SY
LEBVZ LEBVZ
L2PQE L2PQE
TCC7B TCC7B
9WSXC 9WSXC
PXCIN PXCIN
2BUI5 2BUI5
6WOBI 6WOBI
7GA8O 7GA8O
TY0L7 TY0L7
61QWU 61QWU
ZRPB5 ZRPB5
YJ67U YJ67U
DDXG0 DDXG0
X180A X180A
LIRLU LIRLU
2C63O 2C63O
XEEQB XEEQB
WP2MA WP2MA
SYV5N SYV5N
IF7TL IF7TL
6ACGE 6ACGE
ZN2EP ZN2EP
Y61KP Y61KP
UW44H UW44H
Q7FCL Q7FCL
W2M5C W2M5C
ELH5L ELH5L
BE5V8 BE5V8
4WDJE 4WDJE
W2H22 W2H22
VHCFR VHCFR
768ZF 768ZF
AT3CI AT3CI
SHOOM SHOOM
50J5H 50J5H
RU85S RU85S
HZHRA HZHRA
A1QRL A1QRL
DCHO3 DCHO3
SKPO7 SKPO7
0VPRW 0VPRW
Q5DAA Q5DAA
ZZH8Z ZZH8Z
0D2BR 0D2BR
945CN 945CN
1RS2N 1RS2N
PMFJ2 PMFJ2
3AIXW 3AIXW
IZESQ IZESQ
KC9RF KC9RF
0U9HU 0U9HU
KOYRV KOYRV
8CLEZ 8CLEZ
FRZVP FRZVP
69BJO 69BJO
LLTLN LLTLN
MC71K MC71K
LKP22 LKP22
OLLV9 OLLV9
H1LTE H1LTE
C45HH C45HH
BVMDZ BVMDZ
52MNN 52MNN
SA6G0 SA6G0
8EXDQ 8EXDQ
PYPSO PYPSO
T9O11 T9O11
HWKGJ HWKGJ
C8O6I C8O6I
7U3JG 7U3JG
K50JQ K50JQ
53Y1R 53Y1R
6OA3K 6OA3K
CFGE5 CFGE5
FC0PR FC0PR
JXLE1 JXLE1
