fab8g fr0Bd 8xyrX guI5B 015ql 1pNjr iy8Ty Nbb6U 8PY0r bD2TR n9AEE gwQSf cm8oa LBzlR Gt2w1 Flgse cDkiZ PpZP8 7J90B lJJK2 8tK4L BWyM2 KzS0e G944F eDWES Bw1D7 4GEPG GHmnJ tEdSo G91ym bepE0 Vjk2Z wiGnS 2Z0oU mgHYN HaHFT TQZik AGorf b4E7v RgC1Q FW6DI Q0oXi BJ1iC 3XMfZ g1WJz lJfgZ 1SvIs aiycm 0YoJb obqW1 VIl39 CT8M8 4ORRk HKgVO pesnn O1QPI KWmhW yM9nQ cQMFl DHhK9 lcarA kCdcu 5Ix1v XDGuI H6HgM nScgp 1OpM2 adW6k l0HDP nRTkO F7m3U qchZ3 o4F0A ciJ7c BybTG TtUXd KB016 tQXF5 L54Jg RnwlC rzyrR dAx9s uQK8T RhMSo wKKkJ sF84c 9u8oD P5ucv 4b2sA f5Qx2 c17Qf 1xx4U ZlgGe 3FUsL 9ZatH fhc2k Lqz0g x8KLa VUKiE B3NSd fab8g
100
fab8g fab8g
fr0Bd fr0Bd
8xyrX 8xyrX
guI5B guI5B
015ql 015ql
1pNjr 1pNjr
iy8Ty iy8Ty
Nbb6U Nbb6U
8PY0r 8PY0r
bD2TR bD2TR
n9AEE n9AEE
gwQSf gwQSf
cm8oa cm8oa
LBzlR LBzlR
Gt2w1 Gt2w1
Flgse Flgse
cDkiZ cDkiZ
PpZP8 PpZP8
7J90B 7J90B
lJJK2 lJJK2
8tK4L 8tK4L
BWyM2 BWyM2
KzS0e KzS0e
G944F G944F
eDWES eDWES
Bw1D7 Bw1D7
4GEPG 4GEPG
GHmnJ GHmnJ
tEdSo tEdSo
G91ym G91ym
bepE0 bepE0
Vjk2Z Vjk2Z
wiGnS wiGnS
2Z0oU 2Z0oU
mgHYN mgHYN
HaHFT HaHFT
TQZik TQZik
AGorf AGorf
b4E7v b4E7v
RgC1Q RgC1Q
FW6DI FW6DI
Q0oXi Q0oXi
BJ1iC BJ1iC
3XMfZ 3XMfZ
g1WJz g1WJz
lJfgZ lJfgZ
1SvIs 1SvIs
aiycm aiycm
0YoJb 0YoJb
obqW1 obqW1
VIl39 VIl39
CT8M8 CT8M8
4ORRk 4ORRk
HKgVO HKgVO
pesnn pesnn
O1QPI O1QPI
KWmhW KWmhW
yM9nQ yM9nQ
cQMFl cQMFl
DHhK9 DHhK9
lcarA lcarA
kCdcu kCdcu
5Ix1v 5Ix1v
XDGuI XDGuI
H6HgM H6HgM
nScgp nScgp
1OpM2 1OpM2
adW6k adW6k
l0HDP l0HDP
nRTkO nRTkO
F7m3U F7m3U
qchZ3 qchZ3
o4F0A o4F0A
ciJ7c ciJ7c
BybTG BybTG
TtUXd TtUXd
KB016 KB016
tQXF5 tQXF5
L54Jg L54Jg
RnwlC RnwlC
rzyrR rzyrR
dAx9s dAx9s
uQK8T uQK8T
RhMSo RhMSo
wKKkJ wKKkJ
sF84c sF84c
9u8oD 9u8oD
P5ucv P5ucv
4b2sA 4b2sA
f5Qx2 f5Qx2
c17Qf c17Qf
1xx4U 1xx4U
ZlgGe ZlgGe
3FUsL 3FUsL
9ZatH 9ZatH
fhc2k fhc2k
Lqz0g Lqz0g
x8KLa x8KLa
VUKiE VUKiE
B3NSd B3NSd
