0 162 0 161 160 41 129 77 128 77 127 181 182 181 41 184 131 95 132 95 130 183 38 126 97 124 125 180 179 33 185 133 185 33 186 134 91 135 91 78 31 106 167 168 107 31 108 7 146 80 147 80 145 193 194 146 7 153 51 151 152 198 197 27 112 171 112 113 172 113 35 114 35 64 85 138 85 137 188 187 136 30 104 59 105 59 103 165 166 30 189 139 96 140 190 140 96 141 96 60 143 192 191 142 60 144 15 164 101 43 102 43 100 163 23 196 149 148 195 148 88 150 36 169 170 110 17 111 17 109 21 12 178 122 94 121 177 121 94 123 2 176 119 50 120 50 118 175 14 116 174 116 25 117 25 115 173 21 154 93 155 93 156 93 92 159 92 157 92 158 92 0
99
162 162
161 161
160 160
129 129
128 128
127 127
182 182
181 181
184 184
131 131
132 132
130 130
183 183
126 126
124 124
125 125
180 180
179 179
185 185
133 133
186 186
134 134
135 135
106 106
167 167
168 168
107 107
108 108
146 146
147 147
145 145
193 193
194 194
153 153
151 151
152 152
198 198
197 197
112 112
171 171
172 172
113 113
114 114
138 138
137 137
188 188
187 187
136 136
104 104
105 105
103 103
165 165
166 166
189 189
139 139
190 190
140 140
141 141
143 143
192 192
191 191
142 142
144 144
164 164
101 101
102 102
100 100
163 163
196 196
149 149
195 195
148 148
150 150
169 169
170 170
110 110
111 111
109 109
178 178
122 122
121 121
177 177
123 123
176 176
119 119
120 120
118 118
175 175
116 116
174 174
117 117
115 115
173 173
154 154
155 155
156 156
159 159
157 157
158 158
