10 8 60 93 61 6 97 66 40 67 98 67 43 77 76 46 48 78 79 48 42 80 42 81 42 37 83 82 2 63 62 94 95 63 2 90 55 54 89 23 21 68 69 21 23 74 75 24 45 73 72 41 87 51 87 86 50 33 0 85 84 0 3 70 34 71 3 9 57 9 56 91 31 20 96 26 65 64 35 30 88 30 52 30 53 15 92 10 59 10 58 10
49
60 60
93 93
61 61
97 97
66 66
98 98
67 67
77 77
76 76
78 78
79 79
80 80
81 81
83 83
82 82
63 63
62 62
94 94
95 95
90 90
55 55
54 54
89 89
68 68
69 69
74 74
75 75
73 73
72 72
87 87
51 51
86 86
50 50
85 85
84 84
70 70
71 71
57 57
56 56
91 91
96 96
65 65
64 64
88 88
52 52
53 53
92 92
59 59
58 58
