55 104 112 110 108 107 102 106 96 3 4 7 9 27 2 12 6 16 23 18 15 39 13 25 11 20 21 42 35 29 37 36 41 31 34 32 44 48 51 45 52 46 58 57 54 65 49 63 62 61 67 71 70 77 79 60 69 72 73 81 80 75 83 90 89 98 92 87 94 103 85 100 93 99 55
74
55 55
104 104
112 112
110 110
108 108
107 107
102 102
106 106
96 96
3 3
4 4
7 7
9 9
27 27
2 2
12 12
6 6
16 16
23 23
18 18
15 15
39 39
13 13
25 25
11 11
20 20
21 21
42 42
35 35
29 29
37 37
36 36
41 41
31 31
34 34
32 32
44 44
48 48
51 51
45 45
52 52
46 46
58 58
57 57
54 54
65 65
49 49
63 63
62 62
61 61
67 67
71 71
70 70
77 77
79 79
60 60
69 69
72 72
73 73
81 81
80 80
75 75
83 83
90 90
89 89
98 98
92 92
87 87
94 94
103 103
85 85
100 100
93 93
99 99
