5 94 39 92 39 94 20 11 36 62 50 134 116 134 71 119 67 41 67 119 43 47 45 14 45 158 80 158 2 140 164 29 193 165 173 165 63 26 35 110 35 135 10 112 82 129 146 129 82 171 104 83 117 136 170 199 166 32 166 122 166 199 53 0 27 174 101 1 99 161 179 78 100 192 18 177 37 64 130 150 91 191 194 191 74 31 74 16 190 93 86 44 86 85 184 196 77 143 172 159 90 149 28 180 65 178 65 30 25 105 17 66 75 109 58 152 109 84 168 84 109 151 19 81 76 156 137 42 165 7 121 157 121 52 162 103 189 102 55 138 69 153 69 183 51 183 69 138 61 113 118 56 195 68 133 34 9 34 62 123 40 155 96 175 22 35 188 48 46 154 187 33 4 5
100
92 92
39 39
20 20
11 11
50 50
116 116
71 71
41 41
67 67
43 43
47 47
14 14
158 158
80 80
2 2
140 140
164 164
193 193
173 173
63 63
26 26
110 110
135 135
10 10
146 146
171 171
104 104
83 83
170 170
199 199
32 32
122 122
53 53
174 174
101 101
1 1
99 99
179 179
78 78
100 100
192 192
18 18
177 177
37 37
64 64
91 91
194 194
31 31
16 16
44 44
85 85
184 184
196 196
77 77
143 143
159 159
149 149
28 28
180 180
178 178
25 25
105 105
17 17
75 75
58 58
152 152
168 168
151 151
81 81
76 76
156 156
137 137
42 42
157 157
52 52
162 162
103 103
189 189
102 102
55 55
138 138
69 69
153 153
183 183
51 51
61 61
56 56
68 68
133 133
9 9
34 34
123 123
96 96
22 22
188 188
48 48
46 46
154 154
187 187
33 33
