COM REU AFG REU SDN MEX MLI CPV MHL MAC MHL CPV LIE LTU LSO HTI CAN HTI GUM HKG KAZ HKG MDA GLP NZL SGS KHM SGS LBR GNQ PAK HUN JPN LBN KOR LCA HRV HMD MMR NPL PRY MOZ PRY BIH BHS BIH AZE BDI BHR BOL BMU BEN BLM BLZ RUS SGP QAT ALB ARE ARM MYT MUS DJI DMA RWA LUX LAO KNA CRI MLT PSE GNB KWT LKA BVT CIV CAF NRU CAF COK HND MAR HND GRC GMB PCN PAN JEY NFK ALA NFK NGA FSM FIN GAB FIN FSM GIN GBR FRA ESH ECU ESP GEO GHA GIB EGY MYS DZA MYS IRN IOT IRL NIC ABW NIC AUS ATG MWI ITA MWI CXR DEU CYP CZE NIU PLW PNG POL COG COD CHN SHN IDN COL COM NER MTQ NER COM
100
REU REU
AFG AFG
SDN SDN
MEX MEX
MLI MLI
CPV CPV
MAC MAC
LIE LIE
LTU LTU
HTI HTI
CAN CAN
GUM GUM
KAZ KAZ
HKG HKG
MDA MDA
NZL NZL
KHM KHM
SGS SGS
LBR LBR
GNQ GNQ
PAK PAK
HUN HUN
JPN JPN
LBN LBN
KOR KOR
HRV HRV
HMD HMD
MMR MMR
NPL NPL
MOZ MOZ
PRY PRY
BHS BHS
AZE AZE
BDI BDI
BHR BHR
BMU BMU
BEN BEN
BLM BLM
RUS RUS
ALB ALB
ARE ARE
ARM ARM
MYT MYT
DJI DJI
DMA DMA
RWA RWA
LUX LUX
LAO LAO
KNA KNA
PSE PSE
KWT KWT
LKA LKA
CIV CIV
NRU NRU
CAF CAF
COK COK
MAR MAR
HND HND
GRC GRC
GMB GMB
PAN PAN
JEY JEY
ALA ALA
NFK NFK
FIN FIN
GAB GAB
FSM FSM
GIN GIN
GBR GBR
FRA FRA
ESH ESH
ECU ECU
ESP ESP
GEO GEO
GHA GHA
GIB GIB
EGY EGY
DZA DZA
IRN IRN
IOT IOT
IRL IRL
NIC NIC
ABW ABW
AUS AUS
ATG ATG
ITA ITA
CXR CXR
DEU DEU
CYP CYP
NIU NIU
PNG PNG
POL POL
COG COG
COD COD
CHN CHN
SHN SHN
IDN IDN
COL COL
NER NER
MTQ MTQ
