DZA ALB ARG ALB AND ESP FIN FLK FIN AFG ABW AFG FIN ECU GHA FSM ERI GGY BVT CAF COG GTM HMD GUM GRD GNQ GUY CUB GUY GRC BRA BLM BES BLM BFA BGD BRB CAN CIV CHE COD BRN BGR GLP GRL HKG CMR CCK BLR BEN BDI BMU BHS DOM AUS DOM CUW DNK ARE CYM CXR CZE CYP ASM ATF ATA DMA DJI DMA HND GEO FRO FRA GBR DZA
50
ALB ALB
ARG ARG
AND AND
FLK FLK
FIN FIN
ABW ABW
ECU ECU
GHA GHA
FSM FSM
ERI ERI
BVT BVT
CAF CAF
COG COG
HMD HMD
GRD GRD
GNQ GNQ
CUB CUB
GRC GRC
BLM BLM
BES BES
BFA BFA
BGD BGD
BRB BRB
CAN CAN
CHE CHE
COD COD
BRN BRN
GLP GLP
HKG HKG
CCK CCK
BLR BLR
BEN BEN
BDI BDI
BHS BHS
AUS AUS
DOM DOM
CUW CUW
DNK DNK
ARE ARE
CYM CYM
CXR CXR
CZE CZE
ATF ATF
ATA ATA
DJI DJI
HND HND
GEO GEO
FRO FRO
FRA FRA
GBR GBR
