Soda 124 181 183 179 168 162 122 190 196 136 105 198 108 153 125 110 170 144 134 156 128 112 119 188 180 118 111 164 158 193 197 129 109 126 152 138 192 160 186 100 132 131 171 140 182 195 154 146 102 107 133 147 115 189 155 121 169 177 165 174 116 161 175 103 137 151 141 139 104 176 148 173 191 101 145 184 106 187 127 114 130 113 185 166 149 159 150 123 117 120 135 178 172 142 194 143 157 163 99 167 Soda
100
124 124
181 181
183 183
179 179
168 168
162 162
122 122
190 190
196 196
136 136
105 105
198 198
108 108
153 153
125 125
110 110
170 170
144 144
134 134
156 156
128 128
112 112
119 119
188 188
180 180
118 118
111 111
164 164
158 158
193 193
197 197
129 129
109 109
126 126
152 152
138 138
192 192
160 160
186 186
100 100
132 132
131 131
171 171
140 140
182 182
195 195
154 154
146 146
102 102
107 107
133 133
147 147
115 115
189 189
155 155
121 121
169 169
177 177
165 165
174 174
116 116
161 161
175 175
103 103
137 137
151 151
141 141
139 139
104 104
176 176
148 148
173 173
191 191
101 101
145 145
184 184
106 106
187 187
127 127
114 114
130 130
113 113
185 185
166 166
149 149
159 159
150 150
123 123
117 117
120 120
135 135
178 178
172 172
142 142
194 194
143 143
157 157
163 163
99 99
167 167
