Soda 31 30 53 85 34 47 12 94 59 20 70 32 38 11 6 99 37 44 7 24 33 3 4 57 5 35 14 68 58 96 87 97 72 71 93 61 49 86 64 52 63 76 62 50 81 51 66 55 69 8 22 48 9 54 100 42 73 13 23 21 39 19 10 25 41 89 45 65 101 26 16 43 60 17 27 98 83 88 84 91 82 78 77 95 79 29 40 92 18 74 36 2 67 46 80 15 28 90 75 56 Soda
100
31 31
30 30
53 53
85 85
34 34
47 47
12 12
94 94
59 59
20 20
70 70
32 32
38 38
11 11
6 6
99 99
37 37
44 44
7 7
24 24
33 33
3 3
4 4
57 57
5 5
35 35
14 14
68 68
58 58
96 96
87 87
97 97
72 72
71 71
93 93
61 61
49 49
86 86
64 64
52 52
63 63
76 76
62 62
50 50
81 81
51 51
66 66
55 55
69 69
8 8
22 22
48 48
9 9
54 54
100 100
42 42
73 73
13 13
23 23
21 21
39 39
19 19
10 10
25 25
41 41
89 89
45 45
65 65
101 101
26 26
16 16
43 43
60 60
17 17
27 27
98 98
83 83
88 88
84 84
91 91
82 82
78 78
77 77
95 95
79 79
29 29
40 40
92 92
18 18
74 74
36 36
2 2
67 67
46 46
80 80
15 15
28 28
90 90
75 75
56 56
