Wurster Moses Kleeberger Goldman Hilgard Class Hazardous Frank Silver Gilman Florida Sutardja Sather Alabama Massachusetts Hesse California Recreational Salem Boston Tennessee Montgomery Parking Juneau Idaho Vermont Simpson Oregon Chan North Nevada Cory Pitzer McLaughlin Optometry Stanley Honolulu Pennsylvania Indianapolis Observatory Raleigh Anthony Blackwell Barrows Spieker Moffitt Brain Maxwell Simon Visitor Wurster
50
Wurster Wurster
Moses Moses
Kleeberger Kleeberger
Goldman Goldman
Hilgard Hilgard
Class Class
Hazardous Hazardous
Frank Frank
Silver Silver
Gilman Gilman
Florida Florida
Sutardja Sutardja
Sather Sather
Alabama Alabama
Massachusetts Massachusetts
Hesse Hesse
California California
Recreational Recreational
Salem Salem
Boston Boston
Tennessee Tennessee
Montgomery Montgomery
Parking Parking
Juneau Juneau
Idaho Idaho
Vermont Vermont
Simpson Simpson
Oregon Oregon
Chan Chan
North North
Nevada Nevada
Cory Cory
Pitzer Pitzer
McLaughlin McLaughlin
Optometry Optometry
Stanley Stanley
Honolulu Honolulu
Pennsylvania Pennsylvania
Indianapolis Indianapolis
Observatory Observatory
Raleigh Raleigh
Anthony Anthony
Blackwell Blackwell
Barrows Barrows
Spieker Spieker
Moffitt Moffitt
Brain Brain
Maxwell Maxwell
Simon Simon
Visitor Visitor
