100 31 15 30 16 61 14 34 7 39 78 37 78 39 7 34 14 61 54 1 17 2 44 4 71 5 71 4 44 2 46 142 131 130 129 144 42 3 41 73 74 6 9 8 40 72 43 29 13 29 43 45 26 61 60 22 25 59 16 30 15 27 70 36 28 36 33 12 11 10 76 121 119 111 115 153 156 104 165 164 85 86 100 58 98 94 95 189 182 189 192 188 21 56 57 56 21 188 136 20 141 133 50 19 47 48 49 51 23 53 52 53 18 55 24 55 58 100 88 32 88 100
64
31 31
37 37
39 39
7 7
34 34
14 14
54 54
1 1
17 17
2 2
44 44
5 5
4 4
46 46
42 42
3 3
41 41
6 6
9 9
8 8
40 40
43 43
13 13
29 29
45 45
26 26
60 60
22 22
25 25
59 59
16 16
30 30
15 15
27 27
36 36
28 28
33 33
12 12
11 11
10 10
121 121
111 111
153 153
165 165
182 182
192 192
21 21
57 57
56 56
20 20
50 50
19 19
47 47
48 48
49 49
51 51
23 23
53 53
52 52
18 18
55 55
24 24
58 58
32 32
