LeonieHill TuasBay TanglinHalt Guilin GreenwoodPark Trafalgar Sentosa PasirRisPark SembawangSprings KampongGlam FarrerPark Frankel Semakau SungeiRoad KallangWay AnchorvaleBuangkok YioChuKang Boulevard YioChuKang MandaiWest BukitBatokCentral NorthCoast Springleaf PasirPanjang2 TanjongRhu GeylangBahru AirportRoad ChangiWest ClementiCentral YishunCentral Woodgrove PunggolTownCentre Townsville ChoaChuKangCentral LoyangEast YuhuaWestBoonLay TampinesWest Novena SingaporePolytechnic Novena Clementi Victoria SerangoonGarden Phillip Yishun BishanEast Ridout Changi CompassvaleTrafalgar ConeyIsland Gombak MonksHill Outram Sennett Kranji JurongWestCentral NeeSoon OrangeGrove DefuIndustrialPark Tyersall NeeSoon Shipyard KampongUbi SungeiKadut ChangiPoint LeonieHill
50
TuasBay TuasBay
TanglinHalt TanglinHalt
Guilin Guilin
GreenwoodPark GreenwoodPark
Trafalgar Trafalgar
Sentosa Sentosa
SembawangSprings SembawangSprings
KampongGlam KampongGlam
FarrerPark FarrerPark
Semakau Semakau
SungeiRoad SungeiRoad
KallangWay KallangWay
AnchorvaleBuangkok AnchorvaleBuangkok
YioChuKang YioChuKang
Boulevard Boulevard
MandaiWest MandaiWest
BukitBatokCentral BukitBatokCentral
NorthCoast NorthCoast
Springleaf Springleaf
PasirPanjang2 PasirPanjang2
AirportRoad AirportRoad
ChangiWest ChangiWest
ClementiCentral ClementiCentral
Woodgrove Woodgrove
PunggolTownCentre PunggolTownCentre
Townsville Townsville
ChoaChuKangCentral ChoaChuKangCentral
LoyangEast LoyangEast
YuhuaWestBoonLay YuhuaWestBoonLay
TampinesWest TampinesWest
Novena Novena
SingaporePolytechnic SingaporePolytechnic
Victoria Victoria
SerangoonGarden SerangoonGarden
Phillip Phillip
Yishun Yishun
BishanEast BishanEast
Ridout Ridout
ConeyIsland ConeyIsland
MonksHill MonksHill
Outram Outram
Sennett Sennett
Kranji Kranji
JurongWestCentral JurongWestCentral
NeeSoon NeeSoon
OrangeGrove OrangeGrove
DefuIndustrialPark DefuIndustrialPark
Tyersall Tyersall
Shipyard Shipyard
SungeiKadut SungeiKadut
