YuhuaEast TelokBlangahDrive CityHall BedokNorth IstanaNegara ClementiWest JurongWestCentral OneNorth Anson AngMoKioTownCentre BukitTimah Port RochorCanal Boulevard MandaiEast PearlsHill LowerSeletar BoonLayPlace ChengSan Mandai PasirRis Mandai ClementiCentral Serangoon Brickworks KampongUbi TelokBlangahRise Sentosa EastCoast Sembawang TampinesNorth NatureReserve ChangiWest NatureReserve MandaiWest Kranji PangSua Kranji SungeiRoad WaterwayEast SungeiRoad Commonwealth KentRidge InstitutionHill Chatsworth TuasNorthPioneer WestCoast SouthernIslands HongKahNorth KeatHong Dunearn SembawangHills Dunearn UluPandan YioChuKangEast PulauPunggolTimor Paterson SimpangNorth AlexandraNorth SimpangNorth Khatib SerangoonCentral PasirPanjang2 BukitBatokSouth WoodlandsWest Northland Mountbatten DairyFarm PeiChun JurongPort JooSengPayaLebar Tanglin TuasPromenade TiongBahru TuasBay PunggolField GeylangEast Moulmein ReservoirView EvertonPark PasirRisPark Shipyard SembawangStraits OneTreeHill HongKah UpperThomson Kembangan LoyangEast SenokoSouth ClementiNorth PasirRisDrive TohGuan PayaLebarEast Museum KebunBahru Tampines PengSiang BukitBatokWest DhobyGhaut Cairnhill ChangiPoint Trafalgar BedokSouth Matilda Geylang OrangeGrove PeoplesPark BayfrontSubzone SungeiKadut HougangCentral DefuIndustrialPark ChoaChuKang JurongRiver Saujana BoatQuay Aljunied YioChuKang BenoiSector Punggol TagoreSindo SerangoonNorth ChinaSquare SingaporeRiver SerangoonGarden Sennett YuhuaEast
100
CityHall CityHall
BedokNorth BedokNorth
IstanaNegara IstanaNegara
JurongWestCentral JurongWestCentral
OneNorth OneNorth
AngMoKioTownCentre AngMoKioTownCentre
Port Port
RochorCanal RochorCanal
MandaiEast MandaiEast
PearlsHill PearlsHill
LowerSeletar LowerSeletar
BoonLayPlace BoonLayPlace
Mandai Mandai
PasirRis PasirRis
Serangoon Serangoon
Brickworks Brickworks
TelokBlangahRise TelokBlangahRise
Sentosa Sentosa
EastCoast EastCoast
Sembawang Sembawang
TampinesNorth TampinesNorth
ChangiWest ChangiWest
PangSua PangSua
SungeiRoad SungeiRoad
WaterwayEast WaterwayEast
Commonwealth Commonwealth
KentRidge KentRidge
InstitutionHill InstitutionHill
Chatsworth Chatsworth
TuasNorthPioneer TuasNorthPioneer
SouthernIslands SouthernIslands
HongKahNorth HongKahNorth
KeatHong KeatHong
SembawangHills SembawangHills
UluPandan UluPandan
YioChuKangEast YioChuKangEast
PulauPunggolTimor PulauPunggolTimor
Paterson Paterson
SimpangNorth SimpangNorth
AlexandraNorth AlexandraNorth
Khatib Khatib
SerangoonCentral SerangoonCentral
BukitBatokSouth BukitBatokSouth
WoodlandsWest WoodlandsWest
Northland Northland
Mountbatten Mountbatten
DairyFarm DairyFarm
PeiChun PeiChun
JurongPort JurongPort
JooSengPayaLebar JooSengPayaLebar
Tanglin Tanglin
TuasPromenade TuasPromenade
TiongBahru TiongBahru
TuasBay TuasBay
PunggolField PunggolField
GeylangEast GeylangEast
Moulmein Moulmein
ReservoirView ReservoirView
EvertonPark EvertonPark
PasirRisPark PasirRisPark
Shipyard Shipyard
SembawangStraits SembawangStraits
OneTreeHill OneTreeHill
HongKah HongKah
UpperThomson UpperThomson
Kembangan Kembangan
ClementiNorth ClementiNorth
PasirRisDrive PasirRisDrive
TohGuan TohGuan
PayaLebarEast PayaLebarEast
Museum Museum
KebunBahru KebunBahru
Tampines Tampines
BukitBatokWest BukitBatokWest
DhobyGhaut DhobyGhaut
Cairnhill Cairnhill
ChangiPoint ChangiPoint
Trafalgar Trafalgar
BedokSouth BedokSouth
Matilda Matilda
Geylang Geylang
OrangeGrove OrangeGrove
PeoplesPark PeoplesPark
BayfrontSubzone BayfrontSubzone
SungeiKadut SungeiKadut
HougangCentral HougangCentral
DefuIndustrialPark DefuIndustrialPark
ChoaChuKang ChoaChuKang
Saujana Saujana
BoatQuay BoatQuay
Aljunied Aljunied
YioChuKang YioChuKang
BenoiSector BenoiSector
Punggol Punggol
TagoreSindo TagoreSindo
SerangoonNorth SerangoonNorth
ChinaSquare ChinaSquare
SingaporeRiver SingaporeRiver
SerangoonGarden SerangoonGarden
Sennett Sennett
