139 58 1 106 69 72 162 187 17 64 101 153 111 25 31 131 125 176 47 32 148 165 199 84 189 127 134 18 15 14 43 13 53 9 78 77 123 152 32 74 36 8 200 198 71 26 16 108 57 39 60 7 182 95 178 114 157 2 98 172 186 156 30 144 142 37 130 161 44 41 22 105 158 145 96 27 128 67 82 69 118 75 104 138 89 21 79 107 33 62 91 112 113 173 48 141 191 6 188 109 122 81 65 35 5 37 23 146 119 184 147 11 85 139
100
58 58
1 1
106 106
72 72
187 187
64 64
101 101
153 153
111 111
25 25
31 31
131 131
125 125
176 176
47 47
32 32
148 148
165 165
84 84
189 189
127 127
134 134
18 18
15 15
14 14
43 43
13 13
9 9
78 78
77 77
123 123
152 152
74 74
8 8
198 198
71 71
26 26
16 16
108 108
57 57
39 39
60 60
7 7
182 182
95 95
178 178
114 114
157 157
2 2
98 98
172 172
186 186
156 156
30 30
144 144
142 142
37 37
130 130
161 161
44 44
41 41
22 22
105 105
158 158
145 145
96 96
27 27
128 128
67 67
82 82
69 69
118 118
75 75
104 104
138 138
89 89
21 21
79 79
33 33
91 91
112 112
113 113
173 173
48 48
141 141
191 191
188 188
109 109
122 122
81 81
65 65
35 35
5 5
23 23
146 146
119 119
184 184
147 147
11 11
85 85
