Soda VLSB CareerCenter Dwinelle EastAsianLibrary CampbellHall BancroftLibrary EastGate BoaltHall CyclotronRd BotanicalGarden DoeMemorialLibrary AlumniHouse BarkerHall BanwayBldg EdwardsStadium CaliforniaHall CNMAT EtcheverryHall ChanShunAuditorium DonnerLab ChouHall ClarkKerrCampus CalvinLaboratory DavisHall BerkeleyArtMuseum AnthonyHall Campanile BerkeleyWayWest BrainImagingCenter EshlemanHall BlackwellHall CheitHall BlumHall BirgeHall BARTStation BarrowsHall BarrowLane EvansDiamond Cory DurantHall Soda
40
VLSB VLSB
CareerCenter CareerCenter
Dwinelle Dwinelle
EastAsianLibrary EastAsianLibrary
CampbellHall CampbellHall
BancroftLibrary BancroftLibrary
EastGate EastGate
BoaltHall BoaltHall
CyclotronRd CyclotronRd
BotanicalGarden BotanicalGarden
DoeMemorialLibrary DoeMemorialLibrary
AlumniHouse AlumniHouse
BarkerHall BarkerHall
BanwayBldg BanwayBldg
EdwardsStadium EdwardsStadium
CaliforniaHall CaliforniaHall
CNMAT CNMAT
EtcheverryHall EtcheverryHall
ChanShunAuditorium ChanShunAuditorium
DonnerLab DonnerLab
ChouHall ChouHall
ClarkKerrCampus ClarkKerrCampus
CalvinLaboratory CalvinLaboratory
DavisHall DavisHall
BerkeleyArtMuseum BerkeleyArtMuseum
AnthonyHall AnthonyHall
Campanile Campanile
BerkeleyWayWest BerkeleyWayWest
BrainImagingCenter BrainImagingCenter
EshlemanHall EshlemanHall
BlackwellHall BlackwellHall
CheitHall CheitHall
BlumHall BlumHall
BirgeHall BirgeHall
BARTStation BARTStation
BarrowsHall BarrowsHall
BarrowLane BarrowLane
EvansDiamond EvansDiamond
Cory Cory
DurantHall DurantHall
