Soda MartinezCommons Pinole ClearyHall HearstMiningCircle Unit3 Albany SanRafael Fairfield WursterHall Campanile Insectary Healdsburg WomenFacultyClub SternHall WellmanHall ZellerbachHall MulfordHall ZellerbachPlayhouse Benicia SanPablo IshiCourt ClarkKerrCampus Brisbane Oakley Orinda LowerSproulPlaza Pacifica Hillsborough SanRamon EvansHall FoundersRock MinorHallAddition StHelena KleebergerFieldHouse SatherTower Pittsburg Alameda GiauqueHall StadiumRimWay ChouHall Belmont EastGate BancroftLibrary Unit1 HertzHall Hayward Saratoga BlumHall Cory WestCircle KroeberHall WheelerHall GoldmanField GilmanHall HearstGreekTheatre CalvinLaboratory PimentelHall BarkerHall Piedmont NorthGateHall HargroveMusicLibrary DonnerLab LewisHall WestGate FrankSchlessingerWay AnthonyHall SproulPlaza Emeryville WicksonNaturalArea EtcheverryHall Soda
70
MartinezCommons MartinezCommons
Pinole Pinole
ClearyHall ClearyHall
HearstMiningCircle HearstMiningCircle
Unit3 Unit3
Albany Albany
SanRafael SanRafael
Fairfield Fairfield
WursterHall WursterHall
Campanile Campanile
Insectary Insectary
Healdsburg Healdsburg
WomenFacultyClub WomenFacultyClub
SternHall SternHall
WellmanHall WellmanHall
ZellerbachHall ZellerbachHall
MulfordHall MulfordHall
ZellerbachPlayhouse ZellerbachPlayhouse
Benicia Benicia
SanPablo SanPablo
IshiCourt IshiCourt
ClarkKerrCampus ClarkKerrCampus
Brisbane Brisbane
Oakley Oakley
Orinda Orinda
LowerSproulPlaza LowerSproulPlaza
Pacifica Pacifica
Hillsborough Hillsborough
SanRamon SanRamon
EvansHall EvansHall
FoundersRock FoundersRock
MinorHallAddition MinorHallAddition
StHelena StHelena
KleebergerFieldHouse KleebergerFieldHouse
SatherTower SatherTower
Pittsburg Pittsburg
Alameda Alameda
GiauqueHall GiauqueHall
StadiumRimWay StadiumRimWay
ChouHall ChouHall
Belmont Belmont
EastGate EastGate
BancroftLibrary BancroftLibrary
Unit1 Unit1
HertzHall HertzHall
Hayward Hayward
Saratoga Saratoga
BlumHall BlumHall
Cory Cory
WestCircle WestCircle
KroeberHall KroeberHall
WheelerHall WheelerHall
GoldmanField GoldmanField
GilmanHall GilmanHall
HearstGreekTheatre HearstGreekTheatre
CalvinLaboratory CalvinLaboratory
PimentelHall PimentelHall
BarkerHall BarkerHall
Piedmont Piedmont
NorthGateHall NorthGateHall
HargroveMusicLibrary HargroveMusicLibrary
DonnerLab DonnerLab
LewisHall LewisHall
WestGate WestGate
FrankSchlessingerWay FrankSchlessingerWay
AnthonyHall AnthonyHall
SproulPlaza SproulPlaza
Emeryville Emeryville
WicksonNaturalArea WicksonNaturalArea
EtcheverryHall EtcheverryHall
