1 170 2 74 123 142 12 25 21 112 97 126 17 20 119 197 89 9 188 67 36 78 42 132 76 118 114 94 68 181 191 44 120 57 147 167 91 139 182 59 184 16 131 129 7 70 127 87 161 148 137 3 11 140 190 35 53 100 164 117 149 121 108 192 122 153 81 40 99 95 160 27 155 29 6 165 77 32 116 64 176 65 143 79 186 172 163 52 178 13 28 92 151 180 60 72 34 159 183 14 45 93 1
100
170 170
2 2
74 74
123 123
142 142
12 12
25 25
21 21
112 112
97 97
126 126
17 17
20 20
119 119
197 197
89 89
9 9
188 188
67 67
36 36
78 78
42 42
132 132
76 76
118 118
114 114
94 94
68 68
181 181
191 191
44 44
120 120
57 57
147 147
167 167
91 91
139 139
182 182
59 59
184 184
16 16
131 131
129 129
7 7
70 70
127 127
87 87
161 161
148 148
137 137
3 3
11 11
140 140
190 190
35 35
53 53
100 100
164 164
117 117
149 149
121 121
108 108
192 192
122 122
153 153
81 81
40 40
99 99
95 95
160 160
27 27
155 155
29 29
6 6
165 165
77 77
32 32
116 116
64 64
176 176
65 65
143 143
79 79
186 186
172 172
163 163
52 52
178 178
13 13
28 28
92 92
151 151
180 180
60 60
34 34
159 159
183 183
14 14
45 45
93 93
