equinox band clothes explicit referee prejudice novel method muggy tropical mastermind corpse uncertainty lamb disposition fibre union remark brick fish orange slice flow aisle houseplant seller jurisdiction essential wilderness farewell dollar paint secretary photograph hiccup presidential dry twitch bark glove funeral chain analyst equinox
43
equinox equinox
band band
clothes clothes
explicit explicit
referee referee
prejudice prejudice
novel novel
method method
muggy muggy
tropical tropical
mastermind mastermind
corpse corpse
uncertainty uncertainty
lamb lamb
disposition disposition
fibre fibre
union union
remark remark
brick brick
fish fish
orange orange
slice slice
flow flow
aisle aisle
houseplant houseplant
seller seller
jurisdiction jurisdiction
essential essential
wilderness wilderness
farewell farewell
dollar dollar
paint paint
secretary secretary
photograph photograph
hiccup hiccup
presidential presidential
dry dry
twitch twitch
bark bark
glove glove
funeral funeral
chain chain
analyst analyst
