pump need ground packet line consideration feign sit pursuit park distributor engineer category mud mouse reflection separate sticky button guideline descent pipe anger brain judicial reject survival overlook freedom minor fairy pray sweet formulate sacrifice wear literature exercise hierarchy innovation gloom row aspect tip forest parallel ghost diagram wage physical plug unanimous performance title attractive admiration appearance lot affect nominate pedestrian prospect valley rock leadership preoccupation ensure lemon polish hallway linger impound privilege depressed range sentiment float genetic pump
78
pump pump
need need
ground ground
packet packet
line line
consideration consideration
feign feign
sit sit
pursuit pursuit
park park
distributor distributor
engineer engineer
category category
mud mud
mouse mouse
reflection reflection
separate separate
sticky sticky
button button
guideline guideline
descent descent
pipe pipe
anger anger
brain brain
judicial judicial
reject reject
survival survival
overlook overlook
freedom freedom
minor minor
fairy fairy
pray pray
sweet sweet
formulate formulate
sacrifice sacrifice
wear wear
literature literature
exercise exercise
hierarchy hierarchy
innovation innovation
gloom gloom
row row
aspect aspect
tip tip
forest forest
parallel parallel
ghost ghost
diagram diagram
wage wage
physical physical
plug plug
unanimous unanimous
performance performance
title title
attractive attractive
admiration admiration
appearance appearance
lot lot
affect affect
nominate nominate
pedestrian pedestrian
prospect prospect
valley valley
rock rock
leadership leadership
preoccupation preoccupation
ensure ensure
lemon lemon
polish polish
hallway hallway
linger linger
impound impound
privilege privilege
depressed depressed
range range
sentiment sentiment
float float
genetic genetic
