Soda A C J I AF I C A E Q U AG V P E A G N AA AP Y Z AB H B A D K AI AU AS AI AH AW AK AJ T K D A F O X AO AN AM AC M F A Soda C9 D5 D7 D4 E1 C3 D8 B9 D9 D1 B8 A7 A1 A7 C9 Soda a b m ad l ax ac av ab k b a g f r ak aj ak t al ak h a e p q ah ag af ae n d a i j aa z ar as at aa j y ap ao v u an u x i a Soda a0 a5 a9 b7 a4 a3 a8 b5 c1 d3 d6 a5 a0 c5 b2 c7 b3 e6 e7 b1 e5 b2 e3 c5 a0 c2 d4 e1 c3 d7 d5 a1 a7 b8 d1 d9 b9 c10 a7 c9 a0 Soda C5 B2 C7 B3 E6 E7 B1 E5 B2 E3 C4 Soda A5 A9 B7 D3 C1 B5 A8 A3 A4 A9 A5 Soda
88
J J
AF AF
Q Q
AG AG
P P
N N
AP AP
AB AB
H H
AU AU
AS AS
AW AW
T T
AO AO
AC AC
C9 C9
D5 D5
D7 D7
E1 E1
C3 C3
B9 B9
D9 D9
D1 D1
A7 A7
A1 A1
ad ad
l l
ax ax
av av
ab ab
b b
f f
r r
aj aj
t t
al al
h h
p p
ah ah
af af
n n
d d
j j
z z
ar ar
at at
ap ap
v v
an an
x x
a9 a9
b7 b7
a3 a3
b5 b5
c1 c1
d3 d3
a5 a5
c7 c7
b3 b3
e7 e7
b1 b1
e5 e5
e3 e3
c5 c5
e1 e1
c3 c3
d7 d7
d5 d5
a1 a1
d1 d1
d9 d9
b9 b9
a7 a7
c9 c9
C5 C5
C7 C7
B3 B3
E7 E7
B1 B1
E5 E5
E3 E3
B7 B7
D3 D3
C1 C1
B5 B5
A3 A3
A9 A9
A5 A5
