0 66 70 80 22 67 14 25 17 83 97 52 49 64 69 41 81 78 27 1 23 73 55 11 51 95 79 7 91 47 40 45 43 60 62 99 89 6 87 88 71 48 56 92 57 54 50 38 96 72 58 77 84 59 63 18 46 30 13 65 12 44 19 10 85 3 8 21 61 93 24 90 36 26 74 15 76 29 20 2 75 32 4 39 100 5 16 9 31 53 28 42 35 82 98 68 33 34 94 37 86 0
100
66 66
70 70
80 80
22 22
67 67
14 14
25 25
17 17
83 83
97 97
52 52
49 49
64 64
69 69
41 41
81 81
78 78
27 27
1 1
23 23
73 73
55 55
11 11
51 51
95 95
79 79
7 7
91 91
47 47
40 40
45 45
43 43
60 60
62 62
99 99
89 89
6 6
87 87
88 88
71 71
48 48
56 56
92 92
57 57
54 54
50 50
38 38
96 96
72 72
58 58
77 77
84 84
59 59
63 63
18 18
46 46
30 30
13 13
65 65
12 12
44 44
19 19
10 10
85 85
3 3
8 8
21 21
61 61
93 93
24 24
90 90
36 36
26 26
74 74
15 15
76 76
29 29
20 20
2 2
75 75
32 32
4 4
39 39
100 100
5 5
16 16
9 9
31 31
53 53
28 28
42 42
35 35
82 82
98 98
68 68
33 33
34 34
94 94
37 37
86 86
