Egsmith Barnton Wychbourne Egavon Shaftbage Edgey Shaftbage Ashdown Farnsmith Wychsmith Chelmwang Hornborough Cookford Chelmbeck Flitgrove Bromton Pemlow Watchcombe Wenbeck Brackbrough Stainby Wenwold Sudtree Leathermere Burbourne Wenside Alfchester Watchavon Shaftbridge Penborne Staplake Wychbeck Wywick Burfield Wychnell Egtree Chelmden Egtree Stainbrough Nortley Wetwick Sudwich Ashbourne Stapbeck Waltditch Egsmith
36
Barnton Barnton
Wychbourne Wychbourne
Egavon Egavon
Edgey Edgey
Shaftbage Shaftbage
Ashdown Ashdown
Farnsmith Farnsmith
Wychsmith Wychsmith
Chelmwang Chelmwang
Cookford Cookford
Chelmbeck Chelmbeck
Flitgrove Flitgrove
Pemlow Pemlow
Wenbeck Wenbeck
Brackbrough Brackbrough
Stainby Stainby
Wenwold Wenwold
Sudtree Sudtree
Leathermere Leathermere
Burbourne Burbourne
Wenside Wenside
Alfchester Alfchester
Shaftbridge Shaftbridge
Penborne Penborne
Staplake Staplake
Wychbeck Wychbeck
Wywick Wywick
Wychnell Wychnell
Egtree Egtree
Chelmden Chelmden
Stainbrough Stainbrough
Nortley Nortley
Wetwick Wetwick
Ashbourne Ashbourne
Stapbeck Stapbeck
Waltditch Waltditch
