Chelmbourne Wetborne Casford Alfwell Marlton Alfwell Aldhall Egborne Barngrove Prestdon Barngrove Hornley Durditch Shrivlow Flitham Kingsley Flitham Enbage Stainside Whitover Stainhall Southmere Shrivside Edglow Dartsted Clerethorne Barnside Clerethorne Stapthorne Stapmoor Barnham Alfcastle Egborne Cookton Horncester Edgchester Wenwang Sudworth Melborne Pemwold Melborne Egcastle Nortcastle Whitavon Elside Stainfield Wenden Elgrove Wenborough Prestey Brainbridge Prestey Sudwich Enlow Maidenden Hartbage Bromgrove Stapwell Alfby Leatherlake Alfby Leatherlow Bracklow Pemwood Sodside Wyhead Cleredon Staflow Bursted Staflow Rocktree Whitborough Horndown Whitborough Rocktree Cookbridge Rocktree Hurstworth Waltbrook Stafthorne Staintree Edgwich Chelmbourne Shaftwich Chelmbourne
59
Casford Casford
Marlton Marlton
Alfwell Alfwell
Aldhall Aldhall
Prestdon Prestdon
Hornley Hornley
Durditch Durditch
Shrivlow Shrivlow
Kingsley Kingsley
Flitham Flitham
Enbage Enbage
Stainside Stainside
Whitover Whitover
Stainhall Stainhall
Southmere Southmere
Shrivside Shrivside
Dartsted Dartsted
Barnside Barnside
Stapthorne Stapthorne
Stapmoor Stapmoor
Barnham Barnham
Egborne Egborne
Cookton Cookton
Horncester Horncester
Edgchester Edgchester
Wenwang Wenwang
Sudworth Sudworth
Pemwold Pemwold
Egcastle Egcastle
Whitavon Whitavon
Elside Elside
Wenden Wenden
Elgrove Elgrove
Wenborough Wenborough
Prestey Prestey
Brainbridge Brainbridge
Sudwich Sudwich
Enlow Enlow
Hartbage Hartbage
Stapwell Stapwell
Leatherlake Leatherlake
Alfby Alfby
Leatherlow Leatherlow
Bracklow Bracklow
Pemwood Pemwood
Sodside Sodside
Wyhead Wyhead
Cleredon Cleredon
Bursted Bursted
Staflow Staflow
Whitborough Whitborough
Horndown Horndown
Cookbridge Cookbridge
Rocktree Rocktree
Hurstworth Hurstworth
Waltbrook Waltbrook
Staintree Staintree
Edgwich Edgwich
Shaftwich Shaftwich
