0 15 31 46 31 47 63 48 33 18 3 18 19 34 19 4 5 20 35 20 36 51 36 50 36 52 68 53 38 23 7 8 9 10 25 40 25 10 11 12 13 12 28 43 58 73 57 41 55 41 56 71 70 85 86 87 103 104 119 104 103 87 88 87 86 85 100 116 100 115 100 85 84 99 98 99 84 83 82 81 80 95 111 95 110 95 80 79 94 109 124 123 108 93 94 79 78 77 76 75 91 107 122 106 121 106 120 106 90 105 90 75 60 45 30 15 0
60
0 0
46 46
31 31
47 47
63 63
18 18
3 3
34 34
5 5
35 35
20 20
51 51
36 36
50 50
52 52
68 68
23 23
7 7
8 8
25 25
40 40
10 10
13 13
28 28
73 73
57 57
41 41
55 55
56 56
71 71
70 70
119 119
103 103
88 88
85 85
116 116
100 100
115 115
98 98
83 83
111 111
95 95
110 110
80 80
109 109
124 124
108 108
93 93
78 78
76 76
122 122
106 106
121 121
120 120
105 105
90 90
75 75
45 45
30 30
15 15
