0 18 139 183 1 170 98 54 185 27 153 38 6 116 32 116 75 116 120 108 102 108 89 84 65 173 44 67 47 67 96 95 29 119 117 107 159 87 159 42 109 127 191 137 191 134 128 168 156 25 193 178 180 135 69 135 81 78 186 197 121 20 130 12 10 100 133 125 141 4 14 83 60 104 97 36 73 184 9 35 138 35 164 24 164 79 126 111 149 111 51 22 118 48 31 118 17 175 106 199 176 26 196 179 8 166 8 39 151 82 58 64 74 63 91 136 146 19 85 99 85 160 145 161 163 194 163 103 28 155 70 157 50 77 182 49 0
100
18 18
139 139
170 170
98 98
185 185
27 27
38 38
6 6
32 32
116 116
75 75
120 120
102 102
108 108
89 89
65 65
173 173
44 44
47 47
67 67
96 96
95 95
119 119
117 117
159 159
87 87
42 42
109 109
137 137
134 134
128 128
168 168
156 156
25 25
193 193
178 178
180 180
69 69
81 81
78 78
186 186
197 197
121 121
20 20
130 130
12 12
10 10
100 100
133 133
125 125
4 4
14 14
83 83
104 104
36 36
184 184
9 9
138 138
24 24
79 79
126 126
111 111
149 149
51 51
22 22
48 48
31 31
17 17
175 175
106 106
199 199
176 176
26 26
196 196
179 179
166 166
39 39
151 151
58 58
64 64
74 74
63 63
91 91
146 146
19 19
85 85
99 99
160 160
145 145
194 194
163 163
103 103
28 28
155 155
70 70
157 157
50 50
77 77
182 182
49 49
