SantaClarita Carrollton GardenGrove Victorville Shreveport Huntsville Thornton Beaumont NewportNews FortWorth Midland Thornton Yonkers Memphis Modesto Independence SiouxFalls Scottsdale Irvine Fayetteville Fontana Bellevue Alexandria Garland Worcester Alexandria Lafayette Newark StPetersburg OklahomaCity LosAngeles Orlando Brownsville RanchoCucamonga Washington WestValleyCity Surprise Sunnyvale Visalia Portland Henderson FortWayne Torrance Hartford LouisvilleJefferson LongBeach Hartford Boston Ontario Omaha Wichita Peoria Allentown Pomona Stockton Indianapolis Austin PembrokePines Frisco LexingtonFa SanDiego StLouis SanDiego Waco SanDiego Paterson Chandler Akron Berkeley Stamford FortCollins Reno Concord Lubbock Carrollton SantaClarita
50
GardenGrove GardenGrove
Victorville Victorville
Shreveport Shreveport
Huntsville Huntsville
Beaumont Beaumont
NewportNews NewportNews
Midland Midland
Yonkers Yonkers
Independence Independence
SiouxFalls SiouxFalls
Scottsdale Scottsdale
Fayetteville Fayetteville
Bellevue Bellevue
Garland Garland
Worcester Worcester
Alexandria Alexandria
Lafayette Lafayette
Newark Newark
StPetersburg StPetersburg
OklahomaCity OklahomaCity
LosAngeles LosAngeles
Orlando Orlando
Brownsville Brownsville
RanchoCucamonga RanchoCucamonga
Washington Washington
WestValleyCity WestValleyCity
Surprise Surprise
Sunnyvale Sunnyvale
Visalia Visalia
Henderson Henderson
Hartford Hartford
LouisvilleJefferson LouisvilleJefferson
LongBeach LongBeach
Boston Boston
Ontario Ontario
Omaha Omaha
Wichita Wichita
Allentown Allentown
Pomona Pomona
Stockton Stockton
Indianapolis Indianapolis
Austin Austin
PembrokePines PembrokePines
LexingtonFa LexingtonFa
StLouis StLouis
Waco Waco
Paterson Paterson
Stamford Stamford
Concord Concord
Carrollton Carrollton
