Plano SantaClara Irving Pasadena Sunnyvale Norman MorenoValley Warren SanFrancisco Rochester OklahomaCity Cary LasVegas Vallejo WestValleyCity StLouis AnnArbor FortLauderdale Norfolk Reno LouisvilleJefferson Tulsa SantaAna Lincoln KansasCity Garland Omaha Hayward Denver Cleveland Oxnard Atlanta Vancouver Beaumont Montgomery Memphis Charleston Mesa OWO Chesapeake Wichita Waco Ontario VirginiaBeach Huntsville Lafayette Pikachu JerseyCity Anaheim Elizabeth Lancaster Torrance Akron Escondido Hollywood Fontana SanJose Glasses Stamford Allentown Killeen Allentown FortCollins SiouxFalls SantaRosa Laredo Tampa ThousandOaks Tampa Portland GrandPrairie McAllen Yonkers Raleigh Glendale Denton Chicago SanAntonio NewHaven ChulaVista Houston Pomona Spokane CorpusChristi SantaClarita Fremont Madison SanBernardino Knoxville Brownsville Corona Surprise Greensboro Teemo Davidson Salinas GardenGrove Philadelphia Anchorage Thornton Joliet Mesquite Worcester Dallas StPetersburg Mobile Hartford NewOrleans AugustaRichmond HuntingtonBeach SimiValley Irvine LittleRock Irvine Olathe Miami Cincinnati Tallahassee Hampton Tallahassee Riverside Rockford Plano
100
SantaClara SantaClara
Irving Irving
Pasadena Pasadena
Sunnyvale Sunnyvale
Norman Norman
MorenoValley MorenoValley
Warren Warren
SanFrancisco SanFrancisco
OklahomaCity OklahomaCity
Cary Cary
LasVegas LasVegas
Vallejo Vallejo
StLouis StLouis
AnnArbor AnnArbor
FortLauderdale FortLauderdale
Norfolk Norfolk
LouisvilleJefferson LouisvilleJefferson
Tulsa Tulsa
Lincoln Lincoln
Garland Garland
Omaha Omaha
Hayward Hayward
Denver Denver
Oxnard Oxnard
Atlanta Atlanta
Vancouver Vancouver
Beaumont Beaumont
Montgomery Montgomery
Memphis Memphis
Charleston Charleston
Mesa Mesa
OWO OWO
Wichita Wichita
Waco Waco
Ontario Ontario
Huntsville Huntsville
Lafayette Lafayette
Pikachu Pikachu
JerseyCity JerseyCity
Anaheim Anaheim
Elizabeth Elizabeth
Lancaster Lancaster
Torrance Torrance
Akron Akron
Escondido Escondido
Hollywood Hollywood
SanJose SanJose
Glasses Glasses
Stamford Stamford
Killeen Killeen
Allentown Allentown
FortCollins FortCollins
SiouxFalls SiouxFalls
SantaRosa SantaRosa
Laredo Laredo
ThousandOaks ThousandOaks
Tampa Tampa
Portland Portland
GrandPrairie GrandPrairie
McAllen McAllen
Raleigh Raleigh
Glendale Glendale
Denton Denton
Chicago Chicago
SanAntonio SanAntonio
NewHaven NewHaven
Houston Houston
Pomona Pomona
CorpusChristi CorpusChristi
SantaClarita SantaClarita
Fremont Fremont
Madison Madison
SanBernardino SanBernardino
Knoxville Knoxville
Brownsville Brownsville
Corona Corona
Surprise Surprise
Greensboro Greensboro
Davidson Davidson
Salinas Salinas
GardenGrove GardenGrove
Anchorage Anchorage
Thornton Thornton
Mesquite Mesquite
Worcester Worcester
Dallas Dallas
Mobile Mobile
Hartford Hartford
NewOrleans NewOrleans
AugustaRichmond AugustaRichmond
HuntingtonBeach HuntingtonBeach
SimiValley SimiValley
Irvine Irvine
LittleRock LittleRock
Olathe Olathe
Miami Miami
Cincinnati Cincinnati
Hampton Hampton
Riverside Riverside
Rockford Rockford
