0 185 23 153 179 102 13 14 117 115 107 158 123 81 128 28 187 65 11 137 17 5 160 52 199 59 30 197 30 94 154 114 111 164 51 176 69 167 120 12 26 80 110 18 192 113 76 33 76 42 159 141 108 20 108 166 108 37 101 68 100 183 63 150 93 22 74 38 84 86 133 1 163 146 163 83 15 16 177 78 72 184 122 173 175 143 175 96 124 70 140 71 8 135 182 50 125 25 152 138 157 35 3 4 48 24 151 31 103 9 130 88 172 134 172 67 56 39 193 27 119 174 119 2 98 89 47 129 21 43 87 190 116 66 0
100
0 0
23 23
153 153
102 102
13 13
14 14
115 115
107 107
158 158
81 81
128 128
28 28
187 187
65 65
11 11
137 137
17 17
5 5
160 160
52 52
199 199
59 59
197 197
94 94
154 154
114 114
111 111
164 164
51 51
69 69
167 167
120 120
26 26
80 80
18 18
33 33
42 42
159 159
141 141
20 20
166 166
101 101
68 68
100 100
183 183
93 93
22 22
74 74
38 38
84 84
86 86
133 133
1 1
146 146
83 83
15 15
16 16
177 177
78 78
72 72
184 184
173 173
143 143
96 96
70 70
71 71
8 8
182 182
50 50
125 125
152 152
138 138
157 157
35 35
3 3
4 4
24 24
151 151
31 31
103 103
9 9
130 130
134 134
172 172
67 67
56 56
39 39
193 193
27 27
174 174
2 2
98 98
89 89
47 47
129 129
21 21
43 43
190 190
116 116
66 66
