13 148 116 104 155 103 156 172 154 145 135 194 114 130 133 162 132 199 129 105 112 176 187 101 139 153 150 119 169 102 149 128 161 173 160 151 171 197 184 134 100 178 147 179 196 136 192 157 170 181 140 117 182 163 195 158 188 106 183 166 126 131 190 175 110 185 177 142 146 118 109 127 122 121 108 152 198 138 168 124 113 141 144 167 115 186 107 143 120 193 174 180 191 111 137 123 125 159 165 189 164 13
100
148 148
116 116
104 104
155 155
103 103
156 156
172 172
154 154
145 145
135 135
194 194
114 114
130 130
133 133
162 162
132 132
199 199
129 129
105 105
112 112
176 176
187 187
101 101
139 139
153 153
150 150
119 119
169 169
102 102
149 149
128 128
161 161
173 173
160 160
151 151
171 171
197 197
184 184
134 134
100 100
178 178
147 147
179 179
196 196
136 136
192 192
157 157
170 170
181 181
140 140
117 117
182 182
163 163
195 195
158 158
188 188
106 106
183 183
166 166
126 126
131 131
190 190
175 175
110 110
185 185
177 177
142 142
146 146
118 118
109 109
127 127
122 122
121 121
108 108
152 152
198 198
138 138
168 168
124 124
113 113
141 141
144 144
167 167
115 115
186 186
107 107
143 143
120 120
193 193
174 174
180 180
191 191
111 111
137 137
123 123
125 125
159 159
165 165
189 189
164 164
