vLeODpVlYSBeYNDYoXha LOMgYipCQQXQnRqEqRwO qbmGewAditsWkTFHdxjP cvlwIwajcIlbhZbyFgmq qbmGewAditsWkTFHdxjP QQSjCkgLAWAPObYQvNsB RjKEHTlRvtaVBbyqZVAw QQSjCkgLAWAPObYQvNsB jwIBHKkXHTPVsOJwBOsr VhDSPHxolLkNxxDnpUyx PLDOWRIeaCSVLMyDadzC VhDSPHxolLkNxxDnpUyx fPxvnMVMFwhJbNBURdgD vGdJmIpYPUGRspXiVLdc sBkAYRISjTYinLFSNcKW ajvbaFpYiEBJySPsSLaI fToHwimUqLsKcKLZHiUX ajvbaFpYiEBJySPsSLaI DqUxIMslnixWfmkjQTmS TqyFrXuGvuBuqnpYbjKc DqUxIMslnixWfmkjQTmS wRjMmrpRuknxqunJrMAE iBjjCWwkYToOKfrrLnny wRjMmrpRuknxqunJrMAE gzxzakmqbxbsOczuQVLG gEufXNuuWhnlbNYaoQFJ gzxzakmqbxbsOczuQVLG gIttwvzcgONwFblnGIqq gMqbbwopmbxmOomqZjfm UgFPXEAdAfcfHGIbNTsq gMqbbwopmbxmOomqZjfm NAHeKyyhAObyyUEUSkSU ybrQlUhznqOhsvndWAbl ruLqpYqEzGGiKysvsarb AdXveYSBaneNwCQzrdSw QkAjrUUuVdzSMnlfJLcO NciLXNPTvMoXdbTDZmlg CmbFyJmcvVqyCmJgQxeI fHcdXnOxSadpKeCUwNYm fvEcAuRDdfuHEPLNpaTz sXfgLMwoysnMazVSWnhc sdSgCnaZeeOuPKljZOSr FEqXJcVrZfnSsHEUPhnl ASXwCgVTXDdhSXJwFovC FEqXJcVrZfnSsHEUPhnl WCCOEUYmDvzZlrkDAqoi xQaDpDGAXhDYzSMnMWvb TwgqMzgExFHTIfcwfBnr cZgmtoPGHxdozTaDMiyf DWWCMAjZQQIEKOIiHFQN McOZQehrTygkGidmwyMe fvYrLpgzqLNOAQbahgax BXzACdzjLITNgbmDPlEu aCucdhmWbhlrgfstQigR ZbyHJLmoTqNpTnlUVJZC tVzUgXVoBYxBMnkkwFmk MlwlINEFqmyzZNPXRLJF TCAkluAESUWAMGFeNcGN FcEsyaTmqpoyvbDrHjlc mevvwcZLudaokctOWvKe mlipOrSnGcxXtoXBbRyl NVEtShKeuxpaFIOiyVqE mlipOrSnGcxXtoXBbRyl mevvwcZLudaokctOWvKe iBYHAWUhqeQPjphQzpdN jzQJaGLLiuQLhhyqBagr iDucfyZGMCbCQbXjbQqM CfkBzkPETvagyIDCsLTD oCvaAQKOXXWgeSNnUmae OVoYVQPnlYoZBBKtyuLk CPszTohYUHARNedzFlDK pdXCnKagnvEntNTuPHdK dyUDfEGgAoSshTRjMZZg zxeoSbTqbWPpSzalAtBI uyPyJzKFqWxgSNmpkDrB vLeODpVlYSBeYNDYoXha
50
cvlwIwajcIlbhZbyFgmq cvlwIwajcIlbhZbyFgmq
QQSjCkgLAWAPObYQvNsB QQSjCkgLAWAPObYQvNsB
RjKEHTlRvtaVBbyqZVAw RjKEHTlRvtaVBbyqZVAw
jwIBHKkXHTPVsOJwBOsr jwIBHKkXHTPVsOJwBOsr
VhDSPHxolLkNxxDnpUyx VhDSPHxolLkNxxDnpUyx
PLDOWRIeaCSVLMyDadzC PLDOWRIeaCSVLMyDadzC
fPxvnMVMFwhJbNBURdgD fPxvnMVMFwhJbNBURdgD
sBkAYRISjTYinLFSNcKW sBkAYRISjTYinLFSNcKW
fToHwimUqLsKcKLZHiUX fToHwimUqLsKcKLZHiUX
DqUxIMslnixWfmkjQTmS DqUxIMslnixWfmkjQTmS
TqyFrXuGvuBuqnpYbjKc TqyFrXuGvuBuqnpYbjKc
iBjjCWwkYToOKfrrLnny iBjjCWwkYToOKfrrLnny
gzxzakmqbxbsOczuQVLG gzxzakmqbxbsOczuQVLG
gEufXNuuWhnlbNYaoQFJ gEufXNuuWhnlbNYaoQFJ
gIttwvzcgONwFblnGIqq gIttwvzcgONwFblnGIqq
UgFPXEAdAfcfHGIbNTsq UgFPXEAdAfcfHGIbNTsq
gMqbbwopmbxmOomqZjfm gMqbbwopmbxmOomqZjfm
NAHeKyyhAObyyUEUSkSU NAHeKyyhAObyyUEUSkSU
ybrQlUhznqOhsvndWAbl ybrQlUhznqOhsvndWAbl
ruLqpYqEzGGiKysvsarb ruLqpYqEzGGiKysvsarb
AdXveYSBaneNwCQzrdSw AdXveYSBaneNwCQzrdSw
QkAjrUUuVdzSMnlfJLcO QkAjrUUuVdzSMnlfJLcO
NciLXNPTvMoXdbTDZmlg NciLXNPTvMoXdbTDZmlg
CmbFyJmcvVqyCmJgQxeI CmbFyJmcvVqyCmJgQxeI
fHcdXnOxSadpKeCUwNYm fHcdXnOxSadpKeCUwNYm
fvEcAuRDdfuHEPLNpaTz fvEcAuRDdfuHEPLNpaTz
sXfgLMwoysnMazVSWnhc sXfgLMwoysnMazVSWnhc
ASXwCgVTXDdhSXJwFovC ASXwCgVTXDdhSXJwFovC
WCCOEUYmDvzZlrkDAqoi WCCOEUYmDvzZlrkDAqoi
xQaDpDGAXhDYzSMnMWvb xQaDpDGAXhDYzSMnMWvb
TwgqMzgExFHTIfcwfBnr TwgqMzgExFHTIfcwfBnr
cZgmtoPGHxdozTaDMiyf cZgmtoPGHxdozTaDMiyf
DWWCMAjZQQIEKOIiHFQN DWWCMAjZQQIEKOIiHFQN
BXzACdzjLITNgbmDPlEu BXzACdzjLITNgbmDPlEu
aCucdhmWbhlrgfstQigR aCucdhmWbhlrgfstQigR
tVzUgXVoBYxBMnkkwFmk tVzUgXVoBYxBMnkkwFmk
MlwlINEFqmyzZNPXRLJF MlwlINEFqmyzZNPXRLJF
FcEsyaTmqpoyvbDrHjlc FcEsyaTmqpoyvbDrHjlc
mlipOrSnGcxXtoXBbRyl mlipOrSnGcxXtoXBbRyl
NVEtShKeuxpaFIOiyVqE NVEtShKeuxpaFIOiyVqE
iBYHAWUhqeQPjphQzpdN iBYHAWUhqeQPjphQzpdN
jzQJaGLLiuQLhhyqBagr jzQJaGLLiuQLhhyqBagr
iDucfyZGMCbCQbXjbQqM iDucfyZGMCbCQbXjbQqM
CfkBzkPETvagyIDCsLTD CfkBzkPETvagyIDCsLTD
OVoYVQPnlYoZBBKtyuLk OVoYVQPnlYoZBBKtyuLk
CPszTohYUHARNedzFlDK CPszTohYUHARNedzFlDK
pdXCnKagnvEntNTuPHdK pdXCnKagnvEntNTuPHdK
dyUDfEGgAoSshTRjMZZg dyUDfEGgAoSshTRjMZZg
zxeoSbTqbWPpSzalAtBI zxeoSbTqbWPpSzalAtBI
uyPyJzKFqWxgSNmpkDrB uyPyJzKFqWxgSNmpkDrB
