wNqlpYNsRbJEgiGpKxrU lbWonvEbeplndKguSTkk qfRRtdRbhYJBARMfPlZM eobSFtKBbBdcVrTOREdK UIlSMnVKIdNiXZNSiHsI fgzJCwocQniGlXAZHJId vIbIQYXZnmYrooTLYNtu CbGuHgZfQMmSOfHDFJnK XtZHoAxqEyzvMChzPHpN WMWBpOSnHGywZjCgaYyY RlHeRhvUOhGhZVGGJuED gFUGYXSirCYiFTivWNah ayQgUwyRuQVKeyFLPNbQ ZXihCBEQBTdisqSlEMsj CvZkdIYtdeDHtwufupie NPSPGRTNRcKKVpsBRSwh NzDQJknJPDEkcwCHzzbF oHoxoLeyDYnKZDzgMtxI TEPaiCedHTXapLxoBXMp imEmCMbYEtZJJkwxkSDD bEfUXCTlwRBndElSbPGf YTwycpmzEWCqqTELtzXc FWnudSYFvYQJHehOpEKf fpoTaBKmVdlDCxFwCFoz KcrnMnFDTrBKaUaGpdLY eOfnBeTgmYCNEnRUhlEK iVjkcMenotYGMFEBTvoa VIPPawblKbhOVWrmrWBx JVONrXhhmtFWhFfDiOXW scpUkbcaYSAsHhSktebT kyApsCeFkLoLFCdkazaE gcXUxTVUZWsOwtRNeDDa GMxGouyyndiUBMqMdOoc joWAhkfNqIEECnBeulGl oZXYedlbtBLmkfoVmgta svUOWvTJLneAqJGnExpc eiLPqIroFfCGzqSAlzAp ccdJRKiTXwIErdhSIxfh erZKLqpCZsYKDnOCaBGq gFUGYXSirCYiFTivWNah juzxSpUVuccJUMBOcJjO EEeDJaHeajXXlwYcHTeJ efZntVbfQTvIUOiRNPSH shugRMnaHVqQSmKaNBgu NJZlnWyeJFrkOwoqHKtT bFmSeBrfNuxjYPUDCLYq szyiMlKhtyOynWjcoMsm pzrGQEObzJGPnfATEYDc hLaNXBYgTzgUhvjmqUTu UdSbtwxTqTJxOiUoxEqw wvSJDoqoPGAkYgSuPFPw QeYNNLpZMBxyiFbZMPFY zNRhhVdMWUgTnnqmAfeY xlbpuxAjoVPJWPCWBEkJ IamFpWICdyBhLFRVaylm kqcEdfKLaRzxOhAIzchh jznspKyqlmxZtgfQUJVB syonLisTOSczosCwoILE aIuYyryCOUGVeCAqbqkg EhDFVLWZueLOrdjEOzEQ yscsUFTNNyaVMKBztBdV VRpSthoDcomqMDsGoVql nCedHqGgdWAicwyuYWpg nreoVgWrBhNXFZgTBlXO QjbdwbUnopENkiNyqirZ lIpVoDPUIfHCPpjswogJ cwgJAHVpCCTmuckJkncL lIpVoDPUIfHCPpjswogJ wfEFdNDcColoskjTjcLm QePOUWiXcAUCoHETxuGS gDYKDrbERUXTnCayjBrC qDLPWLkWayzdxIYSKLER ZwvojvRdUOYNJXIwAqgC uUKZHvHmBrpBHjYWNaUL MBJqOYmxhUYbldNVEdRy PZwTcKCPsEmpxetNZvef ZauPfhkpsGmhbvkhkltR ndaHivGVVtIUvLiyUWcm ADVVlRLpnspleRTgeTdu DZEpVGVXkxHljziwItaS yRQdlZBUBAPypebnrlAH DpztIuGTRpGuLsdlODJw lSJjEsqamUCgRZdCmdyI XvUPApTFkqaSSizYsCIr QyXpliHSeQOPIsurIcpa ANDviqMIuFwdcboQDprt jeqqhISPyRIhGBNohHEu vTbNxpVTEoFlSjvvVvfG cMYyKTXGNKnFzrpwnXUl wuSVWJYvpiWaQAHXocSG JvFxbsySBAiFiOUrzrBi NIJaJxCurulNUdZZMxFk NYdfLxXxFVvLEbDKzXWn NtyLZDOaSczVvOGdocUp mgNeYYUOPKpLeiVEFIXd kwPuYZgJgVVJfdBGUtPw HeWrJOKsDjgdrcamgZLN aGPbLNWYAMujnfHCTCMo ihxEqMQIIvyQmtrtMjeO EmbDgEECbkHbfAfHCgwB xgBrJmdXVwtxgRuCBhMe edlAtPQdNXJQPCIzpkyX wlySPverjehsBxldyigf SitzoubgYFeTjmkLjVPz zHPSSEtFTQIbLYMdHqgP pMOSpTzPTPLXHLOQMjnt oLMkSrYLQRLHmPiuLCTC pMOSpTzPTPLXHLOQMjnt XPPBMlNyfVVeZGIzTCEW jUSlIFtitQxyvVLJjiCc IvXQutSorlqOgnSVAIUd oKAKfpUUuLItChLyByFh igyeOiSdezmmXGTwMzLw lbWonvEbeplndKguSTkk wNqlpYNsRbJEgiGpKxrU
100
qfRRtdRbhYJBARMfPlZM qfRRtdRbhYJBARMfPlZM
eobSFtKBbBdcVrTOREdK eobSFtKBbBdcVrTOREdK
UIlSMnVKIdNiXZNSiHsI UIlSMnVKIdNiXZNSiHsI
fgzJCwocQniGlXAZHJId fgzJCwocQniGlXAZHJId
vIbIQYXZnmYrooTLYNtu vIbIQYXZnmYrooTLYNtu
CbGuHgZfQMmSOfHDFJnK CbGuHgZfQMmSOfHDFJnK
XtZHoAxqEyzvMChzPHpN XtZHoAxqEyzvMChzPHpN
WMWBpOSnHGywZjCgaYyY WMWBpOSnHGywZjCgaYyY
RlHeRhvUOhGhZVGGJuED RlHeRhvUOhGhZVGGJuED
ayQgUwyRuQVKeyFLPNbQ ayQgUwyRuQVKeyFLPNbQ
ZXihCBEQBTdisqSlEMsj ZXihCBEQBTdisqSlEMsj
CvZkdIYtdeDHtwufupie CvZkdIYtdeDHtwufupie
NPSPGRTNRcKKVpsBRSwh NPSPGRTNRcKKVpsBRSwh
NzDQJknJPDEkcwCHzzbF NzDQJknJPDEkcwCHzzbF
oHoxoLeyDYnKZDzgMtxI oHoxoLeyDYnKZDzgMtxI
TEPaiCedHTXapLxoBXMp TEPaiCedHTXapLxoBXMp
imEmCMbYEtZJJkwxkSDD imEmCMbYEtZJJkwxkSDD
bEfUXCTlwRBndElSbPGf bEfUXCTlwRBndElSbPGf
YTwycpmzEWCqqTELtzXc YTwycpmzEWCqqTELtzXc
FWnudSYFvYQJHehOpEKf FWnudSYFvYQJHehOpEKf
fpoTaBKmVdlDCxFwCFoz fpoTaBKmVdlDCxFwCFoz
KcrnMnFDTrBKaUaGpdLY KcrnMnFDTrBKaUaGpdLY
eOfnBeTgmYCNEnRUhlEK eOfnBeTgmYCNEnRUhlEK
VIPPawblKbhOVWrmrWBx VIPPawblKbhOVWrmrWBx
JVONrXhhmtFWhFfDiOXW JVONrXhhmtFWhFfDiOXW
scpUkbcaYSAsHhSktebT scpUkbcaYSAsHhSktebT
kyApsCeFkLoLFCdkazaE kyApsCeFkLoLFCdkazaE
gcXUxTVUZWsOwtRNeDDa gcXUxTVUZWsOwtRNeDDa
GMxGouyyndiUBMqMdOoc GMxGouyyndiUBMqMdOoc
joWAhkfNqIEECnBeulGl joWAhkfNqIEECnBeulGl
oZXYedlbtBLmkfoVmgta oZXYedlbtBLmkfoVmgta
svUOWvTJLneAqJGnExpc svUOWvTJLneAqJGnExpc
eiLPqIroFfCGzqSAlzAp eiLPqIroFfCGzqSAlzAp
ccdJRKiTXwIErdhSIxfh ccdJRKiTXwIErdhSIxfh
erZKLqpCZsYKDnOCaBGq erZKLqpCZsYKDnOCaBGq
juzxSpUVuccJUMBOcJjO juzxSpUVuccJUMBOcJjO
EEeDJaHeajXXlwYcHTeJ EEeDJaHeajXXlwYcHTeJ
efZntVbfQTvIUOiRNPSH efZntVbfQTvIUOiRNPSH
shugRMnaHVqQSmKaNBgu shugRMnaHVqQSmKaNBgu
NJZlnWyeJFrkOwoqHKtT NJZlnWyeJFrkOwoqHKtT
bFmSeBrfNuxjYPUDCLYq bFmSeBrfNuxjYPUDCLYq
szyiMlKhtyOynWjcoMsm szyiMlKhtyOynWjcoMsm
pzrGQEObzJGPnfATEYDc pzrGQEObzJGPnfATEYDc
hLaNXBYgTzgUhvjmqUTu hLaNXBYgTzgUhvjmqUTu
UdSbtwxTqTJxOiUoxEqw UdSbtwxTqTJxOiUoxEqw
wvSJDoqoPGAkYgSuPFPw wvSJDoqoPGAkYgSuPFPw
QeYNNLpZMBxyiFbZMPFY QeYNNLpZMBxyiFbZMPFY
zNRhhVdMWUgTnnqmAfeY zNRhhVdMWUgTnnqmAfeY
xlbpuxAjoVPJWPCWBEkJ xlbpuxAjoVPJWPCWBEkJ
kqcEdfKLaRzxOhAIzchh kqcEdfKLaRzxOhAIzchh
jznspKyqlmxZtgfQUJVB jznspKyqlmxZtgfQUJVB
syonLisTOSczosCwoILE syonLisTOSczosCwoILE
aIuYyryCOUGVeCAqbqkg aIuYyryCOUGVeCAqbqkg
EhDFVLWZueLOrdjEOzEQ EhDFVLWZueLOrdjEOzEQ
yscsUFTNNyaVMKBztBdV yscsUFTNNyaVMKBztBdV
VRpSthoDcomqMDsGoVql VRpSthoDcomqMDsGoVql
nCedHqGgdWAicwyuYWpg nCedHqGgdWAicwyuYWpg
nreoVgWrBhNXFZgTBlXO nreoVgWrBhNXFZgTBlXO
QjbdwbUnopENkiNyqirZ QjbdwbUnopENkiNyqirZ
cwgJAHVpCCTmuckJkncL cwgJAHVpCCTmuckJkncL
wfEFdNDcColoskjTjcLm wfEFdNDcColoskjTjcLm
QePOUWiXcAUCoHETxuGS QePOUWiXcAUCoHETxuGS
gDYKDrbERUXTnCayjBrC gDYKDrbERUXTnCayjBrC
ZwvojvRdUOYNJXIwAqgC ZwvojvRdUOYNJXIwAqgC
MBJqOYmxhUYbldNVEdRy MBJqOYmxhUYbldNVEdRy
PZwTcKCPsEmpxetNZvef PZwTcKCPsEmpxetNZvef
ZauPfhkpsGmhbvkhkltR ZauPfhkpsGmhbvkhkltR
ADVVlRLpnspleRTgeTdu ADVVlRLpnspleRTgeTdu
DZEpVGVXkxHljziwItaS DZEpVGVXkxHljziwItaS
DpztIuGTRpGuLsdlODJw DpztIuGTRpGuLsdlODJw
lSJjEsqamUCgRZdCmdyI lSJjEsqamUCgRZdCmdyI
XvUPApTFkqaSSizYsCIr XvUPApTFkqaSSizYsCIr
QyXpliHSeQOPIsurIcpa QyXpliHSeQOPIsurIcpa
ANDviqMIuFwdcboQDprt ANDviqMIuFwdcboQDprt
vTbNxpVTEoFlSjvvVvfG vTbNxpVTEoFlSjvvVvfG
cMYyKTXGNKnFzrpwnXUl cMYyKTXGNKnFzrpwnXUl
wuSVWJYvpiWaQAHXocSG wuSVWJYvpiWaQAHXocSG
JvFxbsySBAiFiOUrzrBi JvFxbsySBAiFiOUrzrBi
NIJaJxCurulNUdZZMxFk NIJaJxCurulNUdZZMxFk
NYdfLxXxFVvLEbDKzXWn NYdfLxXxFVvLEbDKzXWn
NtyLZDOaSczVvOGdocUp NtyLZDOaSczVvOGdocUp
mgNeYYUOPKpLeiVEFIXd mgNeYYUOPKpLeiVEFIXd
kwPuYZgJgVVJfdBGUtPw kwPuYZgJgVVJfdBGUtPw
HeWrJOKsDjgdrcamgZLN HeWrJOKsDjgdrcamgZLN
aGPbLNWYAMujnfHCTCMo aGPbLNWYAMujnfHCTCMo
ihxEqMQIIvyQmtrtMjeO ihxEqMQIIvyQmtrtMjeO
EmbDgEECbkHbfAfHCgwB EmbDgEECbkHbfAfHCgwB
xgBrJmdXVwtxgRuCBhMe xgBrJmdXVwtxgRuCBhMe
edlAtPQdNXJQPCIzpkyX edlAtPQdNXJQPCIzpkyX
wlySPverjehsBxldyigf wlySPverjehsBxldyigf
SitzoubgYFeTjmkLjVPz SitzoubgYFeTjmkLjVPz
zHPSSEtFTQIbLYMdHqgP zHPSSEtFTQIbLYMdHqgP
pMOSpTzPTPLXHLOQMjnt pMOSpTzPTPLXHLOQMjnt
oLMkSrYLQRLHmPiuLCTC oLMkSrYLQRLHmPiuLCTC
XPPBMlNyfVVeZGIzTCEW XPPBMlNyfVVeZGIzTCEW
jUSlIFtitQxyvVLJjiCc jUSlIFtitQxyvVLJjiCc
IvXQutSorlqOgnSVAIUd IvXQutSorlqOgnSVAIUd
oKAKfpUUuLItChLyByFh oKAKfpUUuLItChLyByFh
igyeOiSdezmmXGTwMzLw igyeOiSdezmmXGTwMzLw
lbWonvEbeplndKguSTkk lbWonvEbeplndKguSTkk
