Jingzhou Lysva Chegem Khabarovsk Crespo Rembangan SaintMichael Rangae Shively Depok FortLauderdale TanahMerah LondonderryCountyBor Radnor RioFormoso AzZuwaytinah Ronse Bejucal Thamaga Tottori SanJosedeOcoa Ketrzyn Ouarzazat Veenendaal Shizunaifurukawacho Entroncamento Srinagar Kirovsk SmederevskaPalanka Chittaranjan BurgbeiMagdeburg Sagalo CoonRapids Kabarnet Tabatinga Gangtok BeneBeraq Ibri Colachel Carouge Carmichael elCampello Shumen Ermelo Kheri Malnate Jeypore Sarzedo Sanaa JabalosSaraj Sanaa Manduria Ghugus Jingzhou
50
Lysva Lysva
Chegem Chegem
Khabarovsk Khabarovsk
Crespo Crespo
Rembangan Rembangan
SaintMichael SaintMichael
Rangae Rangae
Shively Shively
Depok Depok
FortLauderdale FortLauderdale
TanahMerah TanahMerah
LondonderryCountyBor LondonderryCountyBor
Radnor Radnor
RioFormoso RioFormoso
AzZuwaytinah AzZuwaytinah
Ronse Ronse
Bejucal Bejucal
Thamaga Thamaga
Tottori Tottori
SanJosedeOcoa SanJosedeOcoa
Ketrzyn Ketrzyn
Ouarzazat Ouarzazat
Veenendaal Veenendaal
Shizunaifurukawacho Shizunaifurukawacho
Entroncamento Entroncamento
Srinagar Srinagar
Kirovsk Kirovsk
Chittaranjan Chittaranjan
BurgbeiMagdeburg BurgbeiMagdeburg
Sagalo Sagalo
CoonRapids CoonRapids
Kabarnet Kabarnet
Tabatinga Tabatinga
Gangtok Gangtok
BeneBeraq BeneBeraq
Ibri Ibri
Colachel Colachel
Carouge Carouge
Carmichael Carmichael
elCampello elCampello
Shumen Shumen
Ermelo Ermelo
Kheri Kheri
Malnate Malnate
Jeypore Jeypore
Sarzedo Sarzedo
Sanaa Sanaa
JabalosSaraj JabalosSaraj
Manduria Manduria
Ghugus Ghugus
