LesLilas AinBessem Kairouan Johnston Wenchi Itororo Ortaca Garbsen FetestiGara PortoVelho Kotka NoblePark SanJuandelaMaguana Gunzenhausen Kineshma SpanishTown Lloydminster GuaMusang Andrychow Turek PriegodeCordoba Bury Braila Morwa Acarau Akcaabat Arang Zhaodong Aracuai Kemise SouthSaintPaul Angleton SenadorPompeu Haora SaintCyrlEcole NahiyatashShinafiyah Korsakov Sobue Arzamas Shimofurano Nagar Fuxin Mocoa EastLongmeadow Wangon Alnavar MonteAlegre CapimGrosso SantanadoLivramento Butuan Kaifeng Aringay AshtonunderLyne Shchekino Espiye Rivas Twante Daokou Sosnovka HaciendaLaCalera KotRadhaKishan Izhevsk Ibirataia Hirosaki TagbilaranCity MineralnyeVody MadinatHamad BlueIsland ChalcodeDiazCovarrub VillaPauladeSarmient Pozzuoli Escada Mauban WestIslip Embu Tabou SenaMadureira Pezinok Belalcazar Oerlinghausen Sorada Baramula Acireale Ontinyent Vyazniki Skelmersdale FortWorth Langenhorn Haripur Battambang AinArnat Gorgan Manacapuru Shurugwi Gowurdak Hangu Vaniyambadi Yafo Shieli Malpe Khulm Anjarah Rhondda Mabopane Prostejov Kambove LesLilas
100
AinBessem AinBessem
Kairouan Kairouan
Johnston Johnston
Wenchi Wenchi
Itororo Itororo
Ortaca Ortaca
Garbsen Garbsen
FetestiGara FetestiGara
PortoVelho PortoVelho
Kotka Kotka
NoblePark NoblePark
SanJuandelaMaguana SanJuandelaMaguana
Gunzenhausen Gunzenhausen
Kineshma Kineshma
SpanishTown SpanishTown
Lloydminster Lloydminster
GuaMusang GuaMusang
Andrychow Andrychow
Turek Turek
PriegodeCordoba PriegodeCordoba
Bury Bury
Braila Braila
Morwa Morwa
Acarau Acarau
Akcaabat Akcaabat
Zhaodong Zhaodong
Aracuai Aracuai
Kemise Kemise
SouthSaintPaul SouthSaintPaul
Angleton Angleton
SenadorPompeu SenadorPompeu
Haora Haora
SaintCyrlEcole SaintCyrlEcole
NahiyatashShinafiyah NahiyatashShinafiyah
Korsakov Korsakov
Sobue Sobue
Arzamas Arzamas
Shimofurano Shimofurano
Nagar Nagar
Fuxin Fuxin
Mocoa Mocoa
EastLongmeadow EastLongmeadow
Wangon Wangon
MonteAlegre MonteAlegre
CapimGrosso CapimGrosso
SantanadoLivramento SantanadoLivramento
Butuan Butuan
Kaifeng Kaifeng
AshtonunderLyne AshtonunderLyne
Shchekino Shchekino
Espiye Espiye
Rivas Rivas
Twante Twante
Daokou Daokou
Sosnovka Sosnovka
HaciendaLaCalera HaciendaLaCalera
KotRadhaKishan KotRadhaKishan
Izhevsk Izhevsk
Ibirataia Ibirataia
Hirosaki Hirosaki
TagbilaranCity TagbilaranCity
MineralnyeVody MineralnyeVody
MadinatHamad MadinatHamad
BlueIsland BlueIsland
ChalcodeDiazCovarrub ChalcodeDiazCovarrub
VillaPauladeSarmient VillaPauladeSarmient
Pozzuoli Pozzuoli
Escada Escada
WestIslip WestIslip
Embu Embu
Tabou Tabou
SenaMadureira SenaMadureira
Pezinok Pezinok
Belalcazar Belalcazar
Oerlinghausen Oerlinghausen
Sorada Sorada
Baramula Baramula
Acireale Acireale
Ontinyent Ontinyent
Vyazniki Vyazniki
Skelmersdale Skelmersdale
FortWorth FortWorth
Langenhorn Langenhorn
Haripur Haripur
Battambang Battambang
AinArnat AinArnat
Gorgan Gorgan
Manacapuru Manacapuru
Shurugwi Shurugwi
Gowurdak Gowurdak
Hangu Hangu
Vaniyambadi Vaniyambadi
Yafo Yafo
Shieli Shieli
Khulm Khulm
Anjarah Anjarah
Rhondda Rhondda
Mabopane Mabopane
Prostejov Prostejov
Kambove Kambove
