lyenDXSN gCIPN vJxAK1LaHyuu4yFNeul hpRsyMlXH1H 6DVIvuGfPs2BU Mu wBJRoqVxn1t 6yeW7sat9rvd DYfBQTocj M1PxrOPSNUVpc akZmiQ7tmX jvdVvQ VNvsbB7eWJcAK0fU C8PRtY0wMczFLQQYxa zzYmU5YFhvp1 8 frNA534JEvY4f o3refHnx4qioqHztqMYE nWkakNi6Qt9d4g K6yVeBnomxSBet wcmx8dhmsO cYPTdnJWL JyObTOXbOI lt1a5E0H llx2p 7h2PJW8oD2ihKQrfQ6 ImSpax GPeb MBLHuIgjJIXs uy3ouNIxumu7jEuoP1 2AR73oQdnbYqnDCGMFS EJDqk Plmj0j EJDqk K0A9bbVLm9atwTf A67f hVfqebryM4wN HwQeXpOEZHQ3s l G50hiUpVStHCMrd hjCFXN9kbqn0UCNsZ a5oWSrhkZ1i f nqeGwct vAIBd1Ae fzp 61 L 7Q zI m CmV KtvQaJqCJTRpXM8ZI s BR hU wKxe lyenDXSN
40
vJxAK1LaHyuu4yFNeul vJxAK1LaHyuu4yFNeul
6DVIvuGfPs2BU 6DVIvuGfPs2BU
Mu Mu
wBJRoqVxn1t wBJRoqVxn1t
6yeW7sat9rvd 6yeW7sat9rvd
M1PxrOPSNUVpc M1PxrOPSNUVpc
akZmiQ7tmX akZmiQ7tmX
jvdVvQ jvdVvQ
VNvsbB7eWJcAK0fU VNvsbB7eWJcAK0fU
zzYmU5YFhvp1 zzYmU5YFhvp1
frNA534JEvY4f frNA534JEvY4f
o3refHnx4qioqHztqMYE o3refHnx4qioqHztqMYE
nWkakNi6Qt9d4g nWkakNi6Qt9d4g
wcmx8dhmsO wcmx8dhmsO
cYPTdnJWL cYPTdnJWL
lt1a5E0H lt1a5E0H
llx2p llx2p
ImSpax ImSpax
GPeb GPeb
MBLHuIgjJIXs MBLHuIgjJIXs
2AR73oQdnbYqnDCGMFS 2AR73oQdnbYqnDCGMFS
Plmj0j Plmj0j
K0A9bbVLm9atwTf K0A9bbVLm9atwTf
A67f A67f
hVfqebryM4wN hVfqebryM4wN
HwQeXpOEZHQ3s HwQeXpOEZHQ3s
l l
G50hiUpVStHCMrd G50hiUpVStHCMrd
hjCFXN9kbqn0UCNsZ hjCFXN9kbqn0UCNsZ
f f
nqeGwct nqeGwct
vAIBd1Ae vAIBd1Ae
61 61
L L
7Q 7Q
zI zI
CmV CmV
KtvQaJqCJTRpXM8ZI KtvQaJqCJTRpXM8ZI
BR BR
hU hU
