0 68 18 140 18 157 18 147 18 161 18 136 18 141 18 152 18 155 18 132 179 168 142 151 146 197 165 149 174 188 20 190 20 189 20 167 20 181 20 180 20 170 20 187 20 184 20 172 20 178 20 169 20 182 20 198 20 192 20 166 20 195 20 196 185 150 130 194 158 199 176 186 159 154 153 173 193 131 162 135 156 145 191 183 143 175 171 177 138 134 144 133 137 148 18 164 18 160 18 139 18 163 18 68 0
70
140 140
157 157
147 147
161 161
136 136
141 141
152 152
155 155
132 132
179 179
168 168
142 142
151 151
146 146
197 197
165 165
149 149
174 174
188 188
190 190
189 189
167 167
181 181
180 180
170 170
187 187
184 184
172 172
178 178
169 169
182 182
198 198
192 192
166 166
195 195
196 196
185 185
150 150
130 130
194 194
158 158
199 199
176 176
186 186
159 159
154 154
153 153
173 173
193 193
131 131
162 162
135 135
156 156
145 145
191 191
183 183
143 143
175 175
171 171
177 177
138 138
134 134
144 144
133 133
137 137
148 148
164 164
160 160
139 139
163 163
