2 9 179 49 73 66 93 31 93 66 189 45 121 53 65 77 187 77 23 61 163 52 111 85 145 103 42 82 191 82 117 38 34 67 34 119 153 37 142 143 142 193 177 4 127 4 72 81 72 125 72 149 1 51 1 147 13 28 137 89 78 159 154 133 154 129 154 155 5 47 107 47 3 185 25 173 25 79 157 21 167 21 83 164 197 164 41 43 97 135 69 113 195 71 195 55 19 55 33 101 123 124 87 7 151 99 105 10 39 95 15 95 196 171 183 115 110 175 178 165 181 91 140 169 199 161 29 131 27 35 63 36 141 36 59 109 75 57 11 139 17 2
100
9 9
179 179
49 49
73 73
31 31
93 93
189 189
45 45
121 121
53 53
65 65
187 187
77 77
23 23
61 61
163 163
111 111
85 85
145 145
103 103
191 191
117 117
67 67
119 119
153 153
37 37
143 143
193 193
177 177
127 127
81 81
125 125
149 149
51 51
1 1
147 147
13 13
137 137
89 89
159 159
133 133
129 129
155 155
5 5
47 47
107 107
3 3
185 185
173 173
25 25
79 79
157 157
21 21
167 167
83 83
197 197
41 41
43 43
97 97
135 135
69 69
113 113
71 71
195 195
19 19
55 55
33 33
101 101
123 123
87 87
7 7
151 151
99 99
105 105
39 39
95 95
15 15
171 171
183 183
115 115
175 175
165 165
181 181
91 91
169 169
199 199
161 161
29 29
131 131
27 27
35 35
63 63
141 141
59 59
109 109
75 75
57 57
11 11
139 139
17 17
