74 5 53 22 0 29 51 26 56 14 23 4 21 38 47 15 7 18 37 35 33 48 54 17 45 43 57 25 32 28 39 12 40 11 36 9 59 58 55 3 62 1 10 27 49 19 46 52 65 50 2 6 20 24 30 44 16 13 42 8 61 63 31 41 64 34 60 74
66
5 5
53 53
22 22
0 0
29 29
51 51
26 26
56 56
14 14
23 23
4 4
21 21
38 38
47 47
15 15
7 7
18 18
37 37
35 35
33 33
48 48
54 54
17 17
45 45
43 43
57 57
25 25
32 32
28 28
39 39
12 12
40 40
11 11
36 36
9 9
59 59
58 58
55 55
3 3
62 62
1 1
10 10
27 27
49 49
19 19
46 46
52 52
65 65
50 50
2 2
6 6
20 20
24 24
30 30
44 44
16 16
13 13
42 42
8 8
61 61
63 63
31 31
41 41
64 64
34 34
60 60
