93 174 143 165 43 165 77 113 75 130 20 169 155 124 172 101 105 132 67 132 57 86 111 84 163 63 82 151 52 31 116 40 91 47 91 110 72 45 51 103 171 125 141 81 175 161 137 49 117 168 164 87 14 99 11 66 65 126 98 107 24 4 76 136 177 53 39 108 170 64 140 122 56 34 90 176 121 147 26 154 19 2 73 79 61 95 36 109 1 119 115 131 38 131 129 74 27 102 46 146 70 62 80 94 138 157 18 93
91
174 174
143 143
43 43
165 165
77 77
75 75
130 130
20 20
169 169
155 155
124 124
172 172
101 101
105 105
67 67
57 57
86 86
111 111
84 84
163 163
63 63
82 82
151 151
52 52
116 116
40 40
47 47
91 91
110 110
72 72
51 51
171 171
125 125
141 141
81 81
161 161
137 137
49 49
117 117
168 168
87 87
14 14
99 99
66 66
65 65
98 98
24 24
4 4
76 76
136 136
177 177
53 53
39 39
108 108
170 170
64 64
140 140
122 122
56 56
34 34
90 90
176 176
121 121
147 147
26 26
154 154
19 19
2 2
73 73
79 79
61 61
95 95
36 36
109 109
1 1
119 119
115 115
131 131
38 38
129 129
74 74
27 27
102 102
46 46
146 146
70 70
62 62
80 80
138 138
157 157
18 18
