Dannemora Fire Earlville Firthcliffe Earlville Deposit Herricks Flower Oceanside Fair Oceanside Gasport Falconer Gardiner Friendship Gardiner Fulton Fairport Granville Deer Delanson Dunkirk Frewsburg Farmingville Florida Farnham Freeville Delhi Franklin Haviland Fishers Forest Fishers Deferiet Germantown Delmar Frankfort Flanders Frankfort DeRuyter Fairmount Dexter Hermon Franklinville Dansville Delevan Galeville Fishkill Davis Forestville Freeport Ghent Depauville Fredonia Harbor Fayetteville Herkimer Hicksville Depew Geneva Fairview Hewlett Fleischmanns Fonda Fabius Dannemora
50
Fire Fire
Firthcliffe Firthcliffe
Earlville Earlville
Deposit Deposit
Flower Flower
Fair Fair
Gasport Gasport
Falconer Falconer
Gardiner Gardiner
Friendship Friendship
Fulton Fulton
Fairport Fairport
Deer Deer
Delanson Delanson
Dunkirk Dunkirk
Frewsburg Frewsburg
Farmingville Farmingville
Florida Florida
Farnham Farnham
Freeville Freeville
Delhi Delhi
Franklin Franklin
Fishers Fishers
Forest Forest
Deferiet Deferiet
Germantown Germantown
Delmar Delmar
Flanders Flanders
Frankfort Frankfort
DeRuyter DeRuyter
Fairmount Fairmount
Dexter Dexter
Franklinville Franklinville
Dansville Dansville
Delevan Delevan
Galeville Galeville
Fishkill Fishkill
Davis Davis
Forestville Forestville
Freeport Freeport
Ghent Ghent
Depauville Depauville
Fredonia Fredonia
Fayetteville Fayetteville
Depew Depew
Geneva Geneva
Fairview Fairview
Fleischmanns Fleischmanns
Fonda Fonda
Fabius Fabius
