Acton Carlsbad Encinitas Canyondam Fontana Castroville August Cotati Boron Cotati Bodfish Cartago Covelo Foresthill Altadena Cloverdale Bootjack Aromas Barstow Capitola Avery Chowchilla Avenal Fortuna Calwa Carson Bloomington Cupertino Auberry Corona Aptos Fairfield Alturas Florin Calexico Blairsden Atherton Blairsden Calexico Anderson Caribou Eureka Brawley Biggs Byron Fruitdale Escondido Atwater Escondido Albany Bayview Ducor Burlingame Alhambra Ashland Alhambra Belden Arcata Corning Brisbane Belmont Cambria Almanor Cambria Cayucos Arvin Bishop Brea Azusa Beckwourth Calistoga Anaheim Bystrom Buttonwillow Bowles Buttonwillow Boronda Davis Calimesa Burbank Camarillo Burbank Arcadia Belvedere Bonita Carrick Alameda Berkeley Armona Danville Blythe Arbuckle Biola Brentwood Calabasas Beaumont Benicia Alpaugh Bell Artesia Fresno Banning Alamo Avalon Ceres Auburn Farmersville Carpinteria Columbia Alpine Fontana Colusa Adelanto Bradbury Bakersfield Burney Duarte Carmichael Freedom Caruthers Bradley Arnold Campbell Crockett Calipatria Crockett Cabazon Amesti Broadmoor Cerritos Bluewater Antioch Atascadero Bonsall Atascadero Angwin Bolinas Bellflower Carlsbad Acton
100
Carlsbad Carlsbad
Canyondam Canyondam
Castroville Castroville
August August
Boron Boron
Bodfish Bodfish
Cartago Cartago
Altadena Altadena
Bootjack Bootjack
Aromas Aromas
Barstow Barstow
Capitola Capitola
Avery Avery
Avenal Avenal
Calwa Calwa
Carson Carson
Bloomington Bloomington
Auberry Auberry
Aptos Aptos
Alturas Alturas
Calexico Calexico
Atherton Atherton
Blairsden Blairsden
Anderson Anderson
Caribou Caribou
Brawley Brawley
Biggs Biggs
Byron Byron
Atwater Atwater
Albany Albany
Bayview Bayview
Burlingame Burlingame
Alhambra Alhambra
Ashland Ashland
Belden Belden
Arcata Arcata
Brisbane Brisbane
Belmont Belmont
Cambria Cambria
Almanor Almanor
Cayucos Cayucos
Arvin Arvin
Bishop Bishop
Brea Brea
Azusa Azusa
Beckwourth Beckwourth
Calistoga Calistoga
Anaheim Anaheim
Bystrom Bystrom
Bowles Bowles
Buttonwillow Buttonwillow
Boronda Boronda
Calimesa Calimesa
Burbank Burbank
Camarillo Camarillo
Arcadia Arcadia
Belvedere Belvedere
Bonita Bonita
Carrick Carrick
Alameda Alameda
Berkeley Berkeley
Armona Armona
Blythe Blythe
Arbuckle Arbuckle
Biola Biola
Brentwood Brentwood
Calabasas Calabasas
Beaumont Beaumont
Benicia Benicia
Alpaugh Alpaugh
Bell Bell
Artesia Artesia
Banning Banning
Alamo Alamo
Avalon Avalon
Ceres Ceres
Auburn Auburn
Carpinteria Carpinteria
Alpine Alpine
Adelanto Adelanto
Bradbury Bradbury
Bakersfield Bakersfield
Burney Burney
Carmichael Carmichael
Caruthers Caruthers
Bradley Bradley
Arnold Arnold
Campbell Campbell
Calipatria Calipatria
Cabazon Cabazon
Amesti Amesti
Broadmoor Broadmoor
Cerritos Cerritos
Bluewater Bluewater
Antioch Antioch
Bonsall Bonsall
Atascadero Atascadero
Angwin Angwin
Bolinas Bolinas
Bellflower Bellflower
