pace king guarantee due seize sunrise title shy nationalist dip joint demand pain demand cigarette tablet swear other approval mystery enter mystery gate circulation output autonomy glasses tool dialogue likely dialogue prison solve tolerate forge winner forge vegetarian linger dough enhance thumb enhance legislation sign romantic straighten quality headline mature brake mature buffet exclusive class disclose injury disclose skeleton understand figure understand paper deposit honor feature interactive throne imposter fortune page lake rob bitter respect financial voice pace
50
king king
guarantee guarantee
seize seize
sunrise sunrise
title title
shy shy
nationalist nationalist
dip dip
pain pain
demand demand
cigarette cigarette
tablet tablet
swear swear
other other
mystery mystery
enter enter
circulation circulation
output output
autonomy autonomy
glasses glasses
tool tool
likely likely
prison prison
tolerate tolerate
winner winner
vegetarian vegetarian
linger linger
dough dough
thumb thumb
enhance enhance
legislation legislation
sign sign
quality quality
headline headline
brake brake
buffet buffet
exclusive exclusive
class class
injury injury
figure figure
paper paper
honor honor
throne throne
imposter imposter
page page
lake lake
rob rob
bitter bitter
financial financial
voice voice
