pace market vegetarian exile vegetarian pardon injection gallon coffin bitter rage deposit page mature native development skeleton development confrontation forge terminal paper autonomy quality boom winner assignment winner virgin blonde pipe buffet exempt buffet election lifestyle cotton dialogue home flag injury demand rob demand feature write lake thirsty dough physics linger decisive greeting begin science enter offset chew drawer smile headline smile bleed environment interface electronics swop nationalist acceptance nationalist brake scheme brake bowel joystick guarantee attraction exclusive dip excuse teacher hospitality terms thumb terms deter note tablet imposter driver banana widen error interactive notebook fortune financial mercy mixture chair respect throne structure output joint illusion tool railcar tool liver ignore audience ignore shiver ignore due speaker sign honor comfortable likely viable atmosphere rent swear coast profound view dive coincide identity straighten pig pier bleed curriculum bleed knot country triple candle enemy control enemy stress enemy desk spoil desk enemy ask quadruple other pace
100
pace pace
market market
exile exile
pardon pardon
injection injection
coffin coffin
rage rage
page page
mature mature
native native
skeleton skeleton
development development
confrontation confrontation
forge forge
autonomy autonomy
boom boom
assignment assignment
virgin virgin
pipe pipe
exempt exempt
buffet buffet
election election
lifestyle lifestyle
cotton cotton
home home
flag flag
injury injury
rob rob
feature feature
dough dough
physics physics
decisive decisive
greeting greeting
begin begin
offset offset
drawer drawer
smile smile
headline headline
environment environment
interface interface
electronics electronics
swop swop
acceptance acceptance
scheme scheme
bowel bowel
guarantee guarantee
attraction attraction
exclusive exclusive
dip dip
excuse excuse
teacher teacher
thumb thumb
deter deter
note note
tablet tablet
imposter imposter
driver driver
widen widen
error error
interactive interactive
financial financial
mercy mercy
chair chair
respect respect
throne throne
structure structure
output output
illusion illusion
railcar railcar
tool tool
liver liver
audience audience
shiver shiver
ignore ignore
due due
comfortable comfortable
likely likely
viable viable
atmosphere atmosphere
rent rent
swear swear
coast coast
profound profound
dive dive
coincide coincide
identity identity
straighten straighten
pig pig
curriculum curriculum
knot knot
country country
triple triple
candle candle
control control
enemy enemy
stress stress
spoil spoil
ask ask
quadruple quadruple
other other
