9iIwk 6EWVx jT5CK 5BDPJ jT5CK qkJ6b 1xmtC XYzcU 1xmtC Mj2eQ ZzWHp iEXNY ZzWHp MA43U jYfXn Ew56P SgDk6 Ew56P LZomt QVYVG 7G74f QVYVG RhUVQ aHGHb kmzhT aHGHb WGJpQ vE0Pj knY3U jAwQw knY3U y89SK Ri2t4 1uRw3 1pxZM 5VT1H WJNpN AgYPL tnjfN WJNpN Y7IDR 4a0W8 Y7IDR YH6mk 5ioW1 Be0ab bXinH XZKtP dw7aX XZKtP 5ioW1 vrNke k6V9L pXCjI ZgtaX Vake4 ZgtaX veOJ7 iCgvV JgjFI ZgtaX BnAjj k64Ok fS0W8 p9vQm fS0W8 Esl6u rrNj1 0mah3 1eRkH ChXAd 0mah3 h2rea 9iIwk 5R5Xa 9iIwk jASvw oqPYQ 0GdkR jASvw 9iIwk
50
9iIwk 9iIwk
5BDPJ 5BDPJ
jT5CK jT5CK
qkJ6b qkJ6b
1xmtC 1xmtC
XYzcU XYzcU
Mj2eQ Mj2eQ
ZzWHp ZzWHp
iEXNY iEXNY
jYfXn jYfXn
SgDk6 SgDk6
LZomt LZomt
7G74f 7G74f
RhUVQ RhUVQ
aHGHb aHGHb
kmzhT kmzhT
WGJpQ WGJpQ
vE0Pj vE0Pj
jAwQw jAwQw
y89SK y89SK
Ri2t4 Ri2t4
1uRw3 1uRw3
1pxZM 1pxZM
5VT1H 5VT1H
AgYPL AgYPL
tnjfN tnjfN
Y7IDR Y7IDR
4a0W8 4a0W8
YH6mk YH6mk
Be0ab Be0ab
bXinH bXinH
XZKtP XZKtP
dw7aX dw7aX
5ioW1 5ioW1
pXCjI pXCjI
ZgtaX ZgtaX
Vake4 Vake4
veOJ7 veOJ7
iCgvV iCgvV
JgjFI JgjFI
BnAjj BnAjj
p9vQm p9vQm
fS0W8 fS0W8
1eRkH 1eRkH
ChXAd ChXAd
h2rea h2rea
5R5Xa 5R5Xa
jASvw jASvw
oqPYQ oqPYQ
0GdkR 0GdkR
