1 52 88 49 121 36 115 153 103 138 136 159 96 176 60 23 84 140 108 15 58 93 7 162 56 157 119 98 185 175 26 110 86 13 190 12 57 71 66 101 90 137 46 53 3 182 129 152 43 186 193 83 64 132 199 130 31 127 78 105 128 161 42 14 174 92 99 194 116 95 89 18 163 156 91 51 142 147 82 1
78
52 52
88 88
49 49
121 121
36 36
115 115
153 153
103 103
138 138
136 136
159 159
96 96
176 176
60 60
23 23
84 84
140 140
108 108
15 15
58 58
93 93
7 7
162 162
56 56
157 157
119 119
98 98
185 185
175 175
26 26
110 110
86 86
13 13
190 190
12 12
57 57
71 71
66 66
101 101
90 90
137 137
46 46
53 53
3 3
182 182
129 129
152 152
43 43
186 186
193 193
83 83
64 64
132 132
199 199
130 130
31 31
127 127
78 78
105 105
128 128
161 161
42 42
14 14
174 174
92 92
99 99
194 194
116 116
95 95
89 89
18 18
163 163
156 156
91 91
51 51
142 142
147 147
82 82
