Taozhuang Chharra Wesseling Chharra Jackson Rosedale Camayenne Bhit Durazno Boo Cibinong Villa Rafiganj Rutherglen Gauting Tupelo Sicklerville Artur Hechingen Azrou Ramla Sarandi Southsea Calauan Southsea Freetown Ulu New Memmingen Strathfield Kallio Alatyr Jinotepe Uran Jingzhou Uran Jhol Udumalaippettai Norco Longgang Bourbonnais Esmeraldas Aytos Gudermes Esperanza Bang Waverly Nonsan Somma Donggongon Caravaca Vernon Severodvinsk Vernon Besuki Middle Gua Oulmes Fort Uran Pottstown Uran Ilesa Chharra Taozhuang
50
Taozhuang Taozhuang
Wesseling Wesseling
Jackson Jackson
Rosedale Rosedale
Camayenne Camayenne
Durazno Durazno
Boo Boo
Cibinong Cibinong
Villa Villa
Rafiganj Rafiganj
Rutherglen Rutherglen
Gauting Gauting
Tupelo Tupelo
Sicklerville Sicklerville
Artur Artur
Hechingen Hechingen
Azrou Azrou
Ramla Ramla
Sarandi Sarandi
Calauan Calauan
Freetown Freetown
Ulu Ulu
New New
Memmingen Memmingen
Strathfield Strathfield
Kallio Kallio
Alatyr Alatyr
Jinotepe Jinotepe
Jingzhou Jingzhou
Uran Uran
Udumalaippettai Udumalaippettai
Longgang Longgang
Bourbonnais Bourbonnais
Esmeraldas Esmeraldas
Aytos Aytos
Gudermes Gudermes
Esperanza Esperanza
Bang Bang
Waverly Waverly
Nonsan Nonsan
Somma Somma
Donggongon Donggongon
Caravaca Caravaca
Severodvinsk Severodvinsk
Besuki Besuki
Middle Middle
Oulmes Oulmes
Fort Fort
Pottstown Pottstown
Ilesa Ilesa
