Ilesa Foshan Aklera Stuttgart Rutland Zaozhuang Belper New Minas Dahlem Minas Skalica Belper Guli Belper Paredes Calauan Lodwar Puducherry American Alexandria PortVila Aistala Tharu Aistala DehiwalaMount Tupiza Valday Bogovinje Mouscron Jagna Stupino Villaquilambre Palafrugell Viewpark Malden Claremont MitryMory Aurora Barracas Sishui Sillanwali Bobigny An Bon Landshut WaltonontheNaze Memmingen Tupelo Milledgeville Puerto Onex Tiruppuvanam Mexborough Oulmes Bensheim Bang Shagamu Zeist Brunswick Jiangyan Davis Toledo Meizhou Talipparamba Tak Perth Clermont Perth UlanUde Perth Sorsogon Oberhausen Palm Marburg Lille Bensheim Campobasso Bensheim Copperas MitryMory Ponta Sirsi Itacoatiara Valletta Sceaux Hermsdorf Aleshtar Alfenas Uran Azrou Milagro Rhosllanerchrugog Jashpurnagar Magomeni Polohy Bavly Gariadhar Bensheim PointeClaire Bensheim Kyzylorda Brzeg Perth Niort Perth Shaowu Chacabuco Ramla Yingkou Ventimiglia LonsleSaunier GernikaLumo Krymsk Ada Great Tyoply Great Resplendor Ilesa
100
Ilesa Ilesa
Foshan Foshan
Aklera Aklera
Stuttgart Stuttgart
Rutland Rutland
Zaozhuang Zaozhuang
New New
Dahlem Dahlem
Skalica Skalica
Guli Guli
Paredes Paredes
Calauan Calauan
Lodwar Lodwar
Puducherry Puducherry
American American
Alexandria Alexandria
PortVila PortVila
Tharu Tharu
DehiwalaMount DehiwalaMount
Tupiza Tupiza
Valday Valday
Bogovinje Bogovinje
Mouscron Mouscron
Jagna Jagna
Stupino Stupino
Villaquilambre Villaquilambre
Palafrugell Palafrugell
Viewpark Viewpark
Malden Malden
Claremont Claremont
MitryMory MitryMory
Aurora Aurora
Barracas Barracas
Sishui Sishui
Sillanwali Sillanwali
Bobigny Bobigny
An An
Bon Bon
Landshut Landshut
WaltonontheNaze WaltonontheNaze
Memmingen Memmingen
Tupelo Tupelo
Milledgeville Milledgeville
Puerto Puerto
Onex Onex
Tiruppuvanam Tiruppuvanam
Mexborough Mexborough
Oulmes Oulmes
Bang Bang
Shagamu Shagamu
Brunswick Brunswick
Jiangyan Jiangyan
Davis Davis
Toledo Toledo
Meizhou Meizhou
Talipparamba Talipparamba
Tak Tak
Clermont Clermont
UlanUde UlanUde
Sorsogon Sorsogon
Oberhausen Oberhausen
Palm Palm
Marburg Marburg
Lille Lille
Bensheim Bensheim
Campobasso Campobasso
Copperas Copperas
Ponta Ponta
Sirsi Sirsi
Itacoatiara Itacoatiara
Valletta Valletta
Sceaux Sceaux
Hermsdorf Hermsdorf
Aleshtar Aleshtar
Alfenas Alfenas
Uran Uran
Azrou Azrou
Milagro Milagro
Rhosllanerchrugog Rhosllanerchrugog
Jashpurnagar Jashpurnagar
Magomeni Magomeni
Polohy Polohy
Bavly Bavly
Gariadhar Gariadhar
PointeClaire PointeClaire
Kyzylorda Kyzylorda
Brzeg Brzeg
Perth Perth
Niort Niort
Shaowu Shaowu
Chacabuco Chacabuco
Ramla Ramla
Yingkou Yingkou
Ventimiglia Ventimiglia
LonsleSaunier LonsleSaunier
GernikaLumo GernikaLumo
Ada Ada
Great Great
Tyoply Tyoply
Resplendor Resplendor
