Lesnoy Visitacion Glogovac Andijon Yangambi Zgorzelec Brentwood Hueytown Pingyi Malaut Sungurlu Winsford Sun Rutherglen Franceville Hudiksvall Blackpool Meerut Gisborne Dharmapuri Gisborne Ishim Stade Portogruaro Artur Beveren Kundla Beveren GatesNorth Lesnoy
25
Lesnoy Lesnoy
Visitacion Visitacion
Glogovac Glogovac
Yangambi Yangambi
Zgorzelec Zgorzelec
Brentwood Brentwood
Hueytown Hueytown
Pingyi Pingyi
Malaut Malaut
Sungurlu Sungurlu
Winsford Winsford
Sun Sun
Rutherglen Rutherglen
Franceville Franceville
Hudiksvall Hudiksvall
Blackpool Blackpool
Meerut Meerut
Dharmapuri Dharmapuri
Gisborne Gisborne
Ishim Ishim
Stade Stade
Portogruaro Portogruaro
Artur Artur
Kundla Kundla
GatesNorth GatesNorth
