108 66 44 13 32 46 79 36 138 120 67 17 61 8 126 63 121 143 55 128 151 56 189 177 186 134 73 71 82 53 37 64 53 90 57 96 144 153 70 19 174 188 35 14 81 45 127 26 5 103 136 113 184 113 118 187 156 167 181 28 99 142 114 24 117 191 100 191 148 182 148 176 65 92 196 137 197 11 193 39 146 183 84 83 1 140 43 6 23 129 23 6 48 34 178 130 85 68 95 105 77 110 75 150 179 157 15 157 107 133 31 38 190 116 109 78 54 170 49 101 51 7 69 108
97
66 66
44 44
13 13
32 32
46 46
79 79
36 36
138 138
120 120
67 67
17 17
61 61
126 126
63 63
121 121
143 143
128 128
151 151
56 56
177 177
186 186
134 134
73 73
71 71
82 82
37 37
64 64
53 53
57 57
96 96
144 144
153 153
19 19
174 174
188 188
35 35
14 14
81 81
45 45
26 26
5 5
136 136
184 184
118 118
187 187
167 167
181 181
28 28
99 99
142 142
114 114
24 24
117 117
100 100
182 182
148 148
176 176
65 65
92 92
137 137
197 197
11 11
39 39
146 146
84 84
83 83
1 1
140 140
43 43
129 129
23 23
48 48
34 34
130 130
85 85
68 68
95 95
77 77
110 110
75 75
150 150
179 179
15 15
157 157
107 107
133 133
31 31
38 38
190 190
109 109
78 78
54 54
170 170
49 49
101 101
7 7
69 69
