1 143 144 134 132 131 120 122 108 119 96 110 84 107 72 98 60 95 48 86 36 83 24 74 12 71 1 4 142 136 130 124 118 112 106 100 94 88 82 76 70 64 58 52 46 40 34 28 22 16 10 140 138 137 126 128 114 125 102 116 90 113 78 104 66 101 54 92 42 89 30 80 18 77 6 68 3 65 3 56 3 53 3 44 3 41 3 32 3 29 3 20 3 17 3 8 3 5 1 62 1 59 1 50 1 47 1 38 1 35 1 26 1 23 1 14 1 11 1 2 1
96
143 143
144 144
134 134
132 132
131 131
120 120
122 122
108 108
119 119
96 96
110 110
84 84
107 107
72 72
98 98
60 60
95 95
48 48
86 86
36 36
83 83
24 24
74 74
12 12
71 71
4 4
142 142
136 136
130 130
124 124
118 118
112 112
106 106
100 100
94 94
88 88
82 82
76 76
70 70
64 64
58 58
52 52
46 46
40 40
34 34
28 28
22 22
16 16
10 10
140 140
138 138
137 137
126 126
128 128
114 114
125 125
102 102
116 116
90 90
113 113
78 78
104 104
66 66
101 101
54 54
92 92
42 42
89 89
30 30
80 80
18 18
77 77
6 6
68 68
65 65
56 56
53 53
44 44
41 41
32 32
29 29
20 20
17 17
8 8
5 5
62 62
59 59
50 50
47 47
38 38
35 35
26 26
23 23
14 14
11 11
2 2
