create top scrap cancel magnitude fuss transmission tin absorption hide merit skip adult minimize exotic direct think belief dose accessible ballot crew farewell pupil linear maze community nationalism perception basketball celebration prove line colon mechanism concern battery contract childish company suffer predict steward pastel creation pride bracket breakin deck feign appear create
50
top top
scrap scrap
cancel cancel
magnitude magnitude
fuss fuss
transmission transmission
tin tin
absorption absorption
hide hide
merit merit
skip skip
adult adult
minimize minimize
exotic exotic
direct direct
think think
belief belief
dose dose
accessible accessible
ballot ballot
crew crew
farewell farewell
pupil pupil
linear linear
maze maze
community community
nationalism nationalism
perception perception
basketball basketball
celebration celebration
prove prove
line line
colon colon
mechanism mechanism
concern concern
battery battery
contract contract
childish childish
company company
suffer suffer
predict predict
steward steward
pastel pastel
creation creation
pride pride
bracket bracket
breakin breakin
deck deck
feign feign
appear appear
