pride thank equinox partnership pupil shelter homosexual wrong huge farewell transmission concern create direct feign knit east creation rabbit leash maze suffer breakin glide bracket ballot fuss minimize community dramatic lobby formation present inhibition craftsman work whole pastel thread top tribe mechanism traction colon salmon linear battery skip seller steward desk dialect bring basketball prove appear cancel crew car berry scrap predict accessible perception tin mind gift line think dilemma exotic belief contract deter dedicate trance absorption adult magnetic nationalism denial transaction vote company mosaic integrated celebration loud hide fortune offensive dose merit snap childish valid deck makeup magnitude domestic pride
100
pride pride
thank thank
equinox equinox
partnership partnership
pupil pupil
shelter shelter
homosexual homosexual
wrong wrong
huge huge
farewell farewell
transmission transmission
concern concern
create create
direct direct
feign feign
knit knit
east east
creation creation
rabbit rabbit
leash leash
maze maze
suffer suffer
breakin breakin
glide glide
bracket bracket
ballot ballot
fuss fuss
minimize minimize
community community
dramatic dramatic
lobby lobby
formation formation
present present
inhibition inhibition
craftsman craftsman
work work
whole whole
pastel pastel
thread thread
top top
tribe tribe
mechanism mechanism
traction traction
colon colon
salmon salmon
linear linear
battery battery
skip skip
seller seller
steward steward
desk desk
dialect dialect
bring bring
basketball basketball
prove prove
appear appear
cancel cancel
crew crew
car car
berry berry
scrap scrap
predict predict
accessible accessible
perception perception
tin tin
mind mind
gift gift
line line
think think
dilemma dilemma
exotic exotic
belief belief
contract contract
deter deter
dedicate dedicate
trance trance
absorption absorption
adult adult
magnetic magnetic
nationalism nationalism
denial denial
transaction transaction
vote vote
company company
mosaic mosaic
integrated integrated
celebration celebration
loud loud
hide hide
fortune fortune
offensive offensive
dose dose
merit merit
snap snap
childish childish
valid valid
deck deck
makeup makeup
magnitude magnitude
domestic domestic
