BU FF DV DL CT FB AY EN FN CW GY BG DJ DA EL AE CE GN CE CZ GM BE HJ DP DX CV FD BH BM HI BW HI HG DS GT DU GH FS EC AP DI GA FG BT HH DQ GG DD GP BA CD EG HC CI CS AD GO AD FW EO FU FL DW GS FI BK FR ES CO AX EH AM GK CK BN CR DM DK BY BF EV DT CQ DZ FC HM HP AQ DE FY AF FP AT CM HO GQ EK AV AN BZ ER HA ET EY DR GE BQ CX EQ AR CY CA HF BU
100
BU BU
FF FF
DV DV
DL DL
CT CT
FB FB
AY AY
EN EN
FN FN
CW CW
GY GY
BG BG
DJ DJ
EL EL
AE AE
GN GN
CZ CZ
GM GM
BE BE
HJ HJ
DP DP
DX DX
CV CV
FD FD
BH BH
BM BM
BW BW
HG HG
DS DS
GT GT
DU DU
GH GH
FS FS
EC EC
AP AP
DI DI
GA GA
FG FG
HH HH
DQ DQ
DD DD
GP GP
BA BA
CD CD
EG EG
HC HC
CI CI
CS CS
GO GO
FW FW
EO EO
FU FU
FL FL
GS GS
FI FI
BK BK
FR FR
ES ES
CO CO
AX AX
EH EH
GK GK
CK CK
BN BN
CR CR
DM DM
DK DK
BY BY
BF BF
EV EV
DT DT
CQ CQ
DZ DZ
HM HM
HP HP
AQ AQ
DE DE
FY FY
AF AF
FP FP
AT AT
CM CM
GQ GQ
EK EK
AV AV
AN AN
BZ BZ
ER ER
HA HA
ET ET
EY EY
DR DR
GE GE
BQ BQ
CX CX
EQ EQ
AR AR
CY CY
CA CA
HF HF
