Nepal Tanzania Liechtenstein SaintLucia VaticanCity TheGambia MarshallIslands Slovakia NewZealand Tajikistan Kuwait Mauritius Niger Vietnam Serbia Panama Afghanistan Palau Fiji Botswana Suriname Estonia UAE Belarus Azerbaijan Argentina Georgia Nepal
25
Tanzania Tanzania
Liechtenstein Liechtenstein
SaintLucia SaintLucia
VaticanCity VaticanCity
MarshallIslands MarshallIslands
Slovakia Slovakia
NewZealand NewZealand
Tajikistan Tajikistan
Kuwait Kuwait
Mauritius Mauritius
Niger Niger
Vietnam Vietnam
Serbia Serbia
Panama Panama
Afghanistan Afghanistan
Palau Palau
Fiji Fiji
Botswana Botswana
Suriname Suriname
Estonia Estonia
UAE UAE
Belarus Belarus
Azerbaijan Azerbaijan
Argentina Argentina
Georgia Georgia
