evdoyagqfp xawkqmfmmx xftptyrlvl fluzhooehk xftptyrlvl uooysjrxsb xftptyrlvl mysadifwma robpunozly bnmegnfgii robpunozly mysadifwma xftptyrlvl qbiylslccb kvxwqiryyu sjtuxgdwms hsjqtjkukk bbczvyonym mdyuzxshey wtlzrefwav afrdrejwtp pwgublhwxg hofbtczdgp pwgublhwxg pymtnhypxd jrmlkfexfk osdeymjeil wkwwcqjtxf lkvtxfwozs gjmmikaxih byyqgjwsrp qxfgqgbbdn byyqgjwsrp tmatbexcil qpxtrjvxpe qiqnnrlapz spdafzaivh ldnozwuuuq frfueiglva ymvlfsdhbu aokbiptbzc ymvlfsdhbu nbjyrygtdh cpwyxulkjm jfccyptuug tgkujfknod bswhowadhl zpjhxyylhb kvfpaspidv ouxenssqdu fznfvsgjhc wtyqwjwskq kijbyyuzhd unihwwnyqz pbefrggyje xwrvhrxnqy xifuopshzj xwrvhrxnqy ebqxbaqnmm oegfbrwyrp fclmzghxkf xguvjomcdt nwlccbonas itbfnxnauh nwlccbonas bbwcqzwyoz ijbfzrqwct bimtbhwsby ijbfzrqwct qfbvncxldf ixyurvbpvu yiwwdwbzth ixyurvbpvu qepegujmaa etdxtwotzh knfzsnhzvx opmnfgpclg qxuqrfzzob gllungmori xnppuesbrr hxkhivkhyl scesbtewjx jrmlkfexfk seeyrseflx hkempoemlv seeyrseflx xeigbnzhbj oggftsricu xywdziunpr vugkhjygfe aruwdskzta lnicnhmajr xychpimpzb bulywvvpni xychpimpzb lnicnhmajr kyrhqthnvz lndsfxewdc eqdxeqvtsb lndsfxewdc vkrlpmybdj jrusiskazm ichabbvkhm oavtmpaqji oownpsyviv rnpokwoqgt fdgcygwgjf phknwbtipl zivwgfcxqi euqbrkzdsw jedsthbmzo wwqchwdmtx pcilmgdrgc ivgbjyugdu pcilmgdrgc qepegujmaa koawdpgqdx psiebvskfb koawdpgqdx pdljcbluhp cmdqzmgvfi qgfchcatzi yriqtwavfx gucdicwxmb yriqtwavfx rkyixxpcbx yriqtwavfx uhalgukdzb dnmgxnhbgi vnzypgtlkj gbdejcnknd ahqdrcepub afortwurqt zmfuudfatm cttlxdtaiw rlxmdzqomd gkcfktyute xkasbvrrxd lcrihrmoqu tgbmxdmvwe lcrihrmoqu tvcolajnao xqwyvbvueh tvcolajnao smwxdupkdv jqtguzxxsl optviwhmbr vfdsalrajq optviwhmbr ivugtsvtqb guuudgvhny stdiixwrjc ummqduagjn fczruomdab eooyfwmxln epdwcjuvdr kgktiatgjn epdwcjuvdr wynbxuuxru tmrnpjqnxx wynbxuuxru qzdrdcxoib voaumgrcuj qzdrdcxoib wynbxuuxru jqtguzxxsl xftptyrlvl evdoyagqfp
99
evdoyagqfp evdoyagqfp
xawkqmfmmx xawkqmfmmx
fluzhooehk fluzhooehk
uooysjrxsb uooysjrxsb
mysadifwma mysadifwma
bnmegnfgii bnmegnfgii
kvxwqiryyu kvxwqiryyu
hsjqtjkukk hsjqtjkukk
bbczvyonym bbczvyonym
mdyuzxshey mdyuzxshey
wtlzrefwav wtlzrefwav
afrdrejwtp afrdrejwtp
hofbtczdgp hofbtczdgp
jrmlkfexfk jrmlkfexfk
osdeymjeil osdeymjeil
wkwwcqjtxf wkwwcqjtxf
lkvtxfwozs lkvtxfwozs
byyqgjwsrp byyqgjwsrp
qxfgqgbbdn qxfgqgbbdn
tmatbexcil tmatbexcil
qpxtrjvxpe qpxtrjvxpe
qiqnnrlapz qiqnnrlapz
ldnozwuuuq ldnozwuuuq
ymvlfsdhbu ymvlfsdhbu
aokbiptbzc aokbiptbzc
nbjyrygtdh nbjyrygtdh
cpwyxulkjm cpwyxulkjm
tgkujfknod tgkujfknod
bswhowadhl bswhowadhl
kvfpaspidv kvfpaspidv
ouxenssqdu ouxenssqdu
kijbyyuzhd kijbyyuzhd
pbefrggyje pbefrggyje
xwrvhrxnqy xwrvhrxnqy
xifuopshzj xifuopshzj
oegfbrwyrp oegfbrwyrp
xguvjomcdt xguvjomcdt
nwlccbonas nwlccbonas
itbfnxnauh itbfnxnauh
bbwcqzwyoz bbwcqzwyoz
bimtbhwsby bimtbhwsby
qfbvncxldf qfbvncxldf
yiwwdwbzth yiwwdwbzth
etdxtwotzh etdxtwotzh
qxuqrfzzob qxuqrfzzob
xnppuesbrr xnppuesbrr
scesbtewjx scesbtewjx
hkempoemlv hkempoemlv
seeyrseflx seeyrseflx
oggftsricu oggftsricu
xywdziunpr xywdziunpr
vugkhjygfe vugkhjygfe
aruwdskzta aruwdskzta
bulywvvpni bulywvvpni
xychpimpzb xychpimpzb
lnicnhmajr lnicnhmajr
kyrhqthnvz kyrhqthnvz
eqdxeqvtsb eqdxeqvtsb
lndsfxewdc lndsfxewdc
vkrlpmybdj vkrlpmybdj
jrusiskazm jrusiskazm
ichabbvkhm ichabbvkhm
oavtmpaqji oavtmpaqji
rnpokwoqgt rnpokwoqgt
fdgcygwgjf fdgcygwgjf
zivwgfcxqi zivwgfcxqi
euqbrkzdsw euqbrkzdsw
wwqchwdmtx wwqchwdmtx
ivgbjyugdu ivgbjyugdu
pcilmgdrgc pcilmgdrgc
qepegujmaa qepegujmaa
psiebvskfb psiebvskfb
pdljcbluhp pdljcbluhp
qgfchcatzi qgfchcatzi
gucdicwxmb gucdicwxmb
rkyixxpcbx rkyixxpcbx
uhalgukdzb uhalgukdzb
vnzypgtlkj vnzypgtlkj
gbdejcnknd gbdejcnknd
ahqdrcepub ahqdrcepub
afortwurqt afortwurqt
zmfuudfatm zmfuudfatm
cttlxdtaiw cttlxdtaiw
xkasbvrrxd xkasbvrrxd
lcrihrmoqu lcrihrmoqu
tgbmxdmvwe tgbmxdmvwe
xqwyvbvueh xqwyvbvueh
tvcolajnao tvcolajnao
smwxdupkdv smwxdupkdv
optviwhmbr optviwhmbr
vfdsalrajq vfdsalrajq
ivugtsvtqb ivugtsvtqb
guuudgvhny guuudgvhny
stdiixwrjc stdiixwrjc
eooyfwmxln eooyfwmxln
kgktiatgjn kgktiatgjn
tmrnpjqnxx tmrnpjqnxx
wynbxuuxru wynbxuuxru
voaumgrcuj voaumgrcuj
