mdyuzxshey mysadifwma mdyuzxshey vkrlpmybdj zmfuudfatm ouxenssqdu qydclznxrd cmdqzmgvfi qfbvncxldf cmdqzmgvfi zpybghfdbe psiebvskfb zpybghfdbe lndsfxewdc mswyvpdrsy lndsfxewdc bulywvvpni zjbarjhmau kdujdjjwot zjbarjhmau wkwwcqjtxf qcktwemqbm pymtnhypxd xkasbvrrxd idfvjoquhh lazlsvgukx ahqdrcepub siatqqydwf ixyurvbpvu uooysjrxsb seeyrseflx vugkhjygfe seeyrseflx uooysjrxsb ixyurvbpvu gwnccktgki ixyurvbpvu optviwhmbr rkyixxpcbx eooyfwmxln rkyixxpcbx gllungmori jrmlkfexfk wtlzrefwav hsjqtjkukk smwxdupkdv aokbiptbzc koawdpgqdx unihwwnyqz qepegujmaa xtvbrolacp qepegujmaa unihwwnyqz koawdpgqdx smwxdupkdv hsjqtjkukk wtlzrefwav epdwcjuvdr wynbxuuxru hadchvmijq jqtguzxxsl yiwwdwbzth xftptyrlvl knfzsnhzvx oewptytlja nwlccbonas oewptytlja jedsthbmzo xftptyrlvl yiwwdwbzth wtyqwjwskq bswhowadhl oegfbrwyrp tgbmxdmvwe oegfbrwyrp lbuiysostx sjtuxgdwms fznfvsgjhc lkvobxyfca oggftsricu euqbrkzdsw oggftsricu lnicnhmajr owusjcmdkp ljhmnbaicr ebqxbaqnmm zumetrybth jatkaoyfxb bnmegnfgii jatkaoyfxb vkrlpmybdj mdyuzxshey
49
mdyuzxshey mdyuzxshey
mysadifwma mysadifwma
vkrlpmybdj vkrlpmybdj
zmfuudfatm zmfuudfatm
qydclznxrd qydclznxrd
cmdqzmgvfi cmdqzmgvfi
qfbvncxldf qfbvncxldf
psiebvskfb psiebvskfb
lndsfxewdc lndsfxewdc
mswyvpdrsy mswyvpdrsy
bulywvvpni bulywvvpni
kdujdjjwot kdujdjjwot
zjbarjhmau zjbarjhmau
qcktwemqbm qcktwemqbm
lazlsvgukx lazlsvgukx
ahqdrcepub ahqdrcepub
vugkhjygfe vugkhjygfe
seeyrseflx seeyrseflx
gwnccktgki gwnccktgki
optviwhmbr optviwhmbr
eooyfwmxln eooyfwmxln
rkyixxpcbx rkyixxpcbx
gllungmori gllungmori
wtlzrefwav wtlzrefwav
aokbiptbzc aokbiptbzc
koawdpgqdx koawdpgqdx
qepegujmaa qepegujmaa
xtvbrolacp xtvbrolacp
wynbxuuxru wynbxuuxru
hadchvmijq hadchvmijq
jqtguzxxsl jqtguzxxsl
xftptyrlvl xftptyrlvl
knfzsnhzvx knfzsnhzvx
oewptytlja oewptytlja
nwlccbonas nwlccbonas
jedsthbmzo jedsthbmzo
wtyqwjwskq wtyqwjwskq
tgbmxdmvwe tgbmxdmvwe
lbuiysostx lbuiysostx
fznfvsgjhc fznfvsgjhc
lkvobxyfca lkvobxyfca
euqbrkzdsw euqbrkzdsw
lnicnhmajr lnicnhmajr
owusjcmdkp owusjcmdkp
ljhmnbaicr ljhmnbaicr
ebqxbaqnmm ebqxbaqnmm
zumetrybth zumetrybth
bnmegnfgii bnmegnfgii
jatkaoyfxb jatkaoyfxb
