0 75 78 75 30 32 58 55 95 97 95 87 95 20 180 182 181 182 180 183 47 105 99 195 197 195 114 150 152 151 122 120 190 192 191 92 91 92 90 170 172 170 94 64 189 74 54 69 79 184 154 144 160 162 161 162 160 137 136 137 166 117 168 117 116 77 101 102 108 82 80 67 123 67 66 12 11 12 10 13 2 28 25 15 100 44 110 57 56 57 110 113 17 16 17 104 179 124 145 148 145 125 128 125 39 35 37 36 37 35 38 35 185 187 186 42 41 42 40 43 40 135 52 135 138 135 134 139 149 159 129 72 141 142 141 132 131 132 130 133 130 65 68 65 27 118 115 0 3 0
100
78 78
30 30
32 32
58 58
55 55
97 97
87 87
95 95
20 20
180 180
181 181
182 182
183 183
47 47
105 105
99 99
195 195
197 197
114 114
152 152
122 122
120 120
192 192
92 92
91 91
172 172
94 94
64 64
189 189
74 74
54 54
69 69
79 79
184 184
154 154
144 144
160 160
161 161
136 136
166 166
168 168
116 116
101 101
102 102
108 108
82 82
67 67
123 123
66 66
12 12
11 11
13 13
2 2
28 28
25 25
15 15
100 100
44 44
110 110
57 57
56 56
113 113
16 16
17 17
104 104
179 179
124 124
145 145
148 148
125 125
128 128
39 39
35 35
37 37
36 36
38 38
187 187
186 186
42 42
41 41
43 43
52 52
138 138
135 135
134 134
139 139
149 149
159 159
129 129
72 72
142 142
141 141
132 132
131 131
133 133
68 68
65 65
27 27
118 118
3 3
