0 30 28 27 28 26 25 23 32 20 21 20 19 18 17 85 86 83 81 80 79 78 77 76 74 75 73 64 71 70 62 63 62 58 61 60 59 58 56 54 55 54 53 51 49 48 47 46 44 42 43 42 41 40 39 37 36 35 34 33 117 116 112 115 114 113 115 112 ViksNode 128 129 130 129 128 ViksNode 107 108 105 106 102 101 104 101 100 122 123 122 121 122 100 99 96 93 94 92 14 15 16 13 12 10 9 8 7 6 5 4 3 0
45
30 30
27 27
25 25
20 20
21 21
19 19
18 18
86 86
80 80
78 78
74 74
73 73
71 71
70 70
63 63
60 60
59 59
56 56
55 55
53 53
48 48
47 47
42 42
43 43
37 37
36 36
35 35
117 117
114 114
113 113
130 130
108 108
106 106
104 104
123 123
121 121
99 99
94 94
15 15
13 13
10 10
8 8
7 7
4 4
3 3
