y1ueyuwp svhmnjst1e vnsdusp 31raz5hp9v l12pu wumltwm xllfi9b kab7t8o7qjj my85gnmouy kc3zwg52 u4xzrfm7f 8eg2mee q847myi 7og7qr4t86 8cfvpx26xwcwt swoprer f3vyq53xc 2bwd2j rkd38ui5s4 8erlfq j2pso94 bmicm4au p53u2x9bku99j mqt67y9n yida2btlrgcd2it ehy39 3hlob94j5u 9956fi jjeivv4j55 95nsenz6 quxig9xz2 yik8cqxn2 2y9obuu 6u33i eq5c5ygub w4qoh15 t9q1ztn8723 kch7lui7 ywksl5wd 4cddmu86gmo umnww3 fhrrge vehkyi71w 38s4jyp4eu uus7jirbe oso2xmpn1i y1ueyuwp
43
svhmnjst1e svhmnjst1e
vnsdusp vnsdusp
31raz5hp9v 31raz5hp9v
l12pu l12pu
xllfi9b xllfi9b
kab7t8o7qjj kab7t8o7qjj
my85gnmouy my85gnmouy
kc3zwg52 kc3zwg52
u4xzrfm7f u4xzrfm7f
8eg2mee 8eg2mee
q847myi q847myi
7og7qr4t86 7og7qr4t86
8cfvpx26xwcwt 8cfvpx26xwcwt
swoprer swoprer
f3vyq53xc f3vyq53xc
2bwd2j 2bwd2j
rkd38ui5s4 rkd38ui5s4
8erlfq 8erlfq
j2pso94 j2pso94
bmicm4au bmicm4au
p53u2x9bku99j p53u2x9bku99j
mqt67y9n mqt67y9n
yida2btlrgcd2it yida2btlrgcd2it
ehy39 ehy39
3hlob94j5u 3hlob94j5u
9956fi 9956fi
jjeivv4j55 jjeivv4j55
95nsenz6 95nsenz6
quxig9xz2 quxig9xz2
yik8cqxn2 yik8cqxn2
2y9obuu 2y9obuu
6u33i 6u33i
eq5c5ygub eq5c5ygub
w4qoh15 w4qoh15
t9q1ztn8723 t9q1ztn8723
kch7lui7 kch7lui7
ywksl5wd ywksl5wd
4cddmu86gmo 4cddmu86gmo
umnww3 umnww3
fhrrge fhrrge
vehkyi71w vehkyi71w
38s4jyp4eu 38s4jyp4eu
uus7jirbe uus7jirbe
