Burlington McAllen Hampton Columbus Clarke Miramar Bridgeport Naperville Independence Cambridge Buffalo Hayward Amarillo Greenville Denver Rapids Cedar Chattanooga Merced Chicago Louisville Myrtle Killeen Prairie Davenport Honolulu Burlington
25
McAllen McAllen
Hampton Hampton
Columbus Columbus
Clarke Clarke
Miramar Miramar
Bridgeport Bridgeport
Naperville Naperville
Independence Independence
Cambridge Cambridge
Buffalo Buffalo
Hayward Hayward
Amarillo Amarillo
Greenville Greenville
Denver Denver
Rapids Rapids
Cedar Cedar
Chattanooga Chattanooga
Merced Merced
Chicago Chicago
Louisville Louisville
Myrtle Myrtle
Killeen Killeen
Prairie Prairie
Davenport Davenport
Honolulu Honolulu
