Liam Benjamin Wyatt Daniel Lincoln Michael Joseph Matthew Joseph Jacob Joseph Noah Logan Ethan Jackson Lucas Andrew Charles Oliver Alexander Henry Alexander Samuel Mason Elijah Mason William Carter William Mason Sebastian Jaxon David James Aiden Liam
25
Liam Liam
Benjamin Benjamin
Wyatt Wyatt
Daniel Daniel
Michael Michael
Matthew Matthew
Joseph Joseph
Jacob Jacob
Noah Noah
Logan Logan
Ethan Ethan
Jackson Jackson
Lucas Lucas
Oliver Oliver
Alexander Alexander
Henry Henry
Samuel Samuel
Elijah Elijah
Mason Mason
Carter Carter
William William
Sebastian Sebastian
David David
James James
Aiden Aiden
