0 20 53 32 99 42 35 8 57 40 91 1 49 77 188 14 38 58 81 18 39 71 52 74 26 93 26 37 68 180 23 180 68 50 153 19 80 54 16 96 100 24 56 65 21 166 55 97 27 97 76 7 22 72 9 121 84 28 90 28 144 94 144 43 29 75 62 85 11 113 82 179 48 46 2 5 173 13 63 173 5 31 4 34 176 45 176 66 134 132 69 41 30 119 60 116 130 64 73 122 95 3 88 10 61 25 197 116 67 47 87 151 86 15 150 92 182 70 59 89 83 98 120 183 44 183 51 6 78 17 33 36 12 79 20 0
100
0 0
20 20
53 53
32 32
99 99
42 42
35 35
8 8
57 57
40 40
91 91
1 1
49 49
77 77
14 14
38 38
58 58
81 81
18 18
39 39
71 71
52 52
74 74
26 26
93 93
37 37
23 23
68 68
50 50
19 19
80 80
54 54
16 16
96 96
24 24
56 56
65 65
21 21
55 55
27 27
97 97
76 76
7 7
22 22
72 72
9 9
84 84
90 90
28 28
94 94
43 43
29 29
75 75
62 62
85 85
11 11
82 82
48 48
46 46
2 2
5 5
13 13
63 63
31 31
4 4
34 34
45 45
66 66
69 69
41 41
30 30
60 60
64 64
73 73
95 95
3 3
88 88
10 10
61 61
25 25
67 67
47 47
87 87
86 86
15 15
92 92
70 70
59 59
89 89
83 83
98 98
44 44
51 51
6 6
78 78
17 17
33 33
36 36
12 12
79 79
