maintenance future resolution volume woman property feature economy sign cause philosophy style competition example difficulty population rock object bread day marketing obligation depression version photo selection context movie beer salad role description reputation account chest career action focus wife average inspection rate sister driver complaint income war contract price church maintenance
50
maintenance maintenance
future future
resolution resolution
volume volume
woman woman
property property
feature feature
economy economy
sign sign
cause cause
philosophy philosophy
style style
competition competition
example example
difficulty difficulty
population population
rock rock
object object
bread bread
day day
marketing marketing
obligation obligation
depression depression
version version
photo photo
selection selection
context context
movie movie
beer beer
salad salad
role role
description description
reputation reputation
account account
chest chest
career career
action action
focus focus
wife wife
average average
inspection inspection
rate rate
sister sister
driver driver
complaint complaint
income income
war war
contract contract
price price
church church
