S Q CN M AP AN BW J AQ L BP D AF E AZ I AU Q AO Q CR AW CW AN AV AN BA Q BB Q BC AN BE AW BF AW BG Q BH Q BI Q BJ Q BM AN BN AN BO AN BQ Q BS Q BT AN BU AN BV Q BX AN BY AW BZ AW CC AC CK H CP AN CO AN CJ AN CI AN CH AN CE AN AM AN Y Q AA AN AD AN AG AN AH AW W AI U BK T R CS CB CU V BD B CA C AX CT AT P CF O CV AN CL K AR Q AS N CD G BL F CM A AL AN AK AN AJ AN X AY Z Q CQ AB AE BR S
100
S S
Q Q
CN CN
M M
AP AP
BW BW
J J
AQ AQ
L L
BP BP
D D
AF AF
E E
AZ AZ
I I
AU AU
AO AO
CR CR
AW AW
CW CW
AN AN
AV AV
BA BA
BB BB
BC BC
BE BE
BF BF
BG BG
BH BH
BI BI
BJ BJ
BM BM
BN BN
BO BO
BQ BQ
BS BS
BT BT
BU BU
BV BV
BX BX
BY BY
BZ BZ
CC CC
AC AC
CK CK
H H
CP CP
CO CO
CJ CJ
CI CI
CH CH
CE CE
AM AM
Y Y
AA AA
AD AD
AG AG
AH AH
W W
AI AI
U U
BK BK
T T
R R
CS CS
CB CB
CU CU
V V
BD BD
B B
CA CA
C C
AX AX
CT CT
AT AT
P P
CF CF
O O
CV CV
CL CL
K K
AR AR
AS AS
N N
CD CD
G G
BL BL
F F
CM CM
A A
AL AL
AK AK
AJ AJ
X X
AY AY
Z Z
CQ CQ
AB AB
AE AE
BR BR
