state purple controversial purple knick McDonald wrack catnip border catnip Zellerbach catnip dumpling catnip scaup catnip value catnip whirligig catnip octane catnip rocky catnip joke catnip texture catnip bloc catnip Evans catnip anatomy catnip Albert catnip Adler catnip hyphen catnip lobby catnip gun catnip omicron catnip complacent catnip supremum catnip Protista catnip heifer catnip uptown catnip grade catnip ash catnip dame catnip Eva catnip backgammon catnip Augean catnip curbside catnip foursome catnip flexural catnip trivium catnip turnout catnip opossum catnip clasp catnip Lizzie catnip monk catnip Whelan catnip circumstantial catnip eggplant catnip debenture catnip Ridgway catnip Adamson catnip hungry catnip fleawort catnip huge catnip presto catnip bibliophile purple scriptwriter McDonald Cinderella McDonald watery McDonald eidetic McDonald driveway McDonald motet McDonald stingy McDonald Darwin McDonald sanatoria McDonald sepulchral McDonald stereography McDonald Arden McDonald pairwise McDonald rent McDonald bald McDonald fireplace McDonald gavotte McDonald charcoal McDonald hallelujah McDonald cohere McDonald Steiner McDonald compunction McDonald firebug purple lonesome purple knurl purple whatsoever purple athletic purple Della purple freehold peacock begot mortgagor jackass mortgagor infuse mortgagor cocaine mortgagor registrant mortgagor shrugging mortgagor Yaounde mortgagor Edmonds mortgagor harrow servile his voltmeter Calkins voltmeter serge voltmeter Waterbury voltmeter hypothetic voltmeter regal voltmeter retardation voltmeter exhortation maidservant cache servile state
100
controversial controversial
knick knick
wrack wrack
border border
Zellerbach Zellerbach
dumpling dumpling
scaup scaup
value value
whirligig whirligig
octane octane
rocky rocky
joke joke
texture texture
bloc bloc
Evans Evans
anatomy anatomy
Albert Albert
Adler Adler
hyphen hyphen
lobby lobby
gun gun
omicron omicron
complacent complacent
supremum supremum
Protista Protista
heifer heifer
uptown uptown
grade grade
ash ash
dame dame
Eva Eva
backgammon backgammon
Augean Augean
curbside curbside
foursome foursome
flexural flexural
trivium trivium
turnout turnout
opossum opossum
clasp clasp
Lizzie Lizzie
monk monk
Whelan Whelan
circumstantial circumstantial
eggplant eggplant
debenture debenture
Ridgway Ridgway
Adamson Adamson
hungry hungry
fleawort fleawort
huge huge
presto presto
bibliophile bibliophile
scriptwriter scriptwriter
Cinderella Cinderella
watery watery
eidetic eidetic
driveway driveway
motet motet
stingy stingy
Darwin Darwin
sanatoria sanatoria
sepulchral sepulchral
stereography stereography
Arden Arden
pairwise pairwise
rent rent
bald bald
fireplace fireplace
gavotte gavotte
charcoal charcoal
hallelujah hallelujah
cohere cohere
Steiner Steiner
compunction compunction
firebug firebug
lonesome lonesome
knurl knurl
whatsoever whatsoever
athletic athletic
Della Della
freehold freehold
begot begot
jackass jackass
infuse infuse
cocaine cocaine
registrant registrant
shrugging shrugging
Yaounde Yaounde
Edmonds Edmonds
harrow harrow
his his
Calkins Calkins
serge serge
Waterbury Waterbury
hypothetic hypothetic
regal regal
retardation retardation
exhortation exhortation
cache cache
