142 121 137 135 97 164 126 177 16 177 126 164 59 21 157 21 150 99 141 65 130 58 147 27 72 145 139 30 140 129 140 171 63 131 35 131 53 24 76 48 137 66 44 66 106 127 106 111 90 143 77 160 108 148 46 4 174 3 91 78 186 55 186 78 60 124 60 193 130 175 34 100 163 8 31 8 45 159 191 154 139 153 23 153 181 18 103 41 133 33 9 136 47 7 47 136 9 92 70 92 9 14 134 52 178 195 158 69 64 122 128 75 79 89 85 187 132 39 115 5 185 22 149 26 0 183 190 118 38 197 38 118 93 151 144 151 167 142
60
121 121
137 137
97 97
177 177
16 16
21 21
157 157
150 150
141 141
58 58
145 145
30 30
129 129
140 140
63 63
35 35
76 76
48 48
44 44
106 106
127 127
90 90
77 77
108 108
46 46
4 4
174 174
3 3
91 91
55 55
186 186
124 124
60 60
34 34
31 31
159 159
23 23
181 181
41 41
133 133
33 33
7 7
70 70
14 14
178 178
195 195
158 158
69 69
64 64
89 89
39 39
115 115
22 22
183 183
38 38
197 197
93 93
151 151
144 144
167 167
