5 8 95 121 95 8 21 1 177 1 0 51 0 3 31 39 88 168 88 39 28 10 160 10 15 163 15 30 1 70 105 70 1 26 80 52 56 102 56 52 143 144 176 180 194 180 176 144 143 52 19 169 19 69 145 69 19 20 54 96 59 127 59 101 111 101 104 101 59 76 59 118 126 118 59 45 152 45 37 44 106 44 11 113 11 85 11 27 53 123 131 140 131 123 53 40 92 40 36 82 179 82 36 17 55 57 64 14 196 14 63 14 23 103 23 90 91 32 50 75 48 41 86 109 130 109 86 58 22 9 77 7 35 7 16 61 43 183 43 25 12 150 191 150 12 18 178 18 12 17 68 155 68 33 5
52
121 121
21 21
177 177
51 51
31 31
168 168
160 160
163 163
105 105
80 80
102 102
176 176
180 180
194 194
169 169
145 145
54 54
96 96
127 127
101 101
111 111
104 104
76 76
126 126
152 152
45 45
106 106
113 113
85 85
27 27
140 140
92 92
179 179
57 57
196 196
63 63
103 103
23 23
91 91
32 32
50 50
130 130
109 109
58 58
9 9
77 77
35 35
183 183
191 191
178 178
68 68
155 155
