Milton Kiruna Madrid Helotes Zadar Hengshui Barddhaman Samux Jeonju Koboko Salsk Plainfield Moanda Kerma Esmeraldas Eydhafushi Marsaskala Kelang Kanoya Harahan Chicopee Scottsdale Bam Arras Kitamilo Karur Makinsk Morondava Tabuk Pasadena Kirovohrad Heath Winona Plast Aizawl Bonao Zvezdnyy Carnikava Agago Campana Lodja Barabinsk Siquijor Sari Burylbaytal Chicago Multan Dalby Pakalongan Socorro Sofia Zicheng Elburn Totness Zumpango Toktogul Tallaght Hayden Clawson Piran Jambi Jizan Skiatook Boosaaso Nusaybin Quime Cairo Mauldin Keene Rumuruti Shamva Berkley Pleasantville Wallington Cochrane San Nguigmi Ipatinga Devine Littlestown Yevlax Tabriz Ashtabula Trang Jerusalem Kasaali Luga Tunapuna Martin Chancay Cooma Managua Dunhuang Crawfordsville Moorhead Esik Joliet Shu Kimba Ihosy Milton
100
Milton Milton
Kiruna Kiruna
Madrid Madrid
Helotes Helotes
Zadar Zadar
Hengshui Hengshui
Barddhaman Barddhaman
Samux Samux
Jeonju Jeonju
Koboko Koboko
Salsk Salsk
Plainfield Plainfield
Moanda Moanda
Kerma Kerma
Esmeraldas Esmeraldas
Eydhafushi Eydhafushi
Marsaskala Marsaskala
Kelang Kelang
Kanoya Kanoya
Harahan Harahan
Chicopee Chicopee
Scottsdale Scottsdale
Bam Bam
Arras Arras
Kitamilo Kitamilo
Karur Karur
Makinsk Makinsk
Morondava Morondava
Tabuk Tabuk
Pasadena Pasadena
Kirovohrad Kirovohrad
Heath Heath
Winona Winona
Plast Plast
Aizawl Aizawl
Bonao Bonao
Zvezdnyy Zvezdnyy
Carnikava Carnikava
Agago Agago
Campana Campana
Lodja Lodja
Barabinsk Barabinsk
Siquijor Siquijor
Sari Sari
Burylbaytal Burylbaytal
Chicago Chicago
Multan Multan
Dalby Dalby
Pakalongan Pakalongan
Socorro Socorro
Sofia Sofia
Zicheng Zicheng
Elburn Elburn
Totness Totness
Zumpango Zumpango
Toktogul Toktogul
Tallaght Tallaght
Hayden Hayden
Clawson Clawson
Piran Piran
Jambi Jambi
Jizan Jizan
Skiatook Skiatook
Boosaaso Boosaaso
Nusaybin Nusaybin
Quime Quime
Cairo Cairo
Mauldin Mauldin
Keene Keene
Rumuruti Rumuruti
Shamva Shamva
Berkley Berkley
Pleasantville Pleasantville
Wallington Wallington
Cochrane Cochrane
San San
Nguigmi Nguigmi
Ipatinga Ipatinga
Devine Devine
Littlestown Littlestown
Yevlax Yevlax
Tabriz Tabriz
Ashtabula Ashtabula
Trang Trang
Jerusalem Jerusalem
Kasaali Kasaali
Luga Luga
Tunapuna Tunapuna
Martin Martin
Chancay Chancay
Cooma Cooma
Managua Managua
Dunhuang Dunhuang
Crawfordsville Crawfordsville
Moorhead Moorhead
Esik Esik
Joliet Joliet
Shu Shu
Kimba Kimba
Ihosy Ihosy
