mqncr qxsoe jkkgv jemlu anscp sbnmi mwoev dsfpg jvfig qpjoh kwvgs diapc qcfox cakfa bymoa peobk hribg ygust iggzg cegzm wwphq rnrth lhsag irkbu jxcvu fnipk mbqyg mqreu dkdci xftof yuvek ilbfw fjrpj btqda derxh mnymy tcxbn ypkmm lfdet zcixl fblut qwmew aoxfw ayayj gztsf ssyjd ylsow mpjyf mlqbj tctxs dsbhm gkosc vnnvv mrnva awsuk eludu mxihv pnmkd axdtz ibnyw cfspg iigud macxu edxoe qotnp eakkr vzoqh pvzeb jjlwh qfcxo innfa dxllq qrmyp kdtrw nppux hrhzb tyjab mzwec rtshe piswp xphcw drlqp sfgmu ywyyb sxqhs eustb tcqqe qkftw gsdqj gpwkr mjgiw lukkm igpmu kqysx jwmjp byjai uooez yuuqu eqddq bwinl drrap mqncr
100
qxsoe qxsoe
jkkgv jkkgv
jemlu jemlu
anscp anscp
sbnmi sbnmi
mwoev mwoev
dsfpg dsfpg
jvfig jvfig
qpjoh qpjoh
kwvgs kwvgs
diapc diapc
qcfox qcfox
cakfa cakfa
bymoa bymoa
peobk peobk
hribg hribg
ygust ygust
iggzg iggzg
cegzm cegzm
wwphq wwphq
rnrth rnrth
lhsag lhsag
irkbu irkbu
jxcvu jxcvu
fnipk fnipk
mbqyg mbqyg
mqreu mqreu
dkdci dkdci
xftof xftof
yuvek yuvek
ilbfw ilbfw
fjrpj fjrpj
btqda btqda
derxh derxh
mnymy mnymy
tcxbn tcxbn
ypkmm ypkmm
lfdet lfdet
zcixl zcixl
fblut fblut
qwmew qwmew
aoxfw aoxfw
ayayj ayayj
gztsf gztsf
ssyjd ssyjd
ylsow ylsow
mpjyf mpjyf
mlqbj mlqbj
tctxs tctxs
dsbhm dsbhm
gkosc gkosc
vnnvv vnnvv
mrnva mrnva
awsuk awsuk
eludu eludu
mxihv mxihv
pnmkd pnmkd
axdtz axdtz
ibnyw ibnyw
cfspg cfspg
iigud iigud
macxu macxu
edxoe edxoe
qotnp qotnp
eakkr eakkr
vzoqh vzoqh
pvzeb pvzeb
jjlwh jjlwh
qfcxo qfcxo
innfa innfa
dxllq dxllq
qrmyp qrmyp
kdtrw kdtrw
nppux nppux
hrhzb hrhzb
tyjab tyjab
mzwec mzwec
rtshe rtshe
piswp piswp
xphcw xphcw
drlqp drlqp
sfgmu sfgmu
ywyyb ywyyb
sxqhs sxqhs
eustb eustb
tcqqe tcqqe
qkftw qkftw
gsdqj gsdqj
gpwkr gpwkr
mjgiw mjgiw
lukkm lukkm
igpmu igpmu
kqysx kqysx
jwmjp jwmjp
byjai byjai
uooez uooez
yuuqu yuuqu
eqddq eqddq
bwinl bwinl
drrap drrap
