0 26 73 22 42 39 61 24 21 9 10 75 68 78 64 76 63 53 14 7 5 4 54 17 66 47 70 44 62 51 58 18 46 37 36 57 60 28 56 55 12 31 11 25 23 27 69 19 6 71 67 59 2 15 8 16 20 74 33 77 72 41 43 65 50 38 48 35 30 3 32 34 45 1 29 13 49 52 0
78
0 0
26 26
73 73
22 22
42 42
39 39
61 61
24 24
21 21
9 9
10 10
75 75
68 68
78 78
64 64
76 76
63 63
53 53
14 14
7 7
5 5
4 4
54 54
17 17
66 66
47 47
70 70
44 44
62 62
51 51
58 58
18 18
46 46
37 37
36 36
57 57
60 60
28 28
56 56
55 55
12 12
31 31
11 11
25 25
23 23
27 27
69 69
19 19
6 6
71 71
67 67
59 59
2 2
15 15
8 8
16 16
20 20
74 74
33 33
77 77
72 72
41 41
43 43
65 65
50 50
38 38
48 48
35 35
30 30
3 3
32 32
34 34
45 45
1 1
29 29
13 13
49 49
52 52
