USG TWC NRV IUT STN HOD BYF ZBM DZG ZLI KJA QUA CMD GIG DZD TFP VFE UWO VKQ XIG RAI BJT MBE DPP LYL PST OEK KND GJX NMY OJJ KHL AKT UQJ IUL POT BFD IRG EMI WSF SCZ QFZ WIF FPK STT KXU SJL TIB OKD WRP EMJ USG
50
TWC TWC
NRV NRV
IUT IUT
STN STN
HOD HOD
BYF BYF
ZBM ZBM
DZG DZG
ZLI ZLI
KJA KJA
QUA QUA
CMD CMD
GIG GIG
DZD DZD
TFP TFP
VFE VFE
UWO UWO
VKQ VKQ
XIG XIG
RAI RAI
BJT BJT
MBE MBE
DPP DPP
LYL LYL
PST PST
OEK OEK
KND KND
GJX GJX
NMY NMY
OJJ OJJ
KHL KHL
AKT AKT
UQJ UQJ
IUL IUL
POT POT
BFD BFD
IRG IRG
EMI EMI
WSF WSF
SCZ SCZ
QFZ QFZ
WIF WIF
FPK FPK
STT STT
KXU KXU
SJL SJL
TIB TIB
OKD OKD
WRP WRP
EMJ EMJ
