129 99 145 172 89 68 95 11 96 70 96 118 13 118 166 118 45 22 10 100 10 28 5 148 101 97 101 52 101 170 58 170 73 136 73 163 119 64 71 90 152 91 152 90 3 40 165 27 94 139 19 7 167 130 167 69 122 142 8 181 169 181 32 187 32 181 106 178 106 133 85 184 109 34 51 197 115 197 107 82 180 145 171 49 76 179 92 124 92 121 192 175 192 103 123 65 185 150 190 182 21 67 21 151 21 72 43 72 79 112 61 31 88 1 88 146 113 127 74 160 37 196 154 193 154 110 157 4 2 55 2 46 25 16 137 129
66
145 145
172 172
70 70
13 13
166 166
118 118
22 22
10 10
100 100
28 28
148 148
97 97
52 52
58 58
136 136
73 73
163 163
64 64
91 91
40 40
94 94
139 139
19 19
7 7
130 130
142 142
169 169
187 187
181 181
178 178
106 106
133 133
85 85
184 184
109 109
34 34
115 115
82 82
49 49
76 76
124 124
121 121
175 175
103 103
190 190
67 67
151 151
43 43
79 79
112 112
61 61
31 31
1 1
88 88
127 127
160 160
37 37
196 196
193 193
154 154
157 157
4 4
55 55
46 46
25 25
16 16
