1 65 75 130 26 48 89 14 22 63 90 66 43 66 70 80 20 45 187 47 187 198 139 77 49 77 25 4 81 5 96 176 18 100 18 114 37 24 97 92 62 172 84 28 83 167 67 167 101 179 39 71 9 93 61 38 161 19 161 17 50 74 99 8 10 157 111 91 111 157 60 85 33 29 33 59 44 40 44 88 34 88 11 82 52 94 164 86 164 2 15 131 56 72 41 16 12 51 54 6 53 95 42 64 42 95 53 55 53 21 16 166 98 166 46 13 69 30 69 68 76 79 58 35 57 78 3 78 165 104 73 104 23 107 87 32 87 27 36 150 31 7 1
101
1 1
65 65
75 75
26 26
48 48
89 89
14 14
22 22
63 63
90 90
66 66
43 43
70 70
80 80
20 20
45 45
47 47
49 49
77 77
25 25
4 4
81 81
5 5
96 96
100 100
18 18
37 37
24 24
97 97
92 92
62 62
84 84
28 28
83 83
67 67
101 101
39 39
71 71
9 9
93 93
61 61
38 38
19 19
17 17
50 50
74 74
99 99
8 8
10 10
91 91
60 60
85 85
33 33
29 29
59 59
44 44
40 40
88 88
34 34
11 11
82 82
52 52
94 94
86 86
2 2
15 15
56 56
72 72
41 41
16 16
12 12
51 51
54 54
6 6
53 53
95 95
42 42
64 64
55 55
21 21
98 98
46 46
13 13
30 30
69 69
68 68
76 76
79 79
58 58
35 35
57 57
78 78
3 3
73 73
23 23
32 32
87 87
27 27
36 36
31 31
7 7
