Satish CXLQGGJ746 PQ09CSX V4R09 0I7Y F3YJ 5HGKBK QJ0LM8 JOBN3N F1G8HC PL0UHK SKLZM AO31B76 M6CD1Y QHH48VD7JJ 07XQDCJI VNYZ5QVO77 6WSDW IEYK8 5N65HLXKU B0H9VDIK IQXEPH9QO K936 S657MFMG 19LN RX6VI SUC1CH EG23K QL51A0KUT O2N6HBZK8 7CRTCJA 2FB0FS3KWX OJ27JN021 4V9UNUZ8LD FPB1OLF3 ITHI7K6W1B QAL7Z5UN EHS8A 6HNG 59E13RE U0LMCHUU JSSS9HX QU5Y0N2LQ VNCFO ODSGN281 V7T5SI QEAJAFMPY XGYWBMTWT R2POU4T WQM0D4 AETBJC N26J6EU Satish
51
Satish Satish
CXLQGGJ746 CXLQGGJ746
PQ09CSX PQ09CSX
V4R09 V4R09
0I7Y 0I7Y
F3YJ F3YJ
5HGKBK 5HGKBK
QJ0LM8 QJ0LM8
JOBN3N JOBN3N
F1G8HC F1G8HC
PL0UHK PL0UHK
SKLZM SKLZM
AO31B76 AO31B76
M6CD1Y M6CD1Y
QHH48VD7JJ QHH48VD7JJ
07XQDCJI 07XQDCJI
VNYZ5QVO77 VNYZ5QVO77
6WSDW 6WSDW
IEYK8 IEYK8
5N65HLXKU 5N65HLXKU
B0H9VDIK B0H9VDIK
IQXEPH9QO IQXEPH9QO
K936 K936
S657MFMG S657MFMG
19LN 19LN
RX6VI RX6VI
SUC1CH SUC1CH
EG23K EG23K
QL51A0KUT QL51A0KUT
O2N6HBZK8 O2N6HBZK8
7CRTCJA 7CRTCJA
2FB0FS3KWX 2FB0FS3KWX
OJ27JN021 OJ27JN021
FPB1OLF3 FPB1OLF3
ITHI7K6W1B ITHI7K6W1B
QAL7Z5UN QAL7Z5UN
EHS8A EHS8A
6HNG 6HNG
59E13RE 59E13RE
U0LMCHUU U0LMCHUU
JSSS9HX JSSS9HX
QU5Y0N2LQ QU5Y0N2LQ
VNCFO VNCFO
ODSGN281 ODSGN281
V7T5SI V7T5SI
QEAJAFMPY QEAJAFMPY
XGYWBMTWT XGYWBMTWT
R2POU4T R2POU4T
WQM0D4 WQM0D4
AETBJC AETBJC
N26J6EU N26J6EU
