129 83 36 130 83 92 197 137 89 12 103 9 161 80 84 101 4 11 4 81 158 66 122 30 184 30 111 142 111 50 13 180 25 196 25 59 95 156 99 56 51 6 85 195 157 29 194 23 192 105 98 109 107 100 151 7 175 7 114 108 125 78 60 163 26 178 39 73 21 61 188 16 54 152 128 64 190 177 65 68 126 68 110 10 31 55 14 160 0 82 0 15 145 189 48 8 17 57 123 49 155 49 150 171 121 53 191 63 96 76 97 91 2 33 87 149 88 40 5 174 86 58 47 62 47 183 168 44 129
100
36 36
130 130
92 92
197 197
137 137
89 89
103 103
9 9
161 161
84 84
101 101
4 4
11 11
81 81
158 158
66 66
122 122
184 184
142 142
50 50
13 13
180 180
196 196
25 25
59 59
95 95
156 156
99 99
56 56
51 51
6 6
85 85
195 195
157 157
29 29
194 194
23 23
192 192
105 105
98 98
109 109
107 107
100 100
151 151
175 175
114 114
108 108
125 125
163 163
26 26
178 178
39 39
21 21
61 61
188 188
16 16
152 152
128 128
64 64
190 190
177 177
65 65
126 126
110 110
55 55
14 14
160 160
82 82
0 0
15 15
145 145
189 189
48 48
8 8
17 17
57 57
123 123
49 49
155 155
150 150
171 171
121 121
53 53
191 191
63 63
96 96
76 76
97 97
91 91
2 2
33 33
87 87
88 88
40 40
5 5
174 174
58 58
62 62
183 183
44 44
