69 115 101 131 56 25 128 158 1 59 46 87 1 118 64 1 113 162 0 188 0 193 51 195 12 197 163 100 27 117 26 119 24 150 83 160 2 77 194 53 31 149 30 52 90 16 148 14 99 110 185 198 81 106 63 166 74 80 72 71 6 165 146 11 104 11 97 147 112 171 133 3 58 3 50 190 37 134 4 44 186 4 82 191 33 5 132 5 121 192 127 135 36 7 69
81
69 69
115 115
101 101
131 131
56 56
25 25
128 128
158 158
1 1
59 59
46 46
87 87
118 118
64 64
113 113
162 162
188 188
193 193
51 51
195 195
197 197
163 163
100 100
27 27
117 117
26 26
119 119
24 24
150 150
83 83
160 160
2 2
77 77
194 194
53 53
31 31
149 149
30 30
52 52
90 90
16 16
148 148
14 14
99 99
110 110
185 185
198 198
81 81
106 106
63 63
166 166
74 74
80 80
72 72
71 71
165 165
146 146
104 104
11 11
97 97
147 147
112 112
171 171
133 133
58 58
50 50
190 190
37 37
134 134
44 44
186 186
82 82
191 191
33 33
132 132
5 5
121 121
192 192
127 127
135 135
36 36
