73 96 15 79 15 48 13 40 16 85 16 40 28 91 81 84 29 83 29 22 88 100 88 27 2 94 53 50 78 34 12 62 65 62 99 46 75 49 44 57 9 71 9 98 21 98 45 10 45 77 14 17 93 64 11 33 82 33 92 68 90 25 74 66 31 86 37 76 18 19 1 5 38 8 38 96 73
50
79 79
15 15
48 48
13 13
85 85
91 91
81 81
84 84
83 83
29 29
22 22
100 100
27 27
94 94
53 53
50 50
78 78
34 34
12 12
65 65
99 99
46 46
75 75
49 49
44 44
57 57
9 9
71 71
21 21
98 98
10 10
77 77
14 14
93 93
11 11
82 82
33 33
68 68
90 90
25 25
74 74
66 66
86 86
76 76
18 18
19 19
1 1
5 5
8 8
96 96
