0 2 28 20 133 4 74 48 49 46 36 58 103 100 61 100 73 112 81 192 69 157 16 38 8 98 9 30 176 42 78 35 173 80 31 14 121 91 67 91 24 94 130 52 82 22 62 12 10 12 125 17 110 26 110 96 97 34 117 23 117 116 90 3 90 88 57 88 63 93 21 6 25 1 113 15 113 99 56 45 148 85 148 45 123 65 5 66 169 84 40 64 11 70 111 75 111 155 196 18 32 77 55 151 60 92 177 33 177 72 123 109 80 71 83 68 54 53 132 43 132 76 47 37 139 86 39 29 39 86 106 50 106 13 106 146 192 95 192 7 59 51 89 167 188 87 79 41 19 41 44 27 144 0
100
2 2
28 28
20 20
4 4
74 74
48 48
49 49
46 46
36 36
58 58
61 61
100 100
73 73
81 81
69 69
16 16
38 38
8 8
98 98
9 9
30 30
42 42
78 78
35 35
80 80
31 31
14 14
91 91
67 67
24 24
94 94
52 52
82 82
22 22
62 62
12 12
10 10
17 17
26 26
96 96
97 97
34 34
23 23
3 3
90 90
57 57
88 88
63 63
93 93
21 21
6 6
25 25
1 1
15 15
99 99
56 56
45 45
85 85
65 65
5 5
66 66
84 84
40 40
64 64
11 11
70 70
75 75
18 18
32 32
77 77
55 55
60 60
92 92
33 33
72 72
71 71
83 83
68 68
54 54
53 53
43 43
76 76
47 47
37 37
86 86
39 39
29 29
50 50
13 13
95 95
7 7
59 59
51 51
89 89
87 87
79 79
41 41
19 19
44 44
27 27
