0 84 6 7 1 10 1 32 2 26 2 20 97 37 3 11 18 12 18 22 29 21 77 36 77 38 69 15 5 89 9 95 8 16 51 24 51 34 44 34 42 48 40 49 83 41 83 65 46 65 25 14 13 30 28 35 70 17 70 35 28 33 23 76 27 50 19 39 45 39 19 4 47 4 31 43 31 0
50
6 6
7 7
1 1
10 10
32 32
26 26
2 2
20 20
37 37
3 3
11 11
18 18
12 12
22 22
29 29
21 21
36 36
38 38
15 15
5 5
9 9
8 8
16 16
24 24
34 34
44 44
42 42
48 48
40 40
49 49
41 41
46 46
25 25
14 14
13 13
30 30
17 17
35 35
28 28
33 33
23 23
27 27
50 50
19 19
39 39
45 45
4 4
47 47
31 31
43 43
