85 24 81 24 0 24 43 72 77 72 5 1 5 94 36 28 36 11 89 79 89 52 34 13 35 6 8 61 57 18 93 10 87 82 51 82 74 50 74 15 21 76 21 7 21 37 49 46 49 80 48 14 17 14 55 14 38 14 45 53 42 92 42 69 4 44 91 60 96 60 99 56 33 71 70 68 70 22 41 47 66 16 29 98 25 23 25 27 88 64 32 86 31 32 54 85
51
85 85
81 81
0 0
43 43
77 77
1 1
94 94
28 28
11 11
79 79
52 52
34 34
13 13
35 35
8 8
57 57
93 93
87 87
51 51
50 50
15 15
76 76
7 7
37 37
46 46
80 80
48 48
17 17
55 55
38 38
45 45
53 53
92 92
69 69
44 44
91 91
96 96
99 99
56 56
71 71
68 68
22 22
47 47
16 16
98 98
23 23
27 27
64 64
86 86
31 31
54 54
