woebegone trill administer stanza numerology viscous numerology diligent oriole bunch midstream noon inform secondary inform millennium funky icon update bifurcate Durango Hewlett hamper sphalerite Curtis deduce trimester illusion griddle illusion transfuse trimester yogurt tate felony equipping felony thoroughfare Isfahan felony casserole renaissance casserole MN exothermic MN monotonous dreadnought monotonous sinh Durango Reilly Durango directory bat Winchester connubial limitate PDP Sunday silage Sunday whatsoever balustrade babysat balustrade imperishable switchmen Gilmore simulate Stephen cowhand explosion cowhand Andersen extrovert Tucson taft creekside Wheller creekside broil barnacle yearn slowdown involuntary backplate involuntary mitre spill involuntary thirteen catenate Darwin Elizabethan Goodrich Simon transonic atom coarse fatten decor anvil softball car December Zorn mack Irvin relaxation postscript archive papal archive dull swingy Fisk mediate Auberge Rodney swordfish Modesto lexicon Vega lexicon choice shovel wingspread funny McCall septillion embroil fulsome trill woebegone
100
administer administer
stanza stanza
numerology numerology
viscous viscous
diligent diligent
oriole oriole
bunch bunch
midstream midstream
noon noon
inform inform
secondary secondary
millennium millennium
funky funky
icon icon
update update
bifurcate bifurcate
Hewlett Hewlett
sphalerite sphalerite
Curtis Curtis
deduce deduce
trimester trimester
illusion illusion
griddle griddle
transfuse transfuse
yogurt yogurt
tate tate
felony felony
equipping equipping
thoroughfare thoroughfare
Isfahan Isfahan
casserole casserole
renaissance renaissance
exothermic exothermic
monotonous monotonous
dreadnought dreadnought
sinh sinh
Reilly Reilly
Durango Durango
directory directory
bat bat
Winchester Winchester
connubial connubial
limitate limitate
PDP PDP
Sunday Sunday
silage silage
whatsoever whatsoever
babysat babysat
imperishable imperishable
Gilmore Gilmore
simulate simulate
Stephen Stephen
explosion explosion
Andersen Andersen
extrovert extrovert
Tucson Tucson
Wheller Wheller
broil broil
barnacle barnacle
yearn yearn
slowdown slowdown
backplate backplate
mitre mitre
spill spill
involuntary involuntary
thirteen thirteen
catenate catenate
Darwin Darwin
Goodrich Goodrich
Simon Simon
transonic transonic
coarse coarse
anvil anvil
softball softball
car car
December December
Zorn Zorn
mack mack
Irvin Irvin
relaxation relaxation
postscript postscript
archive archive
papal papal
dull dull
swingy swingy
Fisk Fisk
mediate mediate
Auberge Auberge
Rodney Rodney
swordfish swordfish
Modesto Modesto
Vega Vega
choice choice
shovel shovel
wingspread wingspread
funny funny
McCall McCall
septillion septillion
embroil embroil
fulsome fulsome
