fmdhlepsteinstdnkill nhmkilllsftepsteindd fmdhlepsteinstdnkill epsteindlsfdntmkillh dnkillepsteinlshdtfm lmhdtfdepsteinnkills killepsteinlhtfdsmdn dhkilllsepsteinmntdf killepsteinlhtfdsmdn epsteinlshkilldnfdmt flepsteindndhmtkills killdmnsfhldepsteint epsteintdkilllnfdhms killdmnsfhldepsteint ndkillftdsmepsteinlh hsdlepsteinmnkilldft hsndepsteindlmtkillf lndsdkilltmepsteinhf fshtdepsteinmldnkill dmdepsteinnhkilllsft hnsdkilllftdmepstein epsteinfsddmthkillnl dhepsteindsnlkillfmt epsteinfsddmthkillnl tlsfdmdepsteinnhkill fhndskillepsteintldm ddlmnftepsteinhskill fepsteinhsntddkilllm killmlepsteindthnfsd ntlepsteindmfdshkill nepsteinlmdkilldhfts epsteinkillnmsdhtdlf fkillepsteinmldnhstd depsteinnlsfmhtkilld dmepsteinfnhltkillsd epsteinkillmsftnddlh fkillepsteindlhdnsmt nltdmsfepsteinkilldh fkillepsteindlhdnsmt stepsteinhkillfmnldd lnsmkilltfdepsteindh dfdkillepsteinslmhnt dlnsthfmepsteinkilld epsteindfhlmdnskillt fmsepsteindntldhkill tlmsdhdnkillfepstein lsdepsteinfmkillndth tlmsdhdnkillfepstein tmlepsteinsdnfkillhd tlmsdhdnkillfepstein epsteinmhndfkilltdls tdfepsteinnlhdkillsm dfkilllmtepsteinhdsn nfdhkilllsmtepsteind killnsfmhdepsteindtl fdshnmkillepsteinltd epsteinskilldlndhmtf lthfkilldnsmepsteind hepsteinsddnfkillmlt nkilltdhlmdepsteinsf hepsteinsddnfkillmlt ddtmkillepsteinflsnh fddsepsteinhnlkilltm msfltdkillnepsteinhd hnfdtmlepsteinkillds hdepsteinskillldtnfm hnfdtmlepsteinkillds nhslfmepsteindtkilld hsdfepsteintlnkilldm lhepsteinkilldtnmfsd tmsdnfdlkillhepstein mftkillepsteinndlhsd dnkillepsteinlshdtfm epsteindlsfdntmkillh fmdhlepsteinstdnkill
51
fmdhlepsteinstdnkill fmdhlepsteinstdnkill
nhmkilllsftepsteindd nhmkilllsftepsteindd
dnkillepsteinlshdtfm dnkillepsteinlshdtfm
lmhdtfdepsteinnkills lmhdtfdepsteinnkills
killepsteinlhtfdsmdn killepsteinlhtfdsmdn
dhkilllsepsteinmntdf dhkilllsepsteinmntdf
epsteinlshkilldnfdmt epsteinlshkilldnfdmt
flepsteindndhmtkills flepsteindndhmtkills
epsteintdkilllnfdhms epsteintdkilllnfdhms
killdmnsfhldepsteint killdmnsfhldepsteint
ndkillftdsmepsteinlh ndkillftdsmepsteinlh
hsndepsteindlmtkillf hsndepsteindlmtkillf
lndsdkilltmepsteinhf lndsdkilltmepsteinhf
fshtdepsteinmldnkill fshtdepsteinmldnkill
hnsdkilllftdmepstein hnsdkilllftdmepstein
dhepsteindsnlkillfmt dhepsteindsnlkillfmt
tlsfdmdepsteinnhkill tlsfdmdepsteinnhkill
fhndskillepsteintldm fhndskillepsteintldm
ddlmnftepsteinhskill ddlmnftepsteinhskill
fepsteinhsntddkilllm fepsteinhsntddkilllm
killmlepsteindthnfsd killmlepsteindthnfsd
ntlepsteindmfdshkill ntlepsteindmfdshkill
nepsteinlmdkilldhfts nepsteinlmdkilldhfts
depsteinnlsfmhtkilld depsteinnlsfmhtkilld
dmepsteinfnhltkillsd dmepsteinfnhltkillsd
epsteinkillmsftnddlh epsteinkillmsftnddlh
nltdmsfepsteinkilldh nltdmsfepsteinkilldh
stepsteinhkillfmnldd stepsteinhkillfmnldd
lnsmkilltfdepsteindh lnsmkilltfdepsteindh
dlnsthfmepsteinkilld dlnsthfmepsteinkilld
epsteindfhlmdnskillt epsteindfhlmdnskillt
fmsepsteindntldhkill fmsepsteindntldhkill
lsdepsteinfmkillndth lsdepsteinfmkillndth
tmlepsteinsdnfkillhd tmlepsteinsdnfkillhd
tlmsdhdnkillfepstein tlmsdhdnkillfepstein
epsteinmhndfkilltdls epsteinmhndfkilltdls
dfkilllmtepsteinhdsn dfkilllmtepsteinhdsn
nfdhkilllsmtepsteind nfdhkilllsmtepsteind
killnsfmhdepsteindtl killnsfmhdepsteindtl
fdshnmkillepsteinltd fdshnmkillepsteinltd
epsteinskilldlndhmtf epsteinskilldlndhmtf
hepsteinsddnfkillmlt hepsteinsddnfkillmlt
nkilltdhlmdepsteinsf nkilltdhlmdepsteinsf
ddtmkillepsteinflsnh ddtmkillepsteinflsnh
msfltdkillnepsteinhd msfltdkillnepsteinhd
hdepsteinskillldtnfm hdepsteinskillldtnfm
hnfdtmlepsteinkillds hnfdtmlepsteinkillds
hsdfepsteintlnkilldm hsdfepsteintlnkilldm
lhepsteinkilldtnmfsd lhepsteinkilldtnmfsd
mftkillepsteinndlhsd mftkillepsteinndlhsd
epsteindlsfdntmkillh epsteindlsfdntmkillh
