dldkilltnmhfepsteins msddkilllthepsteinfn dlfdkilltepsteinhnms fhnmkillepsteinsdltd lepsteindnhstfdmkill tdkillepsteinsmhdfnl dtnkillsepsteinmdfhl lkillfthdsepsteindnm nsepsteinfmdkillhldt hnskillepsteintfdmld nsepsteinfmdkillhldt lkillfthdsepsteindnm hmdkilllnepsteinfsdt msepsteintlhnfkilldd shepsteinnkillftlddm tepsteinhsdkillmldfn sldhnfmtdkillepstein tdfkillslepsteinhdmn tsdnhkilllmepsteindf killdepsteinmfltdshn dflstmkillepsteindhn lsmftnepsteinkillhdd hkilllepsteinnstfddm epsteindkilltlmnhsfd depsteinftndhmkillsl hepsteinnfdmlsdtkill depsteinftndhmkillsl tldkillhsfnmepsteind fhdmnepsteindkillslt fmtnkilldepsteindhsl mkillldnhepsteinstfd lkilldtnmsepsteindfh dhmkillfdltnsepstein mhdskillldftnepstein killtdslhfdepsteinnm shfnmltepsteindkilld killtdslhfdepsteinnm dtsmdnlhfepsteinkill epsteinsnmflhtdkilld mhkillepsteinddlfsnt hdntepsteinkilllsdfm dkillnmhldstfepstein fsepsteindkillhmtdln epsteinlmkillfshnddt fsepsteindkillhmtdln skillthlfndepsteindm mkillthfdlnepsteinds fkillepsteinndmdlhts ndshkilldmlepsteinft lmkillepsteintsndfhd hepsteinntdkillsdmfl depsteintkilllnmsfdh hepsteinntdkillsdmfl lmkillepsteintsndfhd lhsntdepsteindkillmf mdkillnlsdtepsteinhf nftmskilldldepsteinh hnddkilltslmfepstein thdlskillnfdmepstein lepsteinkilldhfmstnd thdlskillnfdmepstein dmtlsfhnkilldepstein dnldkillhmfstepstein killdldepsteinmfsthn epsteinfthkilldnslmd ntmdhepsteinsdkillfl fddsmepsteintnkillhl dhsepsteintlkillmfnd hnsepsteinmkillfddtl dhtepsteinkillsdflmn killepsteinfdlhdtnms skillmfepsteinthddnl dkillnmhldstfepstein epsteinshlkilldmnfdt dfdepsteintlnskillhm ldepsteindhkilltsmfn mfndlsdepsteinhkillt dsftepsteindhkillmnl sdlhfnmdepsteintkill dsftepsteindhkillmnl mfndlsdepsteinhkillt nfltdmkillsdepsteinh killhtdmdlnsfepstein sndldftmkillepsteinh nepsteindhkillltmsfd killthsepsteindmlfdn depsteinslkillhdftmn killmfndshdtepsteinl mfndlsdepsteinhkillt dmldfhskillntepstein mdkillntepsteindfhsl tndskilldfepsteinmhl dkillnmsfhtlepsteind ndkillthdepsteinlsmf dftkillhmldnepsteins mndtkillepsteindlfhs dftkillhmldnepsteins hmndfkillslepsteintd epsteindmshtfldnkill hsepsteinfkillnmddtl nmdhepsteinkilltfsld epsteinhnkillsldfdmt mkilldlshdtfepsteinn epsteinhdkillltsmfdn dfkilllepsteinsnmhtd sdndhepsteinltkillfm killmdshdtnflepstein fdskillndtmepsteinlh killmdshdtnflepstein fthlkillnepsteindsdm thnkillmddsepsteinfl epsteinldtnfmshdkill fdmtdepsteinkilllsnh mdkilllfdnstepsteinh lkillepsteintdshmfnd mdkilllfdnstepsteinh killhdfnsepsteinmltd epsteinfsltkillnhddm fmltddhnepsteinskill epsteinfsltkillnhddm dhkillldsepsteintnmf killtdmsdfhnepsteinl ltfnsdhepsteinkilldm tepsteinmdfldhnskill ltfnsdhepsteinkilldm killtepsteinddhlmnsf hepsteinnfmtlkilldds ldfsmnepsteinkilltdh dkillldfepsteintsmnh dlshdtepsteinnkillfm tdnfmdhepsteinslkill epsteintfhndkilllmsd slepsteinkillfmddhtn depsteinlfnmkilldsht lhepsteintndkilldsmf depsteinlfnmkilldsht tsmdepsteinkillhfdln killfthnmsdlepsteind killsepsteindmtflhnd msddkilllthepsteinfn dldkilltnmhfepsteins
101
dldkilltnmhfepsteins dldkilltnmhfepsteins
msddkilllthepsteinfn msddkilllthepsteinfn
dlfdkilltepsteinhnms dlfdkilltepsteinhnms
fhnmkillepsteinsdltd fhnmkillepsteinsdltd
lepsteindnhstfdmkill lepsteindnhstfdmkill
tdkillepsteinsmhdfnl tdkillepsteinsmhdfnl
dtnkillsepsteinmdfhl dtnkillsepsteinmdfhl
hnskillepsteintfdmld hnskillepsteintfdmld
hmdkilllnepsteinfsdt hmdkilllnepsteinfsdt
msepsteintlhnfkilldd msepsteintlhnfkilldd
tepsteinhsdkillmldfn tepsteinhsdkillmldfn
sldhnfmtdkillepstein sldhnfmtdkillepstein
tdfkillslepsteinhdmn tdfkillslepsteinhdmn
tsdnhkilllmepsteindf tsdnhkilllmepsteindf
killdepsteinmfltdshn killdepsteinmfltdshn
dflstmkillepsteindhn dflstmkillepsteindhn
lsmftnepsteinkillhdd lsmftnepsteinkillhdd
epsteindkilltlmnhsfd epsteindkilltlmnhsfd
depsteinftndhmkillsl depsteinftndhmkillsl
hepsteinnfdmlsdtkill hepsteinnfdmlsdtkill
tldkillhsfnmepsteind tldkillhsfnmepsteind
fhdmnepsteindkillslt fhdmnepsteindkillslt
fmtnkilldepsteindhsl fmtnkilldepsteindhsl
mkillldnhepsteinstfd mkillldnhepsteinstfd
lkilldtnmsepsteindfh lkilldtnmsepsteindfh
dhmkillfdltnsepstein dhmkillfdltnsepstein
mhdskillldftnepstein mhdskillldftnepstein
killtdslhfdepsteinnm killtdslhfdepsteinnm
shfnmltepsteindkilld shfnmltepsteindkilld
dtsmdnlhfepsteinkill dtsmdnlhfepsteinkill
epsteinsnmflhtdkilld epsteinsnmflhtdkilld
mhkillepsteinddlfsnt mhkillepsteinddlfsnt
dkillnmhldstfepstein dkillnmhldstfepstein
fsepsteindkillhmtdln fsepsteindkillhmtdln
epsteinlmkillfshnddt epsteinlmkillfshnddt
skillthlfndepsteindm skillthlfndepsteindm
mkillthfdlnepsteinds mkillthfdlnepsteinds
ndshkilldmlepsteinft ndshkilldmlepsteinft
depsteintkilllnmsfdh depsteintkilllnmsfdh
hepsteinntdkillsdmfl hepsteinntdkillsdmfl
lmkillepsteintsndfhd lmkillepsteintsndfhd
lhsntdepsteindkillmf lhsntdepsteindkillmf
mdkillnlsdtepsteinhf mdkillnlsdtepsteinhf
nftmskilldldepsteinh nftmskilldldepsteinh
thdlskillnfdmepstein thdlskillnfdmepstein
lepsteinkilldhfmstnd lepsteinkilldhfmstnd
dmtlsfhnkilldepstein dmtlsfhnkilldepstein
dnldkillhmfstepstein dnldkillhmfstepstein
killdldepsteinmfsthn killdldepsteinmfsthn
epsteinfthkilldnslmd epsteinfthkilldnslmd
ntmdhepsteinsdkillfl ntmdhepsteinsdkillfl
fddsmepsteintnkillhl fddsmepsteintnkillhl
dhsepsteintlkillmfnd dhsepsteintlkillmfnd
hnsepsteinmkillfddtl hnsepsteinmkillfddtl
dhtepsteinkillsdflmn dhtepsteinkillsdflmn
skillmfepsteinthddnl skillmfepsteinthddnl
dfdepsteintlnskillhm dfdepsteintlnskillhm
ldepsteindhkilltsmfn ldepsteindhkilltsmfn
sdlhfnmdepsteintkill sdlhfnmdepsteintkill
nfltdmkillsdepsteinh nfltdmkillsdepsteinh
killhtdmdlnsfepstein killhtdmdlnsfepstein
sndldftmkillepsteinh sndldftmkillepsteinh
nepsteindhkillltmsfd nepsteindhkillltmsfd
killthsepsteindmlfdn killthsepsteindmlfdn
depsteinslkillhdftmn depsteinslkillhdftmn
killmfndshdtepsteinl killmfndshdtepsteinl
dmldfhskillntepstein dmldfhskillntepstein
mdkillntepsteindfhsl mdkillntepsteindfhsl
tndskilldfepsteinmhl tndskilldfepsteinmhl
dkillnmsfhtlepsteind dkillnmsfhtlepsteind
ndkillthdepsteinlsmf ndkillthdepsteinlsmf
mndtkillepsteindlfhs mndtkillepsteindlfhs
hmndfkillslepsteintd hmndfkillslepsteintd
epsteindmshtfldnkill epsteindmshtfldnkill
hsepsteinfkillnmddtl hsepsteinfkillnmddtl
nmdhepsteinkilltfsld nmdhepsteinkilltfsld
epsteinhnkillsldfdmt epsteinhnkillsldfdmt
mkilldlshdtfepsteinn mkilldlshdtfepsteinn
epsteinhdkillltsmfdn epsteinhdkillltsmfdn
dfkilllepsteinsnmhtd dfkilllepsteinsnmhtd
sdndhepsteinltkillfm sdndhepsteinltkillfm
fdskillndtmepsteinlh fdskillndtmepsteinlh
thnkillmddsepsteinfl thnkillmddsepsteinfl
epsteinldtnfmshdkill epsteinldtnfmshdkill
fdmtdepsteinkilllsnh fdmtdepsteinkilllsnh
mdkilllfdnstepsteinh mdkilllfdnstepsteinh
lkillepsteintdshmfnd lkillepsteintdshmfnd
killhdfnsepsteinmltd killhdfnsepsteinmltd
fmltddhnepsteinskill fmltddhnepsteinskill
killtdmsdfhnepsteinl killtdmsdfhnepsteinl
ltfnsdhepsteinkilldm ltfnsdhepsteinkilldm
tepsteinmdfldhnskill tepsteinmdfldhnskill
killtepsteinddhlmnsf killtepsteinddhlmnsf
ldfsmnepsteinkilltdh ldfsmnepsteinkilltdh
dlshdtepsteinnkillfm dlshdtepsteinnkillfm
epsteintfhndkilllmsd epsteintfhndkilllmsd
slepsteinkillfmddhtn slepsteinkillfmddhtn
lhepsteintndkilldsmf lhepsteintndkilldsmf
depsteinlfnmkilldsht depsteinlfnmkilldsht
tsmdepsteinkillhfdln tsmdepsteinkillhfdln
killfthnmsdlepsteind killfthnmsdlepsteind
