tepsteinfdkilldlmhns hdepsteinsmdtnflkill fnlskillhtepsteindmd ftdmlhkilldepsteinsn hldmepsteindsnkilltf nmhdkilltslepsteinfd ldnmepsteinhfstdkill hfskillnepsteinldtdm killnfhdsdltepsteinm hfskillnepsteinldtdm hepsteinnfstkilllmdd ldnmepsteinhfstdkill skilldnmlhdftepstein ldnmepsteinhfstdkill ndlepsteinhdtskillfm fnmhskilldepsteinltd msnepsteinfkillhtdld hkillmepsteinstdfdnl msnepsteinfkillhtdld snldmtkillfepsteindh epsteinthsdmndkillfl nkillsdtdhfmlepstein nfdhepsteinltsdmkill lepsteinfdkillsdnmht dhlepsteindkillsmtnf mfskillnhlddtepstein epsteindsmnlfdtkillh mfskillnhlddtepstein thmepsteinlkillfsndd slepsteinftndkillmdh epsteinsdfmhltkillnd slepsteinftndkillmdh htskillepsteindnlfdm ndlmhepsteintdskillf tmhsnfepsteinldkilld ndlmhepsteintdskillf dnhdskillepsteinmltf tskillepsteinhfmddnl thsfnmkilldlepsteind killepsteintdldshfnm nlhtdsdepsteinfmkill tepsteinfdkilldlmhns
26
tepsteinfdkilldlmhns tepsteinfdkilldlmhns
hdepsteinsmdtnflkill hdepsteinsmdtnflkill
fnlskillhtepsteindmd fnlskillhtepsteindmd
hldmepsteindsnkilltf hldmepsteindsnkilltf
killnfhdsdltepsteinm killnfhdsdltepsteinm
hepsteinnfstkilllmdd hepsteinnfstkilllmdd
skilldnmlhdftepstein skilldnmlhdftepstein
ndlepsteinhdtskillfm ndlepsteinhdtskillfm
fnmhskilldepsteinltd fnmhskilldepsteinltd
hkillmepsteinstdfdnl hkillmepsteinstdfdnl
msnepsteinfkillhtdld msnepsteinfkillhtdld
snldmtkillfepsteindh snldmtkillfepsteindh
epsteinthsdmndkillfl epsteinthsdmndkillfl
nkillsdtdhfmlepstein nkillsdtdhfmlepstein
nfdhepsteinltsdmkill nfdhepsteinltsdmkill
lepsteinfdkillsdnmht lepsteinfdkillsdnmht
dhlepsteindkillsmtnf dhlepsteindkillsmtnf
epsteindsmnlfdtkillh epsteindsmnlfdtkillh
thmepsteinlkillfsndd thmepsteinlkillfsndd
epsteinsdfmhltkillnd epsteinsdfmhltkillnd
htskillepsteindnlfdm htskillepsteindnlfdm
tmhsnfepsteinldkilld tmhsnfepsteinldkilld
ndlmhepsteintdskillf ndlmhepsteintdskillf
tskillepsteinhfmddnl tskillepsteinhfmddnl
killepsteintdldshfnm killepsteintdldshfnm
nlhtdsdepsteinfmkill nlhtdsdepsteinfmkill
