Soda MartinezCommons Saratoga Hayward HertzHall Unit1 BancroftLibrary EastGate ChouHall Belmont BlumHall Cory WestCircle KroeberHall WheelerHall GoldmanField GilmanHall HearstGreekTheatre CalvinLaboratory PimentelHall BarkerHall WomenFacultyClub SternHall WellmanHall ZellerbachHall MulfordHall ZellerbachPlayhouse Benicia SanPablo ClarkKerrCampus IshiCourt SanRafael Albany Unit3 HearstMiningCircle StadiumRimWay GiauqueHall Orinda LowerSproulPlaza Pacifica Hillsborough SanRamon EvansHall FoundersRock MinorHallAddition StHelena KleebergerFieldHouse SatherTower Pittsburg Insectary ClearyHall Pinole Alameda HargroveMusicLibrary NorthGateHall Piedmont DonnerLab LewisHall WestGate Oakley Brisbane Healdsburg Campanile WursterHall Fairfield FrankSchlessingerWay AnthonyHall SproulPlaza Emeryville WicksonNaturalArea EtcheverryHall Soda
71
Soda Soda
MartinezCommons MartinezCommons
Saratoga Saratoga
Hayward Hayward
HertzHall HertzHall
Unit1 Unit1
BancroftLibrary BancroftLibrary
EastGate EastGate
ChouHall ChouHall
Belmont Belmont
BlumHall BlumHall
Cory Cory
WestCircle WestCircle
KroeberHall KroeberHall
WheelerHall WheelerHall
GoldmanField GoldmanField
GilmanHall GilmanHall
HearstGreekTheatre HearstGreekTheatre
CalvinLaboratory CalvinLaboratory
PimentelHall PimentelHall
BarkerHall BarkerHall
WomenFacultyClub WomenFacultyClub
SternHall SternHall
WellmanHall WellmanHall
ZellerbachHall ZellerbachHall
MulfordHall MulfordHall
ZellerbachPlayhouse ZellerbachPlayhouse
Benicia Benicia
SanPablo SanPablo
ClarkKerrCampus ClarkKerrCampus
IshiCourt IshiCourt
SanRafael SanRafael
Albany Albany
Unit3 Unit3
HearstMiningCircle HearstMiningCircle
StadiumRimWay StadiumRimWay
GiauqueHall GiauqueHall
Orinda Orinda
LowerSproulPlaza LowerSproulPlaza
Pacifica Pacifica
Hillsborough Hillsborough
SanRamon SanRamon
EvansHall EvansHall
FoundersRock FoundersRock
MinorHallAddition MinorHallAddition
StHelena StHelena
KleebergerFieldHouse KleebergerFieldHouse
SatherTower SatherTower
Pittsburg Pittsburg
Insectary Insectary
ClearyHall ClearyHall
Pinole Pinole
Alameda Alameda
HargroveMusicLibrary HargroveMusicLibrary
NorthGateHall NorthGateHall
Piedmont Piedmont
DonnerLab DonnerLab
LewisHall LewisHall
WestGate WestGate
Oakley Oakley
Brisbane Brisbane
Healdsburg Healdsburg
Campanile Campanile
WursterHall WursterHall
Fairfield Fairfield
FrankSchlessingerWay FrankSchlessingerWay
AnthonyHall AnthonyHall
SproulPlaza SproulPlaza
Emeryville Emeryville
WicksonNaturalArea WicksonNaturalArea
EtcheverryHall EtcheverryHall
