Soda LowerSproul MemorialGlade MLK Lawrence MLK LeConteHall EyeCenter EshlemanHall GreekTheatre HaasPavilion Jacobs Soda SeniorHall WursterHall TangCenter SutardjaDaiHall Unit1 SutardjaDaiHall SproulPlaza TangCenter SeniorHall Soda AlumniHouse BarrowsHall CampbellHall CareerCenter CampbellHall BarrowsHall AlumniHouse BarrowLane Dwinelle BarkerHall BarrowLane Campanile Soda SatherTower SatherRd RSF MorganHall MorrisonHall MosesHall MulfordHall NorthField SatherGate SatherTower Soda
19
Soda Soda
MemorialGlade MemorialGlade
MLK MLK
Lawrence Lawrence
LeConteHall LeConteHall
EyeCenter EyeCenter
Jacobs Jacobs
WursterHall WursterHall
Unit1 Unit1
SutardjaDaiHall SutardjaDaiHall
SproulPlaza SproulPlaza
CareerCenter CareerCenter
Dwinelle Dwinelle
BarkerHall BarkerHall
Campanile Campanile
SatherRd SatherRd
MorganHall MorganHall
MorrisonHall MorrisonHall
MulfordHall MulfordHall
