1 170 190 140 11 3 60 180 161 182 45 14 183 148 137 178 52 122 32 77 165 34 159 6 29 155 27 160 95 99 40 81 153 117 149 121 108 192 25 12 142 123 2 74 186 79 143 53 35 164 100 65 176 116 64 191 181 68 94 114 118 76 132 42 78 36 67 188 9 89 197 119 20 17 126 172 163 92 151 120 57 147 44 167 91 139 21 112 97 87 127 70 7 129 131 16 184 59 28 13 93 1
100
170 170
190 190
140 140
11 11
3 3
60 60
180 180
161 161
182 182
45 45
14 14
183 183
148 148
137 137
178 178
52 52
122 122
32 32
77 77
165 165
34 34
159 159
6 6
29 29
155 155
27 27
160 160
95 95
99 99
40 40
81 81
153 153
117 117
149 149
121 121
108 108
192 192
25 25
12 12
142 142
123 123
2 2
74 74
186 186
79 79
143 143
53 53
35 35
164 164
100 100
65 65
176 176
116 116
64 64
191 191
181 181
68 68
94 94
114 114
118 118
76 76
132 132
42 42
78 78
36 36
67 67
188 188
9 9
89 89
197 197
119 119
20 20
17 17
126 126
172 172
163 163
92 92
151 151
120 120
57 57
147 147
44 44
167 167
91 91
139 139
21 21
112 112
97 97
87 87
127 127
70 70
7 7
129 129
131 131
16 16
184 184
59 59
28 28
13 13
93 93
