pump appearance lot gloom innovation line consideration performance polish hallway linger impound privilege depressed range pedestrian nominate affect hierarchy preoccupation leadership rock valley prospect forest diagram wage physical feign sit pursuit anger pipe descent guideline button unanimous plug mouse reflection separate sticky ensure lemon row aspect tip title admiration attractive brain judicial reject survival overlook freedom minor fairy pray sweet formulate sacrifice wear literature exercise mud category engineer distributor park ghost parallel genetic float sentiment packet ground need pump
78
pump pump
appearance appearance
lot lot
gloom gloom
innovation innovation
line line
consideration consideration
performance performance
polish polish
hallway hallway
linger linger
impound impound
privilege privilege
depressed depressed
range range
pedestrian pedestrian
nominate nominate
affect affect
hierarchy hierarchy
preoccupation preoccupation
leadership leadership
rock rock
valley valley
prospect prospect
forest forest
diagram diagram
wage wage
physical physical
feign feign
sit sit
pursuit pursuit
anger anger
pipe pipe
descent descent
guideline guideline
button button
unanimous unanimous
plug plug
mouse mouse
reflection reflection
separate separate
sticky sticky
ensure ensure
lemon lemon
row row
aspect aspect
tip tip
title title
admiration admiration
attractive attractive
brain brain
judicial judicial
reject reject
survival survival
overlook overlook
freedom freedom
minor minor
fairy fairy
pray pray
sweet sweet
formulate formulate
sacrifice sacrifice
wear wear
literature literature
exercise exercise
mud mud
category category
engineer engineer
distributor distributor
park park
ghost ghost
parallel parallel
genetic genetic
float float
sentiment sentiment
packet packet
ground ground
need need
