0 66 70 30 13 87 6 89 18 63 26 74 15 33 68 46 73 23 47 53 28 42 49 64 14 67 22 80 88 71 91 85 75 2 20 16 9 31 41 69 35 82 98 7 79 95 76 29 52 97 77 84 83 5 36 90 24 86 99 51 11 55 27 1 78 81 17 25 37 34 94 62 60 56 59 100 39 4 32 54 50 38 96 72 58 43 45 40 57 92 65 12 44 48 3 8 21 61 93 10 19 0
101
0 0
66 66
70 70
30 30
13 13
87 87
6 6
89 89
18 18
63 63
26 26
74 74
15 15
33 33
68 68
46 46
73 73
23 23
47 47
53 53
28 28
42 42
49 49
64 64
14 14
67 67
22 22
80 80
88 88
71 71
91 91
85 85
75 75
2 2
20 20
16 16
9 9
31 31
41 41
69 69
35 35
82 82
98 98
7 7
79 79
95 95
76 76
29 29
52 52
97 97
77 77
84 84
83 83
5 5
36 36
90 90
24 24
86 86
99 99
51 51
11 11
55 55
27 27
1 1
78 78
81 81
17 17
25 25
37 37
34 34
94 94
62 62
60 60
56 56
59 59
100 100
39 39
4 4
32 32
54 54
50 50
38 38
96 96
72 72
58 58
43 43
45 45
40 40
57 57
92 92
65 65
12 12
44 44
48 48
3 3
8 8
21 21
61 61
93 93
10 10
19 19
