Plano Rockford Riverside Tallahassee Hampton Tallahassee Cincinnati Miami Olathe Irvine LittleRock Irvine SimiValley HuntingtonBeach AugustaRichmond NewOrleans Hartford Mobile StPetersburg Dallas Worcester Mesquite Joliet Thornton Anchorage Philadelphia GardenGrove Salinas Davidson Teemo Greensboro Surprise Corona Brownsville Knoxville SanBernardino Madison Fremont SantaClarita CorpusChristi Spokane Pomona Houston ChulaVista NewHaven SanAntonio Chicago Denton Raleigh Glendale Tampa ThousandOaks McAllen GrandPrairie Portland Tampa Laredo SantaRosa SiouxFalls FortCollins Killeen Allentown Stamford Glasses SanJose Fontana Hollywood Escondido Akron Torrance Lancaster Elizabeth Anaheim JerseyCity Pikachu Lafayette Wichita Waco Ontario Omaha Garland Atlanta Oxnard Atlanta Vancouver Beaumont Denver Hayward BatonRouge Montgomery Memphis Charleston Mesa OWO Chesapeake Huntsville Seattle Lincoln SantaAna Tulsa LouisvilleJefferson Reno Norfolk FortLauderdale AnnArbor StLouis WestValleyCity Vallejo LasVegas Cary OklahomaCity Rochester SanFrancisco Warren MorenoValley Norman Sunnyvale Pasadena Irving SantaClara Plano
101
Plano Plano
Rockford Rockford
Riverside Riverside
Hampton Hampton
Cincinnati Cincinnati
Miami Miami
Olathe Olathe
LittleRock LittleRock
Irvine Irvine
SimiValley SimiValley
HuntingtonBeach HuntingtonBeach
AugustaRichmond AugustaRichmond
NewOrleans NewOrleans
Hartford Hartford
Mobile Mobile
Dallas Dallas
Worcester Worcester
Mesquite Mesquite
Thornton Thornton
Anchorage Anchorage
GardenGrove GardenGrove
Salinas Salinas
Davidson Davidson
Greensboro Greensboro
Surprise Surprise
Corona Corona
Brownsville Brownsville
Knoxville Knoxville
SanBernardino SanBernardino
Madison Madison
Fremont Fremont
SantaClarita SantaClarita
CorpusChristi CorpusChristi
Pomona Pomona
Houston Houston
NewHaven NewHaven
SanAntonio SanAntonio
Chicago Chicago
Denton Denton
Raleigh Raleigh
Glendale Glendale
Tampa Tampa
ThousandOaks ThousandOaks
McAllen McAllen
GrandPrairie GrandPrairie
Portland Portland
Laredo Laredo
SantaRosa SantaRosa
SiouxFalls SiouxFalls
FortCollins FortCollins
Killeen Killeen
Allentown Allentown
Stamford Stamford
Glasses Glasses
SanJose SanJose
Hollywood Hollywood
Escondido Escondido
Akron Akron
Torrance Torrance
Lancaster Lancaster
Elizabeth Elizabeth
Anaheim Anaheim
JerseyCity JerseyCity
Pikachu Pikachu
Lafayette Lafayette
Wichita Wichita
Waco Waco
Ontario Ontario
Omaha Omaha
Garland Garland
Atlanta Atlanta
Oxnard Oxnard
Vancouver Vancouver
Beaumont Beaumont
Denver Denver
Hayward Hayward
Montgomery Montgomery
Memphis Memphis
Charleston Charleston
Mesa Mesa
OWO OWO
Huntsville Huntsville
Lincoln Lincoln
Tulsa Tulsa
LouisvilleJefferson LouisvilleJefferson
Norfolk Norfolk
FortLauderdale FortLauderdale
AnnArbor AnnArbor
StLouis StLouis
Vallejo Vallejo
LasVegas LasVegas
Cary Cary
OklahomaCity OklahomaCity
SanFrancisco SanFrancisco
Warren Warren
MorenoValley MorenoValley
Norman Norman
Sunnyvale Sunnyvale
Pasadena Pasadena
Irving Irving
SantaClara SantaClara
