vLeODpVlYSBeYNDYoXha uyPyJzKFqWxgSNmpkDrB zxeoSbTqbWPpSzalAtBI dyUDfEGgAoSshTRjMZZg pdXCnKagnvEntNTuPHdK CPszTohYUHARNedzFlDK OVoYVQPnlYoZBBKtyuLk TCAkluAESUWAMGFeNcGN FqdjKgdpEanmCnmxJMFA fPxvnMVMFwhJbNBURdgD VhDSPHxolLkNxxDnpUyx PLDOWRIeaCSVLMyDadzC VhDSPHxolLkNxxDnpUyx jwIBHKkXHTPVsOJwBOsr QQSjCkgLAWAPObYQvNsB qbmGewAditsWkTFHdxjP cvlwIwajcIlbhZbyFgmq qbmGewAditsWkTFHdxjP QQSjCkgLAWAPObYQvNsB RjKEHTlRvtaVBbyqZVAw ubTtmhAXQixwuFvQluYa LeLGVrNGvkwLbzIWTNFP ASXwCgVTXDdhSXJwFovC FEqXJcVrZfnSsHEUPhnl sdSgCnaZeeOuPKljZOSr sXfgLMwoysnMazVSWnhc fvEcAuRDdfuHEPLNpaTz fHcdXnOxSadpKeCUwNYm CmbFyJmcvVqyCmJgQxeI NciLXNPTvMoXdbTDZmlg gIttwvzcgONwFblnGIqq gzxzakmqbxbsOczuQVLG gEufXNuuWhnlbNYaoQFJ gzxzakmqbxbsOczuQVLG wRjMmrpRuknxqunJrMAE iBjjCWwkYToOKfrrLnny wRjMmrpRuknxqunJrMAE DqUxIMslnixWfmkjQTmS TqyFrXuGvuBuqnpYbjKc DqUxIMslnixWfmkjQTmS ajvbaFpYiEBJySPsSLaI fToHwimUqLsKcKLZHiUX ajvbaFpYiEBJySPsSLaI sBkAYRISjTYinLFSNcKW vGdJmIpYPUGRspXiVLdc UgFPXEAdAfcfHGIbNTsq gMqbbwopmbxmOomqZjfm NAHeKyyhAObyyUEUSkSU ybrQlUhznqOhsvndWAbl ruLqpYqEzGGiKysvsarb AdXveYSBaneNwCQzrdSw QkAjrUUuVdzSMnlfJLcO FEqXJcVrZfnSsHEUPhnl WCCOEUYmDvzZlrkDAqoi xQaDpDGAXhDYzSMnMWvb TwgqMzgExFHTIfcwfBnr cZgmtoPGHxdozTaDMiyf DWWCMAjZQQIEKOIiHFQN McOZQehrTygkGidmwyMe fvYrLpgzqLNOAQbahgax BXzACdzjLITNgbmDPlEu aCucdhmWbhlrgfstQigR ZbyHJLmoTqNpTnlUVJZC tVzUgXVoBYxBMnkkwFmk MlwlINEFqmyzZNPXRLJF TCAkluAESUWAMGFeNcGN FcEsyaTmqpoyvbDrHjlc mevvwcZLudaokctOWvKe iBYHAWUhqeQPjphQzpdN jzQJaGLLiuQLhhyqBagr iDucfyZGMCbCQbXjbQqM CfkBzkPETvagyIDCsLTD iDucfyZGMCbCQbXjbQqM mlipOrSnGcxXtoXBbRyl NVEtShKeuxpaFIOiyVqE mlipOrSnGcxXtoXBbRyl LOMgYipCQQXQnRqEqRwO vLeODpVlYSBeYNDYoXha
50
uyPyJzKFqWxgSNmpkDrB uyPyJzKFqWxgSNmpkDrB
zxeoSbTqbWPpSzalAtBI zxeoSbTqbWPpSzalAtBI
dyUDfEGgAoSshTRjMZZg dyUDfEGgAoSshTRjMZZg
pdXCnKagnvEntNTuPHdK pdXCnKagnvEntNTuPHdK
CPszTohYUHARNedzFlDK CPszTohYUHARNedzFlDK
OVoYVQPnlYoZBBKtyuLk OVoYVQPnlYoZBBKtyuLk
fPxvnMVMFwhJbNBURdgD fPxvnMVMFwhJbNBURdgD
VhDSPHxolLkNxxDnpUyx VhDSPHxolLkNxxDnpUyx
PLDOWRIeaCSVLMyDadzC PLDOWRIeaCSVLMyDadzC
jwIBHKkXHTPVsOJwBOsr jwIBHKkXHTPVsOJwBOsr
QQSjCkgLAWAPObYQvNsB QQSjCkgLAWAPObYQvNsB
cvlwIwajcIlbhZbyFgmq cvlwIwajcIlbhZbyFgmq
RjKEHTlRvtaVBbyqZVAw RjKEHTlRvtaVBbyqZVAw
ASXwCgVTXDdhSXJwFovC ASXwCgVTXDdhSXJwFovC
sXfgLMwoysnMazVSWnhc sXfgLMwoysnMazVSWnhc
fvEcAuRDdfuHEPLNpaTz fvEcAuRDdfuHEPLNpaTz
fHcdXnOxSadpKeCUwNYm fHcdXnOxSadpKeCUwNYm
CmbFyJmcvVqyCmJgQxeI CmbFyJmcvVqyCmJgQxeI
NciLXNPTvMoXdbTDZmlg NciLXNPTvMoXdbTDZmlg
gIttwvzcgONwFblnGIqq gIttwvzcgONwFblnGIqq
gzxzakmqbxbsOczuQVLG gzxzakmqbxbsOczuQVLG
gEufXNuuWhnlbNYaoQFJ gEufXNuuWhnlbNYaoQFJ
iBjjCWwkYToOKfrrLnny iBjjCWwkYToOKfrrLnny
TqyFrXuGvuBuqnpYbjKc TqyFrXuGvuBuqnpYbjKc
DqUxIMslnixWfmkjQTmS DqUxIMslnixWfmkjQTmS
fToHwimUqLsKcKLZHiUX fToHwimUqLsKcKLZHiUX
sBkAYRISjTYinLFSNcKW sBkAYRISjTYinLFSNcKW
UgFPXEAdAfcfHGIbNTsq UgFPXEAdAfcfHGIbNTsq
gMqbbwopmbxmOomqZjfm gMqbbwopmbxmOomqZjfm
NAHeKyyhAObyyUEUSkSU NAHeKyyhAObyyUEUSkSU
ybrQlUhznqOhsvndWAbl ybrQlUhznqOhsvndWAbl
ruLqpYqEzGGiKysvsarb ruLqpYqEzGGiKysvsarb
AdXveYSBaneNwCQzrdSw AdXveYSBaneNwCQzrdSw
QkAjrUUuVdzSMnlfJLcO QkAjrUUuVdzSMnlfJLcO
WCCOEUYmDvzZlrkDAqoi WCCOEUYmDvzZlrkDAqoi
xQaDpDGAXhDYzSMnMWvb xQaDpDGAXhDYzSMnMWvb
TwgqMzgExFHTIfcwfBnr TwgqMzgExFHTIfcwfBnr
cZgmtoPGHxdozTaDMiyf cZgmtoPGHxdozTaDMiyf
DWWCMAjZQQIEKOIiHFQN DWWCMAjZQQIEKOIiHFQN
BXzACdzjLITNgbmDPlEu BXzACdzjLITNgbmDPlEu
aCucdhmWbhlrgfstQigR aCucdhmWbhlrgfstQigR
tVzUgXVoBYxBMnkkwFmk tVzUgXVoBYxBMnkkwFmk
MlwlINEFqmyzZNPXRLJF MlwlINEFqmyzZNPXRLJF
FcEsyaTmqpoyvbDrHjlc FcEsyaTmqpoyvbDrHjlc
iBYHAWUhqeQPjphQzpdN iBYHAWUhqeQPjphQzpdN
jzQJaGLLiuQLhhyqBagr jzQJaGLLiuQLhhyqBagr
CfkBzkPETvagyIDCsLTD CfkBzkPETvagyIDCsLTD
iDucfyZGMCbCQbXjbQqM iDucfyZGMCbCQbXjbQqM
NVEtShKeuxpaFIOiyVqE NVEtShKeuxpaFIOiyVqE
mlipOrSnGcxXtoXBbRyl mlipOrSnGcxXtoXBbRyl
