wNqlpYNsRbJEgiGpKxrU lbWonvEbeplndKguSTkk lIpVoDPUIfHCPpjswogJ cwgJAHVpCCTmuckJkncL lIpVoDPUIfHCPpjswogJ QjbdwbUnopENkiNyqirZ nreoVgWrBhNXFZgTBlXO nCedHqGgdWAicwyuYWpg VRpSthoDcomqMDsGoVql yscsUFTNNyaVMKBztBdV EhDFVLWZueLOrdjEOzEQ aIuYyryCOUGVeCAqbqkg syonLisTOSczosCwoILE jznspKyqlmxZtgfQUJVB kqcEdfKLaRzxOhAIzchh GOKcLUIfVCLsdfLjyASo kwPuYZgJgVVJfdBGUtPw HeWrJOKsDjgdrcamgZLN aGPbLNWYAMujnfHCTCMo ihxEqMQIIvyQmtrtMjeO edlAtPQdNXJQPCIzpkyX wlySPverjehsBxldyigf SitzoubgYFeTjmkLjVPz eCBFrcppbiLzdGQubocl CbGuHgZfQMmSOfHDFJnK XtZHoAxqEyzvMChzPHpN WMWBpOSnHGywZjCgaYyY RlHeRhvUOhGhZVGGJuED SiOEBWtHUiopSvDVOkjb ZauPfhkpsGmhbvkhkltR PZwTcKCPsEmpxetNZvef MBJqOYmxhUYbldNVEdRy hLaNXBYgTzgUhvjmqUTu MBJqOYmxhUYbldNVEdRy EEeDJaHeajXXlwYcHTeJ juzxSpUVuccJUMBOcJjO gFUGYXSirCYiFTivWNah gcXUxTVUZWsOwtRNeDDa kyApsCeFkLoLFCdkazaE scpUkbcaYSAsHhSktebT EEeDJaHeajXXlwYcHTeJ efZntVbfQTvIUOiRNPSH shugRMnaHVqQSmKaNBgu NJZlnWyeJFrkOwoqHKtT yRQdlZBUBAPypebnrlAH DZEpVGVXkxHljziwItaS ADVVlRLpnspleRTgeTdu ndaHivGVVtIUvLiyUWcm zNRhhVdMWUgTnnqmAfeY QeYNNLpZMBxyiFbZMPFY wvSJDoqoPGAkYgSuPFPw XvUPApTFkqaSSizYsCIr UdSbtwxTqTJxOiUoxEqw eOfnBeTgmYCNEnRUhlEK xlbpuxAjoVPJWPCWBEkJ eCBFrcppbiLzdGQubocl ZwvojvRdUOYNJXIwAqgC uUKZHvHmBrpBHjYWNaUL wfEFdNDcColoskjTjcLm QePOUWiXcAUCoHETxuGS gDYKDrbERUXTnCayjBrC QePOUWiXcAUCoHETxuGS iVjkcMenotYGMFEBTvoa VIPPawblKbhOVWrmrWBx JVONrXhhmtFWhFfDiOXW scpUkbcaYSAsHhSktebT lSJjEsqamUCgRZdCmdyI DpztIuGTRpGuLsdlODJw QyXpliHSeQOPIsurIcpa ANDviqMIuFwdcboQDprt YTwycpmzEWCqqTELtzXc FWnudSYFvYQJHehOpEKf fpoTaBKmVdlDCxFwCFoz KcrnMnFDTrBKaUaGpdLY igyeOiSdezmmXGTwMzLw oKAKfpUUuLItChLyByFh IvXQutSorlqOgnSVAIUd jUSlIFtitQxyvVLJjiCc XPPBMlNyfVVeZGIzTCEW pMOSpTzPTPLXHLOQMjnt oLMkSrYLQRLHmPiuLCTC pMOSpTzPTPLXHLOQMjnt zHPSSEtFTQIbLYMdHqgP vTbNxpVTEoFlSjvvVvfG cMYyKTXGNKnFzrpwnXUl wuSVWJYvpiWaQAHXocSG JvFxbsySBAiFiOUrzrBi NIJaJxCurulNUdZZMxFk NYdfLxXxFVvLEbDKzXWn NtyLZDOaSczVvOGdocUp mgNeYYUOPKpLeiVEFIXd GMxGouyyndiUBMqMdOoc joWAhkfNqIEECnBeulGl oZXYedlbtBLmkfoVmgta svUOWvTJLneAqJGnExpc eiLPqIroFfCGzqSAlzAp ccdJRKiTXwIErdhSIxfh erZKLqpCZsYKDnOCaBGq gFUGYXSirCYiFTivWNah ayQgUwyRuQVKeyFLPNbQ ZXihCBEQBTdisqSlEMsj CvZkdIYtdeDHtwufupie UIlSMnVKIdNiXZNSiHsI fgzJCwocQniGlXAZHJId vIbIQYXZnmYrooTLYNtu bFmSeBrfNuxjYPUDCLYq szyiMlKhtyOynWjcoMsm pzrGQEObzJGPnfATEYDc xgBrJmdXVwtxgRuCBhMe EmbDgEECbkHbfAfHCgwB NzDQJknJPDEkcwCHzzbF NPSPGRTNRcKKVpsBRSwh CvZkdIYtdeDHtwufupie oHoxoLeyDYnKZDzgMtxI TEPaiCedHTXapLxoBXMp imEmCMbYEtZJJkwxkSDD bEfUXCTlwRBndElSbPGf UIlSMnVKIdNiXZNSiHsI eobSFtKBbBdcVrTOREdK qfRRtdRbhYJBARMfPlZM lbWonvEbeplndKguSTkk wNqlpYNsRbJEgiGpKxrU
101
wNqlpYNsRbJEgiGpKxrU wNqlpYNsRbJEgiGpKxrU
lbWonvEbeplndKguSTkk lbWonvEbeplndKguSTkk
cwgJAHVpCCTmuckJkncL cwgJAHVpCCTmuckJkncL
QjbdwbUnopENkiNyqirZ QjbdwbUnopENkiNyqirZ
nreoVgWrBhNXFZgTBlXO nreoVgWrBhNXFZgTBlXO
nCedHqGgdWAicwyuYWpg nCedHqGgdWAicwyuYWpg
VRpSthoDcomqMDsGoVql VRpSthoDcomqMDsGoVql
yscsUFTNNyaVMKBztBdV yscsUFTNNyaVMKBztBdV
EhDFVLWZueLOrdjEOzEQ EhDFVLWZueLOrdjEOzEQ
aIuYyryCOUGVeCAqbqkg aIuYyryCOUGVeCAqbqkg
syonLisTOSczosCwoILE syonLisTOSczosCwoILE
jznspKyqlmxZtgfQUJVB jznspKyqlmxZtgfQUJVB
kqcEdfKLaRzxOhAIzchh kqcEdfKLaRzxOhAIzchh
kwPuYZgJgVVJfdBGUtPw kwPuYZgJgVVJfdBGUtPw
HeWrJOKsDjgdrcamgZLN HeWrJOKsDjgdrcamgZLN
aGPbLNWYAMujnfHCTCMo aGPbLNWYAMujnfHCTCMo
ihxEqMQIIvyQmtrtMjeO ihxEqMQIIvyQmtrtMjeO
edlAtPQdNXJQPCIzpkyX edlAtPQdNXJQPCIzpkyX
wlySPverjehsBxldyigf wlySPverjehsBxldyigf
SitzoubgYFeTjmkLjVPz SitzoubgYFeTjmkLjVPz
CbGuHgZfQMmSOfHDFJnK CbGuHgZfQMmSOfHDFJnK
XtZHoAxqEyzvMChzPHpN XtZHoAxqEyzvMChzPHpN
WMWBpOSnHGywZjCgaYyY WMWBpOSnHGywZjCgaYyY
RlHeRhvUOhGhZVGGJuED RlHeRhvUOhGhZVGGJuED
ZauPfhkpsGmhbvkhkltR ZauPfhkpsGmhbvkhkltR
PZwTcKCPsEmpxetNZvef PZwTcKCPsEmpxetNZvef
hLaNXBYgTzgUhvjmqUTu hLaNXBYgTzgUhvjmqUTu
MBJqOYmxhUYbldNVEdRy MBJqOYmxhUYbldNVEdRy
juzxSpUVuccJUMBOcJjO juzxSpUVuccJUMBOcJjO
gcXUxTVUZWsOwtRNeDDa gcXUxTVUZWsOwtRNeDDa
kyApsCeFkLoLFCdkazaE kyApsCeFkLoLFCdkazaE
scpUkbcaYSAsHhSktebT scpUkbcaYSAsHhSktebT
EEeDJaHeajXXlwYcHTeJ EEeDJaHeajXXlwYcHTeJ
efZntVbfQTvIUOiRNPSH efZntVbfQTvIUOiRNPSH
shugRMnaHVqQSmKaNBgu shugRMnaHVqQSmKaNBgu
NJZlnWyeJFrkOwoqHKtT NJZlnWyeJFrkOwoqHKtT
DZEpVGVXkxHljziwItaS DZEpVGVXkxHljziwItaS
ADVVlRLpnspleRTgeTdu ADVVlRLpnspleRTgeTdu
zNRhhVdMWUgTnnqmAfeY zNRhhVdMWUgTnnqmAfeY
QeYNNLpZMBxyiFbZMPFY QeYNNLpZMBxyiFbZMPFY
wvSJDoqoPGAkYgSuPFPw wvSJDoqoPGAkYgSuPFPw
XvUPApTFkqaSSizYsCIr XvUPApTFkqaSSizYsCIr
UdSbtwxTqTJxOiUoxEqw UdSbtwxTqTJxOiUoxEqw
eOfnBeTgmYCNEnRUhlEK eOfnBeTgmYCNEnRUhlEK
xlbpuxAjoVPJWPCWBEkJ xlbpuxAjoVPJWPCWBEkJ
ZwvojvRdUOYNJXIwAqgC ZwvojvRdUOYNJXIwAqgC
wfEFdNDcColoskjTjcLm wfEFdNDcColoskjTjcLm
gDYKDrbERUXTnCayjBrC gDYKDrbERUXTnCayjBrC
QePOUWiXcAUCoHETxuGS QePOUWiXcAUCoHETxuGS
VIPPawblKbhOVWrmrWBx VIPPawblKbhOVWrmrWBx
JVONrXhhmtFWhFfDiOXW JVONrXhhmtFWhFfDiOXW
lSJjEsqamUCgRZdCmdyI lSJjEsqamUCgRZdCmdyI
DpztIuGTRpGuLsdlODJw DpztIuGTRpGuLsdlODJw
QyXpliHSeQOPIsurIcpa QyXpliHSeQOPIsurIcpa
ANDviqMIuFwdcboQDprt ANDviqMIuFwdcboQDprt
YTwycpmzEWCqqTELtzXc YTwycpmzEWCqqTELtzXc
FWnudSYFvYQJHehOpEKf FWnudSYFvYQJHehOpEKf
fpoTaBKmVdlDCxFwCFoz fpoTaBKmVdlDCxFwCFoz
KcrnMnFDTrBKaUaGpdLY KcrnMnFDTrBKaUaGpdLY
igyeOiSdezmmXGTwMzLw igyeOiSdezmmXGTwMzLw
oKAKfpUUuLItChLyByFh oKAKfpUUuLItChLyByFh
IvXQutSorlqOgnSVAIUd IvXQutSorlqOgnSVAIUd
jUSlIFtitQxyvVLJjiCc jUSlIFtitQxyvVLJjiCc
XPPBMlNyfVVeZGIzTCEW XPPBMlNyfVVeZGIzTCEW
oLMkSrYLQRLHmPiuLCTC oLMkSrYLQRLHmPiuLCTC
pMOSpTzPTPLXHLOQMjnt pMOSpTzPTPLXHLOQMjnt
zHPSSEtFTQIbLYMdHqgP zHPSSEtFTQIbLYMdHqgP
vTbNxpVTEoFlSjvvVvfG vTbNxpVTEoFlSjvvVvfG
cMYyKTXGNKnFzrpwnXUl cMYyKTXGNKnFzrpwnXUl
wuSVWJYvpiWaQAHXocSG wuSVWJYvpiWaQAHXocSG
JvFxbsySBAiFiOUrzrBi JvFxbsySBAiFiOUrzrBi
NIJaJxCurulNUdZZMxFk NIJaJxCurulNUdZZMxFk
NYdfLxXxFVvLEbDKzXWn NYdfLxXxFVvLEbDKzXWn
NtyLZDOaSczVvOGdocUp NtyLZDOaSczVvOGdocUp
mgNeYYUOPKpLeiVEFIXd mgNeYYUOPKpLeiVEFIXd
GMxGouyyndiUBMqMdOoc GMxGouyyndiUBMqMdOoc
joWAhkfNqIEECnBeulGl joWAhkfNqIEECnBeulGl
oZXYedlbtBLmkfoVmgta oZXYedlbtBLmkfoVmgta
svUOWvTJLneAqJGnExpc svUOWvTJLneAqJGnExpc
eiLPqIroFfCGzqSAlzAp eiLPqIroFfCGzqSAlzAp
ccdJRKiTXwIErdhSIxfh ccdJRKiTXwIErdhSIxfh
erZKLqpCZsYKDnOCaBGq erZKLqpCZsYKDnOCaBGq
ayQgUwyRuQVKeyFLPNbQ ayQgUwyRuQVKeyFLPNbQ
ZXihCBEQBTdisqSlEMsj ZXihCBEQBTdisqSlEMsj
CvZkdIYtdeDHtwufupie CvZkdIYtdeDHtwufupie
UIlSMnVKIdNiXZNSiHsI UIlSMnVKIdNiXZNSiHsI
fgzJCwocQniGlXAZHJId fgzJCwocQniGlXAZHJId
vIbIQYXZnmYrooTLYNtu vIbIQYXZnmYrooTLYNtu
bFmSeBrfNuxjYPUDCLYq bFmSeBrfNuxjYPUDCLYq
szyiMlKhtyOynWjcoMsm szyiMlKhtyOynWjcoMsm
pzrGQEObzJGPnfATEYDc pzrGQEObzJGPnfATEYDc
xgBrJmdXVwtxgRuCBhMe xgBrJmdXVwtxgRuCBhMe
EmbDgEECbkHbfAfHCgwB EmbDgEECbkHbfAfHCgwB
NzDQJknJPDEkcwCHzzbF NzDQJknJPDEkcwCHzzbF
NPSPGRTNRcKKVpsBRSwh NPSPGRTNRcKKVpsBRSwh
oHoxoLeyDYnKZDzgMtxI oHoxoLeyDYnKZDzgMtxI
TEPaiCedHTXapLxoBXMp TEPaiCedHTXapLxoBXMp
imEmCMbYEtZJJkwxkSDD imEmCMbYEtZJJkwxkSDD
bEfUXCTlwRBndElSbPGf bEfUXCTlwRBndElSbPGf
eobSFtKBbBdcVrTOREdK eobSFtKBbBdcVrTOREdK
qfRRtdRbhYJBARMfPlZM qfRRtdRbhYJBARMfPlZM
