A B hC B hJ hI hJ N hO hP hO N T hS hR hS T U hV hW hV U T AB hAA AB AK AJ AI hAH AI AJ AK hAL AM hAN AM hAL AK hAR BA hAZ BA BB hBC BD hBE BD hBC BB BA BL BU hBT hBS hBR hBS hBT BU CA CE hCG CE hCF CE hCD CE CA BU BV BW hBX BW BV BU BL BM BN BO BP hBQ BP BO BN BM BL BK BJ BI BH hBG BH BI BJ BK BL BA hAR AK AB T N hJ B A
26
hC hC
hJ hJ
hI hI
hO hO
hP hP
hS hS
hR hR
hW hW
hV hV
hAA hAA
hAH hAH
hAN hAN
hAL hAL
hAR hAR
hAZ hAZ
hBC hBC
hBE hBE
hBT hBT
hBS hBS
hBR hBR
hCG hCG
hCF hCF
hCD hCD
hBX hBX
hBQ hBQ
hBG hBG
