Jingzhou Ghugus Manduria Sanaa Sarzedo Sanaa JabalosSaraj Frosinone SaintMichael Rangae Shively Bejucal Ronse AzZuwaytinah RioFormoso Radnor LondonderryCountyBor Colachel Tabatinga Kabarnet CoonRapids Sagalo BurgbeiMagdeburg Chittaranjan Ibri BeneBeraq Gangtok TanahMerah FortLauderdale Depok Carouge Carmichael elCampello Shumen Ermelo Sapele Kirovsk Srinagar Kheri Malnate Jeypore Entroncamento Shizunaifurukawacho Veenendaal Ouarzazat Ketrzyn SanJosedeOcoa Tottori Thamaga Rembangan Crespo Khabarovsk Chegem Lysva Jingzhou
51
Jingzhou Jingzhou
Ghugus Ghugus
Manduria Manduria
Sarzedo Sarzedo
Sanaa Sanaa
JabalosSaraj JabalosSaraj
SaintMichael SaintMichael
Rangae Rangae
Shively Shively
Bejucal Bejucal
Ronse Ronse
AzZuwaytinah AzZuwaytinah
RioFormoso RioFormoso
Radnor Radnor
LondonderryCountyBor LondonderryCountyBor
Colachel Colachel
Tabatinga Tabatinga
Kabarnet Kabarnet
CoonRapids CoonRapids
Sagalo Sagalo
BurgbeiMagdeburg BurgbeiMagdeburg
Chittaranjan Chittaranjan
Ibri Ibri
BeneBeraq BeneBeraq
Gangtok Gangtok
TanahMerah TanahMerah
FortLauderdale FortLauderdale
Depok Depok
Carouge Carouge
Carmichael Carmichael
elCampello elCampello
Shumen Shumen
Ermelo Ermelo
Kirovsk Kirovsk
Srinagar Srinagar
Kheri Kheri
Malnate Malnate
Jeypore Jeypore
Entroncamento Entroncamento
Shizunaifurukawacho Shizunaifurukawacho
Veenendaal Veenendaal
Ouarzazat Ouarzazat
Ketrzyn Ketrzyn
SanJosedeOcoa SanJosedeOcoa
Tottori Tottori
Thamaga Thamaga
Rembangan Rembangan
Crespo Crespo
Khabarovsk Khabarovsk
Chegem Chegem
Lysva Lysva
