LesLilas AinBessem Aracuai Zhaodong Aracuai Kemise Shurugwi Manacapuru Gorgan AinArnat Battambang Haripur Langenhorn FortWorth Skelmersdale Vyazniki Ontinyent Acireale Baramula Sorada SouthSaintPaul Gunzenhausen SanJuandelaMaguana NoblePark Kotka PortoVelho FetestiGara Garbsen Ortaca Itororo MadinatHamad Turek PriegodeCordoba Bury Braila Morwa Oerlinghausen Belalcazar Kairouan Johnston Wenchi Andrychow GuaMusang Lloydminster SpanishTown Kineshma Haora SaintCyrlEcole SantanadoLivramento CapimGrosso MonteAlegre Kambove ChalcodeDiazCovarrub BlueIsland Skelmersdale Prostejov Mabopane Rhondda Anjarah Khulm Malpe Shieli Yafo Vaniyambadi NorthAurora VillaPauladeSarmient GongdanglegiKulon Sobue Arzamas Shimofurano Nagar Fuxin Mocoa EastLongmeadow Wangon Hangu Gowurdak Mandan Butuan Kaifeng Aringay AshtonunderLyne MineralnyeVody TagbilaranCity Hirosaki Ibirataia Izhevsk KotRadhaKishan HaciendaLaCalera Sosnovka Daokou Twante Rivas Espiye Shchekino Angleton SenadorPompeu Acarau Akcaabat Mauban WestIslip Embu Tabou Korsakov NahiyatashShinafiyah SenaMadureira Pezinok Escada Pozzuoli LesLilas
101
LesLilas LesLilas
AinBessem AinBessem
Zhaodong Zhaodong
Aracuai Aracuai
Kemise Kemise
Shurugwi Shurugwi
Manacapuru Manacapuru
Gorgan Gorgan
AinArnat AinArnat
Battambang Battambang
Haripur Haripur
Langenhorn Langenhorn
FortWorth FortWorth
Skelmersdale Skelmersdale
Vyazniki Vyazniki
Ontinyent Ontinyent
Acireale Acireale
Baramula Baramula
Sorada Sorada
SouthSaintPaul SouthSaintPaul
Gunzenhausen Gunzenhausen
SanJuandelaMaguana SanJuandelaMaguana
NoblePark NoblePark
Kotka Kotka
PortoVelho PortoVelho
FetestiGara FetestiGara
Garbsen Garbsen
Ortaca Ortaca
Itororo Itororo
MadinatHamad MadinatHamad
Turek Turek
PriegodeCordoba PriegodeCordoba
Bury Bury
Braila Braila
Morwa Morwa
Oerlinghausen Oerlinghausen
Belalcazar Belalcazar
Kairouan Kairouan
Johnston Johnston
Wenchi Wenchi
Andrychow Andrychow
GuaMusang GuaMusang
Lloydminster Lloydminster
SpanishTown SpanishTown
Kineshma Kineshma
Haora Haora
SaintCyrlEcole SaintCyrlEcole
SantanadoLivramento SantanadoLivramento
CapimGrosso CapimGrosso
MonteAlegre MonteAlegre
Kambove Kambove
ChalcodeDiazCovarrub ChalcodeDiazCovarrub
BlueIsland BlueIsland
Prostejov Prostejov
Mabopane Mabopane
Rhondda Rhondda
Anjarah Anjarah
Khulm Khulm
Shieli Shieli
Yafo Yafo
Vaniyambadi Vaniyambadi
VillaPauladeSarmient VillaPauladeSarmient
Sobue Sobue
Arzamas Arzamas
Shimofurano Shimofurano
Nagar Nagar
Fuxin Fuxin
Mocoa Mocoa
EastLongmeadow EastLongmeadow
Wangon Wangon
Hangu Hangu
Gowurdak Gowurdak
Butuan Butuan
Kaifeng Kaifeng
AshtonunderLyne AshtonunderLyne
MineralnyeVody MineralnyeVody
TagbilaranCity TagbilaranCity
Hirosaki Hirosaki
Ibirataia Ibirataia
Izhevsk Izhevsk
KotRadhaKishan KotRadhaKishan
HaciendaLaCalera HaciendaLaCalera
Sosnovka Sosnovka
Daokou Daokou
Twante Twante
Rivas Rivas
Espiye Espiye
Shchekino Shchekino
Angleton Angleton
SenadorPompeu SenadorPompeu
Acarau Acarau
Akcaabat Akcaabat
WestIslip WestIslip
Embu Embu
Tabou Tabou
Korsakov Korsakov
NahiyatashShinafiyah NahiyatashShinafiyah
SenaMadureira SenaMadureira
Pezinok Pezinok
Escada Escada
Pozzuoli Pozzuoli
