Kaimganj Fagaras Pilibhit Irvine Pilibhit Norristown Brecht Tsirang Korolev Fandriana Tocache GobernadorGalvez Narangba Dankov MontecatiniTerme Isakogorka Yucheng Tsukawaki Karasuyama Albi Gobo Racine PinhalNovo MilpaAlta Anahuac Novopokrovskaya Mesa EncarnaciondeDiaz Mesa Leixlip Kaimganj
26
Kaimganj Kaimganj
Fagaras Fagaras
Pilibhit Pilibhit
Irvine Irvine
Brecht Brecht
Tsirang Tsirang
Korolev Korolev
Fandriana Fandriana
Tocache Tocache
GobernadorGalvez GobernadorGalvez
Narangba Narangba
Dankov Dankov
MontecatiniTerme MontecatiniTerme
Isakogorka Isakogorka
Yucheng Yucheng
Tsukawaki Tsukawaki
Karasuyama Karasuyama
Albi Albi
Gobo Gobo
Racine Racine
PinhalNovo PinhalNovo
MilpaAlta MilpaAlta
Anahuac Anahuac
Novopokrovskaya Novopokrovskaya
EncarnaciondeDiaz EncarnaciondeDiaz
Leixlip Leixlip
