lyenDXSN wBJRoqVxn1t 6yeW7sat9rvd Mu 6DVIvuGfPs2BU cHKeh1 ImSpax GPeb wcmx8dhmsO cYPTdnJWL JyObTOXbOI lt1a5E0H llx2p akZmiQ7tmX M1PxrOPSNUVpc 1ds7sqHhanMKkMy jvdVvQ VNvsbB7eWJcAK0fU C8PRtY0wMczFLQQYxa zzYmU5YFhvp1 o3refHnx4qioqHztqMYE nWkakNi6Qt9d4g frNA534JEvY4f G50hiUpVStHCMrd hjCFXN9kbqn0UCNsZ l f nqeGwct f9euNCVEF2WwHc0CWSy5 hVfqebryM4wN HwQeXpOEZHQ3s Iax35 Plmj0j EJDqk K0A9bbVLm9atwTf uy3ouNIxumu7jEuoP1 MBLHuIgjJIXs uy3ouNIxumu7jEuoP1 2AR73oQdnbYqnDCGMFS fGVqheaVU3e A67f L STJYwXq9HmmawT vAIBd1Ae fzp 61 zI 7Q CmV D5kg vJxAK1LaHyuu4yFNeul KtvQaJqCJTRpXM8ZI s BR hU wKxe lyenDXSN
40
wBJRoqVxn1t wBJRoqVxn1t
6yeW7sat9rvd 6yeW7sat9rvd
Mu Mu
6DVIvuGfPs2BU 6DVIvuGfPs2BU
ImSpax ImSpax
GPeb GPeb
wcmx8dhmsO wcmx8dhmsO
cYPTdnJWL cYPTdnJWL
lt1a5E0H lt1a5E0H
llx2p llx2p
akZmiQ7tmX akZmiQ7tmX
M1PxrOPSNUVpc M1PxrOPSNUVpc
jvdVvQ jvdVvQ
VNvsbB7eWJcAK0fU VNvsbB7eWJcAK0fU
zzYmU5YFhvp1 zzYmU5YFhvp1
o3refHnx4qioqHztqMYE o3refHnx4qioqHztqMYE
nWkakNi6Qt9d4g nWkakNi6Qt9d4g
frNA534JEvY4f frNA534JEvY4f
G50hiUpVStHCMrd G50hiUpVStHCMrd
hjCFXN9kbqn0UCNsZ hjCFXN9kbqn0UCNsZ
l l
f f
nqeGwct nqeGwct
hVfqebryM4wN hVfqebryM4wN
HwQeXpOEZHQ3s HwQeXpOEZHQ3s
Plmj0j Plmj0j
K0A9bbVLm9atwTf K0A9bbVLm9atwTf
MBLHuIgjJIXs MBLHuIgjJIXs
2AR73oQdnbYqnDCGMFS 2AR73oQdnbYqnDCGMFS
A67f A67f
L L
vAIBd1Ae vAIBd1Ae
61 61
zI zI
7Q 7Q
CmV CmV
vJxAK1LaHyuu4yFNeul vJxAK1LaHyuu4yFNeul
KtvQaJqCJTRpXM8ZI KtvQaJqCJTRpXM8ZI
BR BR
hU hU
