0 68 18 163 18 148 137 133 185 196 20 182 20 169 20 192 20 172 20 188 20 181 20 167 20 180 20 170 20 189 20 190 20 195 20 198 20 184 20 187 20 178 20 166 143 175 145 191 183 150 154 159 186 176 199 158 194 130 156 135 162 131 193 173 153 144 134 138 177 171 174 149 165 197 146 151 142 168 179 132 18 152 18 141 18 136 18 160 18 147 18 161 18 164 18 157 18 139 18 155 18 140 18 68 0
70
163 163
148 148
137 137
133 133
185 185
196 196
182 182
169 169
192 192
172 172
188 188
181 181
167 167
180 180
170 170
189 189
190 190
195 195
198 198
184 184
187 187
178 178
166 166
143 143
175 175
145 145
191 191
183 183
150 150
154 154
159 159
186 186
176 176
199 199
158 158
194 194
130 130
156 156
135 135
162 162
131 131
193 193
173 173
153 153
144 144
134 134
138 138
177 177
171 171
174 174
149 149
165 165
197 197
146 146
151 151
142 142
168 168
179 179
132 132
152 152
141 141
136 136
160 160
147 147
161 161
164 164
157 157
139 139
155 155
140 140
