2 17 139 11 57 75 109 59 36 141 36 63 35 27 131 29 161 199 169 140 91 181 165 178 175 87 124 123 101 33 55 19 171 196 95 15 95 39 10 105 99 7 151 115 183 71 195 113 69 135 97 43 41 164 197 164 83 21 167 21 157 79 25 173 25 159 154 129 185 3 47 107 47 5 155 154 133 137 28 13 147 1 51 1 153 119 89 177 193 144 149 72 125 72 81 72 4 127 142 143 142 37 166 121 53 121 45 189 66 93 31 181 67 34 38 117 82 191 82 42 103 145 85 111 52 163 61 23 77 187 77 65 73 49 179 9 2
100
17 17
139 139
11 11
57 57
75 75
109 109
59 59
141 141
63 63
35 35
27 27
131 131
29 29
161 161
199 199
169 169
91 91
165 165
175 175
87 87
123 123
101 101
33 33
55 55
19 19
171 171
15 15
95 95
39 39
105 105
99 99
7 7
151 151
115 115
183 183
71 71
195 195
113 113
69 69
135 135
97 97
43 43
41 41
197 197
83 83
167 167
21 21
157 157
79 79
173 173
25 25
159 159
129 129
185 185
3 3
107 107
47 47
5 5
155 155
133 133
137 137
13 13
147 147
1 1
51 51
153 153
119 119
89 89
177 177
193 193
149 149
125 125
81 81
127 127
143 143
37 37
121 121
53 53
45 45
189 189
93 93
31 31
181 181
67 67
117 117
191 191
103 103
145 145
85 85
111 111
163 163
61 61
23 23
77 77
187 187
65 65
73 73
49 49
179 179
9 9
