0 1 3 1 6 7 6 11 12 13 11 14 11 16 17 16 19 16 21 25 24 21 22 21 26 29 30 26 27 26 32 33 31 35 34 31 37 38 36 39 36 42 41 44 41 46 47 48 46 51 52 53 51 57 58 56 60 59 56 61 63 62 61 64 65 61 66 70 66 68 66 71 73 72 71 74 75 71 76 80 79 76 78 76 81 84 81 83 82 81 87 86 90 86 92 93 91 94 95 91 96 97 98 96 99 100 96 101 105 104 101 103 102 101 106 107 108 106 109 106 112 113 111 114 111 116 118 116 121 122 121 127 128 126 129 130 126 131 135 131 136 138 137 136 139 140 136 141 142 143 141 145 144 141 146 149 146 151 155 151 152 153 151 156 159 156 162 163 161 164 165 161 167 166 169 170 166 171 173 171 176 180 179 176 181 184 185 181 183 181 186 189 186 187 186 192 193 191 195 191 196 197 198 0
101
0 0
3 3
7 7
12 12
13 13
14 14
17 17
19 19
25 25
24 24
22 22
29 29
30 30
27 27
32 32
33 33
35 35
34 34
38 38
39 39
42 42
44 44
47 47
48 48
52 52
53 53
58 58
60 60
59 59
63 63
62 62
64 64
65 65
70 70
68 68
73 73
72 72
74 74
75 75
80 80
79 79
78 78
84 84
83 83
82 82
87 87
90 90
93 93
94 94
95 95
97 97
98 98
99 99
100 100
105 105
104 104
103 103
102 102
107 107
108 108
109 109
112 112
113 113
114 114
118 118
122 122
127 127
128 128
129 129
130 130
135 135
138 138
137 137
139 139
140 140
142 142
143 143
145 145
144 144
149 149
155 155
152 152
153 153
159 159
162 162
163 163
164 164
165 165
169 169
170 170
173 173
180 180
179 179
184 184
185 185
183 183
189 189
187 187
192 192
193 193
195 195
