74 25 32 24 30 44 16 13 42 8 61 63 36 11 12 39 28 60 34 20 6 49 19 46 52 65 50 2 0 22 9 57 43 45 17 54 48 33 4 21 35 37 18 7 15 47 38 31 40 59 58 55 3 62 1 10 27 51 29 41 64 23 14 56 26 53 5 74
66
25 25
32 32
24 24
30 30
44 44
16 16
13 13
42 42
8 8
61 61
63 63
36 36
11 11
12 12
39 39
28 28
60 60
34 34
20 20
6 6
49 49
19 19
46 46
52 52
65 65
50 50
2 2
0 0
22 22
9 9
57 57
43 43
45 45
17 17
54 54
48 48
33 33
4 4
21 21
35 35
37 37
18 18
7 7
15 15
47 47
38 38
31 31
40 40
59 59
58 58
55 55
3 3
62 62
1 1
10 10
27 27
51 51
29 29
41 41
64 64
23 23
14 14
56 56
26 26
53 53
5 5
