Dannemora Fire Earlville Firthcliffe Earlville Deposit Herricks Delmar Germantown Dexter Fairmount DeRuyter Frankfort Flanders Goshen Franklin Delhi Freeville Farnham Florida Farmingville Frewsburg Dunkirk Delanson Deer Granville Forestville Davis Fishkill Mills Fairview Geneva Depew Geneva Fairport Fulton Gardiner Friendship Gardiner Falconer Gasport Oceanside Fair Oceanside Freeport Ghent Depauville Fredonia Harbor Fayetteville Harbor Fredonia Gowanda Franklinville Hermon Galeville Delevan Dansville Deferiet Fishers Forest Norwich Fabius Fonda Fleischmanns Hamburg Flower Hamburg Dannemora
51
Dannemora Dannemora
Fire Fire
Firthcliffe Firthcliffe
Earlville Earlville
Deposit Deposit
Delmar Delmar
Germantown Germantown
Dexter Dexter
Fairmount Fairmount
DeRuyter DeRuyter
Frankfort Frankfort
Flanders Flanders
Franklin Franklin
Delhi Delhi
Freeville Freeville
Farnham Farnham
Florida Florida
Farmingville Farmingville
Frewsburg Frewsburg
Dunkirk Dunkirk
Delanson Delanson
Deer Deer
Forestville Forestville
Davis Davis
Fishkill Fishkill
Fairview Fairview
Depew Depew
Geneva Geneva
Fairport Fairport
Fulton Fulton
Gardiner Gardiner
Friendship Friendship
Falconer Falconer
Gasport Gasport
Fair Fair
Freeport Freeport
Ghent Ghent
Depauville Depauville
Fredonia Fredonia
Fayetteville Fayetteville
Franklinville Franklinville
Galeville Galeville
Delevan Delevan
Dansville Dansville
Deferiet Deferiet
Fishers Fishers
Forest Forest
Fabius Fabius
Fonda Fonda
Fleischmanns Fleischmanns
Flower Flower
