Acton Carlsbad Bellflower Bolinas Angwin Atascadero Bonsall Fortuna Calwa Carson Bloomington Ducor Burlingame Ducor Bayview Albany Escondido Atwater Escondido Fruitdale Byron Fruitdale Avenal Chowchilla Avery Capitola Barstow Aromas Bootjack Cloverdale Altadena Foresthill Covelo Cartago Bodfish Cotati Boron Cotati August Castroville Fontana Alpine Columbia Carpinteria Farmersville Auburn Ceres Avalon Alamo Banning Antioch Bluewater Cerritos Broadmoor Amesti Cabazon Crockett Calipatria Crockett Campbell Arnold Bradley Caruthers Covelo Ashland Alhambra Belden Arcata Corning Brisbane Belmont Cambria Almanor Cambria Cayucos Arvin Bishop Brea Azusa Beckwourth Calistoga Anaheim Bystrom Buttonwillow Bowles Buttonwillow Boronda Davis Calimesa Burbank Camarillo Burbank Arcadia Belvedere Bonita Carrick Alameda Berkeley Armona Danville Blythe Arbuckle Biola Brentwood Calabasas Beaumont Benicia Alpaugh Bell Artesia Fallbrook Biggs Brawley Eureka Caribou Anderson Calexico Blairsden Atherton Blairsden Calexico Florin Alturas Fairfield Aptos Corona Auberry Cupertino Duarte Carmichael Duarte Burney Bakersfield Bradbury Adelanto Colusa Fontana Canyondam Encinitas Carlsbad Acton
100
Bellflower Bellflower
Bolinas Bolinas
Angwin Angwin
Atascadero Atascadero
Bonsall Bonsall
Calwa Calwa
Carson Carson
Bloomington Bloomington
Burlingame Burlingame
Bayview Bayview
Albany Albany
Atwater Atwater
Byron Byron
Avenal Avenal
Avery Avery
Capitola Capitola
Barstow Barstow
Aromas Aromas
Bootjack Bootjack
Altadena Altadena
Cartago Cartago
Bodfish Bodfish
Boron Boron
August August
Castroville Castroville
Alpine Alpine
Carpinteria Carpinteria
Auburn Auburn
Ceres Ceres
Avalon Avalon
Alamo Alamo
Banning Banning
Antioch Antioch
Bluewater Bluewater
Cerritos Cerritos
Broadmoor Broadmoor
Amesti Amesti
Cabazon Cabazon
Calipatria Calipatria
Campbell Campbell
Arnold Arnold
Bradley Bradley
Caruthers Caruthers
Ashland Ashland
Alhambra Alhambra
Belden Belden
Arcata Arcata
Brisbane Brisbane
Belmont Belmont
Cambria Cambria
Almanor Almanor
Cayucos Cayucos
Arvin Arvin
Bishop Bishop
Brea Brea
Azusa Azusa
Beckwourth Beckwourth
Calistoga Calistoga
Anaheim Anaheim
Bystrom Bystrom
Bowles Bowles
Buttonwillow Buttonwillow
Boronda Boronda
Calimesa Calimesa
Burbank Burbank
Camarillo Camarillo
Arcadia Arcadia
Belvedere Belvedere
Bonita Bonita
Carrick Carrick
Alameda Alameda
Berkeley Berkeley
Armona Armona
Blythe Blythe
Arbuckle Arbuckle
Biola Biola
Brentwood Brentwood
Calabasas Calabasas
Beaumont Beaumont
Benicia Benicia
Alpaugh Alpaugh
Bell Bell
Artesia Artesia
Biggs Biggs
Brawley Brawley
Caribou Caribou
Anderson Anderson
Atherton Atherton
Blairsden Blairsden
Calexico Calexico
Alturas Alturas
Aptos Aptos
Auberry Auberry
Carmichael Carmichael
Burney Burney
Bakersfield Bakersfield
Bradbury Bradbury
Adelanto Adelanto
Canyondam Canyondam
Carlsbad Carlsbad
