Soda Dorne Soda Vale Soda Reach Soda Mandos Soda LonelyMountain Soda Rivendell Soda Arda Soda Hogsmeade Soda Beauxbatons Soda Hogwarts Soda Sothoryos Arnor Gondor Lindon Rovanion Rohan Rhun Khado Rhun Rohan Rovanion Lindon Gondor Arnor Sothoryos Pentos Essos Pentos Braavos Pentos Qohor Pentos Qarth Pentos Valyria Pentos Ghis Pentos Mereen Pentos Sunspear Pentos KingsLanding Pentos Iluin Pentos Ormal Pentos Mordor Pentos Hobbiton Pentos Westeros Soda
27
Soda Soda
Dorne Dorne
Vale Vale
Reach Reach
Mandos Mandos
LonelyMountain LonelyMountain
Rivendell Rivendell
Arda Arda
Hogsmeade Hogsmeade
Beauxbatons Beauxbatons
Hogwarts Hogwarts
Sothoryos Sothoryos
Khado Khado
Essos Essos
Braavos Braavos
Qohor Qohor
Qarth Qarth
Valyria Valyria
Ghis Ghis
Mereen Mereen
Sunspear Sunspear
KingsLanding KingsLanding
Iluin Iluin
Ormal Ormal
Mordor Mordor
Hobbiton Hobbiton
Westeros Westeros
