HAZtD 4Eg1F wnnBN Cg1yP J0OP0 iKwe0 F7CZj RN9nS CXkxa Lusir CXkxa ED9em 5h4rt ED9em CXkxa 3NU9e GxQg8 lJnz7 1gvq4 rH3nx acHTt cpzS8 p3gJd DaieK uPUO1 DaieK p3gJd cC0Rg gpbSj u60s4 Zxvdf u60s4 9cp56 sU69u 5EAEu sU69u 9cp56 0F8yg 4PSW9 zcuSA jyRQW Xqwfz pLg86 7kY28 URrao fiXIW 7kY28 IOpdQ BaYb3 1VA1I Zok18 1VA1I BaYb3 SxklZ VESmp SxklZ rVnMc OWqP4 6owsT 0moVI HAKlt Pk19A iimZq qz2Of 8Qx0C iPRoT Q8lcd GaZ4O H1xt8 o2JtM e7SjH 2LhKB e7SjH DuU0x BIY9X DuU0x e7SjH E6pda xKTIz RkCLD SfSL1 bMhFI lF8gH CHx6u rmW0U HOuAL rmW0U 9tf0w rmW0U GrnJ7 iaaYU GrnJ7 v9joy GrnJ7 iIQll Vg6Sz iIQll p4kTx iIQll GrnJ7 UbqWX GrnJ7 gNinx DmTRc 4jcrD DmTRc tgL8p 0FMEI 2GCiD 0FMEI R6NzB v0WXM iHR3J ZKvNM TzGS5 ZKvNM SE1WY fWz4T EgumV UQeyk kjZGl kNG2j AwFdf 2zHfe fExZu v7hOX SEkfX b9v0q VG4na Agb0E WVEjT Agb0E eVDVP Ia6ul kvy7i Q5zY0 69WZh wedr3 zrVPv 69WZh mdIe6 69WZh ox9Gx jesVt 4AhmX cu5FB 93R2m C4biR aegld O8CwF TlJnt O8CwF XbFfE aWuHk mJExt iqOI4 UqGfS NqBQW UqGfS Ssao4 UqGfS X2hjX vfAR8 bW6Ms vfAR8 EyMEe z82fM kPB79 4PXv9 kPB79 4Tt2a kPB79 6gp0A HAZtD
101
HAZtD HAZtD
wnnBN wnnBN
Cg1yP Cg1yP
J0OP0 J0OP0
iKwe0 iKwe0
RN9nS RN9nS
Lusir Lusir
ED9em ED9em
5h4rt 5h4rt
GxQg8 GxQg8
lJnz7 lJnz7
1gvq4 1gvq4
rH3nx rH3nx
acHTt acHTt
cpzS8 cpzS8
p3gJd p3gJd
DaieK DaieK
uPUO1 uPUO1
cC0Rg cC0Rg
gpbSj gpbSj
u60s4 u60s4
Zxvdf Zxvdf
5EAEu 5EAEu
0F8yg 0F8yg
zcuSA zcuSA
pLg86 pLg86
7kY28 7kY28
URrao URrao
fiXIW fiXIW
IOpdQ IOpdQ
BaYb3 BaYb3
1VA1I 1VA1I
Zok18 Zok18
SxklZ SxklZ
VESmp VESmp
OWqP4 OWqP4
6owsT 6owsT
0moVI 0moVI
HAKlt HAKlt
Pk19A Pk19A
iimZq iimZq
8Qx0C 8Qx0C
Q8lcd Q8lcd
H1xt8 H1xt8
2LhKB 2LhKB
BIY9X BIY9X
DuU0x DuU0x
E6pda E6pda
xKTIz xKTIz
bMhFI bMhFI
lF8gH lF8gH
CHx6u CHx6u
HOuAL HOuAL
9tf0w 9tf0w
iaaYU iaaYU
v9joy v9joy
Vg6Sz Vg6Sz
p4kTx p4kTx
iIQll iIQll
UbqWX UbqWX
gNinx gNinx
DmTRc DmTRc
4jcrD 4jcrD
2GCiD 2GCiD
R6NzB R6NzB
iHR3J iHR3J
TzGS5 TzGS5
fWz4T fWz4T
EgumV EgumV
kNG2j kNG2j
AwFdf AwFdf
fExZu fExZu
v7hOX v7hOX
SEkfX SEkfX
VG4na VG4na
WVEjT WVEjT
Agb0E Agb0E
eVDVP eVDVP
Ia6ul Ia6ul
wedr3 wedr3
zrVPv zrVPv
mdIe6 mdIe6
69WZh 69WZh
ox9Gx ox9Gx
jesVt jesVt
4AhmX 4AhmX
cu5FB cu5FB
aegld aegld
O8CwF O8CwF
TlJnt TlJnt
aWuHk aWuHk
iqOI4 iqOI4
NqBQW NqBQW
Ssao4 Ssao4
UqGfS UqGfS
X2hjX X2hjX
bW6Ms bW6Ms
vfAR8 vfAR8
z82fM z82fM
4PXv9 4PXv9
4Tt2a 4Tt2a
