3Yw8H cvjQc JYR5M cvjQc CmuV1 zSmKp QUkKU BSqOv x5InZ 5PNx4 x5InZ P18zR BSqOv 9e1Io s8jhm 5ayvc OhHc9 5ayvc s8jhm w0i4E s8jhm RTNKK Vm2RV Tz4zy fEdtk Z7joj M5wZP Z7joj EQJ7U 8MJwv TT3Hk iaf34 EQJ7U vN0gV EvuAH miscC ycoh0 hQySr xNFYO KHHwN 3Yw8H
25
3Yw8H 3Yw8H
cvjQc cvjQc
JYR5M JYR5M
zSmKp zSmKp
QUkKU QUkKU
BSqOv BSqOv
5PNx4 5PNx4
P18zR P18zR
9e1Io 9e1Io
OhHc9 OhHc9
w0i4E w0i4E
RTNKK RTNKK
Vm2RV Vm2RV
Tz4zy Tz4zy
M5wZP M5wZP
Z7joj Z7joj
8MJwv 8MJwv
TT3Hk TT3Hk
iaf34 iaf34
vN0gV vN0gV
EvuAH EvuAH
miscC miscC
ycoh0 ycoh0
xNFYO xNFYO
KHHwN KHHwN
