1 174 14 42 161 128 105 78 127 31 130 199 132 64 83 193 186 7 93 58 15 108 23 162 56 157 119 98 185 175 26 110 86 13 190 12 57 71 66 101 90 53 3 182 129 59 46 137 140 84 23 60 176 52 88 49 121 36 115 153 103 138 136 159 96 86 92 99 194 116 95 89 18 163 156 91 51 142 147 82 152 43 1
79
1 1
174 174
14 14
42 42
161 161
128 128
105 105
78 78
127 127
31 31
130 130
199 199
132 132
64 64
83 83
193 193
186 186
7 7
93 93
58 58
15 15
108 108
162 162
56 56
157 157
119 119
98 98
185 185
175 175
26 26
110 110
86 86
13 13
190 190
12 12
57 57
71 71
66 66
101 101
90 90
53 53
3 3
182 182
129 129
46 46
137 137
140 140
84 84
23 23
60 60
176 176
52 52
88 88
49 49
121 121
36 36
115 115
153 153
103 103
138 138
136 136
159 159
96 96
92 92
99 99
194 194
116 116
95 95
89 89
18 18
163 163
156 156
91 91
51 51
142 142
147 147
82 82
152 152
43 43
