Abbey Tanya Vivian Dana Sophia Maeve Matilda Kayley Mira Mckinley Lillie Rayna Rebecca Carlee Jamiya Lilia Isabella Beatrice Alexia Helen Kiera Liberty Nora Avni Jordin Marisol Ayanna Harley Kimberly Karma Lana Kristina Haven Eden Riley Lisa Shannon Presley Yoselin Tara Ruth Abbey
41
Abbey Abbey
Tanya Tanya
Vivian Vivian
Dana Dana
Sophia Sophia
Maeve Maeve
Matilda Matilda
Kayley Kayley
Mira Mira
Mckinley Mckinley
Lillie Lillie
Rayna Rayna
Rebecca Rebecca
Carlee Carlee
Jamiya Jamiya
Lilia Lilia
Isabella Isabella
Beatrice Beatrice
Alexia Alexia
Helen Helen
Kiera Kiera
Liberty Liberty
Nora Nora
Avni Avni
Jordin Jordin
Marisol Marisol
Ayanna Ayanna
Harley Harley
Kimberly Kimberly
Karma Karma
Lana Lana
Kristina Kristina
Haven Haven
Eden Eden
Riley Riley
Lisa Lisa
Shannon Shannon
Presley Presley
Yoselin Yoselin
Tara Tara
Ruth Ruth
