1 176 177 178 179 180 179 178 177 176 1 14 15 16 17 14 1 126 127 128 129 130 129 128 127 126 1 168 169 171 170 168 1 76 77 78 79 80 79 78 77 76 1 64 65 66 67 64 1 114 115 116 117 114 1 164 165 166 167 164 1 2 3 4 5 2 1 6 7 8 9 6 1 10 12 11 13 10 1 18 20 21 19 18 1 56 57 58 59 56 1 60 62 61 63 60 1 68 70 71 69 68 1 106 107 108 109 106 1 110 112 111 113 110 1 118 120 121 119 118 1 156 157 158 159 156 1 160 162 161 163 160 1 50 51 52 53 54 55 52 51 50 1 100 101 102 103 104 105 102 101 100 1 150 151 152 153 154 155 152 151 150 1 22 23 25 24 22 1 72 73 75 74 72 1 122 123 125 124 122 1 172 173 175 174 172 1 26 27 28 29 30 29 28 27 26 1
80
180 180
178 178
15 15
16 16
17 17
130 130
128 128
169 169
171 171
170 170
80 80
78 78
65 65
66 66
67 67
115 115
116 116
117 117
165 165
166 166
167 167
3 3
4 4
5 5
7 7
8 8
9 9
12 12
11 11
13 13
20 20
21 21
19 19
57 57
58 58
59 59
62 62
61 61
63 63
70 70
71 71
69 69
107 107
108 108
109 109
112 112
111 111
113 113
120 120
121 121
119 119
157 157
158 158
159 159
162 162
161 161
163 163
53 53
54 54
55 55
103 103
104 104
105 105
153 153
154 154
155 155
23 23
25 25
24 24
73 73
75 75
74 74
123 123
125 125
124 124
173 173
175 175
174 174
28 28
30 30
