0 10 21 22 12 2 3 4 5 15 26 16 17 8 9 18 29 39 38 37 48 57 67 77 68 78 89 99 98 108 118 129 128 127 116 107 96 87 76 86 95 94 104 105 114 125 135 146 147 148 149 139 149 158 157 167 166 155 165 175 176 177 178 189 199 198 188 187 196 186 185 184 183 182 181 170 160 161 150 140 130 120 130 141 151 152 153 164 154 144 133 123 132 122 111 102 103 102 101 90 80 81 70 61 71 82 83 72 73 64 53 44 45 34 24 33 43 42 51 41 31 21 20 10 0
101
0 0
21 21
22 22
12 12
2 2
4 4
5 5
15 15
26 26
16 16
17 17
8 8
9 9
18 18
29 29
39 39
37 37
48 48
67 67
77 77
68 68
89 89
99 99
98 98
108 108
118 118
129 129
127 127
116 116
107 107
96 96
87 87
76 76
86 86
95 95
94 94
104 104
105 105
114 114
125 125
146 146
147 147
149 149
139 139
158 158
167 167
166 166
155 155
165 165
175 175
176 176
178 178
189 189
199 199
198 198
188 188
187 187
196 196
186 186
184 184
183 183
182 182
181 181
160 160
161 161
150 150
140 140
130 130
120 120
151 151
152 152
153 153
164 164
154 154
133 133
123 123
132 132
122 122
111 111
102 102
103 103
101 101
80 80
81 81
70 70
61 61
71 71
82 82
83 83
72 72
73 73
64 64
53 53
45 45
24 24
33 33
43 43
42 42
51 51
31 31
20 20
