start a5 a4 a3 a2 a1 start c3 c8 c11 c20 c17 c20 c36 c35 c31 c33 c31 c27 c26 c27 c29 c30 c23 c21 c20 c11 c12 c13 c15 c13 c10 c9 c8 c3 c1 c3 c5 c3 start e1 e19 e2 e20 e3 e4 e21 e4 e6 e8 e22 e10 e23 e12 e24 e15 e25 e15 e17 start d1 d2 d4 d5 d4 d3 start h2 h26 h2 h8 h9 h10 h11 h12 h13 h12 h16 h6 h18 h6 h17 h25 h24 h23 h4 h22 h4 start
35
start start
a5 a5
a4 a4
a3 a3
a2 a2
a1 a1
c17 c17
c31 c31
c33 c33
c26 c26
c27 c27
c23 c23
c21 c21
c15 c15
c13 c13
c10 c10
c1 c1
c5 c5
e19 e19
e20 e20
e21 e21
e22 e22
e23 e23
e24 e24
e25 e25
d1 d1
d5 d5
d4 d4
h26 h26
h9 h9
h13 h13
h18 h18
h17 h17
h24 h24
h22 h22
