CH BW DI BW DF BP DA BF CU BC CS BL AZ AY CP BV AD CY DB CB BS AF AJ CN DU CQ DU DO BD DV AV AU AM BZ AN AL BN DQ BT DP BI DL AT DC DS DG DS BU CA AX CL DM CO BG CF CW CF CD CZ DD BY DN AP CV CH
51
CH CH
DI DI
DF DF
BP BP
BF BF
CU CU
BC BC
CS CS
BL BL
AZ AZ
AY AY
CP CP
BV BV
DB DB
CB CB
BS BS
AF AF
AJ AJ
CN CN
CQ CQ
DU DU
DO DO
BD BD
DV DV
AV AV
AU AU
AM AM
BZ BZ
AN AN
AL AL
BN BN
DQ DQ
DP DP
BI BI
DL DL
AT AT
DC DC
DG DG
BU BU
CA CA
CL CL
DM DM
BG BG
CF CF
CW CW
CD CD
CZ CZ
DD DD
BY BY
AP AP
CV CV
