BU HF CA BY BF EV DT CQ DZ FC HM HP DK DM DI GA FG DJ DA EL AE CE GN CE CZ AB ER BZ AN AV EK GQ HO CM AT DP HJ BE GM BE AP EC FS GH DU GT DS BA GP DD GG DQ HH FD BH BM FW EO FU FL DW GS FI BK FR ES CO AX EH AM GK CK BN CR AO DX CV AW HI HG HI BW CD EG HC CI CS AD GO DE AQ DE FY AF FP HA ET EY DR GE BQ CX EQ AR CY AA BG GY CW FN EN AY FB CT DL DV FF BU
100
BU BU
HF HF
CA CA
BY BY
BF BF
EV EV
DT DT
CQ CQ
DZ DZ
HM HM
HP HP
DK DK
DM DM
DI DI
GA GA
FG FG
DJ DJ
EL EL
AE AE
GN GN
CZ CZ
ER ER
BZ BZ
AN AN
AV AV
EK EK
GQ GQ
CM CM
AT AT
DP DP
HJ HJ
BE BE
GM GM
AP AP
EC EC
FS FS
GH GH
DU DU
GT GT
DS DS
BA BA
GP GP
DD DD
DQ DQ
HH HH
FD FD
BH BH
BM BM
FW FW
EO EO
FU FU
FL FL
GS GS
FI FI
BK BK
FR FR
ES ES
CO CO
AX AX
EH EH
GK GK
CK CK
BN BN
CR CR
DX DX
CV CV
HG HG
BW BW
CD CD
EG EG
HC HC
CI CI
CS CS
GO GO
DE DE
AQ AQ
FY FY
AF AF
FP FP
HA HA
ET ET
EY EY
DR DR
GE GE
BQ BQ
CX CX
EQ EQ
AR AR
CY CY
BG BG
GY GY
CW CW
FN FN
EN EN
AY AY
FB FB
CT CT
DL DL
DV DV
FF FF
