Qatar Netherlands America Tunisia Mali Mozambique UnitedKingdom Uzbekistan Tanzania Senegal Macedonia Montenegro RussianFederation Australia Estonia Liberia Kosovo Peru Armenia Morocco UAE Danzig Tajikistan Mongolia Nicaragua Albania France Andorra SierraLeone Haiti Sweden Georgia SaintLucia Burundi Tuvalu CzechRepublic VaticanCity Lebanon Malta Kyrgyzstan GuineaBissau SanMarino Guyana Singapore Belgium CostaRica Angola Gabon Egypt DemofChina Belarus Qatar
51
Qatar Qatar
Netherlands Netherlands
America America
Tunisia Tunisia
Mali Mali
Mozambique Mozambique
UnitedKingdom UnitedKingdom
Uzbekistan Uzbekistan
Tanzania Tanzania
Senegal Senegal
Macedonia Macedonia
Montenegro Montenegro
RussianFederation RussianFederation
Australia Australia
Estonia Estonia
Liberia Liberia
Kosovo Kosovo
Peru Peru
Armenia Armenia
Morocco Morocco
UAE UAE
Danzig Danzig
Tajikistan Tajikistan
Mongolia Mongolia
Nicaragua Nicaragua
Albania Albania
France France
Andorra Andorra
SierraLeone SierraLeone
Haiti Haiti
Sweden Sweden
Georgia Georgia
SaintLucia SaintLucia
Burundi Burundi
Tuvalu Tuvalu
CzechRepublic CzechRepublic
VaticanCity VaticanCity
Lebanon Lebanon
Malta Malta
Kyrgyzstan Kyrgyzstan
GuineaBissau GuineaBissau
SanMarino SanMarino
Guyana Guyana
Singapore Singapore
Belgium Belgium
CostaRica CostaRica
Angola Angola
Gabon Gabon
Egypt Egypt
DemofChina DemofChina
Belarus Belarus
