Nepal Argentina Liechtenstein SaintLucia VaticanCity TheGambia MarshallIslands Slovakia NewZealand BosHerzegovina Suriname Tajikistan Kuwait Botswana Fiji Palau Mauritius Panama Afghanistan Vietnam Niger Serbia UAE Estonia Ecuador Azerbaijan Belarus Tanzania Georgia Nepal
25
Argentina Argentina
Liechtenstein Liechtenstein
SaintLucia SaintLucia
VaticanCity VaticanCity
MarshallIslands MarshallIslands
Slovakia Slovakia
NewZealand NewZealand
Suriname Suriname
Tajikistan Tajikistan
Kuwait Kuwait
Botswana Botswana
Fiji Fiji
Palau Palau
Mauritius Mauritius
Panama Panama
Afghanistan Afghanistan
Vietnam Vietnam
Niger Niger
Serbia Serbia
UAE UAE
Estonia Estonia
Azerbaijan Azerbaijan
Belarus Belarus
Tanzania Tanzania
Georgia Georgia
