55 101 182 20 161 11 168 118 81 14 36 14 17 131 185 89 149 171 188 86 80 88 66 43 140 166 58 133 78 153 157 107 74 143 77 143 184 163 26 147 181 146 90 85 56 122 179 62 42 40 97 109 175 148 41 49 150 32 116 9 54 127 53 8 172 28 114 67 76 134 105 124 136 160 170 27 164 126 30 152 119 59 159 158 29 113 15 135 15 13 61 91 48 115 63 106 186 33 83 137 111 189 71 4 16 84 12 45 151 162 177 173 57 55
97
55 55
101 101
182 182
20 20
11 11
168 168
118 118
81 81
36 36
17 17
131 131
185 185
149 149
171 171
188 188
86 86
80 80
88 88
66 66
43 43
140 140
166 166
58 58
133 133
78 78
153 153
107 107
74 74
77 77
184 184
163 163
26 26
181 181
146 146
90 90
85 85
56 56
122 122
179 179
62 62
42 42
40 40
97 97
109 109
175 175
148 148
41 41
49 49
150 150
32 32
116 116
9 9
54 54
53 53
8 8
172 172
114 114
67 67
76 76
134 134
105 105
160 160
170 170
27 27
126 126
30 30
152 152
119 119
59 59
159 159
158 158
29 29
113 113
135 135
15 15
13 13
61 61
91 91
48 48
115 115
63 63
106 106
186 186
33 33
83 83
137 137
111 111
189 189
71 71
16 16
12 12
45 45
151 151
162 162
177 177
173 173
57 57
