destitute Loomis Rio Darwin ripe Hewlett decor swordfish Vega yogurt trill fatten choice shroud McCall bobble Dominican Bleeker minion Dominican embassy Halstead Andersen Fisk anvil septillion transpiration septillion creekside septillion papal balustrade Isfahan MN Hindi Gilmore funny midget swingy diligent tate stanza Injun illusion amateur slowdown schedule connubial mediate extractor combine Elizabethan Modesto Auberge jewel namesake destitute
50
Loomis Loomis
Rio Rio
Darwin Darwin
ripe ripe
Hewlett Hewlett
decor decor
swordfish swordfish
Vega Vega
yogurt yogurt
trill trill
fatten fatten
choice choice
shroud shroud
McCall McCall
bobble bobble
Dominican Dominican
Bleeker Bleeker
minion minion
embassy embassy
Halstead Halstead
Andersen Andersen
Fisk Fisk
anvil anvil
transpiration transpiration
septillion septillion
creekside creekside
papal papal
balustrade balustrade
Isfahan Isfahan
MN MN
Hindi Hindi
Gilmore Gilmore
funny funny
midget midget
swingy swingy
diligent diligent
tate tate
stanza stanza
Injun Injun
illusion illusion
amateur amateur
slowdown slowdown
schedule schedule
connubial connubial
mediate mediate
extractor extractor
Elizabethan Elizabethan
Modesto Modesto
Auberge Auberge
jewel jewel
