Rhode Donner Harrisburg Martin Hellman Life University Valley Michigan Campanile Nevada Simpson Silver Bowles Tang Madison Jefferson Sproul Boalt Tennessee Hartford Heating Clark CNMAT BART Montana Haste Morrison Moffitt Stadium Pennsylvania LeConte Mulford Lansing Oregon Blackwell Brain Chvez Columbus Florida International Barrows Jacobs Foothill Durham Columbia Jones Concord Lower Hertz Maryland Minnesota Durant Mississippi Topeka Police Little Hearst Insectary Observatory Wisconsin Chou Hawaii Birge Hargrove Krutch Austin Annapolis Berkeley Santa Utah Nashville Edwards Class Illinois Simon West Montgomery Providence Richmond Energy Springer Salt Mathematical Etcheverry McLaughlin Trenton Maxwell Warren Cleary Bancroft Moses Cory Baton Grinnell Kentucky Cheyenne East Olympia McEnerney Rhode
100
Rhode Rhode
Donner Donner
Harrisburg Harrisburg
Martin Martin
Hellman Hellman
Life Life
University University
Valley Valley
Michigan Michigan
Campanile Campanile
Nevada Nevada
Simpson Simpson
Silver Silver
Bowles Bowles
Tang Tang
Madison Madison
Jefferson Jefferson
Sproul Sproul
Boalt Boalt
Tennessee Tennessee
Hartford Hartford
Heating Heating
Clark Clark
CNMAT CNMAT
BART BART
Montana Montana
Haste Haste
Morrison Morrison
Moffitt Moffitt
Stadium Stadium
Pennsylvania Pennsylvania
LeConte LeConte
Mulford Mulford
Lansing Lansing
Oregon Oregon
Blackwell Blackwell
Brain Brain
Chvez Chvez
Columbus Columbus
Florida Florida
International International
Barrows Barrows
Jacobs Jacobs
Foothill Foothill
Durham Durham
Columbia Columbia
Jones Jones
Concord Concord
Lower Lower
Hertz Hertz
Maryland Maryland
Minnesota Minnesota
Durant Durant
Mississippi Mississippi
Topeka Topeka
Police Police
Little Little
Hearst Hearst
Insectary Insectary
Observatory Observatory
Wisconsin Wisconsin
Chou Chou
Hawaii Hawaii
Birge Birge
Hargrove Hargrove
Krutch Krutch
Austin Austin
Annapolis Annapolis
Berkeley Berkeley
Santa Santa
Utah Utah
Nashville Nashville
Edwards Edwards
Class Class
Illinois Illinois
Simon Simon
West West
Montgomery Montgomery
Providence Providence
Richmond Richmond
Energy Energy
Springer Springer
Salt Salt
Mathematical Mathematical
Etcheverry Etcheverry
McLaughlin McLaughlin
Trenton Trenton
Maxwell Maxwell
Warren Warren
Cleary Cleary
Bancroft Bancroft
Moses Moses
Cory Cory
Baton Baton
Grinnell Grinnell
Kentucky Kentucky
Cheyenne Cheyenne
East East
Olympia Olympia
McEnerney McEnerney
