oUyBZvEHNPOWtAsHANHU XZRBuctXhYPbWardFSZS QMnEKXGwZYUlreveNjwA XZRBuctXhYPbWardFSZS CcspnGXfrmzZRWjdMjLd oMKDNkBacLxexXKHqXfF CcspnGXfrmzZRWjdMjLd rqqedkokePZFdhDbMNpX IUJDEWwYxhQimsCqnrFH rqqedkokePZFdhDbMNpX IuNNJvHSmYKpVBzmzuJX fDAbzsYfiXDxOIsITcQl NVPacTSrBMpDkMBotiWB fDAbzsYfiXDxOIsITcQl IuNNJvHSmYKpVBzmzuJX znYRMYifzQwyixuIXDnz DsLevMWgWFWOQXFMbaQy gUlgGYCPZjsRiFLqnVun DsLevMWgWFWOQXFMbaQy PojKKQvEDmFOnJinujFi hpQFeVriPZmwKZcYFAWN NBTlGJqSnWahMvuDlXAm ikjgYLaZRolSrbIYyKBd CXrruomvXfADUrHxMwZi ikjgYLaZRolSrbIYyKBd tItiZloipgPmLuONrNnZ cAvnOxZJtanpVvcAxJHM tItiZloipgPmLuONrNnZ eqwycKZriorIAbsUBjxu MeohNnftDTzllMTGwxnG CCYBPFZgoOONzoEeTKzC JKNUHFrXPStBWMuUOVkj QFaSXENOfunmdZIBqDsS UMfDYlvFlUVuogMRkWNG lPMfQyVLDIZczBuDgsVQ UMfDYlvFlUVuogMRkWNG QFaSXENOfunmdZIBqDsS eWVKeYegIFOJxvfRkjek OWCblOtQanZakRLMqMxz VVzvLIOwARaWwhQTKPrx eqwycKZriorIAbsUBjxu hNRcEeFjmsmOnuOdNAXl eWGFHgdBASXJbxQbYrCG oUyBZvEHNPOWtAsHANHU
25
oUyBZvEHNPOWtAsHANHU oUyBZvEHNPOWtAsHANHU
QMnEKXGwZYUlreveNjwA QMnEKXGwZYUlreveNjwA
oMKDNkBacLxexXKHqXfF oMKDNkBacLxexXKHqXfF
CcspnGXfrmzZRWjdMjLd CcspnGXfrmzZRWjdMjLd
IUJDEWwYxhQimsCqnrFH IUJDEWwYxhQimsCqnrFH
IuNNJvHSmYKpVBzmzuJX IuNNJvHSmYKpVBzmzuJX
NVPacTSrBMpDkMBotiWB NVPacTSrBMpDkMBotiWB
znYRMYifzQwyixuIXDnz znYRMYifzQwyixuIXDnz
gUlgGYCPZjsRiFLqnVun gUlgGYCPZjsRiFLqnVun
PojKKQvEDmFOnJinujFi PojKKQvEDmFOnJinujFi
hpQFeVriPZmwKZcYFAWN hpQFeVriPZmwKZcYFAWN
NBTlGJqSnWahMvuDlXAm NBTlGJqSnWahMvuDlXAm
CXrruomvXfADUrHxMwZi CXrruomvXfADUrHxMwZi
cAvnOxZJtanpVvcAxJHM cAvnOxZJtanpVvcAxJHM
MeohNnftDTzllMTGwxnG MeohNnftDTzllMTGwxnG
CCYBPFZgoOONzoEeTKzC CCYBPFZgoOONzoEeTKzC
JKNUHFrXPStBWMuUOVkj JKNUHFrXPStBWMuUOVkj
UMfDYlvFlUVuogMRkWNG UMfDYlvFlUVuogMRkWNG
lPMfQyVLDIZczBuDgsVQ lPMfQyVLDIZczBuDgsVQ
eWVKeYegIFOJxvfRkjek eWVKeYegIFOJxvfRkjek
OWCblOtQanZakRLMqMxz OWCblOtQanZakRLMqMxz
VVzvLIOwARaWwhQTKPrx VVzvLIOwARaWwhQTKPrx
eqwycKZriorIAbsUBjxu eqwycKZriorIAbsUBjxu
hNRcEeFjmsmOnuOdNAXl hNRcEeFjmsmOnuOdNAXl
eWGFHgdBASXJbxQbYrCG eWGFHgdBASXJbxQbYrCG
