0 11 20 30 52 43 33 24 15 6 17 8 19 28 27 26 35 36 45 54 63 64 75 76 66 57 56 55 46 47 58 77 87 89 107 108 119 139 149 138 147 155 156 157 167 175 174 173 172 171 180 192 193 184 185 186 196 188 178 168 158 159 148 137 126 115 105 94 84 85 95 104 114 124 135 143 132 150 161 162 151 123 112 111 92 91 90 80 82 73 62 51 40 31 22 13 4 3 12 0
97
11 11
20 20
30 30
52 52
43 43
33 33
24 24
15 15
6 6
17 17
8 8
19 19
28 28
27 27
26 26
35 35
36 36
45 45
54 54
63 63
64 64
75 75
76 76
66 66
57 57
56 56
55 55
46 46
47 47
58 58
77 77
87 87
89 89
107 107
119 119
139 139
149 149
138 138
147 147
155 155
156 156
157 157
167 167
175 175
174 174
173 173
172 172
171 171
180 180
192 192
193 193
184 184
185 185
186 186
196 196
188 188
178 178
168 168
158 158
159 159
148 148
137 137
126 126
115 115
105 105
94 94
84 84
85 85
95 95
104 104
114 114
124 124
135 135
143 143
132 132
150 150
161 161
162 162
151 151
123 123
112 112
111 111
92 92
91 91
90 90
80 80
82 82
73 73
62 62
51 51
40 40
31 31
22 22
13 13
4 4
3 3
12 12
