pace voice financial respect bitter rob tablet cigarette demand pain demand joint dip discriminate lake page fortune imposter throne quality headline mature brake chair mystery enter autonomy glasses tool dialogue prison dialogue likely enhance legislation sign tolerate forge winner forge vegetarian linger dough enhance thumb output circulation gate approval other swear deposit paper deposit honor nationalist shy title sunrise seize understand figure understand skeleton disclose injury disclose class exclusive buffet guarantee king pace
50
voice voice
financial financial
bitter bitter
rob rob
tablet tablet
cigarette cigarette
pain pain
demand demand
dip dip
lake lake
page page
imposter imposter
throne throne
quality quality
headline headline
brake brake
mystery mystery
enter enter
autonomy autonomy
glasses glasses
tool tool
prison prison
likely likely
legislation legislation
sign sign
tolerate tolerate
winner winner
vegetarian vegetarian
linger linger
dough dough
enhance enhance
thumb thumb
output output
circulation circulation
other other
swear swear
paper paper
honor honor
nationalist nationalist
shy shy
title title
sunrise sunrise
seize seize
figure figure
injury injury
class class
exclusive exclusive
buffet buffet
guarantee guarantee
king king
