Vernon Cypress Brundage Bell Bradley Huron Woody Mecca Collins Garcia Sulpizio Capuchino Costa Sherman Santa Cudahy Yurok Escondido Delta Potrero Cabbage Sacramento Bakersfield Louis Crestmont Manker Moores Tijuana Escalon Coddingtown Donner Grasslands Bodad Richvale Fiorini Timbuctoo Antelope Kaiser Rowland Civic Veterans Forbestown Yankee Calaveras Bonny Blue Del Helm Carmel Fox Chittenden Armstrong Sunny Three Ritter California Beach South Balboa Fullerton Presidio Roseland Dulzura Flinn Pleasant Cambridge Alamo Glencoe Cerro Temecula Pacheco Lake Wallace Hoffman Clayton Marshall Industry Warner Parchester Quail Terra Smith Bangor Saint Robertsville Stockdale Cressey Hammer Portola Smoke Buena Strawberry All Davenport Downtown Ramona Rough Le Winterhaven Industrial Anaheim Vernon
100
Cypress Cypress
Brundage Brundage
Bell Bell
Bradley Bradley
Huron Huron
Woody Woody
Mecca Mecca
Collins Collins
Garcia Garcia
Sulpizio Sulpizio
Capuchino Capuchino
Costa Costa
Sherman Sherman
Santa Santa
Cudahy Cudahy
Yurok Yurok
Escondido Escondido
Delta Delta
Potrero Potrero
Cabbage Cabbage
Sacramento Sacramento
Bakersfield Bakersfield
Louis Louis
Crestmont Crestmont
Manker Manker
Moores Moores
Tijuana Tijuana
Escalon Escalon
Coddingtown Coddingtown
Donner Donner
Grasslands Grasslands
Bodad Bodad
Richvale Richvale
Fiorini Fiorini
Timbuctoo Timbuctoo
Antelope Antelope
Kaiser Kaiser
Rowland Rowland
Civic Civic
Veterans Veterans
Forbestown Forbestown
Yankee Yankee
Calaveras Calaveras
Bonny Bonny
Blue Blue
Del Del
Helm Helm
Carmel Carmel
Fox Fox
Chittenden Chittenden
Armstrong Armstrong
Sunny Sunny
Three Three
Ritter Ritter
California California
Beach Beach
South South
Balboa Balboa
Fullerton Fullerton
Presidio Presidio
Roseland Roseland
Dulzura Dulzura
Flinn Flinn
Pleasant Pleasant
Cambridge Cambridge
Alamo Alamo
Glencoe Glencoe
Cerro Cerro
Temecula Temecula
Pacheco Pacheco
Lake Lake
Wallace Wallace
Hoffman Hoffman
Clayton Clayton
Marshall Marshall
Industry Industry
Warner Warner
Parchester Parchester
Quail Quail
Terra Terra
Smith Smith
Bangor Bangor
Saint Saint
Robertsville Robertsville
Stockdale Stockdale
Cressey Cressey
Hammer Hammer
Portola Portola
Smoke Smoke
Buena Buena
Strawberry Strawberry
All All
Davenport Davenport
Downtown Downtown
Ramona Ramona
Rough Rough
Le Le
Winterhaven Winterhaven
Industrial Industrial
Anaheim Anaheim
