Encanto Sherman Beach Ramona Vista McAuley Glencoe Presidio Clayton Cherokee Bonita All Chinese Warner Cabbage Two Alpaugh Ames City Moccasin Delta Santa Quail Homestead Jane Los Riverside Foothills Pumpkin Kentfield Laguna Costa Smoke Mount Shafter Green Vernon Garden Willow Woodbridge Welden Yurok Granite Elmira Cypress Forest Woffard Richvale Kern Banning Encanto
50
Encanto Encanto
Sherman Sherman
Beach Beach
Ramona Ramona
Vista Vista
McAuley McAuley
Glencoe Glencoe
Presidio Presidio
Clayton Clayton
Cherokee Cherokee
Bonita Bonita
All All
Chinese Chinese
Warner Warner
Cabbage Cabbage
Two Two
Alpaugh Alpaugh
Ames Ames
City City
Moccasin Moccasin
Delta Delta
Santa Santa
Quail Quail
Homestead Homestead
Jane Jane
Los Los
Riverside Riverside
Foothills Foothills
Pumpkin Pumpkin
Kentfield Kentfield
Laguna Laguna
Costa Costa
Smoke Smoke
Mount Mount
Shafter Shafter
Green Green
Vernon Vernon
Garden Garden
Willow Willow
Woodbridge Woodbridge
Welden Welden
Yurok Yurok
Granite Granite
Elmira Elmira
Cypress Cypress
Forest Forest
Woffard Woffard
Richvale Richvale
Kern Kern
Banning Banning
