Evans Cory Evans WursterHall Campbell Eshelman Marugame Campanile Marugame Gilman BotanicalGardens ClarkKerr DavisHall ClarkKerr ThaiNoodle Dwinelle MLK HildebrandHall MLK LatimerHall Plentea Soda Plentea SutardjaDai Cornerstone ZellerbachHall Bowles Unit3 Spats Boalt Spats Unit3 Bowles HilgardHall Bowles KroeberHall Etcheverry KroeberHall Barrows Unit2 Stern Unit2 DurantHall Firewings CaliforniaHall InternationalHouse CaliforniaHall Firewings RSF Underhill Blackwell ImmThai AlumniHouse BerkeleyWayWest Yifang Raretea Wheeler UniversityVillage HortonHall MemorialStadium HortonHall Doe SatherGate GiauqueHall SatherGate GreekTheatre CanyonPool GreekTheatre StrawberryCreek HearstMining VLSB HavilandHall BancroftLibrary LawrenceHall HappyLemon Moffit LeConte Moffit SouthHall HesseHall SouthHall Milkbomb MemorialGlade Kresge MemorialGlade StrawberryCreek Unit1 HAAS BAMPFA HAAS Foothill Artichokes Evans
50
Cory Cory
Campbell Campbell
Eshelman Eshelman
Campanile Campanile
Gilman Gilman
BotanicalGardens BotanicalGardens
DavisHall DavisHall
ThaiNoodle ThaiNoodle
Dwinelle Dwinelle
MLK MLK
HildebrandHall HildebrandHall
Soda Soda
SutardjaDai SutardjaDai
ZellerbachHall ZellerbachHall
Boalt Boalt
Unit3 Unit3
HilgardHall HilgardHall
Bowles Bowles
Etcheverry Etcheverry
Barrows Barrows
Unit2 Unit2
Stern Stern
DurantHall DurantHall
CaliforniaHall CaliforniaHall
InternationalHouse InternationalHouse
RSF RSF
Blackwell Blackwell
AlumniHouse AlumniHouse
BerkeleyWayWest BerkeleyWayWest
Wheeler Wheeler
UniversityVillage UniversityVillage
MemorialStadium MemorialStadium
Doe Doe
GiauqueHall GiauqueHall
CanyonPool CanyonPool
GreekTheatre GreekTheatre
HearstMining HearstMining
VLSB VLSB
HavilandHall HavilandHall
BancroftLibrary BancroftLibrary
LawrenceHall LawrenceHall
LeConte LeConte
Moffit Moffit
HesseHall HesseHall
SouthHall SouthHall
Kresge Kresge
Unit1 Unit1
HAAS HAAS
BAMPFA BAMPFA
Foothill Foothill
