GOld Fed GOld stop get stop never stop alL stop shape Well shape youre you game you shootinG you strEEts you ground colder ground In To In and In On sense On little On shine On GO On COuld well COuld chAnge COuld is COuld see COuld yep gett AND once AND YouLL AND shoW mYself shoW now shoW back shoW brain shoW AND might AND YOURE AND gett t gett skate gett break gett head gett yep My yep Know yep show yep rules yep COuld On In bundled In Didn In ground SHooting ground GET ground about ground you GEt you youre hit youre forehead youre what youre Live youre shape much shape yOure shape stop GOld U GOld So GOld say GOld
50
Fed Fed
get get
never never
alL alL
Well Well
game game
shootinG shootinG
strEEts strEEts
colder colder
To To
and and
sense sense
little little
shine shine
GO GO
well well
chAnge chAnge
is is
see see
once once
YouLL YouLL
mYself mYself
now now
back back
brain brain
might might
YOURE YOURE
t t
skate skate
break break
head head
My My
Know Know
show show
rules rules
bundled bundled
Didn Didn
SHooting SHooting
GET GET
about about
GEt GEt
hit hit
forehead forehead
what what
Live Live
much much
yOure yOure
U U
So So
say say
