hutmk omjfc dowbf yaxts ablxw rlfxc gxdqt lsnhz mlfbi oscrv xintv coubd urlkt misyc xeljy ijvuq ywion ijofp bcrwj yiodb otirh aeomh lnfiu ugamb vczkh spuoi mzlsn abupm artvi axmwy aqzce tejxc qdzgs hopbn zsehb cursl xnysi tyuep lcghr yzaje ugyls vmgxh hutmk
40
omjfc omjfc
dowbf dowbf
yaxts yaxts
ablxw ablxw
rlfxc rlfxc
gxdqt gxdqt
lsnhz lsnhz
mlfbi mlfbi
oscrv oscrv
xintv xintv
coubd coubd
urlkt urlkt
misyc misyc
xeljy xeljy
ijvuq ijvuq
ywion ywion
ijofp ijofp
bcrwj bcrwj
yiodb yiodb
otirh otirh
aeomh aeomh
lnfiu lnfiu
ugamb ugamb
vczkh vczkh
spuoi spuoi
mzlsn mzlsn
artvi artvi
axmwy axmwy
aqzce aqzce
tejxc tejxc
qdzgs qdzgs
hopbn hopbn
zsehb zsehb
cursl cursl
xnysi xnysi
tyuep tyuep
lcghr lcghr
yzaje yzaje
ugyls ugyls
vmgxh vmgxh
