UMUCUTWAW MNWMWDXCQ MWTSDF JOWHZXTIA STQNQT YFKIFTRS UENPUJ KAYADTT OMBFD QOHWG RRFKVFYKR VASGY VHHVQ AWQOWSNYN VSMLVXSP IZNSKNS GVNFQM YNHRBC GUDSRTKLA WEPDZ XWBHEYXJU TNSRRJCDD XGGIUBVDN WRQUJ TNKNMUFI JJAQQ CJLYWOAQ SUIOZK EGEASKKIE RDTQTJB PLYPQBTP DQOPCH AOWYQNAYA CRSMUEPQG YPXLG MHXHJGEF ELILXSR ZSHRTZVKO JVYIBRJ ZFMGDWP ZPFHBWI USUVN TJFSEUB KUUVZB XJOXYWA VHLSP ZLYFI TCXWZV CNINRTR FVKLDY OIPVAKF UMUCUTWAW
50
MNWMWDXCQ MNWMWDXCQ
MWTSDF MWTSDF
JOWHZXTIA JOWHZXTIA
STQNQT STQNQT
YFKIFTRS YFKIFTRS
UENPUJ UENPUJ
KAYADTT KAYADTT
OMBFD OMBFD
QOHWG QOHWG
RRFKVFYKR RRFKVFYKR
VASGY VASGY
VHHVQ VHHVQ
AWQOWSNYN AWQOWSNYN
VSMLVXSP VSMLVXSP
IZNSKNS IZNSKNS
GVNFQM GVNFQM
YNHRBC YNHRBC
GUDSRTKLA GUDSRTKLA
WEPDZ WEPDZ
XWBHEYXJU XWBHEYXJU
TNSRRJCDD TNSRRJCDD
XGGIUBVDN XGGIUBVDN
WRQUJ WRQUJ
TNKNMUFI TNKNMUFI
JJAQQ JJAQQ
CJLYWOAQ CJLYWOAQ
SUIOZK SUIOZK
EGEASKKIE EGEASKKIE
RDTQTJB RDTQTJB
PLYPQBTP PLYPQBTP
DQOPCH DQOPCH
AOWYQNAYA AOWYQNAYA
CRSMUEPQG CRSMUEPQG
YPXLG YPXLG
MHXHJGEF MHXHJGEF
ELILXSR ELILXSR
ZSHRTZVKO ZSHRTZVKO
JVYIBRJ JVYIBRJ
ZFMGDWP ZFMGDWP
ZPFHBWI ZPFHBWI
USUVN USUVN
TJFSEUB TJFSEUB
KUUVZB KUUVZB
XJOXYWA XJOXYWA
VHLSP VHLSP
ZLYFI ZLYFI
TCXWZV TCXWZV
CNINRTR CNINRTR
FVKLDY FVKLDY
OIPVAKF OIPVAKF
