92 18 10 29 99 87 24 60 43 73 43 20 43 50 22 11 35 32 35 90 55 90 17 2 13 97 47 64 61 86 23 91 57 44 46 14 46 68 0 19 41 77 72 28 5 34 94 16 78 16 45 26 1 67 37 74 85 21 51 12 54 80 63 95 76 65 76 70 33 70 3 93 59 92
50
18 18
10 10
29 29
87 87
24 24
73 73
20 20
50 50
11 11
32 32
35 35
90 90
55 55
17 17
2 2
13 13
97 97
47 47
64 64
61 61
86 86
23 23
57 57
44 44
46 46
14 14
68 68
0 0
19 19
72 72
5 5
94 94
78 78
16 16
45 45
1 1
37 37
74 74
85 85
21 21
12 12
54 54
63 63
95 95
65 65
70 70
33 33
3 3
93 93
59 59
