140 153 123 176 55 83 142 83 57 84 175 134 59 134 42 80 133 114 133 185 115 130 79 11 19 21 19 53 169 139 101 41 101 7 179 149 128 149 95 158 160 158 5 45 127 25 132 25 104 182 36 162 47 196 10 188 178 22 112 14 85 184 50 44 174 96 18 82 89 35 155 73 100 40 100 69 168 29 151 24 154 6 157 23 65 23 125 76 103 4 49 117 62 167 9 61 177 32 177 102 13 122 51 166 8 150 27 150 56 159 195 94 146 190 93 173 93 39 93 97 197 137 12 193 77 152 170 186 108 135 140
100
153 153
123 123
176 176
55 55
83 83
142 142
57 57
84 84
175 175
134 134
59 59
42 42
80 80
133 133
114 114
185 185
115 115
130 130
79 79
11 11
21 21
19 19
53 53
169 169
139 139
41 41
101 101
7 7
179 179
128 128
95 95
160 160
158 158
5 5
45 45
127 127
25 25
132 132
104 104
182 182
36 36
47 47
196 196
10 10
178 178
22 22
112 112
14 14
85 85
50 50
44 44
96 96
18 18
82 82
89 89
35 35
73 73
40 40
168 168
29 29
151 151
154 154
6 6
65 65
125 125
76 76
103 103
4 4
49 49
117 117
62 62
167 167
9 9
61 61
32 32
177 177
102 102
13 13
51 51
166 166
8 8
150 150
27 27
56 56
159 159
94 94
146 146
190 190
93 93
173 173
39 39
97 97
197 197
12 12
193 193
77 77
170 170
186 186
108 108
135 135
