Gastre Bovec Kyrenia Kalgoorlie Winters Taungoo Polatsk Cumming Polevskoy Triesen Destrnik Caen Luganville Visby Derby Scranton Benha Pingtung Bell Woodinville Baicheng Branson Daloa Sholapur Kindu Neryungri Malolos Clay Channahon Coronel Cocieri Juliaca Scottsdale Tukchi Hope Forteau Aasiaat Absecon Punakha Dongola Allahabad Sambava Chepes Coatzacoalcos Charlestown Gwadar Bungoma Narva Maidenhead Bosilovo Leo Gastre
50
Bovec Bovec
Kyrenia Kyrenia
Kalgoorlie Kalgoorlie
Winters Winters
Taungoo Taungoo
Polatsk Polatsk
Cumming Cumming
Polevskoy Polevskoy
Triesen Triesen
Destrnik Destrnik
Caen Caen
Luganville Luganville
Visby Visby
Derby Derby
Scranton Scranton
Benha Benha
Pingtung Pingtung
Bell Bell
Woodinville Woodinville
Baicheng Baicheng
Branson Branson
Daloa Daloa
Sholapur Sholapur
Kindu Kindu
Neryungri Neryungri
Malolos Malolos
Clay Clay
Channahon Channahon
Coronel Coronel
Cocieri Cocieri
Juliaca Juliaca
Scottsdale Scottsdale
Tukchi Tukchi
Hope Hope
Forteau Forteau
Aasiaat Aasiaat
Absecon Absecon
Punakha Punakha
Dongola Dongola
Allahabad Allahabad
Sambava Sambava
Chepes Chepes
Coatzacoalcos Coatzacoalcos
Charlestown Charlestown
Gwadar Gwadar
Bungoma Bungoma
Narva Narva
Maidenhead Maidenhead
Bosilovo Bosilovo
Leo Leo
