0 66 79 25 33 73 102 65 44 45 90 50 10 0 3 114 2 153 53 69 72 64 26 91 30 35 36 5 99 34 12 19 154 133 31 133 84 54 84 88 83 95 70 1 23 15 61 9 61 80 193 38 56 7 68 71 187 43 11 43 93 43 4 97 139 48 139 28 77 42 47 46 58 62 76 20 105 8 105 51 32 57 29 39 63 86 161 142 27 41 94 40 14 40 92 24 100 67 55 52 181 17 87 98 59 96 6 16 177 74 135 151 75 22 144 78 144 49 60 37 81 89 85 117 13 21 82 21 13 18 0
100
0 0
66 66
79 79
25 25
33 33
73 73
65 65
44 44
45 45
90 90
50 50
10 10
3 3
2 2
53 53
69 69
72 72
64 64
26 26
91 91
30 30
35 35
36 36
5 5
99 99
34 34
12 12
19 19
31 31
84 84
54 54
88 88
83 83
95 95
70 70
1 1
23 23
15 15
61 61
9 9
80 80
38 38
56 56
7 7
68 68
71 71
11 11
43 43
93 93
4 4
97 97
48 48
28 28
77 77
42 42
47 47
46 46
58 58
62 62
76 76
20 20
8 8
51 51
32 32
57 57
29 29
39 39
63 63
86 86
27 27
41 41
94 94
40 40
14 14
92 92
24 24
67 67
55 55
52 52
17 17
87 87
98 98
59 59
96 96
6 6
16 16
74 74
75 75
22 22
78 78
49 49
60 60
37 37
81 81
89 89
85 85
82 82
21 21
13 13
18 18
