0 24 132 126 162 100 182 168 163 16 11 96 112 60 194 192 50 131 184 74 190 78 90 4 156 166 198 134 130 124 46 144 36 139 8 87 14 116 174 150 76 28 122 155 40 72 40 44 140 110 180 176 92 56 92 68 84 42 18 12 17 62 148 19 196 39 6 61 164 61 104 58 94 86 2 114 2 30 7 172 80 120 98 158 102 178 188 142 88 34 151 52 48 97 146 170 64 20 70 128 32 82 136 186 138 161 108 89 26 152 26 154 106 179 22 69 38 66 160 10 160 118 54 24 0
100
0 0
24 24
132 132
126 126
162 162
100 100
182 182
168 168
16 16
96 96
112 112
60 60
194 194
192 192
50 50
184 184
74 74
190 190
78 78
90 90
4 4
156 156
166 166
198 198
134 134
130 130
124 124
46 46
144 144
36 36
8 8
14 14
116 116
174 174
150 150
76 76
28 28
122 122
40 40
72 72
44 44
140 140
110 110
180 180
176 176
56 56
92 92
68 68
84 84
42 42
18 18
12 12
62 62
148 148
196 196
6 6
164 164
104 104
58 58
94 94
86 86
114 114
2 2
30 30
172 172
80 80
120 120
98 98
158 158
102 102
178 178
188 188
142 142
88 88
34 34
52 52
48 48
146 146
170 170
64 64
20 20
70 70
128 128
32 32
82 82
136 136
186 186
138 138
108 108
26 26
152 152
154 154
106 106
22 22
38 38
66 66
160 160
10 10
118 118
54 54
