99 35 95 9 72 71 27 71 72 45 25 45 19 26 19 23 58 43 17 8 2 33 48 47 34 7 22 10 79 98 21 36 37 28 37 32 5 75 30 93 39 78 40 78 29 0 31 38 31 81 12 16 63 49 63 18 61 3 20 3 6 89 44 89 6 3 13 11 42 91 70 24 1 15 14 15 88 11 68 96 82 46 41 46 82 96 68 99 4 99
50
35 35
9 9
27 27
45 45
25 25
19 19
26 26
23 23
43 43
17 17
8 8
2 2
33 33
48 48
47 47
34 34
7 7
22 22
10 10
21 21
36 36
28 28
37 37
32 32
5 5
30 30
39 39
40 40
29 29
0 0
31 31
38 38
12 12
16 16
49 49
18 18
20 20
3 3
44 44
6 6
13 13
11 11
42 42
24 24
1 1
15 15
14 14
46 46
41 41
4 4
