SueJosephGarza KennethShannonGardel MelindaKennethAzar NathanKevinCorathers JamesJaredGonzalez LucyBennyHaag LauraPhilipWinkler KevinHaroldCyr JessicaJohnSpells PaulEvanRichard MaryLindaKirkland PhyllisJackWilson AnnaKyleChang PatriciaBernardBrock ThomasAnnieRuiz MariaChristopherCast DarnellAliciaPeters WilliamGeorgeWilliam AshleyWilliamClarke CrystalShermanVida MarianLuluDiaz LillieKathleenCervan WilburnDavidMiller LuisHelenHughes IraJimmyYang SueCourtneyOsgood PamelaPageBullock BrianLuzArce LeroySandraLewis ChristinaDanaGrant KarenErmaJensen PaulShaneSoldner JohnDustinKenny AlfredaKirstenMartin DonaldDoloresKelly FranciscoFrancesHarr JohnJoseJudd ElsieJosephPhelps OllieGeorgeSova BrianRolandAli SueJosephGarza
39
KennethShannonGardel KennethShannonGardel
MelindaKennethAzar MelindaKennethAzar
NathanKevinCorathers NathanKevinCorathers
JamesJaredGonzalez JamesJaredGonzalez
LucyBennyHaag LucyBennyHaag
LauraPhilipWinkler LauraPhilipWinkler
KevinHaroldCyr KevinHaroldCyr
JessicaJohnSpells JessicaJohnSpells
PaulEvanRichard PaulEvanRichard
MaryLindaKirkland MaryLindaKirkland
PhyllisJackWilson PhyllisJackWilson
AnnaKyleChang AnnaKyleChang
PatriciaBernardBrock PatriciaBernardBrock
ThomasAnnieRuiz ThomasAnnieRuiz
MariaChristopherCast MariaChristopherCast
DarnellAliciaPeters DarnellAliciaPeters
WilliamGeorgeWilliam WilliamGeorgeWilliam
AshleyWilliamClarke AshleyWilliamClarke
CrystalShermanVida CrystalShermanVida
MarianLuluDiaz MarianLuluDiaz
LillieKathleenCervan LillieKathleenCervan
WilburnDavidMiller WilburnDavidMiller
LuisHelenHughes LuisHelenHughes
IraJimmyYang IraJimmyYang
SueCourtneyOsgood SueCourtneyOsgood
PamelaPageBullock PamelaPageBullock
BrianLuzArce BrianLuzArce
LeroySandraLewis LeroySandraLewis
ChristinaDanaGrant ChristinaDanaGrant
KarenErmaJensen KarenErmaJensen
PaulShaneSoldner PaulShaneSoldner
JohnDustinKenny JohnDustinKenny
AlfredaKirstenMartin AlfredaKirstenMartin
DonaldDoloresKelly DonaldDoloresKelly
FranciscoFrancesHarr FranciscoFrancesHarr
JohnJoseJudd JohnJoseJudd
ElsieJosephPhelps ElsieJosephPhelps
OllieGeorgeSova OllieGeorgeSova
BrianRolandAli BrianRolandAli
