Brightmere Westmill Butterbush Bluedell Irondeer Oakmere Southwheat Wellmage Lightmere Esterfall Stoneglass Eriwall Woodice Snowshore Stonefair Esterash Morwall Foxvale Freyview Newley Ironriver Greyice Courtwall Morwald Oldmoor Goldwyvern Corbank Greenshore Eastcastle Courtcastle Rosemill Buttermead Foxhaven Valhaven Westerlight Erilyn Newby Wildemarsh Marbleiron Lochmage Westvale Violetley Wolflea Bushgate Clearnesse Dellwyn Fairsage Shoreburn Ironshore Clearland Brightmere
50
Brightmere Brightmere
Westmill Westmill
Butterbush Butterbush
Bluedell Bluedell
Irondeer Irondeer
Oakmere Oakmere
Southwheat Southwheat
Wellmage Wellmage
Lightmere Lightmere
Esterfall Esterfall
Stoneglass Stoneglass
Eriwall Eriwall
Woodice Woodice
Snowshore Snowshore
Stonefair Stonefair
Esterash Esterash
Morwall Morwall
Foxvale Foxvale
Freyview Freyview
Newley Newley
Ironriver Ironriver
Greyice Greyice
Courtwall Courtwall
Morwald Morwald
Oldmoor Oldmoor
Goldwyvern Goldwyvern
Corbank Corbank
Greenshore Greenshore
Eastcastle Eastcastle
Courtcastle Courtcastle
Rosemill Rosemill
Buttermead Buttermead
Foxhaven Foxhaven
Valhaven Valhaven
Westerlight Westerlight
Erilyn Erilyn
Newby Newby
Wildemarsh Wildemarsh
Marbleiron Marbleiron
Lochmage Lochmage
Westvale Westvale
Violetley Violetley
Wolflea Wolflea
Bushgate Bushgate
Clearnesse Clearnesse
Dellwyn Dellwyn
Fairsage Fairsage
Shoreburn Shoreburn
Ironshore Ironshore
Clearland Clearland
