FacultyClub EarthquakeLibrary Morrison Spieker CITRIS BerkeleyLawLibrary BanwayBuilding Sproul Koshland MathLibrary Hildebrand Mulford Giauque BancroftDance AlumniHouse ArtHistoryLibrary Durham HaasClubhouse Unit3 BioscienceLibrary Jacobs OptometryLibrary Stanley HearstFountain VLSB Senior StowPlaza Cheit PacificFilmArchive MartinezCommons UniversityHouse CesarChavez Durant Warren FoundersRock EngineeringLibrary SEAsianLibrary LatinAmerican BerkeleyWayWest SpringerGateway IRLE Campbell LeConte Birge Stephens OBrien EnergyBuilding IdaHouse Wellman Wheeler CareerCenter Soda AndersenAuditorium VisualCenter MaxwellField SummerSession Latimer SimpsonCenter FoxCottage Davis InternationalHouse HearstGreekTheatre Hilgard DonnerLaboratory MediaCenter UpperHearstParking InnovationStudio Investigative MelvinLaboratory EthnicLibrary SproulPlaza LawrenceofScience StudentUnion AnthropologyLibrary NewspapersLibrary HearstFieldAnnex McCone Boalt LawSchool MSRI AquaticCenter Bowles Bechtel WooHonFai BrainImagingCenter SocialLibrary Manville TAAP Etcheverry Underhill EarthLibrary NorthGate Pimentel HearstGym PhysicsLibrary Evans EastAsianLibrary HealthServices FPF Library BancroftLibrary SutardjaDai MLK FacultyClub
100
FacultyClub FacultyClub
EarthquakeLibrary EarthquakeLibrary
Morrison Morrison
Spieker Spieker
CITRIS CITRIS
BerkeleyLawLibrary BerkeleyLawLibrary
BanwayBuilding BanwayBuilding
Sproul Sproul
Koshland Koshland
MathLibrary MathLibrary
Hildebrand Hildebrand
Mulford Mulford
Giauque Giauque
BancroftDance BancroftDance
AlumniHouse AlumniHouse
ArtHistoryLibrary ArtHistoryLibrary
Durham Durham
Unit3 Unit3
BioscienceLibrary BioscienceLibrary
Jacobs Jacobs
OptometryLibrary OptometryLibrary
Stanley Stanley
HearstFountain HearstFountain
VLSB VLSB
Senior Senior
StowPlaza StowPlaza
Cheit Cheit
PacificFilmArchive PacificFilmArchive
MartinezCommons MartinezCommons
UniversityHouse UniversityHouse
CesarChavez CesarChavez
Durant Durant
Warren Warren
FoundersRock FoundersRock
EngineeringLibrary EngineeringLibrary
SEAsianLibrary SEAsianLibrary
LatinAmerican LatinAmerican
BerkeleyWayWest BerkeleyWayWest
SpringerGateway SpringerGateway
IRLE IRLE
Campbell Campbell
LeConte LeConte
Birge Birge
Stephens Stephens
OBrien OBrien
EnergyBuilding EnergyBuilding
IdaHouse IdaHouse
Wellman Wellman
Wheeler Wheeler
CareerCenter CareerCenter
Soda Soda
AndersenAuditorium AndersenAuditorium
VisualCenter VisualCenter
MaxwellField MaxwellField
Latimer Latimer
SimpsonCenter SimpsonCenter
FoxCottage FoxCottage
Davis Davis
InternationalHouse InternationalHouse
HearstGreekTheatre HearstGreekTheatre
Hilgard Hilgard
DonnerLaboratory DonnerLaboratory
MediaCenter MediaCenter
UpperHearstParking UpperHearstParking
Investigative Investigative
MelvinLaboratory MelvinLaboratory
EthnicLibrary EthnicLibrary
SproulPlaza SproulPlaza
LawrenceofScience LawrenceofScience
StudentUnion StudentUnion
AnthropologyLibrary AnthropologyLibrary
NewspapersLibrary NewspapersLibrary
HearstFieldAnnex HearstFieldAnnex
McCone McCone
Boalt Boalt
LawSchool LawSchool
MSRI MSRI
AquaticCenter AquaticCenter
Bowles Bowles
Bechtel Bechtel
WooHonFai WooHonFai
BrainImagingCenter BrainImagingCenter
SocialLibrary SocialLibrary
Manville Manville
TAAP TAAP
Etcheverry Etcheverry
Underhill Underhill
EarthLibrary EarthLibrary
NorthGate NorthGate
Pimentel Pimentel
HearstGym HearstGym
PhysicsLibrary PhysicsLibrary
Evans Evans
EastAsianLibrary EastAsianLibrary
HealthServices HealthServices
FPF FPF
Library Library
BancroftLibrary BancroftLibrary
SutardjaDai SutardjaDai
MLK MLK
