K AX AU BX AD Z BF AZ BJ BR BL H T D BO N BC CT AY E AJ F AS BP AQ BA CQ CF CN AK A BV AG CO J AF BM B AB CL S BK AC BS CC BU O AM AR BW CP AW CB CH R AT BE BI AV CS BQ Q BN BG Y L BH G BB AH M BT CI CV CK AL BD AO CJ CG AA W AN I CU AP U BY CR AE P AI C CD CM V BZ X CE CA K
100
K K
AX AX
AU AU
BX BX
AD AD
Z Z
BF BF
AZ AZ
BJ BJ
BR BR
BL BL
H H
T T
D D
BO BO
N N
BC BC
CT CT
AY AY
E E
AJ AJ
F F
AS AS
BP BP
AQ AQ
BA BA
CQ CQ
CF CF
CN CN
AK AK
A A
BV BV
AG AG
CO CO
J J
AF AF
BM BM
B B
AB AB
CL CL
S S
BK BK
AC AC
BS BS
CC CC
BU BU
O O
AM AM
AR AR
BW BW
CP CP
AW AW
CB CB
CH CH
R R
AT AT
BE BE
BI BI
AV AV
CS CS
BQ BQ
Q Q
BN BN
BG BG
Y Y
L L
BH BH
G G
BB BB
AH AH
M M
BT BT
CI CI
CV CV
CK CK
AL AL
BD BD
AO AO
CJ CJ
CG CG
AA AA
W W
AN AN
I I
CU CU
AP AP
U U
BY BY
CR CR
AE AE
P P
AI AI
C C
CD CD
CM CM
V V
BZ BZ
X X
CE CE
CA CA
