845LWU7Kg6167HQY i7lmV5iDIgl5f 1 5 1 KKUFV29x8iO ftk2 KKUFV29x8iO 122gt ElUTL D SmI7f H6pXAnE0KypnExX YLKBD54k pbE3R4QsB76l 3i80K09a 672Pt4Ytw8LW J 7L J X6SrYf57mSUQQ28C NQ3vX6W6H74aK53np 5Ll49ySSWT043CtCd2 B4mQOl023dn1 y ZT3 95E0752p51t N8191M9E9v 9 N8191M9E9v HDLHc5Kdk SL88w66v7 HDLHc5Kdk TBk5Pt5vt5SInt 77yN7eHZwfF99R2 geUO1h 8M2OK8Px58 geUO1h r ICQxh0Q58799CUd2 r k 3k k 4l4aqvNKB KpBvy 4 TU76UjE52906 3 5CCl0n2r5512 MY3aL96Y 2qgWbB40Ya16 xaM1q4jQi3efYb0 11l6P71DgEau1baEX4 xaM1q4jQi3efYb0 2qgWbB40Ya16 MY3aL96Y u3Qv 42U0k6JhTQxPvUw8 u3Qv EnhLq7BgTj8IN3Z2m fgM12T WMY0xVk9j8T6Ly eqYzN7b19UgNo1K WMY0xVk9j8T6Ly fgM12T 6RiHvQ4xTN5 9vq8gscs7dz1 48783322I5q9PFVPT 5Qkzz260R7 eDv5MBdo MVvh DUiYDuR9yYFD5 UH4Lf7FAuZoT4lv2 YKpC4gQmPKaU311w9eOT O41Muu 95fufpL7BuUW8Mng00jE O58T a 845LWU7Kg6167HQY
50
845LWU7Kg6167HQY 845LWU7Kg6167HQY
5 5
KKUFV29x8iO KKUFV29x8iO
ftk2 ftk2
122gt 122gt
ElUTL ElUTL
D D
SmI7f SmI7f
H6pXAnE0KypnExX H6pXAnE0KypnExX
YLKBD54k YLKBD54k
672Pt4Ytw8LW 672Pt4Ytw8LW
7L 7L
X6SrYf57mSUQQ28C X6SrYf57mSUQQ28C
NQ3vX6W6H74aK53np NQ3vX6W6H74aK53np
B4mQOl023dn1 B4mQOl023dn1
y y
ZT3 ZT3
95E0752p51t 95E0752p51t
9 9
SL88w66v7 SL88w66v7
TBk5Pt5vt5SInt TBk5Pt5vt5SInt
8M2OK8Px58 8M2OK8Px58
geUO1h geUO1h
ICQxh0Q58799CUd2 ICQxh0Q58799CUd2
r r
3k 3k
4l4aqvNKB 4l4aqvNKB
KpBvy KpBvy
4 4
TU76UjE52906 TU76UjE52906
3 3
5CCl0n2r5512 5CCl0n2r5512
MY3aL96Y MY3aL96Y
2qgWbB40Ya16 2qgWbB40Ya16
xaM1q4jQi3efYb0 xaM1q4jQi3efYb0
11l6P71DgEau1baEX4 11l6P71DgEau1baEX4
42U0k6JhTQxPvUw8 42U0k6JhTQxPvUw8
u3Qv u3Qv
EnhLq7BgTj8IN3Z2m EnhLq7BgTj8IN3Z2m
fgM12T fgM12T
eqYzN7b19UgNo1K eqYzN7b19UgNo1K
6RiHvQ4xTN5 6RiHvQ4xTN5
48783322I5q9PFVPT 48783322I5q9PFVPT
5Qkzz260R7 5Qkzz260R7
eDv5MBdo eDv5MBdo
MVvh MVvh
DUiYDuR9yYFD5 DUiYDuR9yYFD5
YKpC4gQmPKaU311w9eOT YKpC4gQmPKaU311w9eOT
O41Muu O41Muu
O58T O58T
