AA AC AJ AC AA DT CX DU CX DS CX AN CY DV CY DW CY AN AD AK AD AL AD DN CT AM CV DR CV AM CW DQ CW DP CW AM CT DN AD AA AB AH BM BP CE BW AI BW CE BP BM AH BN BS FF BS BN AH AB AE AO AP AO AQ AO AE AB AF AB AG AZ BD AZ AG BA BE BA BG BA BF BA AG BB BH BB BI BB AG BC BJ BC BK FE DZ EC DX DY DX EC EB EA FC EA EI FB EI EA EB EC EE ED EP ED EE EF EL EW EX EY EX EW EL EF EN EQ EO EQ EN EF EH FA EH EJ EZ EJ EH EF EE EC DZ FE BK BC AG AB AA
46
AA AA
AJ AJ
AC AC
DT DT
DU DU
DS DS
DV DV
DW DW
AN AN
AD AD
AK AK
AL AL
AM AM
DR DR
DQ DQ
DP DP
AB AB
AI AI
FF FF
AH AH
AE AE
AO AO
AP AP
AQ AQ
AF AF
AG AG
BD BD
BE BE
BG BG
BF BF
BH BH
BI BI
BJ BJ
BK BK
DZ DZ
DX DX
DY DY
FC FC
FB FB
EP EP
EX EX
EY EY
EN EN
EO EO
FA FA
EZ EZ
