48 73 186 72 108 72 163 171 163 173 35 81 148 21 79 11 6 109 168 46 196 141 129 136 129 9 42 25 90 87 107 45 151 121 120 159 10 115 154 53 154 197 61 34 165 175 7 154 110 102 179 174 125 143 167 143 137 43 32 64 83 55 36 147 38 117 189 162 123 114 157 194 193 127 88 173 145 118 58 164 77 19 77 124 56 124 2 23 39 85 152 29 152 99 5 51 84 60 84 135 181 113 69 113 182 94 126 119 93 133 107 177 158 96 191 66 74 149 104 180 156 52 193 98 103 98 67 98 101 98 16 40 176 122 170 3 155 199 138 78 185 190 185 168 20 48
100
48 48
73 73
186 186
108 108
171 171
163 163
35 35
148 148
21 21
79 79
11 11
109 109
46 46
196 196
141 141
129 129
136 136
9 9
42 42
25 25
90 90
87 87
107 107
151 151
120 120
10 10
115 115
53 53
154 154
197 197
34 34
165 165
175 175
7 7
110 110
179 179
125 125
167 167
143 143
137 137
64 64
55 55
36 36
147 147
38 38
117 117
123 123
157 157
194 194
193 193
88 88
145 145
118 118
58 58
164 164
19 19
56 56
2 2
23 23
39 39
85 85
29 29
152 152
5 5
60 60
84 84
135 135
181 181
69 69
113 113
182 182
126 126
119 119
93 93
133 133
177 177
158 158
191 191
66 66
74 74
149 149
180 180
156 156
52 52
103 103
98 98
67 67
101 101
16 16
40 40
176 176
170 170
3 3
155 155
199 199
138 138
78 78
185 185
190 190
20 20
