0 91 68 53 49 57 22 50 26 101 75 79 90 77 36 41 42 28 12 113 135 82 135 17 62 5 87 46 38 46 72 29 14 144 52 73 65 23 60 189 51 92 104 24 63 80 32 4 66 95 47 37 74 43 10 83 10 2 30 19 48 100 3 58 97 176 44 176 97 31 55 76 33 85 16 96 6 71 21 13 21 93 178 94 70 17 89 45 7 54 149 18 9 78 86 99 27 39 27 15 25 67 64 11 1 34 11 59 69 40 8 88 61 88 98 158 84 81 20 35 56 0
100
91 91
68 68
53 53
49 49
57 57
22 22
50 50
26 26
75 75
79 79
90 90
77 77
36 36
41 41
42 42
28 28
12 12
82 82
17 17
62 62
5 5
87 87
46 46
38 38
72 72
29 29
14 14
52 52
73 73
65 65
23 23
60 60
51 51
92 92
24 24
63 63
80 80
32 32
4 4
66 66
95 95
47 47
37 37
74 74
43 43
83 83
10 10
2 2
30 30
19 19
48 48
100 100
3 3
58 58
97 97
44 44
31 31
55 55
76 76
33 33
85 85
16 16
96 96
6 6
71 71
21 21
13 13
93 93
94 94
70 70
89 89
45 45
7 7
54 54
18 18
9 9
78 78
86 86
99 99
39 39
27 27
15 15
25 25
67 67
64 64
11 11
1 1
34 34
59 59
69 69
40 40
8 8
61 61
88 88
98 98
84 84
81 81
20 20
35 35
56 56
