exothermic namesake Dominican yogurt swordfish wafer Tucson Bernini amateur Injun Curtis McCall Andersen McCall sacrifice extrovert Sicilian Halstead lordosis midget coarse FPC Iowa combine trill shovel decor Irvin felony exothermic
25
namesake namesake
yogurt yogurt
swordfish swordfish
wafer wafer
Tucson Tucson
Bernini Bernini
amateur amateur
Injun Injun
Curtis Curtis
Andersen Andersen
McCall McCall
sacrifice sacrifice
extrovert extrovert
Halstead Halstead
lordosis lordosis
midget midget
coarse coarse
FPC FPC
Iowa Iowa
combine combine
trill trill
shovel shovel
decor decor
Irvin Irvin
felony felony
