6Zg7j6t8kt lrFRnKniRv MpRNDD0glq 4ViGHxfdlc 0gqiqztWgj fhmE7A9rVl 79JJ9GZF8c M9d0z6OccV gSP0irArmo N08DpqDewo gSP0irArmo YZKJeBb8Pe dojrtYXceT wXTrLT9dUx 1aPtXDhYtV ESDdDChkYw 1iUrZ2N0MA s8EkvbOYAX 1iUrZ2N0MA pm1Yq2dCLL iyQiEnpG35 pm1Yq2dCLL uXkvSfF7Kv OpwMnuSGmp dyS1o5lQHD UgxUR9jKcJ NgxnYo41LY 4lUeyqYb0U J6nn6V6pVr fbxiHLAsv4 ECFKqOm791 OR78sPVsV9 EZQ9HUGjRN OR78sPVsV9 4RZs4XFvF9 G05S6XZiBa 1koyFI8rlU Octagmmhko TH1GgoG5GU vCSWEyz4PC KpPj50fAfy zG9cl6Gy30 7cteJXIZM1 YrPP1U1r20 ckEVpwA8CD YQKcyMibnc ckEVpwA8CD YrPP1U1r20 I1RTFIGWhc ITqWOrk6ub 4JtfcKJvHu H0NdoJawvz oQb2PqTM8x tvKOOMQ7Sv Iroa6leixY R0OKpbbX8l b3jUAAPOlA cqCbnI2bkr bc4pLp9tiD OGWcs2X8pk 8pgnfE3xKu oRs9wR3IGE 8pgnfE3xKu vD4d0BZ03p zH4Z0p0Ftj VWD9Yy5Xrg MImiDijd1o 97dvK2Az7S Dkc5CxJ6RV 97dvK2Az7S GSDEYlNcCM ka4cgDWgq7 6Zg7j6t8kt
50
lrFRnKniRv lrFRnKniRv
MpRNDD0glq MpRNDD0glq
4ViGHxfdlc 4ViGHxfdlc
0gqiqztWgj 0gqiqztWgj
fhmE7A9rVl fhmE7A9rVl
79JJ9GZF8c 79JJ9GZF8c
M9d0z6OccV M9d0z6OccV
N08DpqDewo N08DpqDewo
YZKJeBb8Pe YZKJeBb8Pe
dojrtYXceT dojrtYXceT
wXTrLT9dUx wXTrLT9dUx
1aPtXDhYtV 1aPtXDhYtV
ESDdDChkYw ESDdDChkYw
s8EkvbOYAX s8EkvbOYAX
iyQiEnpG35 iyQiEnpG35
uXkvSfF7Kv uXkvSfF7Kv
OpwMnuSGmp OpwMnuSGmp
UgxUR9jKcJ UgxUR9jKcJ
NgxnYo41LY NgxnYo41LY
4lUeyqYb0U 4lUeyqYb0U
fbxiHLAsv4 fbxiHLAsv4
EZQ9HUGjRN EZQ9HUGjRN
4RZs4XFvF9 4RZs4XFvF9
G05S6XZiBa G05S6XZiBa
1koyFI8rlU 1koyFI8rlU
Octagmmhko Octagmmhko
TH1GgoG5GU TH1GgoG5GU
vCSWEyz4PC vCSWEyz4PC
KpPj50fAfy KpPj50fAfy
7cteJXIZM1 7cteJXIZM1
YrPP1U1r20 YrPP1U1r20
ckEVpwA8CD ckEVpwA8CD
YQKcyMibnc YQKcyMibnc
I1RTFIGWhc I1RTFIGWhc
4JtfcKJvHu 4JtfcKJvHu
H0NdoJawvz H0NdoJawvz
tvKOOMQ7Sv tvKOOMQ7Sv
Iroa6leixY Iroa6leixY
b3jUAAPOlA b3jUAAPOlA
cqCbnI2bkr cqCbnI2bkr
OGWcs2X8pk OGWcs2X8pk
8pgnfE3xKu 8pgnfE3xKu
oRs9wR3IGE oRs9wR3IGE
vD4d0BZ03p vD4d0BZ03p
zH4Z0p0Ftj zH4Z0p0Ftj
VWD9Yy5Xrg VWD9Yy5Xrg
Dkc5CxJ6RV Dkc5CxJ6RV
97dvK2Az7S 97dvK2Az7S
GSDEYlNcCM GSDEYlNcCM
ka4cgDWgq7 ka4cgDWgq7
