1 1aC 1cE 1cT 1dZ 1dC 1bC 1aB 1bR 1bQ 1bT 1dT 1dW 1aK 1cC 1dJ 1bW 1bY 1cU 1aX 1bB 1bO 1cK 1bJ 1dE 1dM 1cJ 1dF 1eE 1cG 1aJ 1bP 1bH 1bF 1cZ 1eC 1eI 1aS 1aE 1aQ 1aV 1dH 1aL 1aM 1aR 1aI 1eA 1bA 1aT 1cH 1cX 1dY 1aW 1dS 1aZ 1dO 1cI 1bV 1eG 1cP 1dG 1bL 1bG 1bD 1aY 1eB 1bM 1dV 1cN 1eF 1cQ 1bU 1cS 1aN 1cV 1cD 1bN 1dN 1aA 1cR 1dD 1cO 1dR 1dA 1cW 1dK 1cB 1cY 1bK 1bX 1dI 1aU 1eJ 1cF 1eH 1bE 1aP 1bS 1eD 1dP 1
100
1 1
1aC 1aC
1cE 1cE
1cT 1cT
1dZ 1dZ
1dC 1dC
1bC 1bC
1aB 1aB
1bR 1bR
1bQ 1bQ
1bT 1bT
1dT 1dT
1dW 1dW
1aK 1aK
1cC 1cC
1dJ 1dJ
1bW 1bW
1bY 1bY
1cU 1cU
1aX 1aX
1bB 1bB
1bO 1bO
1cK 1cK
1bJ 1bJ
1dE 1dE
1dM 1dM
1cJ 1cJ
1dF 1dF
1eE 1eE
1cG 1cG
1aJ 1aJ
1bP 1bP
1bH 1bH
1bF 1bF
1cZ 1cZ
1eC 1eC
1eI 1eI
1aS 1aS
1aE 1aE
1aQ 1aQ
1aV 1aV
1dH 1dH
1aL 1aL
1aM 1aM
1aR 1aR
1aI 1aI
1eA 1eA
1bA 1bA
1aT 1aT
1cH 1cH
1cX 1cX
1dY 1dY
1aW 1aW
1dS 1dS
1aZ 1aZ
1dO 1dO
1cI 1cI
1bV 1bV
1eG 1eG
1cP 1cP
1dG 1dG
1bL 1bL
1bG 1bG
1bD 1bD
1aY 1aY
1eB 1eB
1bM 1bM
1dV 1dV
1cN 1cN
1eF 1eF
1cQ 1cQ
1bU 1bU
1cS 1cS
1aN 1aN
1cV 1cV
1cD 1cD
1bN 1bN
1dN 1dN
1aA 1aA
1cR 1cR
1dD 1dD
1cO 1cO
1dR 1dR
1dA 1dA
1cW 1cW
1dK 1dK
1cB 1cB
1cY 1cY
1bK 1bK
1bX 1bX
1dI 1dI
1aU 1aU
1eJ 1eJ
1cF 1cF
1eH 1eH
1bE 1bE
1aP 1aP
1bS 1bS
1eD 1eD
1dP 1dP
