FortCollins Hemet Knoxville Harlingen Anaheim Kennewick Cleveland Austin LasVegas Independence Bellevue Lakeland ElPaso Boise CollegeStation Chicago McAllen Bridgeport Bradenton Hollywood Grayslake Bremerton Allentown Henderson LittleRock Greensboro Abilene Dallas Jefferson Marysville Aberdeen Barnstable Gilbert Jacksonville AtlanticCity Bakersfield AnnArbor Baltimore BonitaSprings Fargo Arvada Erie Hickory Inglewood Lubbock Louisville Anchorage Lancaster Fairfield LasCruces Joliet Fairfield Albany CedarRapids Lorain Garland GrandRapids Indianapolis Burbank Cambridge Augusta Dayton Chandler DesMoines GreenBay ColoradoSprings Layton Denver Davenport Albuquerque Leominster Manchester Atlanta Danbury Evansville FortWayne Brownsville Appleton Fayetteville DalyCity Kalamazoo Fresno Houston Beaumont Bethlehem Eugene BoiseCity Amarillo Alexandria Carrollton Frederick Hampton Lafayette Lakewood CapeCoral KansasCity ElMonte Berkeley DavidsonCounty Irvine Harrisburg Fontana Champaign Elkhart Brighton Fremont Cary Irving Lacey Detroit Corona AppleValley FortWaltonBeach Elizabeth Akron FortCollins
100
FortCollins FortCollins
Hemet Hemet
Knoxville Knoxville
Harlingen Harlingen
Anaheim Anaheim
Kennewick Kennewick
Cleveland Cleveland
Austin Austin
Independence Independence
Bellevue Bellevue
Lakeland Lakeland
ElPaso ElPaso
Boise Boise
CollegeStation CollegeStation
Chicago Chicago
Bradenton Bradenton
Hollywood Hollywood
Grayslake Grayslake
Bremerton Bremerton
Allentown Allentown
Henderson Henderson
LittleRock LittleRock
Abilene Abilene
Dallas Dallas
Jefferson Jefferson
Aberdeen Aberdeen
Barnstable Barnstable
Gilbert Gilbert
Jacksonville Jacksonville
Bakersfield Bakersfield
AnnArbor AnnArbor
Baltimore Baltimore
BonitaSprings BonitaSprings
Fargo Fargo
Arvada Arvada
Erie Erie
Hickory Hickory
Inglewood Inglewood
Lubbock Lubbock
Louisville Louisville
Anchorage Anchorage
Lancaster Lancaster
LasCruces LasCruces
Joliet Joliet
Fairfield Fairfield
CedarRapids CedarRapids
Lorain Lorain
Garland Garland
GrandRapids GrandRapids
Indianapolis Indianapolis
Burbank Burbank
Augusta Augusta
Chandler Chandler
DesMoines DesMoines
ColoradoSprings ColoradoSprings
Layton Layton
Denver Denver
Albuquerque Albuquerque
Leominster Leominster
Manchester Manchester
Atlanta Atlanta
Danbury Danbury
Evansville Evansville
Brownsville Brownsville
Appleton Appleton
Fayetteville Fayetteville
DalyCity DalyCity
Kalamazoo Kalamazoo
Fresno Fresno
Houston Houston
Beaumont Beaumont
Bethlehem Bethlehem
Eugene Eugene
BoiseCity BoiseCity
Amarillo Amarillo
Alexandria Alexandria
Carrollton Carrollton
Frederick Frederick
Hampton Hampton
Lafayette Lafayette
Lakewood Lakewood
CapeCoral CapeCoral
ElMonte ElMonte
Berkeley Berkeley
DavidsonCounty DavidsonCounty
Irvine Irvine
Harrisburg Harrisburg
Fontana Fontana
Champaign Champaign
Elkhart Elkhart
Brighton Brighton
Fremont Fremont
Cary Cary
Irving Irving
Lacey Lacey
Detroit Detroit
AppleValley AppleValley
FortWaltonBeach FortWaltonBeach
Elizabeth Elizabeth
Akron Akron
