152 75 50 153 183 9 81 166 35 95 169 140 105 94 180 130 94 173 24 143 151 163 91 150 149 41 90 116 147 84 56 84 147 66 171 87 142 28 42 13 38 6 144 96 85 14 7 184 179 0 2 51 172 51 154 78 123 170 54 115 129 108 136 8 108 89 60 145 62 121 155 58 112 31 111 168 73 21 92 21 73 165 134 139 65 139 101 37 126 69 82 102 181 102 82 53 4 113 5 182 12 33 43 19 79 45 160 175 160 157 162 97 27 152
73
75 75
50 50
153 153
183 183
9 9
81 81
166 166
35 35
95 95
169 169
105 105
94 94
180 180
130 130
143 143
151 151
163 163
149 149
41 41
90 90
116 116
56 56
66 66
171 171
87 87
142 142
28 28
42 42
13 13
38 38
144 144
96 96
85 85
184 184
0 0
2 2
51 51
172 172
78 78
170 170
54 54
136 136
8 8
89 89
60 60
145 145
121 121
58 58
112 112
31 31
111 111
168 168
73 73
92 92
165 165
134 134
65 65
139 139
101 101
37 37
126 126
181 181
53 53
113 113
5 5
182 182
12 12
79 79
45 45
175 175
157 157
97 97
27 27
