5 94 39 92 39 94 20 11 36 62 34 9 34 133 68 133 34 62 123 40 155 96 175 22 175 96 155 195 56 118 113 61 138 69 153 69 183 51 183 69 138 55 102 158 80 158 45 14 45 47 43 119 67 41 67 119 15 156 76 81 19 151 109 84 168 84 109 152 58 109 75 66 17 105 25 30 65 178 71 119 192 18 177 37 64 130 150 91 191 194 191 74 31 74 16 190 18 192 100 78 179 161 99 1 101 174 27 0 53 110 188 35 135 86 44 86 85 184 196 77 189 103 189 77 143 172 159 90 149 28 180 28 149 90 2 140 164 29 193 165 42 137 42 165 173 165 63 26 35 116 134 50 134 116 138 34 121 157 121 52 162 126 54 48 199 166 32 166 122 166 199 170 136 117 83 104 171 112 10 112 82 129 146 129 82 154 46 154 187 33 4 5
100
92 92
39 39
20 20
11 11
9 9
133 133
68 68
34 34
123 123
22 22
96 96
56 56
61 61
69 69
153 153
183 183
51 51
55 55
102 102
80 80
158 158
14 14
47 47
43 43
67 67
41 41
156 156
76 76
81 81
151 151
168 168
152 152
58 58
75 75
17 17
105 105
25 25
178 178
71 71
192 192
18 18
177 177
37 37
64 64
91 91
194 194
31 31
16 16
100 100
78 78
179 179
99 99
1 1
101 101
174 174
53 53
110 110
188 188
135 135
44 44
85 85
184 184
196 196
77 77
189 189
103 103
143 143
159 159
149 149
180 180
28 28
2 2
140 140
164 164
193 193
42 42
137 137
173 173
63 63
26 26
50 50
116 116
138 138
157 157
52 52
162 162
48 48
199 199
32 32
122 122
170 170
83 83
104 104
171 171
10 10
146 146
154 154
46 46
187 187
33 33
