Soda 167 122 190 196 136 166 149 159 150 123 117 120 155 121 169 127 187 106 184 180 188 119 124 161 116 174 147 115 189 175 103 137 151 141 139 104 176 148 173 114 130 113 185 191 101 145 163 99 131 152 126 112 105 198 108 153 125 110 170 144 134 156 128 171 140 182 195 154 146 132 102 107 133 181 183 179 168 165 177 109 162 118 111 164 158 193 197 129 138 192 160 186 100 135 178 172 142 194 143 157 Soda
100
167 167
122 122
190 190
196 196
136 136
166 166
149 149
159 159
150 150
123 123
117 117
120 120
155 155
121 121
169 169
127 127
187 187
106 106
184 184
180 180
188 188
119 119
124 124
161 161
116 116
174 174
147 147
115 115
189 189
175 175
103 103
137 137
151 151
141 141
139 139
104 104
176 176
148 148
173 173
114 114
130 130
113 113
185 185
191 191
101 101
145 145
163 163
99 99
131 131
152 152
126 126
112 112
105 105
198 198
108 108
153 153
125 125
110 110
170 170
144 144
134 134
156 156
128 128
171 171
140 140
182 182
195 195
154 154
146 146
132 132
102 102
107 107
133 133
181 181
183 183
179 179
168 168
165 165
177 177
109 109
162 162
118 118
111 111
164 164
158 158
193 193
197 197
129 129
138 138
192 192
160 160
186 186
100 100
135 135
178 178
172 172
142 142
194 194
143 143
157 157
