Soda 31 30 53 82 78 80 15 28 2 46 67 49 61 93 71 72 77 95 79 96 58 68 14 35 97 87 29 57 45 54 50 9 48 22 8 81 73 65 51 66 6 99 18 92 40 74 55 69 27 17 32 70 20 43 60 42 38 37 44 7 24 33 3 4 13 23 21 39 19 10 25 41 89 62 91 84 88 83 98 100 5 90 75 56 52 64 86 94 59 85 36 16 26 34 47 12 63 76 101 11 Soda
100
31 31
30 30
53 53
82 82
78 78
80 80
15 15
28 28
2 2
46 46
67 67
49 49
61 61
93 93
71 71
72 72
77 77
95 95
79 79
96 96
58 58
68 68
14 14
35 35
97 97
87 87
29 29
57 57
45 45
54 54
50 50
9 9
48 48
22 22
8 8
81 81
73 73
65 65
51 51
66 66
6 6
99 99
18 18
92 92
40 40
74 74
55 55
69 69
27 27
17 17
32 32
70 70
20 20
43 43
60 60
42 42
38 38
37 37
44 44
7 7
24 24
33 33
3 3
4 4
13 13
23 23
21 21
39 39
19 19
10 10
25 25
41 41
89 89
62 62
91 91
84 84
88 88
83 83
98 98
100 100
5 5
90 90
75 75
56 56
52 52
64 64
86 86
94 94
59 59
85 85
36 36
16 16
26 26
34 34
47 47
12 12
63 63
76 76
101 101
11 11
