LeonieHill ChangiPoint SungeiKadut KampongUbi Shipyard NeeSoon OrangeGrove DefuIndustrialPark Tyersall NeeSoon JurongWestCentral Sennett Outram MonksHill PasirRisCentralTown KampongGlam SembawangSprings PasirRisPark Sentosa Guilin GreenwoodPark Trafalgar Townsville ChoaChuKangCentral LoyangEast YuhuaWestBoonLay TampinesWest PunggolTownCentre Woodgrove YishunCentral ClementiCentral ChangiWest AirportRoad GeylangBahru TanjongRhu PasirPanjang2 Springleaf NorthCoast BukitBatokCentral MandaiWest YioChuKang Boulevard YioChuKang AnchorvaleBuangkok KallangWay SungeiRoad Semakau Frankel FarrerPark SingaporePolytechnic Novena Clementi Victoria SerangoonGarden Phillip Yishun BishanEast Ridout Changi CompassvaleTrafalgar ConeyIsland Kranji TanglinHalt TuasBay LeonieHill
50
SungeiKadut SungeiKadut
Shipyard Shipyard
NeeSoon NeeSoon
OrangeGrove OrangeGrove
DefuIndustrialPark DefuIndustrialPark
Tyersall Tyersall
JurongWestCentral JurongWestCentral
Sennett Sennett
Outram Outram
MonksHill MonksHill
KampongGlam KampongGlam
SembawangSprings SembawangSprings
Sentosa Sentosa
Guilin Guilin
GreenwoodPark GreenwoodPark
Trafalgar Trafalgar
Townsville Townsville
ChoaChuKangCentral ChoaChuKangCentral
LoyangEast LoyangEast
YuhuaWestBoonLay YuhuaWestBoonLay
TampinesWest TampinesWest
PunggolTownCentre PunggolTownCentre
Woodgrove Woodgrove
ClementiCentral ClementiCentral
ChangiWest ChangiWest
AirportRoad AirportRoad
PasirPanjang2 PasirPanjang2
Springleaf Springleaf
NorthCoast NorthCoast
BukitBatokCentral BukitBatokCentral
MandaiWest MandaiWest
Boulevard Boulevard
YioChuKang YioChuKang
AnchorvaleBuangkok AnchorvaleBuangkok
KallangWay KallangWay
SungeiRoad SungeiRoad
Semakau Semakau
FarrerPark FarrerPark
SingaporePolytechnic SingaporePolytechnic
Novena Novena
Victoria Victoria
SerangoonGarden SerangoonGarden
Phillip Phillip
Yishun Yishun
BishanEast BishanEast
Ridout Ridout
ConeyIsland ConeyIsland
Kranji Kranji
TanglinHalt TanglinHalt
TuasBay TuasBay
