Qwilfish Tropius Drapion Taillow Scatterbug Meloetta Sandile Simisear Noibat Skiddo Skorupi Munna Swadloon Magnemite Froakie Bounsweet Whismur Bastiodon Shellder Vespiquen Weezing Metapod Gengar Tauros Kakuna Treecko Seaking Honedge Noibat Nincada Comfey Magnemite Weepinbell Escavalier Woobat Crawdaunt Porygon2 Vullaby Volcarona Steenee Jumpluff Plusle Wailord Zekrom Conkeldurr Stufful Amoonguss Lotad Metang Slurpuff Inkay Magmar Shellos Drampa Qwilfish
50
Qwilfish Qwilfish
Drapion Drapion
Taillow Taillow
Scatterbug Scatterbug
Meloetta Meloetta
Sandile Sandile
Simisear Simisear
Skiddo Skiddo
Skorupi Skorupi
Munna Munna
Swadloon Swadloon
Froakie Froakie
Bounsweet Bounsweet
Whismur Whismur
Bastiodon Bastiodon
Shellder Shellder
Vespiquen Vespiquen
Weezing Weezing
Metapod Metapod
Gengar Gengar
Tauros Tauros
Kakuna Kakuna
Treecko Treecko
Seaking Seaking
Honedge Honedge
Noibat Noibat
Nincada Nincada
Comfey Comfey
Magnemite Magnemite
Weepinbell Weepinbell
Escavalier Escavalier
Woobat Woobat
Crawdaunt Crawdaunt
Porygon2 Porygon2
Vullaby Vullaby
Volcarona Volcarona
Steenee Steenee
Jumpluff Jumpluff
Plusle Plusle
Wailord Wailord
Conkeldurr Conkeldurr
Stufful Stufful
Amoonguss Amoonguss
Lotad Lotad
Metang Metang
Slurpuff Slurpuff
Inkay Inkay
Magmar Magmar
Shellos Shellos
Drampa Drampa
