McLaughlinHall CareerCenter MathematicalSciences BotanicalGarden HasteStreetChildDeve EnergyBiosciencesBui GrinnellNaturalArea EtcheverryHall EvansDiamond EastAsianStudiesInst HertzHall Library PublicAffairsOfficeo FacultyGlade ZellerbachHall LegendsAquaticCenter MagnesCollectionofJe WomensFacultyClub EshlemanHall GiauqueHall SpiekerAquaticsCompl LevineFrickeSoftball StrawberryCanyonRecr UCBerkeleyExtension GoldmanSchool StephensHall CampusSharedServices CNMAT1750ArchSt Romeos AnnaHeadAlumnaeHall InsectaryGreenhouse GianniniHall JonesChildStudyCente Unit3ResidentHall WitterRugbyField SimpsonCenterforStud BerkeleyArtMuseumand SeniorHall ResidentialStudentSe BancroftParkingStruc WarrenHall RecreationalSportsFa VisitorCenter KroeberHall SamsPad DurantHall RedwoodGroveBotanica MoffittLibrary McLaughlinHall
48
McLaughlinHall McLaughlinHall
CareerCenter CareerCenter
MathematicalSciences MathematicalSciences
BotanicalGarden BotanicalGarden
HasteStreetChildDeve HasteStreetChildDeve
EnergyBiosciencesBui EnergyBiosciencesBui
GrinnellNaturalArea GrinnellNaturalArea
EtcheverryHall EtcheverryHall
EvansDiamond EvansDiamond
EastAsianStudiesInst EastAsianStudiesInst
HertzHall HertzHall
Library Library
PublicAffairsOfficeo PublicAffairsOfficeo
FacultyGlade FacultyGlade
ZellerbachHall ZellerbachHall
LegendsAquaticCenter LegendsAquaticCenter
MagnesCollectionofJe MagnesCollectionofJe
WomensFacultyClub WomensFacultyClub
EshlemanHall EshlemanHall
GiauqueHall GiauqueHall
SpiekerAquaticsCompl SpiekerAquaticsCompl
LevineFrickeSoftball LevineFrickeSoftball
StrawberryCanyonRecr StrawberryCanyonRecr
UCBerkeleyExtension UCBerkeleyExtension
GoldmanSchool GoldmanSchool
StephensHall StephensHall
CampusSharedServices CampusSharedServices
CNMAT1750ArchSt CNMAT1750ArchSt
Romeos Romeos
AnnaHeadAlumnaeHall AnnaHeadAlumnaeHall
InsectaryGreenhouse InsectaryGreenhouse
GianniniHall GianniniHall
JonesChildStudyCente JonesChildStudyCente
Unit3ResidentHall Unit3ResidentHall
WitterRugbyField WitterRugbyField
SimpsonCenterforStud SimpsonCenterforStud
BerkeleyArtMuseumand BerkeleyArtMuseumand
SeniorHall SeniorHall
ResidentialStudentSe ResidentialStudentSe
BancroftParkingStruc BancroftParkingStruc
WarrenHall WarrenHall
RecreationalSportsFa RecreationalSportsFa
VisitorCenter VisitorCenter
KroeberHall KroeberHall
SamsPad SamsPad
DurantHall DurantHall
RedwoodGroveBotanica RedwoodGroveBotanica
MoffittLibrary MoffittLibrary
