a bz bb by bf dv k cp gm fl cv ci aw aj t ar cu ap l er gl ep ey em fy dq j dj fs gb gh fg dn al gp fu dx eu c ak cq h ew fa fh fr fd fv ev fz b fn e do ck bm ag dg ec p eg m ea et ga bd cs az bc ct ae bi bl cl y dm u dt eq fb w ff ex gn ee cb an du ab df aa de c en ah bv br cd ch o ed a
100
a a
bz bz
bb bb
by by
bf bf
dv dv
k k
cp cp
gm gm
fl fl
cv cv
ci ci
aw aw
aj aj
t t
ar ar
cu cu
ap ap
l l
er er
gl gl
ep ep
ey ey
em em
fy fy
dq dq
j j
dj dj
fs fs
gb gb
gh gh
fg fg
dn dn
al al
gp gp
fu fu
dx dx
eu eu
c c
ak ak
cq cq
h h
ew ew
fa fa
fh fh
fr fr
fd fd
fv fv
ev ev
fz fz
b b
fn fn
e e
do do
ck ck
bm bm
ag ag
dg dg
ec ec
p p
eg eg
m m
ea ea
et et
ga ga
bd bd
cs cs
az az
bc bc
ct ct
ae ae
bi bi
bl bl
cl cl
y y
dm dm
u u
dt dt
eq eq
fb fb
w w
ff ff
ex ex
gn gn
ee ee
cb cb
an an
du du
ab ab
df df
aa aa
de de
en en
ah ah
bv bv
br br
cd cd
ch ch
o o
ed ed
