Fizz Bane Orianna Kled Xayah Slark Gragas Terrorblade Talon Tiny Lucian Chen Visage VelKoz Fiddlesticks BountyHunter Venomancer Syndra Nunu Jinx Magnus Kassadin LoneDruid Zilean Techies Brewmaster ShadowFiend LeBlanc Timbersaw Warlock Huskar TrollWarlord Kayn Irelia Ryze Jayce Thresh FacelessVoid Beastmaster NightStalker Quinn KhaZix Mirana Medusa ShadowShaman Vi Karma Amumu StormSpirit Zed Rumble Rubick Vladimir Kennen Nidalee Katarina DeathProphet Pantheon JarvanIV Janna Undying Oracle Sniper Annie Slardar Sven Weaver Singed Heimerdinger Azir TahmKench Cassiopeia SpiritBreaker Puck Tristana Ziggs Morphling WinterWyvern Ekko Trundle ShadowDemon CentaurWarrunner Omniknight Rengar Leona Sona Yorick Nasus Viktor Fizz
89
Fizz Fizz
Bane Bane
Orianna Orianna
Kled Kled
Xayah Xayah
Slark Slark
Gragas Gragas
Terrorblade Terrorblade
Talon Talon
Tiny Tiny
Lucian Lucian
Chen Chen
Visage Visage
VelKoz VelKoz
Fiddlesticks Fiddlesticks
BountyHunter BountyHunter
Venomancer Venomancer
Syndra Syndra
Nunu Nunu
Jinx Jinx
Magnus Magnus
Kassadin Kassadin
LoneDruid LoneDruid
Zilean Zilean
Techies Techies
Brewmaster Brewmaster
ShadowFiend ShadowFiend
LeBlanc LeBlanc
Timbersaw Timbersaw
Warlock Warlock
Huskar Huskar
TrollWarlord TrollWarlord
Kayn Kayn
Irelia Irelia
Ryze Ryze
Jayce Jayce
Thresh Thresh
FacelessVoid FacelessVoid
Beastmaster Beastmaster
NightStalker NightStalker
Quinn Quinn
KhaZix KhaZix
Mirana Mirana
Medusa Medusa
ShadowShaman ShadowShaman
Vi Vi
Karma Karma
Amumu Amumu
StormSpirit StormSpirit
Zed Zed
Rumble Rumble
Rubick Rubick
Vladimir Vladimir
Kennen Kennen
Nidalee Nidalee
Katarina Katarina
DeathProphet DeathProphet
Pantheon Pantheon
JarvanIV JarvanIV
Janna Janna
Undying Undying
Oracle Oracle
Sniper Sniper
Annie Annie
Slardar Slardar
Sven Sven
Weaver Weaver
Singed Singed
Heimerdinger Heimerdinger
Azir Azir
TahmKench TahmKench
Cassiopeia Cassiopeia
SpiritBreaker SpiritBreaker
Puck Puck
Tristana Tristana
Ziggs Ziggs
Morphling Morphling
WinterWyvern WinterWyvern
Ekko Ekko
Trundle Trundle
ShadowDemon ShadowDemon
CentaurWarrunner CentaurWarrunner
Omniknight Omniknight
Rengar Rengar
Leona Leona
Sona Sona
Yorick Yorick
Nasus Nasus
Viktor Viktor
