0 21 0 7 25 7 8 74 66 62 58 56 52 55 54 53 54 55 52 56 58 62 66 74 8 10 72 67 63 59 57 51 60 64 68 71 11 10 26 28 30 33 41 81 79 81 41 33 36 35 39 37 84 87 82 87 84 37 39 35 29 34 38 75 95 96 97 98 83 99 85 99 16 15 14 47 45 42 86 99 78 76 40 31 32 31 14 17 18 19 20 19 18 17 14 47 48 49 92 90 92 49 50 93 89 94 88 80 43 44 43 91 46 47 14 13 12 73 69 65 61 65 70 65 69 73 12 28 27 77 27 28 26 10 9 24 23 0 1 0 2 3 4 5 6 5 4 3 2 0 22 0
100
0 0
21 21
7 7
25 25
53 53
54 54
55 55
52 52
56 56
58 58
62 62
66 66
74 74
8 8
10 10
72 72
67 67
63 63
59 59
57 57
51 51
60 60
64 64
68 68
71 71
11 11
26 26
30 30
33 33
81 81
79 79
41 41
36 36
35 35
37 37
84 84
87 87
82 82
39 39
29 29
34 34
38 38
75 75
95 95
96 96
97 97
98 98
83 83
85 85
99 99
16 16
15 15
45 45
42 42
86 86
78 78
76 76
40 40
32 32
31 31
20 20
19 19
18 18
17 17
48 48
49 49
90 90
92 92
50 50
93 93
89 89
94 94
88 88
80 80
44 44
43 43
91 91
46 46
47 47
14 14
13 13
12 12
73 73
69 69
65 65
61 61
70 70
77 77
27 27
28 28
9 9
24 24
23 23
1 1
3 3
4 4
5 5
6 6
2 2
22 22
