6 1 4 0 8 7 2 6 199 198 197 194 190 191 196 199 189 182 181 187 184 186 185 180 189 172 177 172 176 170 179 170 178 172 168 164 168 166 167 163 168 158 157 150 153 154 152 159 158 143 148 145 149 144 147 146 143 133 139 134 130 137 138 132 133 124 126 123 129 128 120 125 124 111 114 112 115 118 113 111 103 105 101 102 107 109 106 105 103 96 90 95 97 98 94 96 80 81 87 88 85 80 73 74 78 72 79 75 77 73 67 69 62 63 60 65 67 55 51 50 59 51 55 57 55 42 40 48 46 41 40 42 30 31 30 38 36 38 39 30 24 20 21 20 23 26 24 11 15 13 14 16 19 10 18 11 6
92
1 1
4 4
0 0
8 8
7 7
198 198
194 194
190 190
191 191
196 196
182 182
181 181
187 187
186 186
185 185
177 177
176 176
170 170
179 179
178 178
164 164
166 166
167 167
163 163
157 157
150 150
153 153
152 152
148 148
145 145
149 149
144 144
146 146
139 139
134 134
130 130
137 137
132 132
126 126
129 129
128 128
120 120
125 125
114 114
112 112
115 115
118 118
113 113
105 105
101 101
107 107
109 109
106 106
90 90
95 95
97 97
98 98
81 81
87 87
88 88
85 85
74 74
78 78
79 79
75 75
77 77
69 69
62 62
63 63
60 60
65 65
51 51
50 50
59 59
57 57
40 40
48 48
46 46
41 41
31 31
38 38
36 36
39 39
20 20
21 21
23 23
26 26
15 15
14 14
19 19
10 10
18 18
