0 143 27 35 43 47 45 42 73 68 64 56 53 51 55 62 146 145 9 16 22 29 30 49 4 148 142 131 135 138 141 137 133 134 128 132 75 69 67 70 66 65 60 19 26 32 40 34 39 36 44 86 81 82 76 7 12 11 18 24 25 28 23 31 33 84 83 77 78 85 80 119 123 125 120 122 127 15 13 10 8 5 97 95 93 98 94 89 101 96 104 110 109 111 117 118 114 113 105 108 0
100
0 0
143 143
27 27
35 35
43 43
47 47
45 45
42 42
73 73
68 68
64 64
56 56
53 53
51 51
55 55
62 62
146 146
145 145
9 9
16 16
22 22
29 29
30 30
49 49
4 4
148 148
142 142
131 131
135 135
138 138
141 141
137 137
133 133
134 134
128 128
132 132
75 75
69 69
67 67
70 70
66 66
65 65
60 60
19 19
26 26
32 32
40 40
34 34
39 39
36 36
44 44
86 86
81 81
82 82
76 76
7 7
12 12
11 11
18 18
24 24
25 25
28 28
23 23
31 31
33 33
84 84
83 83
77 77
78 78
85 85
80 80
119 119
123 123
125 125
120 120
122 122
127 127
15 15
13 13
10 10
8 8
5 5
97 97
95 95
93 93
98 98
94 94
89 89
101 101
96 96
104 104
110 110
109 109
111 111
117 117
118 118
114 114
113 113
105 105
108 108
