0 21 25 78 29 59 37 19 22 49 20 98 12 80 42 35 38 39 4 88 89 47 9 76 11 86 81 94 26 57 51 69 92 70 91 58 31 77 95 5 56 46 48 16 83 3 60 90 79 34 99 28 10 67 32 15 2 41 30 87 71 44 66 1 74 27 45 64 93 65 50 55 75 97 169 96 8 82 40 13 62 17 33 36 61 53 54 7 24 73 84 68 14 72 6 63 23 135 43 52 100 85 18 0
100
21 21
25 25
78 78
29 29
59 59
37 37
19 19
22 22
49 49
20 20
98 98
12 12
80 80
42 42
35 35
38 38
39 39
4 4
88 88
89 89
47 47
9 9
76 76
11 11
86 86
81 81
94 94
26 26
57 57
51 51
69 69
92 92
70 70
91 91
58 58
31 31
77 77
95 95
5 5
56 56
46 46
48 48
16 16
83 83
3 3
60 60
90 90
79 79
34 34
99 99
28 28
10 10
67 67
32 32
15 15
2 2
41 41
30 30
87 87
71 71
44 44
66 66
1 1
74 74
27 27
45 45
64 64
93 93
65 65
50 50
55 55
75 75
97 97
96 96
8 8
82 82
40 40
13 13
62 62
17 17
33 33
36 36
61 61
53 53
54 54
7 7
24 24
73 73
84 84
68 68
14 14
72 72
6 6
63 63
23 23
43 43
52 52
100 100
85 85
18 18
