0 41 167 57 143 33 191 29 177 103 61 87 89 147 81 119 161 149 121 123 25 111 181 17 11 55 135 179 105 131 159 97 27 91 137 107 21 151 199 165 129 31 5 113 163 171 145 67 71 197 187 43 195 101 157 189 93 39 7 155 125 133 59 141 99 117 175 127 19 185 35 193 169 73 3 153 45 23 139 49 13 109 69 183 83 95 65 85 9 63 75 173 53 77 47 115 51 37 79 1 15 0
100
41 41
167 167
57 57
143 143
33 33
191 191
29 29
177 177
103 103
61 61
87 87
89 89
147 147
81 81
119 119
161 161
149 149
121 121
123 123
25 25
111 111
181 181
17 17
11 11
55 55
135 135
179 179
105 105
131 131
159 159
97 97
27 27
91 91
137 137
107 107
21 21
151 151
199 199
165 165
129 129
31 31
5 5
113 113
163 163
171 171
145 145
67 67
71 71
197 197
187 187
43 43
195 195
101 101
157 157
189 189
93 93
39 39
7 7
155 155
125 125
133 133
59 59
141 141
99 99
117 117
175 175
127 127
19 19
185 185
35 35
193 193
169 169
73 73
3 3
153 153
45 45
23 23
139 139
49 49
13 13
109 109
69 69
183 183
83 83
95 95
65 65
85 85
9 9
63 63
75 75
173 173
53 53
77 77
47 47
115 115
51 51
37 37
79 79
1 1
15 15
