0 158 35 32 136 46 179 174 105 119 156 116 80 197 180 2 192 178 184 182 33 68 194 93 18 163 38 189 62 77 199 185 177 9 78 160 129 198 193 60 195 39 183 191 16 159 96 19 131 115 170 188 74 29 21 69 142 24 70 103 190 94 31 58 143 8 125 157 50 43 126 4 12 109 133 52 86 3 51 17 0
80
0 0
158 158
35 35
32 32
136 136
46 46
179 179
174 174
105 105
119 119
156 156
116 116
80 80
197 197
180 180
2 2
192 192
178 178
184 184
182 182
33 33
68 68
194 194
93 93
18 18
163 163
38 38
189 189
62 62
77 77
199 199
185 185
177 177
9 9
78 78
160 160
129 129
198 198
193 193
60 60
195 195
39 39
183 183
191 191
16 16
159 159
96 96
19 19
131 131
115 115
170 170
188 188
74 74
29 29
21 21
69 69
142 142
24 24
70 70
103 103
190 190
94 94
31 31
58 58
143 143
8 8
125 125
157 157
50 50
43 43
126 126
4 4
12 12
109 109
133 133
52 52
86 86
3 3
51 51
17 17
