190 135 190 60 76 49 185 112 85 149 156 1 142 118 54 32 163 54 50 57 169 176 21 29 151 120 181 30 141 94 113 123 182 2 99 152 132 92 106 137 6 121 104 10 68 25 22 117 89 100 179 66 71 171 195 11 159 173 159 101 177 198 102 109 46 62 139 115 3 108 69 108 133 108 162 95 188 134 61 52 138 52 192 84 186 23 168 103 44 64 55 36 55 34 65 38 129 83 58 114 33 67 8 165 136 93 164 116 93 189 111 67 147 27 40 90 193 146 39 47 4 172 5 153 45 56 166 75 190
100
135 135
60 60
76 76
185 185
112 112
149 149
156 156
1 1
142 142
118 118
32 32
163 163
54 54
50 50
57 57
169 169
176 176
21 21
29 29
181 181
30 30
141 141
94 94
113 113
123 123
182 182
2 2
99 99
152 152
132 132
92 92
106 106
137 137
121 121
104 104
10 10
68 68
22 22
117 117
100 100
179 179
66 66
71 71
195 195
11 11
173 173
101 101
177 177
198 198
102 102
109 109
46 46
62 62
139 139
3 3
108 108
69 69
133 133
162 162
95 95
188 188
61 61
138 138
52 52
192 192
84 84
186 186
23 23
168 168
103 103
44 44
55 55
36 36
34 34
65 65
38 38
129 129
83 83
114 114
33 33
67 67
8 8
165 165
136 136
93 93
164 164
116 116
189 189
111 111
27 27
40 40
193 193
146 146
47 47
172 172
5 5
153 153
45 45
56 56
166 166
