Liam Isaiah Joseph Mateo Sebastian David Sebastian Mateo Alexander Mason Elijah Aiden William Logan Ethan Brayden Samuel Brayden Jaxson Michael Ezra Thomas James Thomas Dylan Owen Jose Sawyer John Sawyer Benjamin Carter Dominic Oliver Dominic Eli Wyatt Eli Jackson Eli Lucas Noah Luke Asher Jordan Jacob Roman Maverick Cooper Matthew Cooper Jayden Adam Ian Henry Ian Robert Daniel Isaiah Liam
30
Liam Liam
Joseph Joseph
Sebastian Sebastian
David David
Alexander Alexander
Mason Mason
Elijah Elijah
Aiden Aiden
William William
Logan Logan
Ethan Ethan
Samuel Samuel
Michael Michael
James James
Dylan Dylan
Owen Owen
John John
Benjamin Benjamin
Carter Carter
Oliver Oliver
Wyatt Wyatt
Jackson Jackson
Lucas Lucas
Noah Noah
Luke Luke
Jacob Jacob
Matthew Matthew
Jayden Jayden
Henry Henry
Daniel Daniel
