equinox analyst orange slice flow aisle houseplant corpse mastermind tropical muggy method twitch dry presidential chain funeral glove uncertainty jurisdiction seller paint essential farewell dollar remark brick fish bark secretary photograph hiccup union fibre wilderness prejudice novel disposition lamb referee explicit clothes band equinox
43
equinox equinox
analyst analyst
orange orange
slice slice
flow flow
aisle aisle
houseplant houseplant
corpse corpse
mastermind mastermind
tropical tropical
muggy muggy
method method
twitch twitch
dry dry
presidential presidential
chain chain
funeral funeral
glove glove
uncertainty uncertainty
jurisdiction jurisdiction
seller seller
paint paint
essential essential
farewell farewell
dollar dollar
remark remark
brick brick
fish fish
bark bark
secretary secretary
photograph photograph
hiccup hiccup
union union
fibre fibre
wilderness wilderness
prejudice prejudice
novel novel
disposition disposition
lamb lamb
referee referee
explicit explicit
clothes clothes
band band
