engine bus dealer light time birth promotion drawer secretary piano speech meal situation model space office standard understanding chapter teaching member preparation volume card emphasis beer teacher satisfaction choice machine reputation tax leadership worker aspect politics significance beginning accident money grandmother difficulty performance data departure interaction age class eye failure two step mind fact view country sympathy engineering area director moment editor song section funeral energy war figure measurement buyer process tooth police problem source drawing tension ear clothes answer education variation singer menu error tool ratio analyst delivery town idea side sport series girl dirt material flight temperature business engine
100
engine engine
bus bus
dealer dealer
light light
time time
birth birth
promotion promotion
drawer drawer
secretary secretary
piano piano
speech speech
meal meal
situation situation
model model
space space
office office
standard standard
understanding understanding
chapter chapter
teaching teaching
member member
preparation preparation
volume volume
card card
emphasis emphasis
beer beer
teacher teacher
satisfaction satisfaction
choice choice
machine machine
reputation reputation
tax tax
leadership leadership
worker worker
aspect aspect
politics politics
significance significance
beginning beginning
accident accident
money money
grandmother grandmother
difficulty difficulty
performance performance
data data
departure departure
interaction interaction
age age
class class
eye eye
failure failure
two two
step step
mind mind
fact fact
view view
country country
sympathy sympathy
engineering engineering
area area
director director
moment moment
editor editor
song song
section section
funeral funeral
energy energy
war war
figure figure
measurement measurement
buyer buyer
process process
tooth tooth
police police
problem problem
source source
drawing drawing
tension tension
ear ear
clothes clothes
answer answer
education education
variation variation
singer singer
menu menu
error error
tool tool
ratio ratio
analyst analyst
delivery delivery
town town
idea idea
side side
sport sport
series series
girl girl
dirt dirt
material material
flight flight
temperature temperature
business business
