context road teaching aspect bread thanks fat attempt care state ability soil satisfaction reality while construction wood bit bedroom farmer store currency anxiety departure interaction context
25
context context
road road
teaching teaching
aspect aspect
bread bread
thanks thanks
fat fat
attempt attempt
care care
state state
ability ability
soil soil
satisfaction satisfaction
reality reality
while while
construction construction
wood wood
bit bit
bedroom bedroom
farmer farmer
store store
currency currency
anxiety anxiety
departure departure
interaction interaction
