Wheeler Doe Campanile LeConte Birge LeConte Dwinelle MLK Zellerbach VLSB Moffitt Soda Sather Barker Sather OCF Sather Martinez Sather Unit3 Sather Soda Cheit Normandy Kresge Davis Hearst Cafe3 Cloyne WayWest Warren WayWest Ippuku Metropolitan FallRush Bongo BigC Pavilion PeoplePark Pavilion Simons Koja TriDelta Koja Legends Koja LaNote Unit2 LaNote Simons Pavilion BigC McCone CKerr McCone Baker CZ Fiji CZ Baker FSM Faculty Haas Minor Maxwell MemorialStadium Hargrove MemorialStadium Maxwell Minor Haas Stonefire Koshland RSF Koshland Haviland Memorial IHouse Memorial McLaughlin South Stephens Moses Stephens HearstAnnex Anthony Pimentel Morgan CVStarr Moffitt VLSB Etcheverry Latimer Stanley Foothill Stanley Latimer Evans Morrison Hertz Kroeber Wurster Boalt Wurster Kroeber Lewis Greek Bechtel Jacobs Cory Greek Morrison Evans Wheeler Sproul Wheeler
36
Birge Birge
Dwinelle Dwinelle
Barker Barker
OCF OCF
Martinez Martinez
Unit3 Unit3
Cheit Cheit
Davis Davis
Hearst Hearst
Cloyne Cloyne
Warren Warren
Metropolitan Metropolitan
PeoplePark PeoplePark
TriDelta TriDelta
Legends Legends
Unit2 Unit2
CKerr CKerr
Fiji Fiji
Baker Baker
Hargrove Hargrove
Haas Haas
Stonefire Stonefire
RSF RSF
IHouse IHouse
McLaughlin McLaughlin
Moses Moses
Anthony Anthony
Moffitt Moffitt
Etcheverry Etcheverry
Foothill Foothill
Morrison Morrison
Kroeber Kroeber
Boalt Boalt
Bechtel Bechtel
Jacobs Jacobs
Sproul Sproul
