86 169 186 196 131 172 56 172 88 27 88 151 80 194 80 151 17 151 160 147 91 136 94 114 105 114 93 58 28 58 97 127 92 182 96 174 96 182 113 111 129 111 121 111 76 99 87 127 72 95 57 7 45 180 26 9 110 9 13 9 10 171 75 63 74 63 2 67 54 114 52 135 38 20 82 20 36 134 44 108 182 100 68 90 68 35 68 22 128 5 3 19 3 11 42 1 60 8 79 21 79 137 79 30 61 69 61 51 18 139 47 41 47 188 199 188 198 78 14 78 71 103 64 40 122 49 125 86 120 186 73 37 84 62 89 115 53 180 106 180 66 23 185 43 192 62 104 24 168 189 168 24 104 107 81 181 143 6 143 117 143 48 12 123 12 138 147 184 161 163 7 145 167 132 167 65 146 65 167 140 25 153 25 154 25 158 147 101 133 152 133 116 78 148 98 173 98 126 32 157 32 159 32 175 166 149 39 177 39 156 142 4 179 4 183 25 150 86
100
169 169
196 196
56 56
27 27
194 194
17 17
160 160
91 91
94 94
105 105
93 93
28 28
97 97
92 92
174 174
113 113
129 129
121 121
76 76
87 87
72 72
57 57
45 45
26 26
110 110
13 13
10 10
75 75
74 74
2 2
54 54
52 52
38 38
82 82
36 36
44 44
100 100
90 90
35 35
22 22
5 5
19 19
11 11
1 1
8 8
21 21
137 137
30 30
69 69
51 51
139 139
41 41
199 199
198 198
14 14
71 71
64 64
122 122
125 125
120 120
73 73
84 84
89 89
53 53
106 106
66 66
185 185
192 192
189 189
107 107
181 181
6 6
117 117
48 48
123 123
138 138
184 184
163 163
145 145
132 132
146 146
140 140
153 153
154 154
158 158
101 101
152 152
116 116
148 148
173 173
126 126
157 157
159 159
175 175
149 149
177 177
156 156
179 179
183 183
150 150
