110 77 195 99 181 67 15 163 132 91 145 190 122 127 3 138 55 39 171 11 176 160 13 142 38 159 81 124 168 44 72 100 60 66 182 85 87 192 41 20 25 98 189 178 148 74 172 92 197 169 54 47 45 73 76 94 30 40 170 14 193 123 43 101 121 131 6 140 51 141 18 83 5 161 52 19 165 22 53 96 50 56 64 175 1 36 79 149 126 147 107 0 154 29 28 103 199 152 26 90 110
100
110 110
77 77
195 195
99 99
181 181
67 67
15 15
163 163
132 132
91 91
145 145
190 190
122 122
127 127
3 3
138 138
55 55
39 39
171 171
11 11
176 176
160 160
13 13
142 142
38 38
159 159
81 81
124 124
168 168
44 44
72 72
100 100
60 60
66 66
182 182
85 85
87 87
192 192
41 41
20 20
25 25
98 98
189 189
178 178
148 148
74 74
172 172
92 92
197 197
169 169
54 54
47 47
45 45
73 73
76 76
94 94
30 30
40 40
170 170
14 14
193 193
123 123
43 43
101 101
121 121
131 131
6 6
140 140
51 51
141 141
18 18
83 83
5 5
161 161
52 52
19 19
165 165
22 22
53 53
96 96
50 50
56 56
64 64
175 175
1 1
36 36
79 79
149 149
126 126
147 147
107 107
0 0
154 154
29 29
28 28
103 103
199 199
152 152
26 26
90 90
