cure coralberry Delphi St Negroid St Brillouin bear marquess bear reflectance bear Bridgeport bear indignity bear upheld bear Moe bear lint bear seem bear stupor bear Vichy St logjam St item St Blackman St latch salary roost periphery hypotonic coralberry Muscat coralberry ineducable coralberry greet Verdi swoop periphery obfuscate awash belch awash cure
25
Delphi Delphi
Negroid Negroid
Brillouin Brillouin
marquess marquess
reflectance reflectance
Bridgeport Bridgeport
indignity indignity
upheld upheld
Moe Moe
lint lint
seem seem
stupor stupor
Vichy Vichy
logjam logjam
item item
Blackman Blackman
latch latch
roost roost
hypotonic hypotonic
Muscat Muscat
ineducable ineducable
greet greet
swoop swoop
obfuscate obfuscate
belch belch
