clod phonic callus phonic sign presto stateroom presto vicious presto resurrect presto Dunbar presto spit presto Spaulding presto disseminate presto furlough presto perennial presto Brooklyn presto post presto Gloria presto cur presto Dunlap presto Lethe presto sneaky presto Illinois presto ferrite presto coincide presto twirly presto servicemen presto foxglove presto ambiguity Yankton Kingsbury Yankton decrease Yankton bauble Yankton Barnet Yankton onomatopoeia Yankton officious Yankton linger Yankton pundit Yankton syllogistic Yankton anchor Yankton aide Yankton Levitt Yankton collateral Yankton salmon phonic axon phonic bowline phonic abridge phonic Stratton phonic objector phonic Saskatchewan lever shriek lever behalf mortgagee pole mortgagee walrus mortgagee Hyde blackberry clod
50
callus callus
sign sign
stateroom stateroom
vicious vicious
resurrect resurrect
Dunbar Dunbar
spit spit
Spaulding Spaulding
disseminate disseminate
furlough furlough
perennial perennial
Brooklyn Brooklyn
post post
Gloria Gloria
cur cur
Dunlap Dunlap
Lethe Lethe
sneaky sneaky
Illinois Illinois
ferrite ferrite
coincide coincide
twirly twirly
servicemen servicemen
foxglove foxglove
ambiguity ambiguity
Kingsbury Kingsbury
decrease decrease
bauble bauble
Barnet Barnet
onomatopoeia onomatopoeia
officious officious
linger linger
pundit pundit
syllogistic syllogistic
anchor anchor
aide aide
Levitt Levitt
collateral collateral
salmon salmon
axon axon
bowline bowline
abridge abridge
Stratton Stratton
objector objector
Saskatchewan Saskatchewan
shriek shriek
behalf behalf
pole pole
walrus walrus
Hyde Hyde
