azv xie hyb yiy hip yvc jwx brw cwq mtd gcw ipq yfq ncc vfq eqa mis boc mpw cib ufa txp sau aur scm hwc hlc qzx uua rcw cvb vxn rfl gfr uyd rov zuz lmh ivp hcc ryg jvc hsi pzr hob wcd cim gei ctf dqy ijd ovx rti oqv azv
50
azv azv
xie xie
hyb hyb
yiy yiy
hip hip
yvc yvc
jwx jwx
brw brw
cwq cwq
mtd mtd
gcw gcw
ipq ipq
yfq yfq
ncc ncc
vfq vfq
eqa eqa
mis mis
boc boc
mpw mpw
cib cib
ufa ufa
sau sau
aur aur
scm scm
hwc hwc
hlc hlc
qzx qzx
uua uua
rcw rcw
vxn vxn
rfl rfl
gfr gfr
uyd uyd
rov rov
zuz zuz
lmh lmh
ivp ivp
hcc hcc
jvc jvc
hsi hsi
pzr pzr
wcd wcd
cim cim
gei gei
ctf ctf
dqy dqy
ijd ijd
ovx ovx
rti rti
oqv oqv
