Potrero Meyers Calaveras Clayton Ida Fremont Chinese Oceanside Fiorini Balsdon Smoke 18th Linden Warner Merced Banning Boulevard All Laguna Carmel Richvale Santa Ames Woffard Hume Potrero
25
Potrero Potrero
Meyers Meyers
Calaveras Calaveras
Clayton Clayton
Ida Ida
Fremont Fremont
Chinese Chinese
Oceanside Oceanside
Fiorini Fiorini
Balsdon Balsdon
Smoke Smoke
18th 18th
Linden Linden
Warner Warner
Merced Merced
Banning Banning
Boulevard Boulevard
All All
Laguna Laguna
Carmel Carmel
Richvale Richvale
Santa Santa
Ames Ames
Woffard Woffard
Hume Hume
