Soda BerkeleyWayWest Campanile Evans BAMPFA Evans BotanicalGardens HearstMining Dwinelle HavilandHall Foothill LeConte Wheeler DavisHall Stern DavisHall Moffit SouthHall Unit1 Blackwell DurantHall Unit2 BancroftLibrary Blackwell Cory Gilman HildebrandHall CaliforniaHall Barrows Unit3 Campbell GiauqueHall AlumniHouse InternationalHouse MemorialStadium LawrenceHall GreekTheatre Doe UniversityVillage Bowles UniversityVillage Doe Soda
25
BerkeleyWayWest BerkeleyWayWest
Campanile Campanile
BAMPFA BAMPFA
Evans Evans
HearstMining HearstMining
Dwinelle Dwinelle
Foothill Foothill
LeConte LeConte
Wheeler Wheeler
Stern Stern
Moffit Moffit
SouthHall SouthHall
Unit1 Unit1
DurantHall DurantHall
Unit2 Unit2
BancroftLibrary BancroftLibrary
Gilman Gilman
CaliforniaHall CaliforniaHall
Unit3 Unit3
Campbell Campbell
InternationalHouse InternationalHouse
LawrenceHall LawrenceHall
GreekTheatre GreekTheatre
Bowles Bowles
Doe Doe
