Shelf0 Toolbox153 Toilet13 Drugs184 Monster73 Websites4 Clock139 Allergies88 YouTube33 Soda119 Solar192 Cat15 Drugs39 Hnads116 System79 Drugs195 Water29 Laptop125 Kitty98 Rollers95 Water135 Boat141 Leash77 Poop150 Robot93 Crab83 Soap64 System156 Nuclear18 Solar130 Light30 Comics28 Book171 Comics113 Toolbox72 Ice9 Website190 Solar162 Laptop19 Ice41 Shelf40 Soda197 Kitty194 Allergies176 Dislike143 Towel154 Boat67 Shoe174 Elevator115 Dog181 Toilet191 Soap58 Shoes8 Dislike12 Shoe17 Robot51 Urine97 Plus78 Hnads182 Plants118 Ring60 Solar71 Breakfast85 Fusion104 Poop80 Websites94 Fusion34 Websites94 Urine20 BBQ36 Rollers14 Nuclear35 Crab81 System183 Kitty89 Horse148 Clock2 Puppy117 Ice165 Water38 Ice165 Body55 Mail6 Poop76 Clock61 Printer188 Cat187 Whale31 Shower57 Sink109 Shower47 Sink109 Settings75 Flowers178 Dislike27 Book24 Monster175 Whale126 Post158 Comics107 Robot164 Whale114 Urine124 Male149 Toolbox147 Soap3 Ring82 Towel92 Dog168 Android196 Toolbox146 Ring169 Puppy140 Mail22 Allergies103 Cat163 Whale137 Shelf0
100
Shelf0 Shelf0
Toolbox153 Toolbox153
Toilet13 Toilet13
Monster73 Monster73
Websites4 Websites4
Clock139 Clock139
Allergies88 Allergies88
Soda119 Soda119
Solar192 Solar192
Cat15 Cat15
Drugs39 Drugs39
Hnads116 Hnads116
System79 System79
Drugs195 Drugs195
Water29 Water29
Laptop125 Laptop125
Kitty98 Kitty98
Rollers95 Rollers95
Water135 Water135
Leash77 Leash77
Poop150 Poop150
Robot93 Robot93
Crab83 Crab83
Soap64 Soap64
System156 System156
Nuclear18 Nuclear18
Solar130 Solar130
Light30 Light30
Book171 Book171
Toolbox72 Toolbox72
Ice9 Ice9
Website190 Website190
Solar162 Solar162
Laptop19 Laptop19
Ice41 Ice41
Shelf40 Shelf40
Soda197 Soda197
Kitty194 Kitty194
Allergies176 Allergies176
Dislike143 Dislike143
Towel154 Towel154
Boat67 Boat67
Shoe174 Shoe174
Dog181 Dog181
Soap58 Soap58
Shoes8 Shoes8
Dislike12 Dislike12
Shoe17 Shoe17
Robot51 Robot51
Urine97 Urine97
Plus78 Plus78
Hnads182 Hnads182
Plants118 Plants118
Solar71 Solar71
Breakfast85 Breakfast85
Fusion104 Fusion104
Poop80 Poop80
Fusion34 Fusion34
Urine20 Urine20
BBQ36 BBQ36
Rollers14 Rollers14
Nuclear35 Nuclear35
System183 System183
Kitty89 Kitty89
Horse148 Horse148
Clock2 Clock2
Puppy117 Puppy117
Ice165 Ice165
Water38 Water38
Body55 Body55
Mail6 Mail6
Poop76 Poop76
Clock61 Clock61
Printer188 Printer188
Cat187 Cat187
Shower57 Shower57
Sink109 Sink109
Shower47 Shower47
Settings75 Settings75
Flowers178 Flowers178
Dislike27 Dislike27
Book24 Book24
Monster175 Monster175
Whale126 Whale126
Post158 Post158
Comics107 Comics107
Robot164 Robot164
Whale114 Whale114
Urine124 Urine124
Male149 Male149
Ring82 Ring82
Towel92 Towel92
Dog168 Dog168
Android196 Android196
Toolbox146 Toolbox146
Ring169 Ring169
Puppy140 Puppy140
Mail22 Mail22
Allergies103 Allergies103
Whale137 Whale137
