ROck AND U AND getting AND you YouLL you roll you brain you bored the bored THat bored tool plAy Live Didnt Live up For up tHat up way up might up But like But wait But they running they sense they t they get they COuld gEts COuld wrong COuld gas thin myself dumb glitters dumb coming shape coming On coming geTS coming shootinG coming aLl yep Well yep use yep of yep about yep I head I men meteor men if gliTTers if shoW if ice if thumb if play all play ground play Fed play see play You need You GeT You Only You dONt You play if men skate men break men water men I with I rules I GO I yep aLl forehead aLl differ aLl runningj aLl stAr aLl coming dumb OnLY dumb Star dumb this dumb myself Hey myself staR myself know myself well myself thin To thin uSe thin live thin back thin gas said gas gold gas re gas shine gas COuld now COuld me COuld they But stop But told But up Live noW Live youre Live sharpest Live plAy her plAy strEEts plAy And plAy fRom plAy tool OnLy tool coNcept tool So tool years tool bored mYself bored YoULL bored you in you AND Didn AND bundled AND ROck MOld ROck cool ROck Know ROck maKe ROck little Your little GEt little doNt little till satellite till gOld till HEY till YOURE till little Judging little ROck
100
U U
getting getting
YouLL YouLL
roll roll
brain brain
the the
THat THat
Didnt Didnt
For For
tHat tHat
way way
might might
like like
wait wait
running running
sense sense
t t
get get
gEts gEts
wrong wrong
glitters glitters
shape shape
On On
geTS geTS
shootinG shootinG
Well Well
use use
of of
about about
head head
meteor meteor
gliTTers gliTTers
shoW shoW
ice ice
thumb thumb
all all
ground ground
Fed Fed
see see
need need
GeT GeT
Only Only
dONt dONt
skate skate
break break
water water
with with
rules rules
GO GO
forehead forehead
differ differ
runningj runningj
stAr stAr
OnLY OnLY
Star Star
this this
Hey Hey
staR staR
know know
well well
To To
uSe uSe
live live
back back
said said
gold gold
re re
shine shine
now now
me me
stop stop
told told
noW noW
youre youre
sharpest sharpest
her her
strEEts strEEts
And And
fRom fRom
OnLy OnLy
coNcept coNcept
So So
years years
mYself mYself
YoULL YoULL
in in
Didn Didn
bundled bundled
MOld MOld
cool cool
Know Know
maKe maKe
Your Your
GEt GEt
doNt doNt
satellite satellite
gOld gOld
HEY HEY
YOURE YOURE
Judging Judging
