hdpxs osxbc cihba wnelr rchbw amfiz wotiq vgwoi sxdiu hwmzn nqtru rlumh mlibf tmwdy uiogl ktzce gstwp pytwh ehqyk yqfdk zcjqx fjdqi oxuqn rzvtg ayrgb tjake mhuad cxdes oewcd osvgp rdoqk stflc syoxf gdnim lpudv evsbm yvbse pgqva maqho qbdwz wajol xcvow pihld aedvq cxajk evtgj joztf jcwpu kscoz xlrzc drojn vobqh qhvsb mujil kzwah qpbmc wkbuf kjihy gufvs mhekz syoxv tkwle bkfuc armnk btwzv ypdnb bdevm ebwcp rjuxc wdquv qckjp uklga zqjxb jhlus ymcfp lnjxt yazqf dbjxw glrpy yqtob cqsby ahnds xnpwq iyuas ohzfn dkjro bwknx lmwpk frhgc bsvth htkwy vcwfj qsmkj utdhx gdovn wcjeg zntkr tndwl rjdai qhibx mtcsd oaeyh oxitr hdpxs
100
osxbc osxbc
cihba cihba
wnelr wnelr
rchbw rchbw
amfiz amfiz
wotiq wotiq
vgwoi vgwoi
sxdiu sxdiu
hwmzn hwmzn
nqtru nqtru
rlumh rlumh
mlibf mlibf
tmwdy tmwdy
uiogl uiogl
ktzce ktzce
gstwp gstwp
pytwh pytwh
ehqyk ehqyk
yqfdk yqfdk
zcjqx zcjqx
fjdqi fjdqi
oxuqn oxuqn
rzvtg rzvtg
ayrgb ayrgb
tjake tjake
mhuad mhuad
cxdes cxdes
oewcd oewcd
osvgp osvgp
stflc stflc
syoxf syoxf
gdnim gdnim
lpudv lpudv
evsbm evsbm
yvbse yvbse
pgqva pgqva
maqho maqho
qbdwz qbdwz
wajol wajol
xcvow xcvow
pihld pihld
aedvq aedvq
cxajk cxajk
evtgj evtgj
joztf joztf
jcwpu jcwpu
kscoz kscoz
xlrzc xlrzc
drojn drojn
vobqh vobqh
qhvsb qhvsb
mujil mujil
kzwah kzwah
qpbmc qpbmc
wkbuf wkbuf
kjihy kjihy
gufvs gufvs
mhekz mhekz
syoxv syoxv
tkwle tkwle
bkfuc bkfuc
armnk armnk
btwzv btwzv
ypdnb ypdnb
bdevm bdevm
ebwcp ebwcp
rjuxc rjuxc
wdquv wdquv
qckjp qckjp
uklga uklga
zqjxb zqjxb
jhlus jhlus
ymcfp ymcfp
lnjxt lnjxt
yazqf yazqf
dbjxw dbjxw
yqtob yqtob
cqsby cqsby
ahnds ahnds
xnpwq xnpwq
iyuas iyuas
ohzfn ohzfn
dkjro dkjro
bwknx bwknx
lmwpk lmwpk
frhgc frhgc
bsvth bsvth
htkwy htkwy
vcwfj vcwfj
qsmkj qsmkj
utdhx utdhx
gdovn gdovn
wcjeg wcjeg
zntkr zntkr
tndwl tndwl
rjdai rjdai
qhibx qhibx
mtcsd mtcsd
oaeyh oaeyh
oxitr oxitr
