IvOdahrtFwzZ WUqhotrexTBp JpwDMOwQmqOp yHOsEGOhjOLt cQFNlImsTWTM wXjNgGRCXYRl ybLCwZqVZKud UGahWpWtmUQn QDhUZstsJKtV pjemGRILnFei TTwdgXpOLyxF TglqUXfjbefC PKHkuTHeRXhO WRiugWLCujBI zcAOlsVDUDkc qlMzHEurfTvO WHSGrQQrrotE sFSBpaJxLpBT TZmWJenJbEsV ZPYnROAizafx wHeDieHMYzAK oKIKkmsSWzmH nxbMBCPhfQij yFQWQWtUUMle lznMKRYSMheH XwPJYwaGcHxO uzYTzVwixczQ qFGlIHDqKyPA mgKEFEWheOqk yVSfaizVeLPT zCWezcJmUGqs KtoZVrQmJWki hPSXtHMMyKAK NxxrxPgsnMqG EOKLHvbbCToE dXlgwkdKhUmB EKWhDcEeEkGK nschEYWjrAsr ypApeqMQPnQA QxNjgiXciQma OIjApACwnyqG DiKlonktcqTP EwXugPkGUVkm AQgpWBullbIi zOkfhFVfOKVi UYTxhnOtiPHB PFpQuVVRxbvV sTgUExIipvWV RGYiIUdVAiVL YGzazHdyrGCd hLCSOZLNEdhX xXoCKkdkKAne nyTRNDRCsANl lRgeGnDJBtMa NMSHhfMtAJZb WWtfhwMSzfGW HVwGkspnDHbf JNoAmCxHcsYw QZQElPdcHxru gJMLzBkWmUoV cpNycWVdmzHJ mZUBOQTZyXOM WnABnktZDxMx evRMhyiHKGXv gXcuqckdTdIP WsLfQLsirtHk FkNlSGMBOUbz aXlcDzbXwAJW AhJBAeSEuUkL LNoKVqXhLEzn oOIjuHJcVRiV aSpDrTbKBytW fiHhqLtPfdZy vkOqMvrCUWYf GvyjKkGcUdcI QFfSmYtuSTPl AoaIXEzdsCrm mvdksSctoMVi ppfBOAvWYXyJ YvLRANdegrdA qxhFFIUEfnzV quZcTYtpBjSn touUfboeiIya ctZWqndwhbJm IcNVObbuvzWY zypYDSZfKAvD ubtvaUeVUfmV gkTmCiZxFrJw ocysUjOwnenm RQBxIsRWzmfl fblrDraNAUxK IQvKLYGCcCbd HEwqlaeMfSzl tARvBeqQDqSY cRekprdsHHWw nlzJUuBrsbXD IfTQNEFsiTgr jXgKDXnEJsra SKbQkQUhqQEt jXOmYlZmvqnI nKmMbiEuiffc IvOdahrtFwzZ
100
WUqhotrexTBp WUqhotrexTBp
JpwDMOwQmqOp JpwDMOwQmqOp
yHOsEGOhjOLt yHOsEGOhjOLt
cQFNlImsTWTM cQFNlImsTWTM
wXjNgGRCXYRl wXjNgGRCXYRl
ybLCwZqVZKud ybLCwZqVZKud
UGahWpWtmUQn UGahWpWtmUQn
QDhUZstsJKtV QDhUZstsJKtV
pjemGRILnFei pjemGRILnFei
TTwdgXpOLyxF TTwdgXpOLyxF
TglqUXfjbefC TglqUXfjbefC
PKHkuTHeRXhO PKHkuTHeRXhO
WRiugWLCujBI WRiugWLCujBI
zcAOlsVDUDkc zcAOlsVDUDkc
qlMzHEurfTvO qlMzHEurfTvO
WHSGrQQrrotE WHSGrQQrrotE
sFSBpaJxLpBT sFSBpaJxLpBT
TZmWJenJbEsV TZmWJenJbEsV
ZPYnROAizafx ZPYnROAizafx
wHeDieHMYzAK wHeDieHMYzAK
oKIKkmsSWzmH oKIKkmsSWzmH
nxbMBCPhfQij nxbMBCPhfQij
yFQWQWtUUMle yFQWQWtUUMle
lznMKRYSMheH lznMKRYSMheH
XwPJYwaGcHxO XwPJYwaGcHxO
uzYTzVwixczQ uzYTzVwixczQ
qFGlIHDqKyPA qFGlIHDqKyPA
mgKEFEWheOqk mgKEFEWheOqk
yVSfaizVeLPT yVSfaizVeLPT
zCWezcJmUGqs zCWezcJmUGqs
KtoZVrQmJWki KtoZVrQmJWki
hPSXtHMMyKAK hPSXtHMMyKAK
NxxrxPgsnMqG NxxrxPgsnMqG
EOKLHvbbCToE EOKLHvbbCToE
dXlgwkdKhUmB dXlgwkdKhUmB
EKWhDcEeEkGK EKWhDcEeEkGK
nschEYWjrAsr nschEYWjrAsr
ypApeqMQPnQA ypApeqMQPnQA
QxNjgiXciQma QxNjgiXciQma
OIjApACwnyqG OIjApACwnyqG
DiKlonktcqTP DiKlonktcqTP
EwXugPkGUVkm EwXugPkGUVkm
AQgpWBullbIi AQgpWBullbIi
zOkfhFVfOKVi zOkfhFVfOKVi
UYTxhnOtiPHB UYTxhnOtiPHB
PFpQuVVRxbvV PFpQuVVRxbvV
sTgUExIipvWV sTgUExIipvWV
RGYiIUdVAiVL RGYiIUdVAiVL
YGzazHdyrGCd YGzazHdyrGCd
hLCSOZLNEdhX hLCSOZLNEdhX
xXoCKkdkKAne xXoCKkdkKAne
nyTRNDRCsANl nyTRNDRCsANl
lRgeGnDJBtMa lRgeGnDJBtMa
NMSHhfMtAJZb NMSHhfMtAJZb
WWtfhwMSzfGW WWtfhwMSzfGW
HVwGkspnDHbf HVwGkspnDHbf
JNoAmCxHcsYw JNoAmCxHcsYw
QZQElPdcHxru QZQElPdcHxru
gJMLzBkWmUoV gJMLzBkWmUoV
cpNycWVdmzHJ cpNycWVdmzHJ
mZUBOQTZyXOM mZUBOQTZyXOM
WnABnktZDxMx WnABnktZDxMx
evRMhyiHKGXv evRMhyiHKGXv
gXcuqckdTdIP gXcuqckdTdIP
WsLfQLsirtHk WsLfQLsirtHk
FkNlSGMBOUbz FkNlSGMBOUbz
aXlcDzbXwAJW aXlcDzbXwAJW
AhJBAeSEuUkL AhJBAeSEuUkL
LNoKVqXhLEzn LNoKVqXhLEzn
oOIjuHJcVRiV oOIjuHJcVRiV
aSpDrTbKBytW aSpDrTbKBytW
fiHhqLtPfdZy fiHhqLtPfdZy
vkOqMvrCUWYf vkOqMvrCUWYf
GvyjKkGcUdcI GvyjKkGcUdcI
QFfSmYtuSTPl QFfSmYtuSTPl
AoaIXEzdsCrm AoaIXEzdsCrm
mvdksSctoMVi mvdksSctoMVi
ppfBOAvWYXyJ ppfBOAvWYXyJ
YvLRANdegrdA YvLRANdegrdA
qxhFFIUEfnzV qxhFFIUEfnzV
quZcTYtpBjSn quZcTYtpBjSn
touUfboeiIya touUfboeiIya
ctZWqndwhbJm ctZWqndwhbJm
IcNVObbuvzWY IcNVObbuvzWY
zypYDSZfKAvD zypYDSZfKAvD
ubtvaUeVUfmV ubtvaUeVUfmV
gkTmCiZxFrJw gkTmCiZxFrJw
ocysUjOwnenm ocysUjOwnenm
RQBxIsRWzmfl RQBxIsRWzmfl
fblrDraNAUxK fblrDraNAUxK
IQvKLYGCcCbd IQvKLYGCcCbd
HEwqlaeMfSzl HEwqlaeMfSzl
tARvBeqQDqSY tARvBeqQDqSY
cRekprdsHHWw cRekprdsHHWw
nlzJUuBrsbXD nlzJUuBrsbXD
IfTQNEFsiTgr IfTQNEFsiTgr
jXgKDXnEJsra jXgKDXnEJsra
SKbQkQUhqQEt SKbQkQUhqQEt
jXOmYlZmvqnI jXOmYlZmvqnI
nKmMbiEuiffc nKmMbiEuiffc
