5 78 69 27 82 38 149 137 130 196 108 106 89 42 112 55 168 35 115 91 117 157 8 50 164 124 190 93 97 198 147 46 100 1 188 83 103 20 170 79 58 16 159 185 197 102 122 177 66 92 182 5
50
78 78
69 69
27 27
82 82
38 38
149 149
137 137
130 130
196 196
108 108
106 106
89 89
42 42
112 112
55 55
168 168
35 35
115 115
91 91
117 117
157 157
8 8
50 50
164 164
124 124
190 190
93 93
97 97
198 198
147 147
46 46
100 100
1 1
188 188
83 83
103 103
20 20
170 170
79 79
58 58
16 16
159 159
185 185
197 197
102 102
122 122
177 177
66 66
92 92
182 182
