1 131 147 149 117 139 135 145 9 21 17 29 27 11 3 37 19 13 15 39 31 23 43 25 45 57 49 47 33 41 35 55 85 61 53 65 59 51 69 79 75 63 67 73 71 77 101 83 89 81 103 87 91 93 95 105 109 99 97 107 111 127 113 119 123 125 129 137 121 143 115 133 141 7 5 1
75
1 1
131 131
147 147
149 149
117 117
139 139
135 135
145 145
9 9
21 21
17 17
29 29
27 27
11 11
3 3
37 37
19 19
13 13
15 15
39 39
31 31
23 23
43 43
25 25
45 45
57 57
49 49
47 47
33 33
41 41
35 35
55 55
85 85
61 61
53 53
65 65
59 59
51 51
69 69
79 79
75 75
63 63
67 67
73 73
71 71
77 77
101 101
83 83
89 89
81 81
103 103
87 87
91 91
93 93
95 95
105 105
109 109
99 99
97 97
107 107
111 111
127 127
113 113
119 119
123 123
125 125
129 129
137 137
121 121
143 143
115 115
133 133
141 141
7 7
5 5
