19 21 60 82 24 82 69 53 51 13 39 32 39 1 25 58 59 58 55 58 99 34 54 97 26 85 68 88 9 50 9 35 9 92 9 80 36 17 12 73 72 40 45 10 0 23 71 89 76 89 71 11 66 70 66 11 5 46 61 29 63 65 31 95 33 90 33 15 28 41 7 43 44 64 19
50
60 60
24 24
53 53
51 51
13 13
32 32
39 39
1 1
25 25
59 59
55 55
58 58
99 99
34 34
54 54
26 26
85 85
88 88
9 9
50 50
35 35
92 92
80 80
36 36
17 17
12 12
72 72
40 40
45 45
10 10
0 0
23 23
76 76
70 70
11 11
5 5
46 46
61 61
29 29
63 63
65 65
95 95
90 90
33 33
15 15
28 28
41 41
7 7
43 43
44 44
