1 16 160 32 163 100 196 45 100 26 35 57 100 28 100 138 100 105 164 177 77 100 15 100 56 100 148 100 80 175 44 100 142 151 100 101 115 63 100 150 100 97 99 193 49 100 3 100 31 100 157 100 74 100 136 100 192 100 172 100 111 22 0 100 24 100 186 89 189 100 153 100 188 100 83 127 86 100 113 100 38 100 82 100 141 21 158 199 159 54 171 180 100 12 8 30 170 84 124 195 178 119 117 43 131 76 59 121 129 100 10 100 174 191 60 134 100 194 100 137 155 183 100 18 100 25 93 29 27 50 88 19 100 36 100 182 125 100 55 68 1
100
1 1
16 16
160 160
32 32
163 163
196 196
45 45
26 26
35 35
57 57
28 28
138 138
105 105
164 164
177 177
77 77
15 15
56 56
148 148
80 80
175 175
44 44
142 142
151 151
101 101
115 115
63 63
150 150
97 97
99 99
193 193
49 49
3 3
31 31
157 157
74 74
136 136
192 192
172 172
111 111
22 22
0 0
24 24
186 186
89 89
189 189
153 153
188 188
83 83
127 127
86 86
113 113
38 38
82 82
141 141
21 21
158 158
199 199
159 159
54 54
171 171
180 180
12 12
8 8
30 30
170 170
84 84
124 124
195 195
178 178
119 119
117 117
43 43
131 131
76 76
59 59
121 121
129 129
10 10
174 174
191 191
60 60
134 134
194 194
137 137
155 155
183 183
18 18
25 25
93 93
29 29
27 27
50 50
88 88
19 19
36 36
182 182
125 125
55 55
68 68
