21 152 153 172 173 172 183 177 82 83 63 71 63 178 91 92 101 27 43 73 87 38 39 52 49 50 59 60 61 12 13 191 192 193 107 85 150 53 181 180 126 127 5 15 171 69 66 67 66 145 66 69 136 74 75 137 125 124 189 37 36 35 154 29 30 167 108 170 117 122 123 122 130 131 197 163 197 95 195 95 97 96 8 7 8 9 120 51 120 119 159 119 115 116 133 116 47 48 19 48 79 23 160 17 77 17 160 74 144 111 188 135 188 113 31 113 81 11 41 42 182 121 65 175 151 141 89 93 161 179 25 165 155 33 186 185 55 147 140 143 157 146 176 109 176 149 142 99 142 139 168 169 57 169 168 139 1 2 3 34 129 128 105 104 103 102 187 156 45 156 21
99
21 21
153 153
173 173
183 183
177 177
83 83
71 71
63 63
91 91
101 101
27 27
43 43
73 73
87 87
39 39
49 49
59 59
61 61
13 13
191 191
193 193
107 107
85 85
53 53
181 181
127 127
5 5
15 15
171 171
67 67
145 145
69 69
75 75
137 137
125 125
189 189
37 37
35 35
29 29
167 167
117 117
123 123
131 131
197 197
163 163
95 95
195 195
97 97
7 7
9 9
51 51
159 159
119 119
115 115
133 133
47 47
19 19
79 79
23 23
77 77
17 17
111 111
135 135
113 113
31 31
81 81
11 11
41 41
121 121
65 65
175 175
151 151
141 141
89 89
93 93
161 161
179 179
25 25
165 165
155 155
33 33
185 185
55 55
147 147
143 143
157 157
109 109
149 149
99 99
139 139
169 169
57 57
1 1
3 3
129 129
105 105
103 103
187 187
45 45
