74 72 80 76 73 75 102 104 102 21 23 25 24 30 28 29 26 21 192 197 198 199 191 192 98 99 96 98 38 31 39 37 32 35 36 38 141 148 146 144 142 143 145 141 58 53 55 52 54 57 59 58 172 174 180 179 175 178 171 172 118 114 111 116 119 113 118 151 157 156 160 154 153 151 2 8 6 2 46 48 47 41 50 46 121 128 125 126 122 121 18 13 16 19 12 14 11 18 63 70 68 61 66 62 69 63 182 189 184 185 182 87 86 88 83 85 81 82 89 87 169 165 167 166 168 163 161 164 169 132 136 135 140 131 137 139 132 75 77 72 74
100
74 74
80 80
76 76
73 73
104 104
23 23
25 25
30 30
28 28
29 29
26 26
192 192
197 197
198 198
199 199
191 191
99 99
96 96
38 38
31 31
39 39
37 37
32 32
35 35
36 36
141 141
148 148
146 146
142 142
145 145
58 58
53 53
55 55
52 52
54 54
57 57
59 59
172 172
174 174
180 180
179 179
175 175
178 178
118 118
114 114
111 111
116 116
119 119
113 113
151 151
157 157
156 156
160 160
153 153
2 2
8 8
6 6
47 47
41 41
50 50
46 46
128 128
126 126
122 122
13 13
16 16
19 19
14 14
11 11
70 70
68 68
61 61
66 66
62 62
69 69
189 189
185 185
86 86
88 88
83 83
85 85
81 81
82 82
89 89
169 169
165 165
167 167
166 166
168 168
163 163
161 161
164 164
136 136
135 135
140 140
131 131
137 137
139 139
75 75
77 77
