75 71 80 72 74 88 86 87 89 82 88 99 98 100 94 97 91 92 99 51 53 58 59 58 51 21 24 22 30 28 26 21 35 37 32 33 31 36 35 43 50 49 45 47 42 43 11 12 19 20 16 13 11 61 67 63 69 70 66 61 10 1 2 7 6 10 74 78 76 73 75
50
75 75
71 71
80 80
72 72
88 88
86 86
87 87
89 89
82 82
98 98
100 100
94 94
97 97
91 91
92 92
53 53
59 59
21 21
24 24
22 22
30 30
28 28
26 26
37 37
32 32
33 33
31 31
36 36
50 50
45 45
47 47
42 42
12 12
19 19
20 20
16 16
13 13
67 67
63 63
69 69
70 70
66 66
10 10
1 1
2 2
7 7
74 74
78 78
76 76
73 73
