101 100 99 91 96 98 94 92 95 90 93 97 15 19 16 14 10 18 17 13 12 11 61 62 60 67 64 69 63 66 65 68 84 82 88 89 83 81 80 87 86 85 46 43 44 42 45 48 40 47 49 41 52 53 59 57 56 58 54 50 51 55 70 79 77 76 73 72 71 74 78 75 37 32 38 36 34 39 31 30 33 35 4 0 1 2 7 5 8 6 9 3 21 28 27 24 25 22 29 26 23 20 100 101
100
99 99
91 91
96 96
98 98
94 94
92 92
95 95
90 90
93 93
97 97
15 15
19 19
16 16
14 14
10 10
18 18
17 17
13 13
12 12
11 11
61 61
62 62
60 60
67 67
64 64
69 69
63 63
66 66
65 65
68 68
84 84
82 82
88 88
89 89
83 83
81 81
80 80
87 87
86 86
85 85
46 46
43 43
44 44
42 42
45 45
48 48
40 40
47 47
49 49
41 41
52 52
53 53
59 59
57 57
56 56
58 58
54 54
50 50
51 51
55 55
70 70
79 79
77 77
76 76
73 73
72 72
71 71
74 74
78 78
75 75
37 37
32 32
38 38
36 36
34 34
39 39
31 31
30 30
33 33
35 35
4 4
0 0
1 1
2 2
7 7
5 5
8 8
6 6
9 9
3 3
21 21
28 28
27 27
24 24
25 25
22 22
29 29
26 26
23 23
20 20
