Soda Canada Austria Aruba Central Angola American Colombia Bouvet Botswana Azerbaijan United Czech Belize Guam Cambodia Cocos Cayman Djibouti Australia China Bermuda Fiji Argentina Egypt Comoros Congo Denmark Algeria Antigua Guyana Guadeloupe Soda
25
Austria Austria
Aruba Aruba
Central Central
Angola Angola
Colombia Colombia
Bouvet Bouvet
Botswana Botswana
United United
Czech Czech
Belize Belize
Guam Guam
Cambodia Cambodia
Cocos Cocos
Cayman Cayman
Australia Australia
China China
Bermuda Bermuda
Fiji Fiji
Argentina Argentina
Egypt Egypt
Comoros Comoros
Denmark Denmark
Antigua Antigua
Guyana Guyana
Guadeloupe Guadeloupe
