Meckgue TheKrustyKrab Yunkai LakeLaogai ThePrancingPony Carvahall Urubaen ShatteredPlains Meereen Winterfell Lorien HorneaterPeaks FlourishBlotts HorneaterPeaks Murkcairn Ellesmera GooLagoon Keld Grayburn KoralReef Larcbost TheHogsHead Netherfort Gizton Beldenn RepublicCity TreeofTime Dagobah Steeltown TheArcanum TheWaystoneInn Tartarus VaultofSouls Kinecardine Braavos Vexhollow Ademre BayofDragons UtgardMountain EarthKingdom TheSpine BeyondtheWall EasternAirTemple TheVale Castamere TheVale TheBoilingRock BeyondtheWall Boatwright Gotham Sanlow ZhaoFu RepublicCity MysticRuins TheGodswood TheUniversity LeakyCauldron TheUniversity Meckgue
50
Meckgue Meckgue
TheKrustyKrab TheKrustyKrab
Yunkai Yunkai
LakeLaogai LakeLaogai
ThePrancingPony ThePrancingPony
Carvahall Carvahall
Urubaen Urubaen
ShatteredPlains ShatteredPlains
Meereen Meereen
Winterfell Winterfell
Lorien Lorien
FlourishBlotts FlourishBlotts
Murkcairn Murkcairn
Ellesmera Ellesmera
GooLagoon GooLagoon
Keld Keld
Grayburn Grayburn
KoralReef KoralReef
Larcbost Larcbost
TheHogsHead TheHogsHead
Netherfort Netherfort
Gizton Gizton
Beldenn Beldenn
RepublicCity RepublicCity
TreeofTime TreeofTime
Dagobah Dagobah
Steeltown Steeltown
TheArcanum TheArcanum
TheWaystoneInn TheWaystoneInn
Tartarus Tartarus
VaultofSouls VaultofSouls
Kinecardine Kinecardine
Braavos Braavos
Vexhollow Vexhollow
Ademre Ademre
UtgardMountain UtgardMountain
EarthKingdom EarthKingdom
TheSpine TheSpine
EasternAirTemple EasternAirTemple
Castamere Castamere
TheVale TheVale
TheBoilingRock TheBoilingRock
BeyondtheWall BeyondtheWall
Gotham Gotham
Sanlow Sanlow
ZhaoFu ZhaoFu
MysticRuins MysticRuins
TheGodswood TheGodswood
TheUniversity TheUniversity
LeakyCauldron LeakyCauldron
