21 174 48 179 23 30 10 180 10 90 167 102 75 96 178 78 163 122 17 119 176 186 190 188 56 135 131 152 144 151 184 133 31 27 100 137 72 53 196 139 103 12 51 177 46 105 38 50 116 24 172 170 62 85 20 45 87 154 125 168 36 108 156 160 123 68 130 194 136 81 88 18 164 42 15 127 7 47 91 148 82 115 29 147 61 35 40 159 94 134 118 146 95 114 169 32 16 14 120 60 34 64 74 49 149 37 2 142 121 142 97 110 54 21
100
21 21
48 48
23 23
30 30
10 10
180 180
90 90
167 167
102 102
75 75
96 96
178 178
78 78
163 163
122 122
17 17
119 119
176 176
186 186
190 190
188 188
56 56
135 135
131 131
152 152
144 144
151 151
184 184
133 133
31 31
27 27
100 100
137 137
72 72
53 53
196 196
139 139
103 103
51 51
177 177
46 46
105 105
38 38
116 116
24 24
172 172
170 170
62 62
20 20
45 45
87 87
154 154
125 125
168 168
36 36
108 108
156 156
160 160
68 68
130 130
194 194
136 136
81 81
88 88
18 18
42 42
15 15
127 127
7 7
47 47
91 91
82 82
115 115
29 29
147 147
61 61
40 40
159 159
134 134
118 118
146 146
95 95
114 114
169 169
32 32
16 16
14 14
120 120
60 60
34 34
64 64
74 74
49 49
149 149
37 37
2 2
121 121
142 142
97 97
54 54
