USZWPSB RBNAR APIOYKU RGSOR BLXWCB VVSNO DFFFG RQWCFDHW FZNKCK FZGDAQKRC NBRZI DIXXP EFOWXJQKY HSJUMJH HSAIPP UDNWTRHT YAETAC WTQCHXQ CCTJZN JQHORKB KRUSUHB GEGFOSJ YOUZA XENTNT RVPJHZLQQ WEXBJV MOXGRP ILXWSRIC ANHOTJN BHAMV QMHLIXVD TTXGTNV OVKLH DKINCMT RJDHJFNIN HWJUZVNH SICVXMLGL EJXSCSGM BCHOPGEE AHZYCQM EHQRYBZ RGLCPSJQE PJXURKPC FCWRH UBODMUMJ NZJGYK LYRSZA MRXNI FJQMKJNWE YKOGGTNN FLOTLYFG ZNZOQPE XZUPVI JOXQIX MSHZNEX GALHVZ NHNDWOH SIAFKK VBAQD RUGMYM ACYPAPBPW HEFYBKPUF OLUPAJLP NCPEGX VWHRKOPZ ZKGYGD MWXYLX AIGGLZT TQSCIQTX AXCWU XQOMNCXDB JXLFSOAT MYDTJZPES KAUIIR TOAKXEQ AOVKACB EMAAQWO EPJHOESBB XHMMLM ORCMU YFEZIO NTZSZ YVIRIDDRA ZEZKNGTK CWLLCM JVWIZDBS TGPYEAP LNDUQDYSK NIVCBBO GNXDBJSVR HNOOUELP APBFJMOOF VFEEU RLWAP JEGRK FPWMJC VWNAJFRNG XSWDY GLYDZ HVERBTBS USZWPSB
100
USZWPSB USZWPSB
RBNAR RBNAR
APIOYKU APIOYKU
RGSOR RGSOR
BLXWCB BLXWCB
VVSNO VVSNO
DFFFG DFFFG
RQWCFDHW RQWCFDHW
FZNKCK FZNKCK
FZGDAQKRC FZGDAQKRC
NBRZI NBRZI
DIXXP DIXXP
EFOWXJQKY EFOWXJQKY
HSJUMJH HSJUMJH
HSAIPP HSAIPP
UDNWTRHT UDNWTRHT
YAETAC YAETAC
WTQCHXQ WTQCHXQ
CCTJZN CCTJZN
JQHORKB JQHORKB
KRUSUHB KRUSUHB
GEGFOSJ GEGFOSJ
YOUZA YOUZA
XENTNT XENTNT
RVPJHZLQQ RVPJHZLQQ
WEXBJV WEXBJV
MOXGRP MOXGRP
ILXWSRIC ILXWSRIC
ANHOTJN ANHOTJN
BHAMV BHAMV
QMHLIXVD QMHLIXVD
TTXGTNV TTXGTNV
OVKLH OVKLH
DKINCMT DKINCMT
RJDHJFNIN RJDHJFNIN
HWJUZVNH HWJUZVNH
SICVXMLGL SICVXMLGL
EJXSCSGM EJXSCSGM
BCHOPGEE BCHOPGEE
AHZYCQM AHZYCQM
EHQRYBZ EHQRYBZ
RGLCPSJQE RGLCPSJQE
PJXURKPC PJXURKPC
FCWRH FCWRH
UBODMUMJ UBODMUMJ
NZJGYK NZJGYK
LYRSZA LYRSZA
MRXNI MRXNI
FJQMKJNWE FJQMKJNWE
YKOGGTNN YKOGGTNN
FLOTLYFG FLOTLYFG
ZNZOQPE ZNZOQPE
XZUPVI XZUPVI
JOXQIX JOXQIX
MSHZNEX MSHZNEX
GALHVZ GALHVZ
NHNDWOH NHNDWOH
SIAFKK SIAFKK
VBAQD VBAQD
RUGMYM RUGMYM
ACYPAPBPW ACYPAPBPW
HEFYBKPUF HEFYBKPUF
OLUPAJLP OLUPAJLP
NCPEGX NCPEGX
VWHRKOPZ VWHRKOPZ
ZKGYGD ZKGYGD
MWXYLX MWXYLX
AIGGLZT AIGGLZT
TQSCIQTX TQSCIQTX
AXCWU AXCWU
XQOMNCXDB XQOMNCXDB
JXLFSOAT JXLFSOAT
MYDTJZPES MYDTJZPES
KAUIIR KAUIIR
TOAKXEQ TOAKXEQ
AOVKACB AOVKACB
EMAAQWO EMAAQWO
EPJHOESBB EPJHOESBB
XHMMLM XHMMLM
ORCMU ORCMU
YFEZIO YFEZIO
NTZSZ NTZSZ
YVIRIDDRA YVIRIDDRA
ZEZKNGTK ZEZKNGTK
CWLLCM CWLLCM
JVWIZDBS JVWIZDBS
TGPYEAP TGPYEAP
LNDUQDYSK LNDUQDYSK
NIVCBBO NIVCBBO
GNXDBJSVR GNXDBJSVR
HNOOUELP HNOOUELP
APBFJMOOF APBFJMOOF
VFEEU VFEEU
RLWAP RLWAP
JEGRK JEGRK
FPWMJC FPWMJC
VWNAJFRNG VWNAJFRNG
XSWDY XSWDY
GLYDZ GLYDZ
HVERBTBS HVERBTBS
