73 153 68 119 123 176 118 35 12 143 191 37 27 127 112 171 173 196 192 0 61 62 71 169 57 129 125 76 159 99 83 175 53 194 41 122 155 128 145 47 187 16 195 72 55 6 7 44 81 10 109 40 19 133 96 162 24 15 189 82 107 190 166 2 161 185 135 58 52 183 75 42 197 186 167 70 98 101 39 124 11 110 95 184 66 77 21 60 92 136 138 154 168 89 49 115 26 163 48 63 73
100
73 73
153 153
68 68
119 119
123 123
176 176
118 118
35 35
12 12
143 143
191 191
37 37
27 27
127 127
112 112
171 171
173 173
196 196
192 192
0 0
61 61
62 62
71 71
169 169
57 57
129 129
125 125
76 76
159 159
99 99
83 83
175 175
53 53
194 194
41 41
122 122
155 155
128 128
145 145
47 47
187 187
16 16
195 195
72 72
55 55
6 6
7 7
44 44
81 81
10 10
109 109
40 40
19 19
133 133
96 96
162 162
24 24
15 15
189 189
82 82
107 107
190 190
166 166
2 2
161 161
185 185
135 135
58 58
52 52
183 183
75 75
42 42
197 197
186 186
167 167
70 70
98 98
101 101
39 39
124 124
11 11
110 110
95 95
184 184
66 66
77 77
21 21
60 60
92 92
136 136
138 138
154 154
168 168
89 89
49 49
115 115
26 26
163 163
48 48
63 63
