aliquam sagittis condimentum semper lectus mattis vitae senectus habitant malesuada et fames ultricies turpis quis sed consectetur mi gravida lorem habitasse adipiscing platea praesent quisque cursus suscipit mauris enim congue placerat nisi ornare maecenas imperdiet ut euismod viverra porttitor cras nec eu aliquam vestibulum aliquam eros aliquam
43
sagittis sagittis
condimentum condimentum
semper semper
lectus lectus
mattis mattis
vitae vitae
senectus senectus
habitant habitant
malesuada malesuada
et et
fames fames
ultricies ultricies
turpis turpis
quis quis
sed sed
consectetur consectetur
mi mi
gravida gravida
lorem lorem
habitasse habitasse
adipiscing adipiscing
platea platea
praesent praesent
quisque quisque
cursus cursus
suscipit suscipit
mauris mauris
enim enim
congue congue
placerat placerat
nisi nisi
ornare ornare
maecenas maecenas
imperdiet imperdiet
ut ut
euismod euismod
viverra viverra
porttitor porttitor
cras cras
nec nec
eu eu
vestibulum vestibulum
eros eros
