xjbms mbzzn riwwe qkysn vaeqh ejwkt ydhop ybgaf llwzk bthif kyaqs tykrt fnhle akegy xecik impuz dzfkr nnnts bsuwt xeikc kvvqk psudb czppi usrtf rnrnh uegez itxfb npvgp fxnnl wxnxi nrtqp lyixz beqlb lkzxl bwgqu uzzfw lfceh xvefe hstmf deoux mrnvg bqgqy yztko wnlug iddrb ocgbu bicnj fuume lpolv hwhxr xjbms
50
xjbms xjbms
mbzzn mbzzn
riwwe riwwe
qkysn qkysn
vaeqh vaeqh
ejwkt ejwkt
ydhop ydhop
ybgaf ybgaf
llwzk llwzk
bthif bthif
kyaqs kyaqs
tykrt tykrt
fnhle fnhle
akegy akegy
xecik xecik
impuz impuz
dzfkr dzfkr
nnnts nnnts
bsuwt bsuwt
xeikc xeikc
kvvqk kvvqk
psudb psudb
czppi czppi
usrtf usrtf
rnrnh rnrnh
uegez uegez
itxfb itxfb
npvgp npvgp
fxnnl fxnnl
wxnxi wxnxi
nrtqp nrtqp
lyixz lyixz
beqlb beqlb
lkzxl lkzxl
bwgqu bwgqu
uzzfw uzzfw
lfceh lfceh
xvefe xvefe
hstmf hstmf
deoux deoux
mrnvg mrnvg
bqgqy bqgqy
yztko yztko
wnlug wnlug
iddrb iddrb
ocgbu ocgbu
bicnj bicnj
fuume fuume
lpolv lpolv
hwhxr hwhxr
