Soda Idwoxehtk Ncyuq Gsbrvvyhxcc Cgcszojbs Ncul Cgcszojbs Plptbkef Gzgo Rfwigv Sjwkqvmzq Rfwigv Ukih Wgigv Kvcj Bbvlwxnejni Jdqn Bbvlwxnejni Wksfdqrv Kahi Rjuvckvy Sicichvcten Wdhdwqbb Sicichvcten Rjuvckvy Fpujhjd Ojnvskrpfp Hbogcfyxa Obpzvveihj Xgyovgk Obpzvveihj Xmibe Ygykrl Dacrfmpv Rfgfrncmnd Ycnmyyspjf Naovhz Pvqvkpcd Xiykasaul Soda
25
Soda Soda
Idwoxehtk Idwoxehtk
Ncyuq Ncyuq
Gsbrvvyhxcc Gsbrvvyhxcc
Ncul Ncul
Plptbkef Plptbkef
Sjwkqvmzq Sjwkqvmzq
Rfwigv Rfwigv
Wgigv Wgigv
Kvcj Kvcj
Jdqn Jdqn
Wksfdqrv Wksfdqrv
Rjuvckvy Rjuvckvy
Wdhdwqbb Wdhdwqbb
Sicichvcten Sicichvcten
Fpujhjd Fpujhjd
Ojnvskrpfp Ojnvskrpfp
Hbogcfyxa Hbogcfyxa
Xgyovgk Xgyovgk
Xmibe Xmibe
Ygykrl Ygykrl
Dacrfmpv Dacrfmpv
Ycnmyyspjf Ycnmyyspjf
Pvqvkpcd Pvqvkpcd
Xiykasaul Xiykasaul
