71 37 60 35 11 5 83 88 78 68 56 86 18 86 89 59 29 16 24 34 69 40 47 10 47 26 73 79 31 41 84 81 95 21 50 21 95 81 33 2 36 30 25 99 7 99 6 32 55 93 77 58 66 62 45 94 15 75 19 74 19 75 87 61 39 3 14 54 49 13 97 28 3 39 52 85 90 67 42 70 53 70 57 9 0 9 65 96 38 64 91 37 71
50
60 60
35 35
11 11
5 5
88 88
78 78
18 18
59 59
29 29
24 24
69 69
47 47
10 10
26 26
79 79
41 41
84 84
21 21
50 50
95 95
33 33
2 2
36 36
30 30
7 7
6 6
55 55
77 77
66 66
45 45
94 94
15 15
19 19
74 74
87 87
61 61
54 54
49 49
13 13
28 28
39 39
85 85
42 42
53 53
70 70
0 0
65 65
96 96
38 38
64 64
