ffffff uu uuu o x a dddd jjjj eeeee tttttt kkkkkkkk gggggggg q hhhhhhh wwwwww ee zzzzz j dd cccc d bbbbbbb sssss ttttttt fffff nnnnnn rrrrr ggggg ffffffff xxxxx uuuuuuu ll aaaa ii xxx eeeeee m qq cccccc pppp gggg ssss ooooo wwwww vvv xxxx wwww rr llllllll llllll b uuuuuu vvvvv iiiiiii lllllll k vvvvvv pppppppp aa eeeeeee e aaaaaaaa kkkkkk bbbbbbbb mmmmmmmm qqq yy sss yyyyyyy oooooo ffff eeee tttt mm ssssss ttttt ggggggg qqqqqq aaa bbbbbb zzz jjjjjj sssssss xxxxxxx rrrrrr ccccccc hhhh lll oooooooo aaaaaa iiiiiiii hhh s ppppp jjj cc kkkk mmmm tt nnn ffffff
100
ffffff ffffff
uu uu
uuu uuu
o o
x x
a a
dddd dddd
jjjj jjjj
eeeee eeeee
tttttt tttttt
kkkkkkkk kkkkkkkk
gggggggg gggggggg
q q
hhhhhhh hhhhhhh
wwwwww wwwwww
ee ee
zzzzz zzzzz
j j
dd dd
cccc cccc
d d
bbbbbbb bbbbbbb
sssss sssss
ttttttt ttttttt
fffff fffff
nnnnnn nnnnnn
rrrrr rrrrr
ggggg ggggg
ffffffff ffffffff
xxxxx xxxxx
uuuuuuu uuuuuuu
ll ll
aaaa aaaa
ii ii
xxx xxx
eeeeee eeeeee
m m
qq qq
cccccc cccccc
pppp pppp
gggg gggg
ssss ssss
ooooo ooooo
wwwww wwwww
vvv vvv
xxxx xxxx
wwww wwww
rr rr
llllllll llllllll
llllll llllll
b b
uuuuuu uuuuuu
vvvvv vvvvv
iiiiiii iiiiiii
lllllll lllllll
k k
vvvvvv vvvvvv
pppppppp pppppppp
aa aa
eeeeeee eeeeeee
e e
aaaaaaaa aaaaaaaa
kkkkkk kkkkkk
bbbbbbbb bbbbbbbb
mmmmmmmm mmmmmmmm
qqq qqq
yy yy
sss sss
yyyyyyy yyyyyyy
oooooo oooooo
ffff ffff
eeee eeee
tttt tttt
mm mm
ssssss ssssss
ttttt ttttt
ggggggg ggggggg
qqqqqq qqqqqq
aaa aaa
bbbbbb bbbbbb
zzz zzz
jjjjjj jjjjjj
sssssss sssssss
xxxxxxx xxxxxxx
rrrrrr rrrrrr
ccccccc ccccccc
hhhh hhhh
lll lll
oooooooo oooooooo
aaaaaa aaaaaa
iiiiiiii iiiiiiii
hhh hhh
s s
ppppp ppppp
jjj jjj
cc cc
kkkk kkkk
mmmm mmmm
tt tt
nnn nnn
