AlbertFredHaines JoannCharlieWilkinso RobinStephenWebster EdwardDennisStewart MichaelMarkHolloway StevenNeilNguyen AnnDeannaLarzazs JessicaChristopherHa HeidiMayJohnson DwainJoeFeldman CassandraJaniceGlove KevinThomasHiggins TravisMichelleMeller MarkAngelaMccloud TommyAmandaMartin GlennaMichaelBorden CynthiaConnieWright MichaelElizabethWeav JosephAmandaMullen RickyJamesBrumfield ElmerDemetriusLark BernicePennyRiddick GeorgeHenryVillar DeeAmandaBartley JudyPearlineKaminski DenaJewellDavis KevinCharlesEvans StormyOllieYork StephenWilliamCoffma DorisJeffreyBinger WadeSonnyMcbride ManuelaJoseBailey JohnBrendaFuller MaryJamesDavila RonaldEdnaArant PerryJamesBennett DianeElisePickett KellyJohnnaOles JeremyJamesChavez LillianJuanAncona CraigJohnLard LynnKennethChavez DebraJaneFitzgerald PeterJosephBarbee ClaudeBobbyBaker JoStephenMay IsaacGregGargano EricJamesJuckett DeniseBrunoWilliam KathleenSherryDay MarciaWalterKirschma HowardKennethCollins RosaPatrickYankey WilliamDavidGray JamesJordanZamora BrettDominickSonnier BradleyDeborahSaball RolandGregoryWatson EdwardErnestSinger EricTammyScott JannaDavidCarranza JudeJanetHarcourt EricTinaPerea ZacharyWarrenKarth LawrenceBarryHadden CherylMaryMorgan GeorgeWilliamJackson KathleenJoseClark JackieSharonScherrer SandraHarryStewart MistyRobertKing ThomasEssieEwing GaryCharlesHudson JimmyFlorTasson MarthaJackRobinson JohnRichardSmith MarkDianeDuchon FerdinandLukeJackson AlbertFredHaines
78
AlbertFredHaines AlbertFredHaines
JoannCharlieWilkinso JoannCharlieWilkinso
RobinStephenWebster RobinStephenWebster
EdwardDennisStewart EdwardDennisStewart
MichaelMarkHolloway MichaelMarkHolloway
StevenNeilNguyen StevenNeilNguyen
AnnDeannaLarzazs AnnDeannaLarzazs
JessicaChristopherHa JessicaChristopherHa
HeidiMayJohnson HeidiMayJohnson
DwainJoeFeldman DwainJoeFeldman
CassandraJaniceGlove CassandraJaniceGlove
KevinThomasHiggins KevinThomasHiggins
TravisMichelleMeller TravisMichelleMeller
MarkAngelaMccloud MarkAngelaMccloud
TommyAmandaMartin TommyAmandaMartin
GlennaMichaelBorden GlennaMichaelBorden
CynthiaConnieWright CynthiaConnieWright
MichaelElizabethWeav MichaelElizabethWeav
JosephAmandaMullen JosephAmandaMullen
RickyJamesBrumfield RickyJamesBrumfield
ElmerDemetriusLark ElmerDemetriusLark
BernicePennyRiddick BernicePennyRiddick
GeorgeHenryVillar GeorgeHenryVillar
DeeAmandaBartley DeeAmandaBartley
JudyPearlineKaminski JudyPearlineKaminski
DenaJewellDavis DenaJewellDavis
KevinCharlesEvans KevinCharlesEvans
StormyOllieYork StormyOllieYork
StephenWilliamCoffma StephenWilliamCoffma
DorisJeffreyBinger DorisJeffreyBinger
WadeSonnyMcbride WadeSonnyMcbride
ManuelaJoseBailey ManuelaJoseBailey
JohnBrendaFuller JohnBrendaFuller
MaryJamesDavila MaryJamesDavila
RonaldEdnaArant RonaldEdnaArant
PerryJamesBennett PerryJamesBennett
DianeElisePickett DianeElisePickett
KellyJohnnaOles KellyJohnnaOles
JeremyJamesChavez JeremyJamesChavez
LillianJuanAncona LillianJuanAncona
CraigJohnLard CraigJohnLard
LynnKennethChavez LynnKennethChavez
DebraJaneFitzgerald DebraJaneFitzgerald
PeterJosephBarbee PeterJosephBarbee
ClaudeBobbyBaker ClaudeBobbyBaker
JoStephenMay JoStephenMay
IsaacGregGargano IsaacGregGargano
EricJamesJuckett EricJamesJuckett
DeniseBrunoWilliam DeniseBrunoWilliam
KathleenSherryDay KathleenSherryDay
MarciaWalterKirschma MarciaWalterKirschma
HowardKennethCollins HowardKennethCollins
RosaPatrickYankey RosaPatrickYankey
WilliamDavidGray WilliamDavidGray
JamesJordanZamora JamesJordanZamora
BrettDominickSonnier BrettDominickSonnier
BradleyDeborahSaball BradleyDeborahSaball
RolandGregoryWatson RolandGregoryWatson
EdwardErnestSinger EdwardErnestSinger
EricTammyScott EricTammyScott
JannaDavidCarranza JannaDavidCarranza
JudeJanetHarcourt JudeJanetHarcourt
EricTinaPerea EricTinaPerea
ZacharyWarrenKarth ZacharyWarrenKarth
LawrenceBarryHadden LawrenceBarryHadden
CherylMaryMorgan CherylMaryMorgan
GeorgeWilliamJackson GeorgeWilliamJackson
KathleenJoseClark KathleenJoseClark
JackieSharonScherrer JackieSharonScherrer
SandraHarryStewart SandraHarryStewart
MistyRobertKing MistyRobertKing
ThomasEssieEwing ThomasEssieEwing
GaryCharlesHudson GaryCharlesHudson
JimmyFlorTasson JimmyFlorTasson
MarthaJackRobinson MarthaJackRobinson
JohnRichardSmith JohnRichardSmith
MarkDianeDuchon MarkDianeDuchon
FerdinandLukeJackson FerdinandLukeJackson
