qtq wju oto pta pjx xdz ahy thd jno thd eku zgs sfp rju uwp yvu hxo ukh hxo tvy qnn uca llr lah xos lah mnv unk pxs unk qfc qbe tto txk rod jta htv eqm htv wpo mbx wpo tro tmd tro viv nhr slq wiq fne hxp brk ooc art idl art nfy tnl nfy iuz bsz ili yiz rut qbj dkn qbj thz pwa udq tmc hhe rxi lfh spp cjp egz vub egz bai fgo xax ooi nxr ynq ptq vlt unf nhk orc hpb orc pkx nkx qoe cxu zqn fib gup bpm qof lxt gak qjm lnv bwq qyi qls qlo cpw ase vaf zbn lbs jxq itg rwt ahv krg uoz kza plx ifc fsl wuf vsu wpq xmz cnv zgf npu wuc uxr qtq
100
qtq qtq
wju wju
pta pta
pjx pjx
xdz xdz
ahy ahy
thd thd
jno jno
zgs zgs
sfp sfp
rju rju
uwp uwp
hxo hxo
ukh ukh
qnn qnn
uca uca
xos xos
lah lah
mnv mnv
pxs pxs
qfc qfc
qbe qbe
txk txk
rod rod
jta jta
htv htv
eqm eqm
mbx mbx
tro tro
tmd tmd
viv viv
nhr nhr
slq slq
wiq wiq
hxp hxp
brk brk
ooc ooc
idl idl
nfy nfy
tnl tnl
iuz iuz
bsz bsz
ili ili
yiz yiz
rut rut
dkn dkn
qbj qbj
thz thz
pwa pwa
udq udq
tmc tmc
hhe hhe
rxi rxi
lfh lfh
spp spp
cjp cjp
egz egz
vub vub
bai bai
fgo fgo
xax xax
ooi ooi
ynq ynq
ptq ptq
vlt vlt
nhk nhk
hpb hpb
orc orc
pkx pkx
nkx nkx
cxu cxu
zqn zqn
gup gup
lxt lxt
gak gak
qjm qjm
lnv lnv
qls qls
qlo qlo
cpw cpw
ase ase
vaf vaf
zbn zbn
itg itg
rwt rwt
ahv ahv
krg krg
uoz uoz
kza kza
plx plx
ifc ifc
fsl fsl
wuf wuf
vsu vsu
wpq wpq
cnv cnv
zgf zgf
npu npu
wuc wuc
uxr uxr
