FD AU BG FU AC BV CK CG CM BT CM HH EE AF GO GB CS GD ES FI EM HO AV GS GX FS AX CE DQ BK AM DK AD BZ AK HR FX EO ED DH ED GR FB CT GZ FR BQ EW GM ET AT GC HF FM CW GF CI HP DB AJ BM FT EY EX DS CO EK FO HM FN HM FY EZ FJ HC DV BF EG DA ER DN CF EN FV CC CB CN BA GN BO DP GK AG DE AW HD HB DI GP DF AS DZ BC GQ FP EL FP BE EJ DC CL GA AZ BN CA FG DU DM CU FD
100
AU AU
BG BG
FU FU
BV BV
CK CK
CG CG
BT BT
HH HH
EE EE
AF AF
GO GO
CS CS
GD GD
ES ES
FI FI
EM EM
HO HO
AV AV
GS GS
GX GX
FS FS
AX AX
DQ DQ
BK BK
AM AM
DK DK
AD AD
BZ BZ
AK AK
HR HR
EO EO
DH DH
GR GR
CT CT
GZ GZ
FR FR
BQ BQ
EW EW
ET ET
AT AT
GC GC
HF HF
FM FM
CW CW
GF GF
CI CI
HP HP
DB DB
AJ AJ
BM BM
FT FT
EY EY
EX EX
CO CO
EK EK
FO FO
FN FN
FY FY
EZ EZ
FJ FJ
HC HC
BF BF
EG EG
DA DA
ER ER
DN DN
CF CF
EN EN
FV FV
CC CC
CB CB
BA BA
GN GN
BO BO
DP DP
GK GK
AG AG
DE DE
AW AW
HD HD
HB HB
DI DI
GP GP
DF DF
DZ DZ
BC BC
GQ GQ
FP FP
EL EL
BE BE
EJ EJ
DC DC
CL CL
GA GA
AZ AZ
BN BN
CA CA
DU DU
DM DM
CU CU
