Warfield Basringney Suddlecombe Chippingsted Botherseyworth Falport Pendlewood Horstlescompstoke Suddlecombe Ellingreham Suddlecombe Cambingstoke Wyborne Cammerrensmoor Suddleborne Ketport Ashfield Millendon Windling Dribblewick Skellingden Barndberbrough Worhall Dribbingworth Leatherbleside Dribbingworth Bastleseyham Hammenshead Cicombe Todtree Cannerthorne Tipwick Ashborne Hannenmanswick Hamsling Soddlewick Cannerthorne Chedderrenswich Dartseyworth Worberbrook Stainbrough Ciditch Northall Ciditch Stainbrough Fulbourne Southbasport Elcompbridge Chiphead Pendingbrook Suddlecastle Pendingbrook Ketsmith Whitchester Siringwang Chedtree Suddleover Chedtree Burglebrough Sudsmith Elmansham Skelling Hammerringey Chelmstanwell Brackcompwang Chilbury Warfield
50
Warfield Warfield
Basringney Basringney
Chippingsted Chippingsted
Botherseyworth Botherseyworth
Falport Falport
Pendlewood Pendlewood
Horstlescompstoke Horstlescompstoke
Ellingreham Ellingreham
Suddlecombe Suddlecombe
Cambingstoke Cambingstoke
Wyborne Wyborne
Cammerrensmoor Cammerrensmoor
Suddleborne Suddleborne
Ketport Ketport
Ashfield Ashfield
Millendon Millendon
Windling Windling
Skellingden Skellingden
Barndberbrough Barndberbrough
Worhall Worhall
Dribbingworth Dribbingworth
Leatherbleside Leatherbleside
Bastleseyham Bastleseyham
Cicombe Cicombe
Todtree Todtree
Tipwick Tipwick
Ashborne Ashborne
Hannenmanswick Hannenmanswick
Hamsling Hamsling
Soddlewick Soddlewick
Chedderrenswich Chedderrenswich
Worberbrook Worberbrook
Stainbrough Stainbrough
Northall Northall
Southbasport Southbasport
Chiphead Chiphead
Pendingbrook Pendingbrook
Suddlecastle Suddlecastle
Whitchester Whitchester
Siringwang Siringwang
Chedtree Chedtree
Suddleover Suddleover
Burglebrough Burglebrough
Sudsmith Sudsmith
Elmansham Elmansham
Skelling Skelling
Hammerringey Hammerringey
Chelmstanwell Chelmstanwell
Brackcompwang Brackcompwang
Chilbury Chilbury
