0 15 31 46 31 47 63 48 33 18 3 18 19 34 19 4 5 20 35 20 5 6 7 8 23 38 53 68 52 36 50 36 51 66 82 98 99 84 85 86 87 88 87 103 104 119 104 89 59 58 73 57 73 58 43 28 12 13 12 11 10 25 40 25 41 55 41 56 71 70 85 100 115 100 116 100 85 84 83 82 81 80 95 111 95 110 95 80 79 78 79 94 93 94 109 124 123 108 92 91 107 122 106 120 106 121 106 90 105 90 75 76 75 60 45 30 15 0
60
0 0
46 46
31 31
47 47
63 63
18 18
3 3
34 34
5 5
20 20
35 35
7 7
8 8
23 23
68 68
52 52
50 50
36 36
51 51
98 98
85 85
88 88
103 103
119 119
57 57
73 73
28 28
13 13
10 10
25 25
40 40
55 55
41 41
56 56
71 71
70 70
115 115
116 116
100 100
83 83
80 80
95 95
111 111
110 110
78 78
93 93
109 109
124 124
108 108
122 122
120 120
121 121
106 106
105 105
90 90
75 75
76 76
45 45
30 30
15 15
