0 49 154 116 32 75 116 120 54 98 54 185 27 153 38 6 95 96 67 47 67 44 173 89 184 73 36 97 104 119 117 107 159 87 147 24 164 35 138 35 9 65 84 42 109 127 191 137 191 134 128 168 125 133 83 14 4 141 156 25 193 178 180 135 69 135 81 78 81 121 20 130 12 10 100 79 126 111 149 111 51 22 118 17 175 106 86 196 179 26 176 26 8 166 8 39 151 82 58 197 186 199 48 31 118 64 74 63 91 19 85 99 85 160 145 161 163 194 129 146 170 103 28 155 70 157 50 77 182 92 108 102 108 92 183 139 18 0
100
49 49
116 116
32 32
75 75
120 120
98 98
185 185
27 27
38 38
6 6
95 95
96 96
47 47
67 67
44 44
173 173
89 89
184 184
36 36
104 104
119 119
117 117
159 159
87 87
24 24
138 138
9 9
65 65
42 42
109 109
137 137
134 134
128 128
168 168
125 125
133 133
83 83
14 14
4 4
156 156
25 25
193 193
178 178
180 180
69 69
78 78
81 81
121 121
20 20
130 130
12 12
10 10
100 100
79 79
126 126
111 111
149 149
51 51
22 22
17 17
175 175
106 106
196 196
179 179
176 176
26 26
166 166
39 39
151 151
58 58
197 197
186 186
199 199
48 48
31 31
64 64
74 74
63 63
91 91
19 19
85 85
99 99
160 160
145 145
163 163
194 194
146 146
170 170
103 103
28 28
155 155
70 70
157 157
50 50
77 77
182 182
108 108
102 102
139 139
18 18
