Waco OverlandPark AnnArbor SaltLakeCity Rochester Oski Irving SantaClara ChulaVista Lincoln Newark Lincoln Detroit DesMoines Aurora KansasCity Omaha KansasCity Aurora Richmond SanFrancisco AthensClarkeCounty OWO LexingtonFa Palmdale FortCollins Victorville StPaul Victorville SanBernardino Stamford Cary Stamford Clarksville Palmdale FortWayne Palmdale SterlingHeights OverlandPark MorenoValley SanAntonio Waco
25
AnnArbor AnnArbor
SaltLakeCity SaltLakeCity
Rochester Rochester
Irving Irving
ChulaVista ChulaVista
Lincoln Lincoln
Newark Newark
Detroit Detroit
Omaha Omaha
Richmond Richmond
SanFrancisco SanFrancisco
AthensClarkeCounty AthensClarkeCounty
OWO OWO
LexingtonFa LexingtonFa
Palmdale Palmdale
FortCollins FortCollins
StPaul StPaul
SanBernardino SanBernardino
Stamford Stamford
Cary Cary
Clarksville Clarksville
FortWayne FortWayne
SterlingHeights SterlingHeights
MorenoValley MorenoValley
SanAntonio SanAntonio
