wNqlpYNsRbJEgiGpKxrU lbWonvEbeplndKguSTkk igyeOiSdezmmXGTwMzLw oKAKfpUUuLItChLyByFh IvXQutSorlqOgnSVAIUd jUSlIFtitQxyvVLJjiCc XPPBMlNyfVVeZGIzTCEW pMOSpTzPTPLXHLOQMjnt oLMkSrYLQRLHmPiuLCTC pMOSpTzPTPLXHLOQMjnt zHPSSEtFTQIbLYMdHqgP vTbNxpVTEoFlSjvvVvfG cMYyKTXGNKnFzrpwnXUl wuSVWJYvpiWaQAHXocSG JvFxbsySBAiFiOUrzrBi NIJaJxCurulNUdZZMxFk edlAtPQdNXJQPCIzpkyX ihxEqMQIIvyQmtrtMjeO aGPbLNWYAMujnfHCTCMo HeWrJOKsDjgdrcamgZLN kwPuYZgJgVVJfdBGUtPw GMxGouyyndiUBMqMdOoc mgNeYYUOPKpLeiVEFIXd NtyLZDOaSczVvOGdocUp NYdfLxXxFVvLEbDKzXWn wlySPverjehsBxldyigf SitzoubgYFeTjmkLjVPz eCBFrcppbiLzdGQubocl CbGuHgZfQMmSOfHDFJnK XtZHoAxqEyzvMChzPHpN WMWBpOSnHGywZjCgaYyY RlHeRhvUOhGhZVGGJuED SiOEBWtHUiopSvDVOkjb ZauPfhkpsGmhbvkhkltR PZwTcKCPsEmpxetNZvef MBJqOYmxhUYbldNVEdRy hLaNXBYgTzgUhvjmqUTu MBJqOYmxhUYbldNVEdRy EEeDJaHeajXXlwYcHTeJ juzxSpUVuccJUMBOcJjO gFUGYXSirCYiFTivWNah gcXUxTVUZWsOwtRNeDDa kyApsCeFkLoLFCdkazaE scpUkbcaYSAsHhSktebT EEeDJaHeajXXlwYcHTeJ efZntVbfQTvIUOiRNPSH shugRMnaHVqQSmKaNBgu NJZlnWyeJFrkOwoqHKtT yRQdlZBUBAPypebnrlAH DZEpVGVXkxHljziwItaS ADVVlRLpnspleRTgeTdu ndaHivGVVtIUvLiyUWcm zNRhhVdMWUgTnnqmAfeY QeYNNLpZMBxyiFbZMPFY wvSJDoqoPGAkYgSuPFPw UdSbtwxTqTJxOiUoxEqw XvUPApTFkqaSSizYsCIr lSJjEsqamUCgRZdCmdyI scpUkbcaYSAsHhSktebT JVONrXhhmtFWhFfDiOXW VIPPawblKbhOVWrmrWBx iVjkcMenotYGMFEBTvoa QePOUWiXcAUCoHETxuGS gDYKDrbERUXTnCayjBrC qDLPWLkWayzdxIYSKLER NPSPGRTNRcKKVpsBRSwh QyXpliHSeQOPIsurIcpa DpztIuGTRpGuLsdlODJw QyXpliHSeQOPIsurIcpa ANDviqMIuFwdcboQDprt YTwycpmzEWCqqTELtzXc FWnudSYFvYQJHehOpEKf fpoTaBKmVdlDCxFwCFoz KcrnMnFDTrBKaUaGpdLY eOfnBeTgmYCNEnRUhlEK xlbpuxAjoVPJWPCWBEkJ eCBFrcppbiLzdGQubocl ZwvojvRdUOYNJXIwAqgC uUKZHvHmBrpBHjYWNaUL wfEFdNDcColoskjTjcLm lIpVoDPUIfHCPpjswogJ cwgJAHVpCCTmuckJkncL lIpVoDPUIfHCPpjswogJ QjbdwbUnopENkiNyqirZ nreoVgWrBhNXFZgTBlXO nCedHqGgdWAicwyuYWpg VRpSthoDcomqMDsGoVql yscsUFTNNyaVMKBztBdV EhDFVLWZueLOrdjEOzEQ aIuYyryCOUGVeCAqbqkg syonLisTOSczosCwoILE jznspKyqlmxZtgfQUJVB kqcEdfKLaRzxOhAIzchh qoaNjvaRghiMQXaVEoQe joWAhkfNqIEECnBeulGl oZXYedlbtBLmkfoVmgta svUOWvTJLneAqJGnExpc eiLPqIroFfCGzqSAlzAp ccdJRKiTXwIErdhSIxfh erZKLqpCZsYKDnOCaBGq gFUGYXSirCYiFTivWNah ayQgUwyRuQVKeyFLPNbQ ZXihCBEQBTdisqSlEMsj CvZkdIYtdeDHtwufupie UIlSMnVKIdNiXZNSiHsI fgzJCwocQniGlXAZHJId vIbIQYXZnmYrooTLYNtu bFmSeBrfNuxjYPUDCLYq szyiMlKhtyOynWjcoMsm pzrGQEObzJGPnfATEYDc xgBrJmdXVwtxgRuCBhMe EmbDgEECbkHbfAfHCgwB NzDQJknJPDEkcwCHzzbF oHoxoLeyDYnKZDzgMtxI TEPaiCedHTXapLxoBXMp imEmCMbYEtZJJkwxkSDD bEfUXCTlwRBndElSbPGf UIlSMnVKIdNiXZNSiHsI eobSFtKBbBdcVrTOREdK qfRRtdRbhYJBARMfPlZM lbWonvEbeplndKguSTkk wNqlpYNsRbJEgiGpKxrU
100
lbWonvEbeplndKguSTkk lbWonvEbeplndKguSTkk
igyeOiSdezmmXGTwMzLw igyeOiSdezmmXGTwMzLw
oKAKfpUUuLItChLyByFh oKAKfpUUuLItChLyByFh
IvXQutSorlqOgnSVAIUd IvXQutSorlqOgnSVAIUd
jUSlIFtitQxyvVLJjiCc jUSlIFtitQxyvVLJjiCc
XPPBMlNyfVVeZGIzTCEW XPPBMlNyfVVeZGIzTCEW
oLMkSrYLQRLHmPiuLCTC oLMkSrYLQRLHmPiuLCTC
pMOSpTzPTPLXHLOQMjnt pMOSpTzPTPLXHLOQMjnt
zHPSSEtFTQIbLYMdHqgP zHPSSEtFTQIbLYMdHqgP
vTbNxpVTEoFlSjvvVvfG vTbNxpVTEoFlSjvvVvfG
cMYyKTXGNKnFzrpwnXUl cMYyKTXGNKnFzrpwnXUl
wuSVWJYvpiWaQAHXocSG wuSVWJYvpiWaQAHXocSG
JvFxbsySBAiFiOUrzrBi JvFxbsySBAiFiOUrzrBi
NIJaJxCurulNUdZZMxFk NIJaJxCurulNUdZZMxFk
edlAtPQdNXJQPCIzpkyX edlAtPQdNXJQPCIzpkyX
ihxEqMQIIvyQmtrtMjeO ihxEqMQIIvyQmtrtMjeO
aGPbLNWYAMujnfHCTCMo aGPbLNWYAMujnfHCTCMo
HeWrJOKsDjgdrcamgZLN HeWrJOKsDjgdrcamgZLN
kwPuYZgJgVVJfdBGUtPw kwPuYZgJgVVJfdBGUtPw
GMxGouyyndiUBMqMdOoc GMxGouyyndiUBMqMdOoc
mgNeYYUOPKpLeiVEFIXd mgNeYYUOPKpLeiVEFIXd
NtyLZDOaSczVvOGdocUp NtyLZDOaSczVvOGdocUp
NYdfLxXxFVvLEbDKzXWn NYdfLxXxFVvLEbDKzXWn
wlySPverjehsBxldyigf wlySPverjehsBxldyigf
SitzoubgYFeTjmkLjVPz SitzoubgYFeTjmkLjVPz
CbGuHgZfQMmSOfHDFJnK CbGuHgZfQMmSOfHDFJnK
XtZHoAxqEyzvMChzPHpN XtZHoAxqEyzvMChzPHpN
WMWBpOSnHGywZjCgaYyY WMWBpOSnHGywZjCgaYyY
RlHeRhvUOhGhZVGGJuED RlHeRhvUOhGhZVGGJuED
ZauPfhkpsGmhbvkhkltR ZauPfhkpsGmhbvkhkltR
PZwTcKCPsEmpxetNZvef PZwTcKCPsEmpxetNZvef
hLaNXBYgTzgUhvjmqUTu hLaNXBYgTzgUhvjmqUTu
MBJqOYmxhUYbldNVEdRy MBJqOYmxhUYbldNVEdRy
juzxSpUVuccJUMBOcJjO juzxSpUVuccJUMBOcJjO
gcXUxTVUZWsOwtRNeDDa gcXUxTVUZWsOwtRNeDDa
kyApsCeFkLoLFCdkazaE kyApsCeFkLoLFCdkazaE
scpUkbcaYSAsHhSktebT scpUkbcaYSAsHhSktebT
EEeDJaHeajXXlwYcHTeJ EEeDJaHeajXXlwYcHTeJ
efZntVbfQTvIUOiRNPSH efZntVbfQTvIUOiRNPSH
shugRMnaHVqQSmKaNBgu shugRMnaHVqQSmKaNBgu
NJZlnWyeJFrkOwoqHKtT NJZlnWyeJFrkOwoqHKtT
DZEpVGVXkxHljziwItaS DZEpVGVXkxHljziwItaS
ADVVlRLpnspleRTgeTdu ADVVlRLpnspleRTgeTdu
zNRhhVdMWUgTnnqmAfeY zNRhhVdMWUgTnnqmAfeY
QeYNNLpZMBxyiFbZMPFY QeYNNLpZMBxyiFbZMPFY
wvSJDoqoPGAkYgSuPFPw wvSJDoqoPGAkYgSuPFPw
UdSbtwxTqTJxOiUoxEqw UdSbtwxTqTJxOiUoxEqw
XvUPApTFkqaSSizYsCIr XvUPApTFkqaSSizYsCIr
lSJjEsqamUCgRZdCmdyI lSJjEsqamUCgRZdCmdyI
JVONrXhhmtFWhFfDiOXW JVONrXhhmtFWhFfDiOXW
VIPPawblKbhOVWrmrWBx VIPPawblKbhOVWrmrWBx
QePOUWiXcAUCoHETxuGS QePOUWiXcAUCoHETxuGS
gDYKDrbERUXTnCayjBrC gDYKDrbERUXTnCayjBrC
NPSPGRTNRcKKVpsBRSwh NPSPGRTNRcKKVpsBRSwh
DpztIuGTRpGuLsdlODJw DpztIuGTRpGuLsdlODJw
QyXpliHSeQOPIsurIcpa QyXpliHSeQOPIsurIcpa
ANDviqMIuFwdcboQDprt ANDviqMIuFwdcboQDprt
YTwycpmzEWCqqTELtzXc YTwycpmzEWCqqTELtzXc
FWnudSYFvYQJHehOpEKf FWnudSYFvYQJHehOpEKf
fpoTaBKmVdlDCxFwCFoz fpoTaBKmVdlDCxFwCFoz
KcrnMnFDTrBKaUaGpdLY KcrnMnFDTrBKaUaGpdLY
eOfnBeTgmYCNEnRUhlEK eOfnBeTgmYCNEnRUhlEK
xlbpuxAjoVPJWPCWBEkJ xlbpuxAjoVPJWPCWBEkJ
ZwvojvRdUOYNJXIwAqgC ZwvojvRdUOYNJXIwAqgC
wfEFdNDcColoskjTjcLm wfEFdNDcColoskjTjcLm
cwgJAHVpCCTmuckJkncL cwgJAHVpCCTmuckJkncL
QjbdwbUnopENkiNyqirZ QjbdwbUnopENkiNyqirZ
nreoVgWrBhNXFZgTBlXO nreoVgWrBhNXFZgTBlXO
nCedHqGgdWAicwyuYWpg nCedHqGgdWAicwyuYWpg
VRpSthoDcomqMDsGoVql VRpSthoDcomqMDsGoVql
yscsUFTNNyaVMKBztBdV yscsUFTNNyaVMKBztBdV
EhDFVLWZueLOrdjEOzEQ EhDFVLWZueLOrdjEOzEQ
aIuYyryCOUGVeCAqbqkg aIuYyryCOUGVeCAqbqkg
syonLisTOSczosCwoILE syonLisTOSczosCwoILE
jznspKyqlmxZtgfQUJVB jznspKyqlmxZtgfQUJVB
kqcEdfKLaRzxOhAIzchh kqcEdfKLaRzxOhAIzchh
joWAhkfNqIEECnBeulGl joWAhkfNqIEECnBeulGl
oZXYedlbtBLmkfoVmgta oZXYedlbtBLmkfoVmgta
svUOWvTJLneAqJGnExpc svUOWvTJLneAqJGnExpc
eiLPqIroFfCGzqSAlzAp eiLPqIroFfCGzqSAlzAp
ccdJRKiTXwIErdhSIxfh ccdJRKiTXwIErdhSIxfh
erZKLqpCZsYKDnOCaBGq erZKLqpCZsYKDnOCaBGq
ayQgUwyRuQVKeyFLPNbQ ayQgUwyRuQVKeyFLPNbQ
ZXihCBEQBTdisqSlEMsj ZXihCBEQBTdisqSlEMsj
CvZkdIYtdeDHtwufupie CvZkdIYtdeDHtwufupie
UIlSMnVKIdNiXZNSiHsI UIlSMnVKIdNiXZNSiHsI
fgzJCwocQniGlXAZHJId fgzJCwocQniGlXAZHJId
vIbIQYXZnmYrooTLYNtu vIbIQYXZnmYrooTLYNtu
bFmSeBrfNuxjYPUDCLYq bFmSeBrfNuxjYPUDCLYq
szyiMlKhtyOynWjcoMsm szyiMlKhtyOynWjcoMsm
pzrGQEObzJGPnfATEYDc pzrGQEObzJGPnfATEYDc
xgBrJmdXVwtxgRuCBhMe xgBrJmdXVwtxgRuCBhMe
EmbDgEECbkHbfAfHCgwB EmbDgEECbkHbfAfHCgwB
NzDQJknJPDEkcwCHzzbF NzDQJknJPDEkcwCHzzbF
oHoxoLeyDYnKZDzgMtxI oHoxoLeyDYnKZDzgMtxI
TEPaiCedHTXapLxoBXMp TEPaiCedHTXapLxoBXMp
imEmCMbYEtZJJkwxkSDD imEmCMbYEtZJJkwxkSDD
bEfUXCTlwRBndElSbPGf bEfUXCTlwRBndElSbPGf
eobSFtKBbBdcVrTOREdK eobSFtKBbBdcVrTOREdK
qfRRtdRbhYJBARMfPlZM qfRRtdRbhYJBARMfPlZM
