0 196 175 66 172 38 162 25 83 146 43 105 104 19 26 6 81 148 121 32 53 115 187 51 182 160 109 84 174 23 132 125 85 20 103 52 62 190 8 48 78 24 64 176 21 72 41 65 30 68 60 59 3 5 163 76 35 14 71 173 114 56 40 39 110 70 42 151 166 144 171 57 183 116 77 88 195 188 55 22 159 119 107 126 10 100 113 169 168 37 102 191 67 134 86 93 58 96 97 185 0
100
0 0
196 196
175 175
66 66
172 172
38 38
162 162
25 25
83 83
146 146
43 43
105 105
104 104
19 19
26 26
6 6
81 81
148 148
121 121
32 32
53 53
115 115
187 187
51 51
182 182
160 160
109 109
84 84
174 174
23 23
132 132
125 125
85 85
20 20
103 103
52 52
62 62
190 190
8 8
48 48
78 78
24 24
64 64
176 176
21 21
72 72
41 41
65 65
30 30
68 68
60 60
59 59
3 3
5 5
163 163
76 76
35 35
14 14
71 71
173 173
114 114
56 56
40 40
39 39
110 110
70 70
42 42
151 151
166 166
144 144
171 171
57 57
183 183
116 116
77 77
88 88
195 195
188 188
55 55
22 22
159 159
119 119
107 107
126 126
10 10
100 100
113 113
169 169
168 168
37 37
102 102
191 191
67 67
134 134
86 86
93 93
58 58
96 96
97 97
185 185
