pace market vegetarian exile vegetarian pardon injection gallon coffin bitter rage deposit page mature native development skeleton development confrontation forge coast swear coast profound virgin winner assignment winner virgin blonde pipe buffet exempt buffet election lifestyle cotton dialogue home flag injury demand rob demand feature write lake begin greeting decisive linger physics dough thirsty structure output joint illusion tool railcar tool liver ignore due ignore shiver ignore audience sunrise rent atmosphere viable likely comfortable likely viable paper autonomy quality boom throne respect chair mixture mercy financial fortune notebook interactive error widen banana driver imposter tablet note deter terms thumb terms hospitality teacher excuse dip exclusive attraction guarantee joystick bowel brake scheme brake nationalist acceptance nationalist swop electronics interface environment bleed curriculum chew offset chew drawer compromise view dive coincide identity straighten pig pier bleed smile headline smile bleed knot country triple candle enemy control enemy stress enemy desk spoil desk enemy ask quadruple other pace
100
pace pace
market market
exile exile
pardon pardon
injection injection
coffin coffin
rage rage
page page
mature mature
native native
skeleton skeleton
development development
confrontation confrontation
forge forge
swear swear
coast coast
profound profound
virgin virgin
assignment assignment
pipe pipe
buffet buffet
exempt exempt
election election
lifestyle lifestyle
cotton cotton
home home
flag flag
injury injury
rob rob
feature feature
begin begin
greeting greeting
decisive decisive
physics physics
dough dough
structure structure
output output
illusion illusion
railcar railcar
tool tool
liver liver
due due
ignore ignore
shiver shiver
audience audience
rent rent
atmosphere atmosphere
viable viable
comfortable comfortable
likely likely
autonomy autonomy
boom boom
throne throne
respect respect
chair chair
mercy mercy
financial financial
interactive interactive
error error
widen widen
driver driver
imposter imposter
tablet tablet
note note
deter deter
thumb thumb
teacher teacher
excuse excuse
dip dip
exclusive exclusive
attraction attraction
guarantee guarantee
bowel bowel
scheme scheme
acceptance acceptance
swop swop
electronics electronics
interface interface
environment environment
curriculum curriculum
offset offset
drawer drawer
dive dive
coincide coincide
identity identity
straighten straighten
pig pig
headline headline
smile smile
knot knot
country country
triple triple
candle candle
control control
enemy enemy
stress stress
spoil spoil
ask ask
quadruple quadruple
other other
