pace nationalist feature nationalist brake opposed brake headline audience due excuse due voice mixture market likely circulation likely king page guarantee thumb exempt thumb enter deposit skeleton injury pier gate tablet approval prison honor prison view throne exclusive output exclusive pace
25
nationalist nationalist
feature feature
opposed opposed
brake brake
headline headline
audience audience
excuse excuse
voice voice
mixture mixture
market market
likely likely
circulation circulation
king king
page page
guarantee guarantee
exempt exempt
enter enter
deposit deposit
skeleton skeleton
injury injury
gate gate
approval approval
honor honor
throne throne
output output
