9iIwk 5R5Xa 9iIwk jASvw oqPYQ 0GdkR jASvw 9iIwk 6EWVx jT5CK 5BDPJ jT5CK qkJ6b 1xmtC XYzcU 1xmtC Mj2eQ ZzWHp iEXNY ZzWHp MA43U jYfXn Ew56P SgDk6 Ew56P LZomt QVYVG RhUVQ QVYVG 7G74f 1uRw3 Ri2t4 y89SK 1uRw3 jAwQw knY3U vE0Pj WGJpQ aHGHb kmzhT aHGHb 1pxZM 5VT1H WJNpN AgYPL tnjfN WJNpN Y7IDR 4a0W8 Y7IDR YH6mk 5ioW1 bXinH XZKtP dw7aX XZKtP Be0ab 5ioW1 vrNke k6V9L pXCjI ZgtaX JgjFI ZgtaX Vake4 ZgtaX iCgvV veOJ7 ZgtaX BnAjj k64Ok fS0W8 p9vQm fS0W8 Esl6u rrNj1 0mah3 1eRkH ChXAd 0mah3 h2rea 9iIwk
50
9iIwk 9iIwk
5R5Xa 5R5Xa
oqPYQ oqPYQ
0GdkR 0GdkR
jASvw jASvw
5BDPJ 5BDPJ
jT5CK jT5CK
qkJ6b qkJ6b
1xmtC 1xmtC
XYzcU XYzcU
Mj2eQ Mj2eQ
ZzWHp ZzWHp
iEXNY iEXNY
jYfXn jYfXn
SgDk6 SgDk6
LZomt LZomt
RhUVQ RhUVQ
7G74f 7G74f
Ri2t4 Ri2t4
y89SK y89SK
1uRw3 1uRw3
jAwQw jAwQw
vE0Pj vE0Pj
WGJpQ WGJpQ
kmzhT kmzhT
aHGHb aHGHb
1pxZM 1pxZM
5VT1H 5VT1H
AgYPL AgYPL
tnjfN tnjfN
Y7IDR Y7IDR
4a0W8 4a0W8
YH6mk YH6mk
bXinH bXinH
dw7aX dw7aX
XZKtP XZKtP
Be0ab Be0ab
5ioW1 5ioW1
pXCjI pXCjI
JgjFI JgjFI
Vake4 Vake4
iCgvV iCgvV
veOJ7 veOJ7
ZgtaX ZgtaX
BnAjj BnAjj
p9vQm p9vQm
fS0W8 fS0W8
1eRkH 1eRkH
ChXAd ChXAd
h2rea h2rea
