Abbey Aryana Janiya Jazmyn Ingrid Keyla Kimberly Kiana Lindsay Kaley Zion Kenzie Alexus Claire Baylee Alia Carlee Ariel Ashley Kayden Lacey Kira Jamiya Maggie Laylah Jasmin Christine Juliette Kiley Jimena Jaden Aubree Imani Carlie Camilla Jade Jillian Iyana Haven Denisse Emma Gillian Elianna Emilie Diana Dayami Dana Alivia Avni Chasity Aniya Ciara Shyanne Tara Zaria Sharon Sophie Taniyah Zara Mireya Nia Mira Mya Rylee Natalee Riley Mckayla Noelle Myah Matilda Lainey Melina Parker Lilyana Mckinley Lucille Neveah Lilia Kaydence Sophia Kristin Leila Madilynn Alexia Brooklyn Carly Bryanna Kristina Carleigh Arielle Abbey
90
Abbey Abbey
Aryana Aryana
Janiya Janiya
Jazmyn Jazmyn
Ingrid Ingrid
Keyla Keyla
Kimberly Kimberly
Kiana Kiana
Lindsay Lindsay
Kaley Kaley
Zion Zion
Kenzie Kenzie
Alexus Alexus
Claire Claire
Baylee Baylee
Alia Alia
Carlee Carlee
Ariel Ariel
Ashley Ashley
Kayden Kayden
Lacey Lacey
Kira Kira
Jamiya Jamiya
Maggie Maggie
Laylah Laylah
Jasmin Jasmin
Christine Christine
Juliette Juliette
Kiley Kiley
Jimena Jimena
Jaden Jaden
Aubree Aubree
Imani Imani
Carlie Carlie
Camilla Camilla
Jade Jade
Jillian Jillian
Iyana Iyana
Haven Haven
Denisse Denisse
Emma Emma
Gillian Gillian
Elianna Elianna
Emilie Emilie
Diana Diana
Dayami Dayami
Dana Dana
Alivia Alivia
Avni Avni
Chasity Chasity
Aniya Aniya
Ciara Ciara
Shyanne Shyanne
Tara Tara
Zaria Zaria
Sharon Sharon
Sophie Sophie
Taniyah Taniyah
Zara Zara
Mireya Mireya
Nia Nia
Mira Mira
Mya Mya
Rylee Rylee
Natalee Natalee
Riley Riley
Mckayla Mckayla
Noelle Noelle
Myah Myah
Matilda Matilda
Lainey Lainey
Melina Melina
Parker Parker
Lilyana Lilyana
Mckinley Mckinley
Lucille Lucille
Neveah Neveah
Lilia Lilia
Kaydence Kaydence
Sophia Sophia
Kristin Kristin
Leila Leila
Madilynn Madilynn
Alexia Alexia
Brooklyn Brooklyn
Carly Carly
Bryanna Bryanna
Kristina Kristina
Carleigh Carleigh
Arielle Arielle
