Taozhuang Chharra Sicklerville Chharra Wesseling Chharra Jackson Rosedale Camayenne Artur Hechingen Azrou Ramla Sarandi Southsea Calauan Southsea Freetown Ulu New Memmingen Gudermes Aytos Esmeraldas Bourbonnais Longgang Norco Udumalaippettai Carnot Bhit Durazno Boo Cibinong Villa Rafiganj Villa Nonsan Waverly Strathfield Kallio Alatyr Jinotepe Uran Jingzhou Uran Pottstown Uran Fort Oulmes Rutherglen Gauting Tupelo Esperanza Bang Somma Donggongon Caravaca Vernon Severodvinsk Vernon Besuki Middle Gua Ilesa Chharra Taozhuang
50
Taozhuang Taozhuang
Sicklerville Sicklerville
Wesseling Wesseling
Jackson Jackson
Rosedale Rosedale
Camayenne Camayenne
Artur Artur
Hechingen Hechingen
Azrou Azrou
Ramla Ramla
Sarandi Sarandi
Calauan Calauan
Freetown Freetown
Ulu Ulu
New New
Memmingen Memmingen
Gudermes Gudermes
Aytos Aytos
Esmeraldas Esmeraldas
Bourbonnais Bourbonnais
Longgang Longgang
Udumalaippettai Udumalaippettai
Durazno Durazno
Boo Boo
Cibinong Cibinong
Villa Villa
Rafiganj Rafiganj
Nonsan Nonsan
Waverly Waverly
Strathfield Strathfield
Kallio Kallio
Alatyr Alatyr
Jinotepe Jinotepe
Uran Uran
Jingzhou Jingzhou
Pottstown Pottstown
Fort Fort
Oulmes Oulmes
Rutherglen Rutherglen
Gauting Gauting
Tupelo Tupelo
Esperanza Esperanza
Bang Bang
Somma Somma
Donggongon Donggongon
Caravaca Caravaca
Severodvinsk Severodvinsk
Besuki Besuki
Middle Middle
Ilesa Ilesa
