Ilesa Foshan Aklera Stuttgart Rutland Zaozhuang Bensheim Campobasso Bensheim Copperas Aistala Tharu Aistala PortVila Alexandria American Puducherry Lodwar Calauan Paredes Liberia PointeClaire Bensheim Gariadhar Bavly Polohy Mexborough Oulmes Bensheim Bang Shagamu Zeist Brunswick Jiangyan Davis Toledo Meizhou Talipparamba Tak Perth UlanUde Perth Clermont Perth New Minas Dahlem Minas Skalica Belper Guli Belper LonsleSaunier GernikaLumo Krymsk Tiruppuvanam Onex Puerto Milledgeville Tupelo Memmingen WaltonontheNaze Landshut Bon An Bobigny Sillanwali Sishui Palm Oberhausen Sorsogon Marburg Lille Bensheim Kyzylorda Brzeg Perth Niort Ventimiglia Viewpark Palafrugell Villaquilambre Stupino Jagna Mouscron Bogovinje Valday Tupiza DehiwalaMount El Shaowu Chacabuco Ramla Yingkou Oschatz Barracas Aurora MitryMory Ponta Sirsi Itacoatiara Valletta Sceaux Hermsdorf Aleshtar Alfenas Uran Azrou Milagro Rhosllanerchrugog Jashpurnagar Magomeni MitryMory Claremont Malden Ada Great Tyoply Great Resplendor Ilesa
100
Ilesa Ilesa
Foshan Foshan
Aklera Aklera
Stuttgart Stuttgart
Rutland Rutland
Zaozhuang Zaozhuang
Campobasso Campobasso
Bensheim Bensheim
Copperas Copperas
Tharu Tharu
PortVila PortVila
Alexandria Alexandria
American American
Puducherry Puducherry
Lodwar Lodwar
Calauan Calauan
Paredes Paredes
PointeClaire PointeClaire
Gariadhar Gariadhar
Bavly Bavly
Polohy Polohy
Mexborough Mexborough
Oulmes Oulmes
Bang Bang
Shagamu Shagamu
Brunswick Brunswick
Jiangyan Jiangyan
Davis Davis
Toledo Toledo
Meizhou Meizhou
Talipparamba Talipparamba
Tak Tak
UlanUde UlanUde
Clermont Clermont
New New
Dahlem Dahlem
Skalica Skalica
Guli Guli
LonsleSaunier LonsleSaunier
GernikaLumo GernikaLumo
Tiruppuvanam Tiruppuvanam
Onex Onex
Puerto Puerto
Milledgeville Milledgeville
Tupelo Tupelo
Memmingen Memmingen
WaltonontheNaze WaltonontheNaze
Landshut Landshut
Bon Bon
An An
Bobigny Bobigny
Sillanwali Sillanwali
Sishui Sishui
Palm Palm
Oberhausen Oberhausen
Sorsogon Sorsogon
Marburg Marburg
Lille Lille
Kyzylorda Kyzylorda
Brzeg Brzeg
Perth Perth
Niort Niort
Ventimiglia Ventimiglia
Viewpark Viewpark
Palafrugell Palafrugell
Villaquilambre Villaquilambre
Stupino Stupino
Jagna Jagna
Mouscron Mouscron
Bogovinje Bogovinje
Valday Valday
Tupiza Tupiza
DehiwalaMount DehiwalaMount
Shaowu Shaowu
Chacabuco Chacabuco
Ramla Ramla
Yingkou Yingkou
Barracas Barracas
Aurora Aurora
Ponta Ponta
Sirsi Sirsi
Itacoatiara Itacoatiara
Valletta Valletta
Sceaux Sceaux
Hermsdorf Hermsdorf
Aleshtar Aleshtar
Alfenas Alfenas
Uran Uran
Azrou Azrou
Milagro Milagro
Rhosllanerchrugog Rhosllanerchrugog
Jashpurnagar Jashpurnagar
Magomeni Magomeni
MitryMory MitryMory
Claremont Claremont
Malden Malden
Ada Ada
Tyoply Tyoply
Great Great
Resplendor Resplendor
