Albania VaticanCity SolomonIslands Bahamas Lithuania Malaysia Suriname Greece Maldives Fiji Serbia Venezuela Switzerland PapuaNewGuinea Mali Israel Liechtenstein TheGambia Vanuatu NewZealand Finland RussianFederation Rwanda Seychelles Poland UAE Togo SriLanka Grenada NorthKorea Guatemala Cuba Hungary SaintLucia Ethiopia Bhutan SaoTomPrincipe CentralAfricanRep Yemen Gabon Romania Argentina Lesotho Slovenia France Ukraine Newfoundland SaudiArabia Tanzania Chile Germany Cambodia Australia Danzig Qatar Jamaica Tunisia Portugal Kazakhstan Japan Latvia Kiribati SierraLeone America CapeVerde Dominica MountAthos Cyprus Niger Burma Philippines Paraguay Laos Brazil Belarus UnitedKingdom Eritrea Mauritius Peru Mongolia Comoros Norway Panama Kosovo Algeria Estonia Nepal Bulgaria Mauritania Italy Luxembourg BosHerzegovina Thailand Djibouti Andorra Pakistan IvoryCoast Rome Burkina EquatorGuinea SaintKitts Albania
100
VaticanCity VaticanCity
SolomonIslands SolomonIslands
Bahamas Bahamas
Lithuania Lithuania
Malaysia Malaysia
Suriname Suriname
Greece Greece
Maldives Maldives
Fiji Fiji
Serbia Serbia
Venezuela Venezuela
Switzerland Switzerland
PapuaNewGuinea PapuaNewGuinea
Mali Mali
Israel Israel
Liechtenstein Liechtenstein
TheGambia TheGambia
Vanuatu Vanuatu
NewZealand NewZealand
Finland Finland
RussianFederation RussianFederation
Rwanda Rwanda
Seychelles Seychelles
Poland Poland
UAE UAE
Togo Togo
SriLanka SriLanka
Grenada Grenada
NorthKorea NorthKorea
Guatemala Guatemala
Cuba Cuba
Hungary Hungary
SaintLucia SaintLucia
Ethiopia Ethiopia
Bhutan Bhutan
SaoTomPrincipe SaoTomPrincipe
CentralAfricanRep CentralAfricanRep
Yemen Yemen
Gabon Gabon
Romania Romania
Argentina Argentina
Lesotho Lesotho
Slovenia Slovenia
France France
Ukraine Ukraine
Newfoundland Newfoundland
SaudiArabia SaudiArabia
Tanzania Tanzania
Chile Chile
Germany Germany
Cambodia Cambodia
Australia Australia
Danzig Danzig
Qatar Qatar
Jamaica Jamaica
Tunisia Tunisia
Portugal Portugal
Kazakhstan Kazakhstan
Japan Japan
Latvia Latvia
Kiribati Kiribati
SierraLeone SierraLeone
America America
CapeVerde CapeVerde
Dominica Dominica
MountAthos MountAthos
Cyprus Cyprus
Niger Niger
Burma Burma
Philippines Philippines
Paraguay Paraguay
Laos Laos
Brazil Brazil
Belarus Belarus
UnitedKingdom UnitedKingdom
Eritrea Eritrea
Mauritius Mauritius
Peru Peru
Mongolia Mongolia
Comoros Comoros
Norway Norway
Panama Panama
Kosovo Kosovo
Algeria Algeria
Estonia Estonia
Nepal Nepal
Bulgaria Bulgaria
Mauritania Mauritania
Italy Italy
Luxembourg Luxembourg
BosHerzegovina BosHerzegovina
Thailand Thailand
Djibouti Djibouti
Andorra Andorra
Pakistan Pakistan
IvoryCoast IvoryCoast
Rome Rome
Burkina Burkina
EquatorGuinea EquatorGuinea
SaintKitts SaintKitts
