129 99 145 52 101 97 76 179 92 124 92 13 118 10 100 10 22 45 94 139 19 7 96 70 25 46 2 4 157 110 154 193 154 196 37 160 74 127 113 146 88 1 88 31 61 112 79 72 43 72 21 67 21 182 190 182 85 184 109 34 51 197 115 197 107 82 107 75 87 181 106 133 106 178 106 181 8 142 8 181 169 181 32 187 128 6 130 6 73 136 73 170 58 170 121 192 175 192 103 98 18 3 40 3 173 64 119 163 119 162 49 171 145 172 89 68 95 11 16 11 96 118 10 28 5 148 153 151 21 72 2 55 35 179 92 13 118 166 118 13 92 71 90 152 91 152 90 71 92 124 137 129
66
145 145
52 52
97 97
76 76
124 124
13 13
118 118
10 10
100 100
22 22
94 94
139 139
19 19
7 7
70 70
25 25
46 46
4 4
157 157
154 154
193 193
196 196
37 37
160 160
127 127
88 88
1 1
31 31
61 61
112 112
79 79
43 43
67 67
190 190
85 85
184 184
109 109
34 34
115 115
82 82
181 181
106 106
133 133
178 178
142 142
169 169
187 187
130 130
73 73
136 136
58 58
121 121
175 175
103 103
40 40
64 64
163 163
49 49
172 172
16 16
28 28
148 148
151 151
55 55
166 166
91 91
