0 43 0 59 0 62 0 86 0 90 79 4 79 138 89 23 89 26 89 73 96 51 6 58 68 85 75 11 121 49 40 100 35 124 92 17 13 5 109 22 46 41 28 72 33 2 27 2 36 56 174 29 14 61 65 3 12 139 16 57 1 57 18 42 10 42 48 127 82 99 32 25 166 124 93 38 93 174 81 107 9 50 9 64 9 80 9 107 47 51 30 103 20 53 128 8 67 71 128 45 128 8 149 7 76 34 125 77 125 87 84 24 54 98 54 24 63 55 101 2 78 2 33 74 33 17 21 17 111 31 141 60 198 88 173 97 147 95 145 42 51 105 19 116 142 199 39 199 142 107 179 185 61 70 61 65 2 33 72 83 72 28 41 161 71 148 94 160 138 89 73 153 66 153 167 175 91 175 178 166 124 35 184 69 184 35 100 134 44 134 100 168 126 60 140 0 123 15 123 0 137 37 137 52 137 0
100
0 0
43 43
59 59
62 62
86 86
90 90
79 79
4 4
89 89
23 23
26 26
73 73
96 96
51 51
6 6
58 58
68 68
85 85
75 75
11 11
49 49
40 40
35 35
92 92
17 17
13 13
5 5
22 22
46 46
41 41
28 28
72 72
33 33
2 2
27 27
36 36
56 56
29 29
14 14
61 61
65 65
3 3
12 12
16 16
57 57
1 1
18 18
42 42
10 10
48 48
82 82
99 99
32 32
25 25
93 93
38 38
81 81
9 9
50 50
64 64
80 80
47 47
30 30
20 20
53 53
8 8
67 67
71 71
45 45
7 7
76 76
34 34
77 77
87 87
84 84
24 24
54 54
98 98
63 63
55 55
78 78
74 74
21 21
31 31
60 60
88 88
97 97
95 95
19 19
39 39
70 70
83 83
94 94
66 66
91 91
69 69
44 44
15 15
37 37
52 52
