0 11 44 37 9 18 33 18 35 57 4 40 45 5 3 2 19 13 19 28 12 51 14 10 14 30 14 34 47 27 47 41 1 41 15 41 21 54 39 86 8 96 31 96 75 7 5 51 42 23 16 77 10 63 48 69 17 61 76 86 97 24 46 97 36 74 0 20 0 26 0 38 0 49 22 49 0 11 44 37 29 98 32 98 37 9 43 9 18 78 25 6 25 78 85 13 45 11 0
50
0 0
11 11
44 44
37 37
9 9
18 18
33 33
35 35
4 4
40 40
45 45
5 5
3 3
2 2
19 19
13 13
28 28
12 12
14 14
10 10
30 30
34 34
47 47
27 27
41 41
1 1
15 15
21 21
39 39
8 8
31 31
7 7
42 42
23 23
16 16
48 48
17 17
24 24
46 46
36 36
20 20
26 26
38 38
49 49
22 22
29 29
32 32
43 43
25 25
6 6
