74 123 81 167 30 132 173 100 73 125 83 60 59 14 118 14 39 32 27 103 51 77 51 190 155 52 130 198 113 88 113 28 58 28 142 42 11 99 11 140 16 152 47 127 193 4 168 179 54 133 199 109 161 20 96 184 136 171 165 64 90 64 17 150 56 76 112 114 112 134 86 31 21 120 116 138 139 63 66 50 102 98 53 37 178 37 53 131 91 131 200 131 166 76 154 18 146 45 13 192 148 105 148 115 63 174 63 170 143 149 151 135 56 80 7 34 94 163 129 141 61 76 89 6 121 111 121 68 23 25 44 107 44 25 183 108 33 83 125 157 125 73 100 97 100 72 110 18 34 147 95 172 5 172 12 172 170 63 57 86 128 86 57 185 75 187 43 158 43 187 197 52 8 123 74
100
123 123
81 81
167 167
132 132
173 173
100 100
73 73
125 125
83 83
60 60
59 59
14 14
118 118
39 39
32 32
27 27
103 103
51 51
77 77
190 190
155 155
52 52
130 130
198 198
113 113
88 88
58 58
142 142
42 42
11 11
99 99
140 140
16 16
152 152
47 47
127 127
193 193
4 4
179 179
54 54
133 133
199 199
109 109
161 161
20 20
96 96
184 184
136 136
171 171
165 165
90 90
17 17
56 56
76 76
112 112
114 114
134 134
86 86
31 31
120 120
116 116
138 138
139 139
63 63
66 66
50 50
98 98
53 53
178 178
91 91
200 200
154 154
18 18
146 146
45 45
192 192
105 105
115 115
174 174
143 143
135 135
80 80
94 94
163 163
129 129
61 61
89 89
111 111
23 23
44 44
107 107
108 108
157 157
97 97
72 72
95 95
5 5
12 12
128 128
158 158
