73 96 15 48 13 47 86 29 22 29 83 27 88 100 60 46 75 49 44 57 9 71 50 1 19 18 76 18 33 11 33 82 33 92 68 90 25 74 66 74 58 34 12 62 65 62 99 25 90 64 93 17 14 77 1 5 38 8 38 96 15 79 15 48 13 40 16 85 16 40 28 91 78 91 81 84 7 17 10 45 98 21 80 39 58 34 53 94 2 27 88 38 96 73
50
96 96
15 15
48 48
13 13
86 86
29 29
22 22
83 83
27 27
100 100
46 46
75 75
49 49
44 44
57 57
9 9
71 71
50 50
1 1
19 19
18 18
76 76
33 33
11 11
82 82
68 68
90 90
25 25
74 74
66 66
34 34
12 12
65 65
99 99
93 93
14 14
77 77
5 5
8 8
79 79
85 85
91 91
78 78
81 81
84 84
10 10
98 98
21 21
53 53
94 94
