0 16 58 59 16 42 50 51 42 14 70 14 72 14 48 79 48 81 48 97 48 99 48 5 91 5 93 5 49 85 49 87 49 23 62 63 23 2 73 2 75 2 10 66 67 10 11 68 69 11 1 60 61 1 19 54 55 19 82 19 84 19 32 52 53 32 6 56 57 6 12 94 12 96 12 40 64 65 40 88 40 90 40 21 76 21 78 77 76 21 14 70 71 70 14 48 79 80 79 48 97 98 97 48 5 91 92 91 5 49 85 86 85 49 19 82 83 82 19 2 73 74 73 2 40 88 89 88 40 12 94 95 94 12 0
50
58 58
59 59
50 50
51 51
70 70
72 72
79 79
81 81
97 97
99 99
91 91
93 93
85 85
87 87
62 62
63 63
73 73
75 75
66 66
67 67
68 68
69 69
60 60
61 61
54 54
55 55
82 82
84 84
52 52
53 53
56 56
57 57
94 94
96 96
64 64
65 65
88 88
90 90
76 76
78 78
77 77
71 71
80 80
98 98
92 92
86 86
83 83
74 74
89 89
95 95
