0 11 130 131 11 179 11 181 11 57 136 137 57 188 57 190 57 9 161 9 163 9 18 102 103 18 1 155 1 157 1 10 114 115 10 197 10 199 10 26 158 26 160 26 38 146 38 148 38 34 120 121 34 12 138 139 12 21 140 21 142 21 5 116 117 5 58 100 101 58 46 170 46 172 46 39 106 107 39 44 104 105 44 69 110 111 69 25 124 125 25 49 194 49 196 49 45 173 45 175 45 90 182 90 184 90 53 176 53 178 53 31 118 119 31 41 112 113 41 122 123 41 40 134 135 40 54 191 54 193 54 47 152 47 154 47 164 47 166 47 94 126 127 94 60 108 109 60 128 129 60 83 167 83 169 83 84 132 133 84 143 84 145 84 78 185 78 187 78 87 149 87 151 150 149 87 38 146 147 146 38 26 158 159 158 26 10 197 198 197 10 54 191 192 191 54 11 179 180 179 11 57 188 189 188 57 9 161 162 161 9 84 143 144 143 84 21 140 141 140 21 1 155 156 155 1 46 170 171 170 46 45 173 174 173 45 90 182 183 182 90 53 176 177 176 53 49 194 195 194 49 47 152 153 152 47 164 165 164 47 78 185 186 185 78 83 167 168 167 83 0
100
130 130
131 131
179 179
181 181
136 136
137 137
188 188
190 190
161 161
163 163
102 102
103 103
155 155
157 157
114 114
115 115
197 197
199 199
158 158
160 160
146 146
148 148
120 120
121 121
138 138
139 139
140 140
142 142
116 116
117 117
100 100
101 101
170 170
172 172
106 106
107 107
104 104
105 105
110 110
111 111
124 124
125 125
194 194
196 196
173 173
175 175
182 182
184 184
176 176
178 178
118 118
119 119
112 112
113 113
122 122
123 123
134 134
135 135
191 191
193 193
152 152
154 154
164 164
166 166
126 126
127 127
108 108
109 109
128 128
129 129
167 167
169 169
132 132
133 133
143 143
145 145
185 185
187 187
149 149
151 151
150 150
147 147
159 159
198 198
192 192
180 180
189 189
162 162
144 144
141 141
156 156
171 171
174 174
183 183
177 177
195 195
153 153
165 165
186 186
168 168
