0 3 0 110 44 105 79 134 39 35 37 36 37 35 120 47 183 180 64 104 17 15 100 65 27 25 55 95 145 99 195 135 52 135 74 54 69 179 124 159 129 72 141 132 186 42 41 42 186 187 185 149 139 144 160 114 154 184 94 125 128 117 166 117 168 165 30 20 110 57 56 57 110 113 17 16 17 104 189 182 181 182 180 80 82 108 102 101 2 13 10 12 66 67 123 120 122 151 152 150 90 92 91 92 191 192 190 35 38 35 30 32 58 55 145 148 145 135 138 135 195 197 195 85 87 95 97 95 40 43 40 75 78 75 115 118 27 65 68 65 130 133 130 170 172 170 140 142 140 25 28 25 135 137 136 137 160 162 161 162 160 115 77 116 77 186 132 131 132 164 14 10 12 11 12 10 0
100
3 3
110 110
44 44
105 105
79 79
134 134
39 39
35 35
37 37
36 36
120 120
47 47
183 183
180 180
64 64
104 104
17 17
15 15
100 100
65 65
27 27
25 25
55 55
95 95
145 145
99 99
195 195
135 135
52 52
74 74
54 54
69 69
179 179
124 124
159 159
129 129
72 72
141 141
132 132
186 186
42 42
41 41
187 187
149 149
139 139
144 144
160 160
114 114
154 154
184 184
94 94
125 125
128 128
166 166
168 168
30 30
20 20
57 57
56 56
113 113
16 16
189 189
182 182
181 181
82 82
108 108
102 102
101 101
2 2
13 13
12 12
66 66
67 67
123 123
122 122
152 152
92 92
91 91
192 192
38 38
32 32
58 58
148 148
138 138
197 197
87 87
97 97
43 43
78 78
118 118
68 68
133 133
172 172
142 142
28 28
136 136
161 161
116 116
131 131
11 11
