85 24 0 24 81 24 43 72 11 36 28 36 94 32 31 86 32 54 61 8 61 57 18 93 10 87 82 51 82 7 21 37 49 46 27 4 69 42 92 42 53 45 14 55 14 48 80 21 76 21 15 74 50 74 88 64 32 52 34 13 35 89 79 41 47 41 22 70 71 33 56 99 60 96 60 91 44 66 16 29 98 25 23 25 77 72 5 1 70 38 14 17 70 68 2 85
50
0 0
81 81
43 43
11 11
28 28
94 94
31 31
86 86
54 54
8 8
57 57
93 93
87 87
51 51
7 7
37 37
46 46
27 27
69 69
92 92
53 53
45 45
55 55
48 48
80 80
76 76
15 15
50 50
64 64
52 52
34 34
13 13
35 35
79 79
47 47
22 22
71 71
56 56
99 99
96 96
91 91
44 44
16 16
98 98
23 23
77 77
1 1
38 38
17 17
68 68
