99 176 103 52 22 52 92 52 167 76 161 62 73 62 128 164 95 24 95 106 159 131 159 12 1 19 184 19 33 110 155 36 98 115 145 178 79 75 156 142 156 70 175 15 175 188 176 102 48 122 48 26 199 39 199 42 107 158 81 100 81 9 81 126 49 10 49 125 49 123 116 117 116 27 46 55 144 169 104 130 162 0 162 53 37 180 23 5 21 78 23 165 64 170 113 51 113 30 16 190 16 148 121 18 43 66 43 56 43 97 137 150 137 186 85 127 60 8 135 61 54 129 28 129 29 88 101 111 45 41 45 185 138 20 138 133 124 113 59 96 132 96 157 172 157 119 195 160 84 166 74 149 154 35 14 4 118 107 163 69 173 69 83 69 25 69 82 31 94 147 46 120 171 23 17 85 174 85 63 2 40 2 112 71 192 71 80 128 181 86 146 86 168 194 95 183 95 151 110 90 152 32 34 38 187 68 182 23 114 113 47 176 99
100
99 99
103 103
22 22
92 92
167 167
161 161
73 73
164 164
24 24
106 106
131 131
12 12
1 1
184 184
33 33
155 155
98 98
178 178
75 75
142 142
70 70
15 15
188 188
102 102
122 122
26 26
39 39
42 42
158 158
100 100
9 9
126 126
10 10
125 125
123 123
117 117
27 27
55 55
169 169
130 130
0 0
53 53
180 180
5 5
78 78
165 165
170 170
51 51
30 30
190 190
148 148
18 18
66 66
56 56
97 97
150 150
186 186
127 127
8 8
61 61
28 28
88 88
111 111
41 41
185 185
20 20
124 124
59 59
132 132
172 172
119 119
160 160
166 166
149 149
35 35
4 4
163 163
173 173
83 83
25 25
82 82
94 94
171 171
17 17
174 174
63 63
40 40
112 112
192 192
80 80
181 181
146 146
168 168
183 183
151 151
90 90
34 34
68 68
114 114
47 47
