woebegone felony equipping felony Isfahan thoroughfare balustrade babysat funny McCall diligent numerology stanza administer trill fulsome embroil papal archive dull swingy Fisk mediate funky millennium inform secondary inform limitate PDP oriole bunch midstream noon MN exothermic MN casserole renaissance casserole MN monotonous dreadnought monotonous Durango Reilly Durango sinh Durango Hewlett December Zorn trimester Curtis illusion griddle illusion transfuse trimester yogurt Simon connubial Winchester bat directory numerology viscous shovel choice lexicon Vega lexicon involuntary spill mitre involuntary slowdown involuntary backplate relaxation Irvin cowhand explosion cowhand Andersen extrovert Tucson deduce postscript Wheller car softball anvil Sunday silage Sunday whatsoever Sunday thirteen broil barnacle yearn funny switchmen imperishable switchmen Gilmore simulate Stephen PDP septillion McCall funny wingspread funny transonic atom coarse torus icon update bifurcate Durango Palo Auberge Rodney swordfish Modesto shroud Rio sweatsocks hamper sphalerite Curtis trimester transfuse catenate Darwin Elizabethan Goodrich Simon yogurt tate atom mack Irvin woebegone
100
felony felony
equipping equipping
Isfahan Isfahan
thoroughfare thoroughfare
babysat babysat
funny funny
McCall McCall
diligent diligent
numerology numerology
stanza stanza
administer administer
fulsome fulsome
embroil embroil
papal papal
archive archive
dull dull
swingy swingy
Fisk Fisk
mediate mediate
funky funky
millennium millennium
inform inform
secondary secondary
limitate limitate
PDP PDP
oriole oriole
bunch bunch
midstream midstream
noon noon
exothermic exothermic
casserole casserole
renaissance renaissance
monotonous monotonous
dreadnought dreadnought
Durango Durango
Reilly Reilly
sinh sinh
Hewlett Hewlett
December December
Zorn Zorn
trimester trimester
Curtis Curtis
illusion illusion
griddle griddle
transfuse transfuse
yogurt yogurt
Simon Simon
connubial connubial
Winchester Winchester
bat bat
directory directory
viscous viscous
shovel shovel
choice choice
Vega Vega
involuntary involuntary
spill spill
mitre mitre
slowdown slowdown
backplate backplate
relaxation relaxation
Irvin Irvin
explosion explosion
Andersen Andersen
extrovert extrovert
Tucson Tucson
deduce deduce
postscript postscript
Wheller Wheller
car car
softball softball
anvil anvil
Sunday Sunday
silage silage
whatsoever whatsoever
thirteen thirteen
broil broil
barnacle barnacle
yearn yearn
imperishable imperishable
Gilmore Gilmore
simulate simulate
Stephen Stephen
septillion septillion
wingspread wingspread
transonic transonic
coarse coarse
icon icon
update update
bifurcate bifurcate
Auberge Auberge
Rodney Rodney
swordfish swordfish
Modesto Modesto
sphalerite sphalerite
catenate catenate
Darwin Darwin
Goodrich Goodrich
tate tate
mack mack
