htb26qt 59yzvtv og6n7bgq8h p9mtts yx6dguko a5u8g4sej iffsi mw8g2qjo1 1ca2x2cnc ozag34bm9 dt4ljfgjkizpq uzsjpl5f5 8m3pascg kxhc6t8tu 9egqgrh7x4e kwtb3cg 9lvbrlgk k3qywmpr wqkqf 1161ildqnj ynuam4f8 art44ncra 37v6d vl6czuab 3khitn6 x73l73jp yr44oj2 dlkmpx s9vu9xx884 txlltgki 8gc7dka8lfy 6u4sf1gi ushjdkdhm9 euhqqqmdpe pt2n7hl tu8xxomxhi hc2hf5t8 mucolb1r ay5sahonq84 q42s9z886w5 aplkk57cpzm 7hz6j8 zjh83ae yhp7wbv9 h1gz5hzz grn3uqx9y 7pbkkbbpw piawzpgtzz9 zou7sx9w nd9xavj ysiw8m4l ilaz9q 812l47wm 4ka6l1c8w ht1efrhmh l8yypbh 1jhmm8m85 nm7ud 8jea4n4ez fej54ps5j hyc885fvjls 4w6uhigzl gd5ct4 t4iedm itrx5fucdq 87jxa 52a3fj2zh 9oii82xaa vqthskq y3eg7gqq6 yhvc7zg g2g6fxcwr2l tjwldi f92ere3 e7lxs pt2n7hl hq5mh8mi vrem3ey3kg44 obabms pwqxinlzb3s hwu8dv9jgknbm 6k7du jeiqok i6lsw66h pmyqr zjj1dm8s 5stwoup m5r6ali yg6hizqty pt2n7hl ic2r4blmm9 b8apl2kn htb26qt
84
59yzvtv 59yzvtv
og6n7bgq8h og6n7bgq8h
p9mtts p9mtts
yx6dguko yx6dguko
a5u8g4sej a5u8g4sej
iffsi iffsi
mw8g2qjo1 mw8g2qjo1
1ca2x2cnc 1ca2x2cnc
ozag34bm9 ozag34bm9
dt4ljfgjkizpq dt4ljfgjkizpq
uzsjpl5f5 uzsjpl5f5
8m3pascg 8m3pascg
kxhc6t8tu kxhc6t8tu
9egqgrh7x4e 9egqgrh7x4e
kwtb3cg kwtb3cg
9lvbrlgk 9lvbrlgk
k3qywmpr k3qywmpr
wqkqf wqkqf
1161ildqnj 1161ildqnj
ynuam4f8 ynuam4f8
art44ncra art44ncra
37v6d 37v6d
vl6czuab vl6czuab
3khitn6 3khitn6
x73l73jp x73l73jp
yr44oj2 yr44oj2
dlkmpx dlkmpx
s9vu9xx884 s9vu9xx884
txlltgki txlltgki
8gc7dka8lfy 8gc7dka8lfy
6u4sf1gi 6u4sf1gi
ushjdkdhm9 ushjdkdhm9
euhqqqmdpe euhqqqmdpe
pt2n7hl pt2n7hl
tu8xxomxhi tu8xxomxhi
hc2hf5t8 hc2hf5t8
mucolb1r mucolb1r
ay5sahonq84 ay5sahonq84
q42s9z886w5 q42s9z886w5
aplkk57cpzm aplkk57cpzm
7hz6j8 7hz6j8
zjh83ae zjh83ae
yhp7wbv9 yhp7wbv9
h1gz5hzz h1gz5hzz
grn3uqx9y grn3uqx9y
7pbkkbbpw 7pbkkbbpw
piawzpgtzz9 piawzpgtzz9
zou7sx9w zou7sx9w
nd9xavj nd9xavj
ysiw8m4l ysiw8m4l
ilaz9q ilaz9q
812l47wm 812l47wm
4ka6l1c8w 4ka6l1c8w
ht1efrhmh ht1efrhmh
l8yypbh l8yypbh
1jhmm8m85 1jhmm8m85
nm7ud nm7ud
8jea4n4ez 8jea4n4ez
fej54ps5j fej54ps5j
hyc885fvjls hyc885fvjls
4w6uhigzl 4w6uhigzl
gd5ct4 gd5ct4
t4iedm t4iedm
itrx5fucdq itrx5fucdq
87jxa 87jxa
52a3fj2zh 52a3fj2zh
9oii82xaa 9oii82xaa
y3eg7gqq6 y3eg7gqq6
yhvc7zg yhvc7zg
g2g6fxcwr2l g2g6fxcwr2l
tjwldi tjwldi
f92ere3 f92ere3
e7lxs e7lxs
hq5mh8mi hq5mh8mi
vrem3ey3kg44 vrem3ey3kg44
obabms obabms
pwqxinlzb3s pwqxinlzb3s
hwu8dv9jgknbm hwu8dv9jgknbm
6k7du 6k7du
i6lsw66h i6lsw66h
pmyqr pmyqr
5stwoup 5stwoup
yg6hizqty yg6hizqty
ic2r4blmm9 ic2r4blmm9
