cy4fm C565q yMPWG NvAYI 1H2uK 19YKC tao9t 8aYYW kbRYl 7XIxZ di7h7 KYsbm 6ceXl yFKGt Xhpv3 BoNoJ wdXpe 8RNd8 EWhpw OFvld OoKEI nogr2 IjjWK F2nEN 7l0Vw lA2MC w4BF1 qt5AA uT5W0 P3lE7 gk2cW LNh60 dU1Ub G6G4p DCl5F Iks3D hOy4D jse5F Vjg5l C0eRL uWr4y rUUVt FnVf8 5rdYI 29Bwa zQjQm P8Fbf vSPJ5 Xhpv3 Cfmbw KYsbm X6hJp yFKGt 3iQ53 I2lfX GHZOS I2lfX cy4fm
50
C565q C565q
yMPWG yMPWG
NvAYI NvAYI
1H2uK 1H2uK
19YKC 19YKC
tao9t tao9t
8aYYW 8aYYW
kbRYl kbRYl
7XIxZ 7XIxZ
di7h7 di7h7
KYsbm KYsbm
6ceXl 6ceXl
yFKGt yFKGt
Xhpv3 Xhpv3
BoNoJ BoNoJ
wdXpe wdXpe
8RNd8 8RNd8
EWhpw EWhpw
OFvld OFvld
OoKEI OoKEI
nogr2 nogr2
IjjWK IjjWK
F2nEN F2nEN
7l0Vw 7l0Vw
lA2MC lA2MC
w4BF1 w4BF1
qt5AA qt5AA
uT5W0 uT5W0
P3lE7 P3lE7
gk2cW gk2cW
LNh60 LNh60
dU1Ub dU1Ub
G6G4p G6G4p
DCl5F DCl5F
Iks3D Iks3D
hOy4D hOy4D
jse5F jse5F
Vjg5l Vjg5l
C0eRL C0eRL
uWr4y uWr4y
rUUVt rUUVt
FnVf8 FnVf8
5rdYI 5rdYI
zQjQm zQjQm
P8Fbf P8Fbf
vSPJ5 vSPJ5
Cfmbw Cfmbw
X6hJp X6hJp
3iQ53 3iQ53
GHZOS GHZOS
