fab8g f5Qx2 Gt2w1 mgHYN rzyrR H6HgM g1WJz 3XMfZ VUKiE 9ZatH RgC1Q Lqz0g G91ym bepE0 B3NSd cQMFl 3FUsL ZlgGe Flgse ciJ7c Bw1D7 4GEPG yM9nQ HaHFT Vjk2Z o4F0A sF84c nScgp F7m3U cm8oa wiGnS RhMSo KWmhW BWyM2 cDkiZ Nbb6U KzS0e BJ1iC RnwlC qchZ3 c17Qf TQZik Q0oXi kCdcu bD2TR wKKkJ lcarA lJJK2 gwQSf uQK8T G944F b4E7v KB016 PpZP8 iy8Ty 2Z0oU tEdSo lJfgZ 1SvIs HKgVO fhc2k 015ql CT8M8 VIl39 LBzlR 8xyrX fr0Bd FW6DI n9AEE 1OpM2 1xx4U adW6k L54Jg tQXF5 TtUXd AGorf P5ucv 4b2sA obqW1 XDGuI 0YoJb dAx9s aiycm O1QPI 7J90B 4ORRk 8tK4L x8KLa eDWES GHmnJ BybTG guI5B 8PY0r pesnn 1pNjr nRTkO l0HDP 9u8oD zgyDJ DHhK9 5Ix1v fab8g
100
fab8g fab8g
f5Qx2 f5Qx2
Gt2w1 Gt2w1
mgHYN mgHYN
rzyrR rzyrR
H6HgM H6HgM
g1WJz g1WJz
3XMfZ 3XMfZ
VUKiE VUKiE
9ZatH 9ZatH
RgC1Q RgC1Q
Lqz0g Lqz0g
G91ym G91ym
bepE0 bepE0
B3NSd B3NSd
cQMFl cQMFl
3FUsL 3FUsL
ZlgGe ZlgGe
Flgse Flgse
ciJ7c ciJ7c
Bw1D7 Bw1D7
4GEPG 4GEPG
yM9nQ yM9nQ
HaHFT HaHFT
Vjk2Z Vjk2Z
o4F0A o4F0A
sF84c sF84c
nScgp nScgp
F7m3U F7m3U
cm8oa cm8oa
wiGnS wiGnS
RhMSo RhMSo
KWmhW KWmhW
BWyM2 BWyM2
cDkiZ cDkiZ
Nbb6U Nbb6U
KzS0e KzS0e
BJ1iC BJ1iC
RnwlC RnwlC
qchZ3 qchZ3
c17Qf c17Qf
TQZik TQZik
Q0oXi Q0oXi
kCdcu kCdcu
bD2TR bD2TR
wKKkJ wKKkJ
lcarA lcarA
lJJK2 lJJK2
gwQSf gwQSf
uQK8T uQK8T
G944F G944F
b4E7v b4E7v
KB016 KB016
PpZP8 PpZP8
iy8Ty iy8Ty
2Z0oU 2Z0oU
tEdSo tEdSo
lJfgZ lJfgZ
1SvIs 1SvIs
HKgVO HKgVO
fhc2k fhc2k
015ql 015ql
CT8M8 CT8M8
VIl39 VIl39
LBzlR LBzlR
8xyrX 8xyrX
fr0Bd fr0Bd
FW6DI FW6DI
n9AEE n9AEE
1OpM2 1OpM2
1xx4U 1xx4U
adW6k adW6k
L54Jg L54Jg
tQXF5 tQXF5
TtUXd TtUXd
AGorf AGorf
P5ucv P5ucv
4b2sA 4b2sA
obqW1 obqW1
XDGuI XDGuI
0YoJb 0YoJb
dAx9s dAx9s
aiycm aiycm
O1QPI O1QPI
7J90B 7J90B
4ORRk 4ORRk
8tK4L 8tK4L
x8KLa x8KLa
eDWES eDWES
GHmnJ GHmnJ
BybTG BybTG
guI5B guI5B
8PY0r 8PY0r
pesnn pesnn
1pNjr 1pNjr
nRTkO nRTkO
l0HDP l0HDP
9u8oD 9u8oD
DHhK9 DHhK9
5Ix1v 5Ix1v
