Wurster Class Hilgard Barrows Simon Hesse Salem Boston Alabama Tennessee Montgomery Indianapolis Observatory Honolulu Frank Sutardja Cory Pitzer McLaughlin Optometry Blackwell Parking Juneau Idaho Vermont Simpson Oregon Raleigh Pennsylvania Chan North Nevada Hazardous Gilman Florida Silver Sather Moffitt Brain Kleeberger Spieker Maxwell Massachusetts Stanley Anthony California Recreational Goldman Moses Visitor Wurster
50
Wurster Wurster
Class Class
Hilgard Hilgard
Barrows Barrows
Simon Simon
Hesse Hesse
Salem Salem
Boston Boston
Alabama Alabama
Tennessee Tennessee
Montgomery Montgomery
Indianapolis Indianapolis
Observatory Observatory
Honolulu Honolulu
Frank Frank
Sutardja Sutardja
Cory Cory
Pitzer Pitzer
McLaughlin McLaughlin
Optometry Optometry
Blackwell Blackwell
Parking Parking
Juneau Juneau
Idaho Idaho
Vermont Vermont
Simpson Simpson
Oregon Oregon
Raleigh Raleigh
Pennsylvania Pennsylvania
Chan Chan
North North
Nevada Nevada
Hazardous Hazardous
Gilman Gilman
Florida Florida
Silver Silver
Sather Sather
Moffitt Moffitt
Brain Brain
Kleeberger Kleeberger
Spieker Spieker
Maxwell Maxwell
Massachusetts Massachusetts
Stanley Stanley
Anthony Anthony
California California
Recreational Recreational
Goldman Goldman
Moses Moses
Visitor Visitor
