Rhode Life University Kentucky Annapolis Baton Campanile Nevada CNMAT BART Columbia Cleary Warren Bowles Tang Jefferson LeConte Blackwell Oregon Cory Moses Edwards Class Simon Energy Utah Lower Salt Mathematical Wisconsin Durham Heating Clark Mississippi Observatory Insectary Jones Durant Maryland Etcheverry Maxwell Richmond Providence Illinois Topeka Police Tennessee Montana Hartford Trenton Hertz Little Concord Moffitt Morrison Haste McLaughlin West Montgomery Bancroft Columbus Florida Pennsylvania Stadium Springer Hawaii Birge Chou Minnesota Jacobs Boalt Sproul Barrows International Austin Krutch Brain Chvez Hargrove Harrisburg Nashville Hearst Foothill Berkeley Santa Mulford Lansing Simpson Silver Grinnell Michigan Madison Cheyenne East Olympia McEnerney Martin Hellman Valley Donner Rhode
100
Rhode Rhode
Life Life
University University
Kentucky Kentucky
Annapolis Annapolis
Baton Baton
Campanile Campanile
Nevada Nevada
CNMAT CNMAT
BART BART
Columbia Columbia
Cleary Cleary
Warren Warren
Bowles Bowles
Tang Tang
Jefferson Jefferson
LeConte LeConte
Blackwell Blackwell
Oregon Oregon
Cory Cory
Moses Moses
Edwards Edwards
Class Class
Simon Simon
Energy Energy
Utah Utah
Lower Lower
Salt Salt
Mathematical Mathematical
Wisconsin Wisconsin
Durham Durham
Heating Heating
Clark Clark
Mississippi Mississippi
Observatory Observatory
Insectary Insectary
Jones Jones
Durant Durant
Maryland Maryland
Etcheverry Etcheverry
Maxwell Maxwell
Richmond Richmond
Providence Providence
Illinois Illinois
Topeka Topeka
Police Police
Tennessee Tennessee
Montana Montana
Hartford Hartford
Trenton Trenton
Hertz Hertz
Little Little
Concord Concord
Moffitt Moffitt
Morrison Morrison
Haste Haste
McLaughlin McLaughlin
West West
Montgomery Montgomery
Bancroft Bancroft
Columbus Columbus
Florida Florida
Pennsylvania Pennsylvania
Stadium Stadium
Springer Springer
Hawaii Hawaii
Birge Birge
Chou Chou
Minnesota Minnesota
Jacobs Jacobs
Boalt Boalt
Sproul Sproul
Barrows Barrows
International International
Austin Austin
Krutch Krutch
Brain Brain
Chvez Chvez
Hargrove Hargrove
Harrisburg Harrisburg
Nashville Nashville
Hearst Hearst
Foothill Foothill
Berkeley Berkeley
Santa Santa
Mulford Mulford
Lansing Lansing
Simpson Simpson
Silver Silver
Grinnell Grinnell
Michigan Michigan
Madison Madison
Cheyenne Cheyenne
East East
Olympia Olympia
McEnerney McEnerney
Martin Martin
Hellman Hellman
Valley Valley
Donner Donner
