Donner Cyclotron Helena North Juneau Illinois Ishi Foothill Gilman Tallahassee Old Minnesota Recreational Phoenix Haas Providence Wurster Haste Life Topeka Iowa Gayley Optometry McCone Santa Donner
25
Donner Donner
Cyclotron Cyclotron
Helena Helena
North North
Juneau Juneau
Illinois Illinois
Ishi Ishi
Foothill Foothill
Gilman Gilman
Tallahassee Tallahassee
Old Old
Minnesota Minnesota
Recreational Recreational
Phoenix Phoenix
Haas Haas
Providence Providence
Wurster Wurster
Haste Haste
Life Life
Topeka Topeka
Iowa Iowa
Gayley Gayley
Optometry Optometry
McCone McCone
Santa Santa
