AY AZ AG AK AJ Q R P O P R T AN BY BG BF BG CA BG CB BG BF AM BE CT BE BZ CS CP CQ CN CJ CK CJ CN CM CO CM CN CL BS BM AV AW AU AS AP AQ AO AQ BL BK BJ BI CC CD BJ BK BN BK BL AQ AP V AP W X D F G F I F N H N M N K N F D AC Y AE AD AX AY AZ AG BC BD BA BD AI S AI BD BC AG AK AJ AH L J H N F D E B A B E D AC Y AE AD AX AY
40
AG AG
AJ AJ
P P
O O
T T
BG BG
BF BF
CA CA
CB CB
AM AM
CT CT
CS CS
CP CP
CN CN
CK CK
CO CO
AV AV
AS AS
AQ AQ
AO AO
BJ BJ
BI BI
CC CC
BN BN
V V
X X
D D
F F
G G
I I
H H
M M
K K
Y Y
AD AD
AX AX
BA BA
S S
B B
A A
