139 18 11 85 2 72 69 82 5 35 65 16 26 48 141 25 31 15 14 23 37 109 95 81 67 33 104 71 148 32 47 1 58 74 7 60 39 57 43 13 30 21 78 9 84 44 41 22 105 127 134 101 64 184 114 79 182 108 111 130 112 91 75 118 147 77 123 146 119 89 138 24 191 187 17 98 156 186 122 81 128 27 96 145 158 106 153 2 157 8 178 1 172 143 144 142 22 125 131 31 198 63 152 197 173 113 189 84 4 161 148 165 55 188 6 125 176 139
100
18 18
11 11
85 85
2 2
72 72
69 69
82 82
5 5
35 35
65 65
16 16
26 26
48 48
141 141
25 25
31 31
15 15
14 14
23 23
37 37
109 109
95 95
81 81
67 67
33 33
104 104
71 71
148 148
32 32
47 47
1 1
58 58
74 74
7 7
60 60
39 39
57 57
43 43
13 13
30 30
21 21
78 78
9 9
84 84
44 44
41 41
22 22
105 105
127 127
134 134
101 101
64 64
184 184
114 114
79 79
182 182
108 108
111 111
130 130
112 112
91 91
75 75
118 118
147 147
77 77
123 123
146 146
119 119
89 89
138 138
191 191
187 187
98 98
156 156
186 186
122 122
128 128
27 27
96 96
145 145
158 158
106 106
153 153
157 157
8 8
178 178
172 172
144 144
142 142
125 125
131 131
198 198
152 152
173 173
113 113
189 189
161 161
165 165
188 188
176 176
