Qwilfish Drampa Sandile Simisear Noibat Skiddo Skorupi Lotad Drapion Taillow Scatterbug Meloetta Porygon2 Vullaby Volcarona Magmar Inkay Slurpuff Metang Steenee Jumpluff Metapod Gengar Munna Seaking Nincada Shellos Magnemite Froakie Bounsweet Whismur Stufful Amoonguss Crawdaunt Weezing Honedge Kakuna Tauros Swadloon Magnemite Comfey Magnemite Weepinbell Escavalier Woobat Tsareena Shellder Vespiquen Weezing Plusle Wailord Zekrom Conkeldurr Stufful Whismur Bastiodon Seaking Treecko Kakuna Tornadus Gengar Drampa Qwilfish
50
Qwilfish Qwilfish
Drampa Drampa
Sandile Sandile
Simisear Simisear
Noibat Noibat
Skiddo Skiddo
Skorupi Skorupi
Lotad Lotad
Drapion Drapion
Taillow Taillow
Scatterbug Scatterbug
Meloetta Meloetta
Porygon2 Porygon2
Vullaby Vullaby
Volcarona Volcarona
Magmar Magmar
Inkay Inkay
Slurpuff Slurpuff
Metang Metang
Steenee Steenee
Jumpluff Jumpluff
Metapod Metapod
Gengar Gengar
Munna Munna
Seaking Seaking
Nincada Nincada
Shellos Shellos
Magnemite Magnemite
Froakie Froakie
Bounsweet Bounsweet
Whismur Whismur
Stufful Stufful
Amoonguss Amoonguss
Crawdaunt Crawdaunt
Weezing Weezing
Honedge Honedge
Kakuna Kakuna
Tauros Tauros
Swadloon Swadloon
Comfey Comfey
Weepinbell Weepinbell
Escavalier Escavalier
Woobat Woobat
Shellder Shellder
Vespiquen Vespiquen
Plusle Plusle
Wailord Wailord
Conkeldurr Conkeldurr
Bastiodon Bastiodon
Treecko Treecko
