Soda EtcheverryHall WicksonNaturalArea Emeryville SproulPlaza AnthonyHall HertzHall Unit1 BancroftLibrary EastGate ChouHall Belmont StHelena MinorHallAddition FoundersRock EvansHall Hayward Saratoga MartinezCommons Brisbane Oakley Orinda GiauqueHall Alameda Pittsburg SatherTower KleebergerFieldHouse WursterHall Fairfield SanRafael IshiCourt SanPablo HearstGreekTheatre CalvinLaboratory PimentelHall BarkerHall Piedmont NorthGateHall HargroveMusicLibrary DonnerLab LewisHall WestGate FrankSchlessingerWay Pacifica Hillsborough Cory BlumHall Pinole ClearyHall MulfordHall ZellerbachHall WellmanHall SternHall WomenFacultyClub Healdsburg Campanile Insectary KroeberHall WheelerHall GoldmanField GilmanHall Unit3 Albany Benicia ZellerbachPlayhouse LowerSproulPlaza ClarkKerrCampus WestCircle HearstMiningCircle StadiumRimWay SanRamon Soda
70
EtcheverryHall EtcheverryHall
WicksonNaturalArea WicksonNaturalArea
Emeryville Emeryville
SproulPlaza SproulPlaza
AnthonyHall AnthonyHall
HertzHall HertzHall
Unit1 Unit1
BancroftLibrary BancroftLibrary
EastGate EastGate
ChouHall ChouHall
Belmont Belmont
StHelena StHelena
MinorHallAddition MinorHallAddition
FoundersRock FoundersRock
EvansHall EvansHall
Hayward Hayward
Saratoga Saratoga
MartinezCommons MartinezCommons
Brisbane Brisbane
Oakley Oakley
Orinda Orinda
GiauqueHall GiauqueHall
Alameda Alameda
Pittsburg Pittsburg
SatherTower SatherTower
KleebergerFieldHouse KleebergerFieldHouse
WursterHall WursterHall
Fairfield Fairfield
SanRafael SanRafael
IshiCourt IshiCourt
SanPablo SanPablo
HearstGreekTheatre HearstGreekTheatre
CalvinLaboratory CalvinLaboratory
PimentelHall PimentelHall
BarkerHall BarkerHall
Piedmont Piedmont
NorthGateHall NorthGateHall
HargroveMusicLibrary HargroveMusicLibrary
DonnerLab DonnerLab
LewisHall LewisHall
WestGate WestGate
FrankSchlessingerWay FrankSchlessingerWay
Pacifica Pacifica
Hillsborough Hillsborough
Cory Cory
BlumHall BlumHall
Pinole Pinole
ClearyHall ClearyHall
MulfordHall MulfordHall
ZellerbachHall ZellerbachHall
WellmanHall WellmanHall
SternHall SternHall
WomenFacultyClub WomenFacultyClub
Healdsburg Healdsburg
Campanile Campanile
Insectary Insectary
KroeberHall KroeberHall
WheelerHall WheelerHall
GoldmanField GoldmanField
GilmanHall GilmanHall
Unit3 Unit3
Albany Albany
Benicia Benicia
ZellerbachPlayhouse ZellerbachPlayhouse
LowerSproulPlaza LowerSproulPlaza
ClarkKerrCampus ClarkKerrCampus
WestCircle WestCircle
HearstMiningCircle HearstMiningCircle
StadiumRimWay StadiumRimWay
SanRamon SanRamon
