a b c l e h j k m o p w t y u aa ab ae ag aj ak ah an al ap ar az aw bb bd bc bi bf bl bm bv br by cb ch bz cd dm ey em fs dj fl cq de ci cl gl ep cs fy dq cu ed ct et ea cp ff ex cv fh do ck dn en gp fg ew eu dx ev fv fd fr df dg ec gh eq fb dt du dv eg ee gn fa gb er fu ga fz gm fn a
100
a a
b b
c c
l l
e e
h h
j j
k k
m m
o o
p p
w w
t t
y y
u u
aa aa
ab ab
ae ae
ag ag
aj aj
ak ak
ah ah
an an
al al
ap ap
ar ar
az az
aw aw
bb bb
bd bd
bc bc
bi bi
bf bf
bl bl
bm bm
bv bv
br br
by by
cb cb
ch ch
bz bz
cd cd
dm dm
ey ey
em em
fs fs
dj dj
fl fl
cq cq
de de
ci ci
cl cl
gl gl
ep ep
cs cs
fy fy
dq dq
cu cu
ed ed
ct ct
et et
ea ea
cp cp
ff ff
ex ex
cv cv
fh fh
do do
ck ck
dn dn
en en
gp gp
fg fg
ew ew
eu eu
dx dx
ev ev
fv fv
fd fd
fr fr
df df
dg dg
ec ec
gh gh
eq eq
fb fb
dt dt
du du
dv dv
eg eg
ee ee
gn gn
fa fa
gb gb
er er
fu fu
ga ga
fz fz
gm gm
fn fn
