0 4 10 8 9 133 131 135 138 56 60 19 12 7 76 29 24 25 28 23 16 13 11 15 22 18 26 27 33 31 32 36 39 34 40 118 47 43 35 30 49 42 73 68 64 137 132 75 67 62 146 145 148 142 127 122 120 125 123 119 80 82 81 86 84 83 85 78 77 70 65 66 69 113 105 108 111 109 104 97 89 96 98 93 95 101 117 110 114 107 44 45 51 53 55 141 134 128 135 143 90 94 97 5 0
100
0 0
4 4
10 10
8 8
9 9
133 133
131 131
135 135
138 138
56 56
60 60
19 19
12 12
7 7
76 76
29 29
24 24
25 25
28 28
23 23
16 16
13 13
11 11
15 15
22 22
18 18
26 26
27 27
33 33
31 31
32 32
36 36
39 39
34 34
40 40
118 118
47 47
43 43
35 35
30 30
49 49
42 42
73 73
68 68
64 64
137 137
132 132
75 75
67 67
62 62
146 146
145 145
148 148
142 142
127 127
122 122
120 120
125 125
123 123
119 119
80 80
82 82
81 81
86 86
84 84
83 83
85 85
78 78
77 77
70 70
65 65
66 66
69 69
113 113
105 105
108 108
111 111
109 109
104 104
97 97
89 89
96 96
98 98
93 93
95 95
101 101
117 117
110 110
114 114
44 44
45 45
51 51
53 53
55 55
141 141
134 134
128 128
143 143
94 94
5 5
