zero two three four five six five twelve eleven ten nine eight fourteen eight fifteen twentyone twenty nineteen eighteen twentyfive twentyfour twentythree twentytwo twentynine thirty twentynine thirtyfive thirtyfour thirtythree thirtytwo thirtynine thirtyeight thirtyseven thirtysix thirtyseven fortyfour fortyfive fortysix fortyseven fortyeight fiftyfive fiftyfour fiftythree fiftytwo fiftyone fifty fiftyseven sixtythree sixtytwo sixtyone sixty sixtyseven sixtysix sixtyfive sixtyfour seventy sixtynine sixtyeight seventyfive seventysix seventyseven seventyone seventyeight seventynine seventyeight eightyfour eightythree eightytwo eightyone eightyeight eightyseven eightyeight eightynine eightyeight ninetyfive eightyeight eightyone seventyfour sixtyseven sixty fiftythree fortysix thirtynine thirtytwo twentyfive eighteen eleven four zero
50
two two
three three
four four
five five
six six
twelve twelve
ten ten
fourteen fourteen
fifteen fifteen
twenty twenty
twentyfive twentyfive
twentyfour twentyfour
twentytwo twentytwo
twentynine twentynine
thirty thirty
thirtyfive thirtyfive
thirtyfour thirtyfour
thirtythree thirtythree
thirtynine thirtynine
thirtyseven thirtyseven
thirtysix thirtysix
fortyfour fortyfour
fortyfive fortyfive
fortyseven fortyseven
fortyeight fortyeight
fiftyfive fiftyfive
fiftythree fiftythree
fiftyone fiftyone
fifty fifty
fiftyseven fiftyseven
sixtytwo sixtytwo
sixtyone sixtyone
sixty sixty
sixtyseven sixtyseven
sixtysix sixtysix
sixtyfive sixtyfive
seventy seventy
sixtyeight sixtyeight
seventyfive seventyfive
seventyseven seventyseven
seventyone seventyone
seventyeight seventyeight
seventynine seventynine
eightyfour eightyfour
eightytwo eightytwo
eightyone eightyone
eightyeight eightyeight
eightyseven eightyseven
eightynine eightynine
ninetyfive ninetyfive
