zero one two three ten eleven twelve thirteen fourteen seven six thirteen twenty twentyone fifteen sixteen seventeen sixteen twentythree twentyfour twentyfive twentysix twentyseven thirtyfour thirtythree thirtyfour thirtyfive twentynine thirty thirtyseven thirtyeight fortyfive fortyfour fortythree fortynine fortyeight fiftyfive fiftyfour fiftythree fiftytwo fiftyone fiftyeight fiftyseven fiftyeight fiftynine sixty sixtyseven sixtysix sixtyfive sixtyfour seventy sixtynine sixtyeight seventyfive seventysix seventyseven seventyone seventytwo seventynine seventyeight eightyfour eightythree eightytwo eightyone eighty eightyseven eightysix eightyfive ninetyone ninetyeight ninetytwo ninetynine onehun onehunone onehuneight onehunnine onehunten onehuneleven onehuneighteen onehunseventeen onehunsixteen onehunfifteen onehunfourteen onehunthirteen onehunnineteen onehuntwentysix onehuntwenty onehuntwentyone onehuntwentytwo onehuntwentythree onehuntwentyfour onehuntwentythree onehunthirty onehuntwentynine onehuntwentyeight onehuntwentyseven onehuntwentyeight onehunthirtyfive onehunthirtyfour onehunforty onehunthirtynine onehunfortysix onehunfortyfive onehunfortyfour onehunfortythree onehunfifty onehunfortynine onehunfortyeight onehunfiftyfour onehunsixtyone onehunsixty onehunfiftynine onehunfiftyeight onehunfiftyseven onehunsixtyfour onehunsixtythree onehunsixtyfour onehunsixtyfive onehunsixtysix onehunseventythree onehunseventyfour onehunseventyfive onehunsixtynine onehunseventy onehunseventyone onehunseventyeight onehunseventyseven onehunseventysix onehuneightytwo onehuneightyone onehuneighty onehuneightyseven onehuneightysix onehuneightyfive onehuneightyfour onehunninetyone onehunninety onehunninetyone onehunninetytwo onehunninetythree onehunninetyfour onehuneightyseven onehuneighty onehunseventythree onehunsixtysix onehunfiftynine onehunfiftytwo onehunfortyfive onehunthirtyeight onehunthirtyone onehuntwentyfour onehunseventeen onehunten onehunthree ninetysix eightynine eightytwo seventyfive sixtyeight sixtyone fiftyfour fortyseven forty thirtythree twentysix nineteen twelve five zero
100
one one
two two
three three
ten ten
eleven eleven
twelve twelve
fourteen fourteen
seven seven
six six
twenty twenty
fifteen fifteen
sixteen sixteen
seventeen seventeen
twentythree twentythree
twentyfive twentyfive
twentysix twentysix
twentyseven twentyseven
thirtyfour thirtyfour
thirtythree thirtythree
twentynine twentynine
thirtyseven thirtyseven
thirtyeight thirtyeight
fortyfive fortyfive
fortyfour fortyfour
fortythree fortythree
fortynine fortynine
fiftyfive fiftyfive
fiftythree fiftythree
fiftytwo fiftytwo
fiftyeight fiftyeight
fiftyseven fiftyseven
sixty sixty
sixtyseven sixtyseven
sixtysix sixtysix
sixtyfour sixtyfour
seventy seventy
sixtynine sixtynine
seventyfive seventyfive
seventyseven seventyseven
seventyone seventyone
seventytwo seventytwo
seventynine seventynine
seventyeight seventyeight
eightyfour eightyfour
eightythree eightythree
eightytwo eightytwo
eightyseven eightyseven
ninetyeight ninetyeight
ninetynine ninetynine
onehunone onehunone
onehuneight onehuneight
onehunten onehunten
onehuneleven onehuneleven
onehuneighteen onehuneighteen
onehunseventeen onehunseventeen
onehunsixteen onehunsixteen
onehunthirteen onehunthirteen
onehunnineteen onehunnineteen
onehuntwentysix onehuntwentysix
onehuntwentyone onehuntwentyone
onehuntwentythree onehuntwentythree
onehuntwentyfour onehuntwentyfour
onehunthirty onehunthirty
onehuntwentyeight onehuntwentyeight
onehuntwentyseven onehuntwentyseven
onehunthirtyfive onehunthirtyfive
onehunforty onehunforty
onehunfortysix onehunfortysix
onehunfortyfive onehunfortyfive
onehunfortyfour onehunfortyfour
onehunfortythree onehunfortythree
onehunfifty onehunfifty
onehunfortynine onehunfortynine
onehunfiftyfour onehunfiftyfour
onehunsixtyone onehunsixtyone
onehunsixty onehunsixty
onehunfiftynine onehunfiftynine
onehunfiftyseven onehunfiftyseven
onehunsixtyfour onehunsixtyfour
onehunsixtythree onehunsixtythree
onehunsixtyfive onehunsixtyfive
onehunsixtysix onehunsixtysix
onehunseventythree onehunseventythree
onehunseventyfour onehunseventyfour
onehunseventyfive onehunseventyfive
onehunsixtynine onehunsixtynine
onehunseventy onehunseventy
onehunseventyone onehunseventyone
onehunseventyeight onehunseventyeight
onehunseventysix onehunseventysix
onehuneightytwo onehuneightytwo
onehuneightyone onehuneightyone
onehuneighty onehuneighty
onehuneightyseven onehuneightyseven
onehuneightyfour onehuneightyfour
onehunninetyone onehunninetyone
onehunninety onehunninety
onehunninetytwo onehunninetytwo
onehunninetythree onehunninetythree
onehunninetyfour onehunninetyfour
