zero three zero five six seven fourteen thirteen twelve eleven ten nine sixteen fifteen twentyone twenty nineteen eighteen twentyfive thirtytwo thirtyone thirty twentynine thirtyfive thirtyfour thirtythree forty thirtynine thirtyeight thirtyseven thirtysix fortytwo thirtysix thirtyseven thirtyeight fortyfive fortysix thirtynine thirtytwo twentyfive eighteen eleven four zero
25
three three
five five
six six
seven seven
fourteen fourteen
thirteen thirteen
twelve twelve
eleven eleven
nine nine
sixteen sixteen
fifteen fifteen
twenty twenty
nineteen nineteen
eighteen eighteen
twentyfive twentyfive
thirtytwo thirtytwo
thirtyone thirtyone
thirtyfive thirtyfive
thirtyfour thirtyfour
forty forty
thirtyeight thirtyeight
thirtyseven thirtyseven
fortytwo fortytwo
fortyfive fortyfive
fortysix fortysix
