pump need preoccupation judicial reject survival overlook freedom exercise distributor impound formulate sweet pray ensure lemon row aspect tip feign hallway attractive admiration title performance depressed privilege gloom parallel ghost diagram wage genetic packet sentiment float unanimous plug mouse anger pipe descent guideline button sticky separate brain wear sacrifice line consideration engineer category mud affect hierarchy innovation range pedestrian prospect forest ground pursuit nominate sit park linger valley rock leadership minor fairy lot appearance performance polish physical Mars literature tune reflection pump
78
pump pump
need need
preoccupation preoccupation
judicial judicial
reject reject
survival survival
overlook overlook
freedom freedom
exercise exercise
distributor distributor
impound impound
formulate formulate
sweet sweet
pray pray
ensure ensure
lemon lemon
row row
aspect aspect
tip tip
feign feign
hallway hallway
attractive attractive
admiration admiration
title title
performance performance
depressed depressed
privilege privilege
gloom gloom
parallel parallel
ghost ghost
diagram diagram
wage wage
genetic genetic
packet packet
sentiment sentiment
float float
unanimous unanimous
plug plug
mouse mouse
anger anger
pipe pipe
descent descent
guideline guideline
button button
sticky sticky
separate separate
brain brain
wear wear
sacrifice sacrifice
line line
consideration consideration
engineer engineer
category category
mud mud
affect affect
hierarchy hierarchy
innovation innovation
range range
pedestrian pedestrian
prospect prospect
forest forest
ground ground
pursuit pursuit
nominate nominate
sit sit
park park
linger linger
valley valley
rock rock
leadership leadership
minor minor
fairy fairy
lot lot
appearance appearance
polish polish
physical physical
literature literature
reflection reflection
