maintenance future reputation description income obligation cause sign church volume chest career depression version philosophy role salad day difficulty war contract movie inspection feature property action marketing price bread resolution photo selection account context focus wife competition driver sister woman complaint farmer style rate object rock population average beer example class economy difficulty maintenance
50
maintenance maintenance
future future
reputation reputation
description description
income income
obligation obligation
cause cause
sign sign
church church
volume volume
chest chest
career career
depression depression
version version
philosophy philosophy
role role
salad salad
day day
difficulty difficulty
war war
contract contract
movie movie
inspection inspection
feature feature
property property
action action
marketing marketing
price price
bread bread
resolution resolution
photo photo
selection selection
account account
context context
focus focus
wife wife
competition competition
driver driver
sister sister
woman woman
complaint complaint
style style
rate rate
object object
rock rock
population population
average average
beer beer
example example
economy economy
