context bedroom road construction aspect teaching bread satisfaction reality departure while state ability soil bit wood currency thanks anxiety store farmer drawing fat attempt care disaster interaction context
25
context context
bedroom bedroom
road road
construction construction
aspect aspect
teaching teaching
bread bread
satisfaction satisfaction
reality reality
departure departure
while while
state state
ability ability
soil soil
bit bit
wood wood
currency currency
thanks thanks
anxiety anxiety
store store
farmer farmer
fat fat
attempt attempt
care care
interaction interaction
