engine menu error member age reputation significance situation temperature police emphasis flight politics business girl interaction song dealer preparation area office light delivery card mind speech secretary energy series grandmother tool engineering failure process leadership model chapter measurement promotion drawer funeral teacher standard problem material dirt eye meal tax tension data moment beginning accident beer sport director tooth figure choice satisfaction two machine country side drawing piano worker aspect view ear clothes money bus volume idea time answer section birth fact town singer analyst ratio editor performance departure source variation education buyer difficulty war step teaching space age sympathy understanding age class bath engine
100
engine engine
menu menu
error error
member member
age age
reputation reputation
significance significance
situation situation
temperature temperature
police police
emphasis emphasis
flight flight
politics politics
business business
girl girl
interaction interaction
song song
dealer dealer
preparation preparation
area area
office office
light light
delivery delivery
card card
mind mind
speech speech
secretary secretary
energy energy
series series
grandmother grandmother
tool tool
engineering engineering
failure failure
process process
leadership leadership
model model
chapter chapter
measurement measurement
promotion promotion
drawer drawer
funeral funeral
teacher teacher
standard standard
problem problem
material material
dirt dirt
eye eye
meal meal
tax tax
tension tension
data data
moment moment
beginning beginning
accident accident
beer beer
sport sport
director director
tooth tooth
figure figure
choice choice
satisfaction satisfaction
two two
machine machine
country country
side side
drawing drawing
piano piano
worker worker
aspect aspect
view view
ear ear
clothes clothes
money money
bus bus
volume volume
idea idea
time time
answer answer
section section
birth birth
fact fact
town town
singer singer
analyst analyst
ratio ratio
editor editor
performance performance
departure departure
source source
variation variation
education education
buyer buyer
difficulty difficulty
war war
step step
teaching teaching
space space
sympathy sympathy
understanding understanding
class class
