S Q D C E B W AW X AN Y J O U L AF P AT CT Z AY G CD F CM A N R T V AA BR AD CB BW M AP I AZ K CL AB AE H CK AC BK AN AG Q AK Q AO Q AQ J AS J BP D AM D CF D CV J BS Q AR B AX B BD B CA C AU C BG C BV C CR Q BA Q BB Q BC Q BH Q BI Q BJ Q BL Q BM Q BQ Q BT Q BX Q CE Q CJ Q CN Q CP Q CQ AN AH AN AI AN AJ AN AL AN AV AN BE AN BN AN BO AN BU AN BY AN CH AN CI AN CO AN CW AW BF AW BZ AW CC AW CS AW CU V S
100
S S
Q Q
D D
C C
E E
B B
W W
AW AW
X X
AN AN
Y Y
J J
O O
U U
L L
AF AF
P P
AT AT
CT CT
Z Z
AY AY
G G
CD CD
F F
CM CM
A A
N N
R R
T T
V V
AA AA
BR BR
AD AD
CB CB
BW BW
M M
AP AP
I I
AZ AZ
K K
CL CL
AB AB
AE AE
H H
CK CK
AC AC
BK BK
AG AG
AK AK
AO AO
AQ AQ
AS AS
BP BP
AM AM
CF CF
CV CV
BS BS
AR AR
AX AX
BD BD
CA CA
AU AU
BG BG
BV BV
CR CR
BA BA
BB BB
BC BC
BH BH
BI BI
BJ BJ
BL BL
BM BM
BQ BQ
BT BT
BX BX
CE CE
CJ CJ
CN CN
CP CP
CQ CQ
AH AH
AI AI
AJ AJ
AL AL
AV AV
BE BE
BN BN
BO BO
BU BU
BY BY
CH CH
CI CI
CO CO
CW CW
BF BF
BZ BZ
CC CC
CS CS
CU CU
