86 120 86 125 49 19 3 5 3 11 3 54 67 2 46 94 46 117 70 36 15 122 15 199 42 1 42 76 78 8 12 48 12 123 12 138 12 149 12 181 9 10 9 13 9 26 9 110 9 60 66 23 169 23 185 43 51 18 84 18 139 18 177 39 156 37 73 37 97 37 126 32 157 32 159 32 175 70 57 7 45 7 101 7 145 7 163 161 87 60 93 55 121 55 132 167 71 61 30 61 69 61 107 98 91 98 148 78 14 78 116 58 28 58 40 38 20 82 20 47 41 47 188 198 67 22 67 140 25 64 25 150 25 153 25 154 25 158 25 183 4 179 4 31 115 53 115 89 62 192 43 92 127 72 186 196 131 160 147 113 111 129 171 75 63 74 63 143 6 143 88 27 88 151 17 151 184 108 44 108 135 52 114 105 114 1 180 106 180 49 98 173 98 187 35 68 90 68 100 182 96 174 96 182 92 133 152 133 39 172 56 172 88 151 80 194 80 151 37 11 99 79 21 79 137 79 99 167 65 146 65 167 71 61 104 24 168 189 168 24 104 61 71 67 86
100
120 120
125 125
19 19
5 5
11 11
54 54
2 2
94 94
117 117
36 36
122 122
199 199
1 1
76 76
8 8
48 48
123 123
138 138
149 149
181 181
10 10
13 13
26 26
110 110
66 66
169 169
185 185
51 51
84 84
139 139
177 177
156 156
73 73
97 97
126 126
157 157
159 159
175 175
57 57
45 45
101 101
145 145
163 163
87 87
93 93
121 121
132 132
71 71
30 30
69 69
107 107
91 91
148 148
14 14
116 116
28 28
38 38
82 82
41 41
198 198
22 22
140 140
64 64
150 150
153 153
154 154
158 158
183 183
179 179
53 53
89 89
192 192
92 92
72 72
196 196
160 160
113 113
129 129
75 75
74 74
6 6
27 27
17 17
184 184
44 44
52 52
105 105
106 106
173 173
35 35
90 90
100 100
174 174
152 152
56 56
194 194
21 21
137 137
146 146
189 189
