3 6 3 12 3 21 3 23 3 32 3 60 3 67 3 87 28 31 35 14 2 24 2 27 2 36 2 40 2 68 18 8 18 9 11 41 11 66 4 19 4 22 4 43 4 50 4 75 4 98 35 15 18 76 34 52 30 90 10 7 10 17 13 33 13 42 20 63 35 57 35 70 35 94 44 46 64 71 64 69 53 48 49 48 100 69 96 69 78 1 78 80 29 80 73 80 83 58 83 31 84 45 84 13 97 56 89 66 55 85 93 88 61 25 61 88 93 85 55 3
50
6 6
12 12
21 21
23 23
32 32
60 60
67 67
87 87
31 31
14 14
24 24
27 27
36 36
40 40
68 68
8 8
9 9
41 41
66 66
19 19
22 22
43 43
50 50
75 75
98 98
15 15
76 76
52 52
90 90
7 7
17 17
33 33
42 42
63 63
57 57
70 70
94 94
46 46
71 71
53 53
49 49
100 100
96 96
1 1
29 29
73 73
58 58
45 45
56 56
25 25
