5 33 68 155 68 33 19 169 19 20 54 96 59 101 104 101 111 101 59 127 59 45 152 45 59 76 59 118 126 118 59 75 50 32 21 1 177 1 0 51 0 3 31 39 88 168 88 39 41 27 11 85 11 113 11 44 106 44 37 22 9 77 7 35 7 65 55 57 64 14 23 103 23 14 63 14 196 14 90 91 99 94 40 92 22 58 86 109 130 109 86 41 19 69 145 69 19 52 80 52 56 102 56 52 143 144 176 180 194 180 176 144 143 52 80 26 1 70 105 70 1 95 121 95 8 39 28 10 160 10 15 163 15 10 9 12 18 178 18 12 150 191 150 12 25 43 183 43 25 46 49 82 179 82 36 40 53 123 131 140 131 123 53 27 7 5
52
68 68
155 155
169 169
54 54
96 96
101 101
104 104
111 111
127 127
45 45
152 152
76 76
126 126
50 50
32 32
21 21
177 177
51 51
31 31
168 168
27 27
85 85
113 113
106 106
9 9
77 77
35 35
57 57
23 23
103 103
63 63
196 196
91 91
92 92
58 58
109 109
130 130
145 145
80 80
102 102
176 176
180 180
194 194
105 105
121 121
160 160
163 163
178 178
191 191
183 183
179 179
140 140
