Soda Doe UniversityVillage Bowles UniversityVillage Doe Soda BerkeleyWayWest Campanile Evans BAMPFA Evans Kresge LawrenceHall GreekTheatre Doe Soda LeConte Foothill HavilandHall Dwinelle HearstMining HilgardHall CaliforniaHall Barrows Unit3 Campbell Cory Gilman ZellerbachHall DavisHall SouthHall Unit1 SouthHall Moffit DavisHall Stern DavisHall Wheeler LeConte Etcheverry Unit2 BancroftLibrary Unit2 DurantHall Unit2 Etcheverry GiauqueHall AlumniHouse InternationalHouse MemorialStadium LawrenceHall Doe Soda
25
Doe Doe
Bowles Bowles
BerkeleyWayWest BerkeleyWayWest
Campanile Campanile
Evans Evans
BAMPFA BAMPFA
LawrenceHall LawrenceHall
GreekTheatre GreekTheatre
LeConte LeConte
Foothill Foothill
Dwinelle Dwinelle
HearstMining HearstMining
CaliforniaHall CaliforniaHall
Unit3 Unit3
Campbell Campbell
Gilman Gilman
SouthHall SouthHall
Unit1 Unit1
Moffit Moffit
Stern Stern
Wheeler Wheeler
Unit2 Unit2
BancroftLibrary BancroftLibrary
DurantHall DurantHall
InternationalHouse InternationalHouse
