Ippudo Platano Gypsys EastAsianLibrary Campbell MemorialGlade Campbell HearstMining Chipotle Yifang NorthHall DavisHall TukTukThai BSC ClarkKerr Stern HortonHall Underhill Homeroom TheHabit FireTrails MulfordHall FireTrails BrandyMelville ThaiBasil HesseHall EastBaySpiceCompany HesseHall Kips Muraccis Kips HesseHall EastBaySpiceCompany GSPP Wheeler AndrewsApartment UrbanOutfitters Cornerstone UrbanOutfitters AndrewsApartment Flavia UCafe UniversityVillage Fengcha Ikes Eureka Ikes Gongcha Ikes Fengcha UniversityVillage TToust BobaNinja TennisCourts TPTea TennisCourts BancroftLibrary Cheeseboard BancroftLibrary LittleCampanile EastAsianLibrary Campbell HearstMining Chipotle HAAS Mezzo BerkeleyArtStudio SaturnCafe BerkeleyArtStudio Quicklys Firewings TopDog Jupiter Morganhall Jupiter LatimerHall Tilden Gather TraderJoes YogurtPark OptometryBuilding LaBurrita BerkeleyBart HappyLemon BerkeleyBart SproulHall BerkeleyBart BigC TenderGreens BigC BerkeleyBart HappyLemon BerkeleyWayWest Artichokes SnackShack AmoebaMusic LeConte Cafe3 ThaiNoodle Doe JambaJuice SteamTrains KroeberHall SteamTrains Underhill Wikiwiki NoodleGirl Teazone NoodleGirl Wikiwiki LeConte AshaTeaHouse Bowles Namaste StrawberryCreek TennisCourts BobaNinja TToust Crossroads SouthHall Ucha SouthHall BobbyGPizza ImmThai BobbyGPizza Marugame Gadani HalalGuys Gadani Rachas NatApartment BetaLounge Ikes Fengcha HavilandHall Bonchon HavilandHall UdupiPalace GrizzlyPeak FoxTheater Raretea BanshoRamen LiKaShing SmokesPoutinerie LewisHall SmokesPoutinerie TheDwight SmokesPoutinerie Flavia PurpleKow PeoplesCafe SweetheartCafe PeoplesCafe PurpleKow Flavia HearstGym WursterHall Spats Evans DavisHall TukTukThai Venus TukTukThai DavisHall Cinnaholic HortonHall Shengkee LowerSproul Shengkee HortonHall Stern BerkeleyHigh Toss LaNote TacoBell LaNote ExtremePizza Cafe3 LeConte Campanile ChezPanisse Campanile LeConte AshaTeaHouse JacobsApartment Blackwell SuperDuperBurgers Pappys HearstAnnex McDonalds Morrisonhall McDonalds HearstAnnex Bowles AshaTeaHouse Barrows Safeway BerkeleyThaiHouse SutardjaDai ThaiBasil Milkbomb Ikea TheHabit Homeroom PokeBar Plentea ClarkKerr DollarTree TripleRock Cinnaholic Slivers Cinnaholic HortonHall Stern BerkeleyHigh Toss YogurtPark GreatChina SatherGate GreatChina YogurtPark LaVals Target LaVals YogurtPark Ucha SouthHall Crossroads LiKaShing Rachas NatApartment HildebrandHall Soda Platano Ippudo
100
Platano Platano
Gypsys Gypsys
EastAsianLibrary EastAsianLibrary
MemorialGlade MemorialGlade
Chipotle Chipotle
Yifang Yifang
NorthHall NorthHall
TukTukThai TukTukThai
BSC BSC
ClarkKerr ClarkKerr
HortonHall HortonHall
Underhill Underhill
Homeroom Homeroom
TheHabit TheHabit
MulfordHall MulfordHall
ThaiBasil ThaiBasil
EastBaySpiceCompany EastBaySpiceCompany
Kips Kips
Muraccis Muraccis
Wheeler Wheeler
AndrewsApartment AndrewsApartment
UrbanOutfitters UrbanOutfitters
Cornerstone Cornerstone
UCafe UCafe
Fengcha Fengcha
Ikes Ikes
Eureka Eureka
Gongcha Gongcha
BobaNinja BobaNinja
TPTea TPTea
Cheeseboard Cheeseboard
LittleCampanile LittleCampanile
Mezzo Mezzo
BerkeleyArtStudio BerkeleyArtStudio
SaturnCafe SaturnCafe
Quicklys Quicklys
Firewings Firewings
TopDog TopDog
Jupiter Jupiter
Morganhall Morganhall
LatimerHall LatimerHall
Gather Gather
TraderJoes TraderJoes
OptometryBuilding OptometryBuilding
LaBurrita LaBurrita
HappyLemon HappyLemon
SproulHall SproulHall
BigC BigC
TenderGreens TenderGreens
Artichokes Artichokes
SnackShack SnackShack
AmoebaMusic AmoebaMusic
Cafe3 Cafe3
ThaiNoodle ThaiNoodle
JambaJuice JambaJuice
KroeberHall KroeberHall
Wikiwiki Wikiwiki
Teazone Teazone
AshaTeaHouse AshaTeaHouse
Namaste Namaste
StrawberryCreek StrawberryCreek
Crossroads Crossroads
Ucha Ucha
ImmThai ImmThai
Marugame Marugame
Gadani Gadani
HalalGuys HalalGuys
Rachas Rachas
BetaLounge BetaLounge
Bonchon Bonchon
GrizzlyPeak GrizzlyPeak
Raretea Raretea
BanshoRamen BanshoRamen
SmokesPoutinerie SmokesPoutinerie
LewisHall LewisHall
TheDwight TheDwight
PeoplesCafe PeoplesCafe
SweetheartCafe SweetheartCafe
WursterHall WursterHall
Spats Spats
Venus Venus
Shengkee Shengkee
LowerSproul LowerSproul
LaNote LaNote
TacoBell TacoBell
ExtremePizza ExtremePizza
ChezPanisse ChezPanisse
SuperDuperBurgers SuperDuperBurgers
Pappys Pappys
McDonalds McDonalds
Morrisonhall Morrisonhall
Safeway Safeway
Milkbomb Milkbomb
PokeBar PokeBar
Plentea Plentea
TripleRock TripleRock
Slivers Slivers
GreatChina GreatChina
SatherGate SatherGate
Target Target
