1 16 160 32 163 100 0 22 35 26 35 57 119 49 93 25 93 29 27 50 76 59 121 129 89 186 89 189 100 3 100 8 12 8 30 170 84 124 195 178 39 55 68 55 127 83 7 43 117 43 131 39 74 100 10 100 15 100 18 115 63 40 191 60 134 62 142 151 177 77 6 159 54 171 180 100 19 88 41 113 100 21 141 21 158 199 100 24 100 28 100 31 100 36 100 38 100 44 175 80 100 45 196 100 56 100 82 100 86 100 97 99 193 100 101 46 137 155 183 100 105 164 100 111 51 150 100 125 182 100 136 100 138 100 148 100 153 100 157 100 172 100 174 100 188 100 192 100 194 100 1
100
1 1
16 16
160 160
32 32
163 163
0 0
22 22
35 35
26 26
57 57
119 119
49 49
93 93
25 25
29 29
27 27
50 50
76 76
59 59
121 121
129 129
89 89
186 186
189 189
3 3
8 8
12 12
30 30
170 170
84 84
124 124
195 195
178 178
55 55
68 68
127 127
83 83
43 43
117 117
131 131
74 74
10 10
15 15
18 18
115 115
63 63
191 191
60 60
134 134
142 142
151 151
177 177
77 77
159 159
54 54
171 171
180 180
19 19
88 88
113 113
21 21
141 141
158 158
199 199
24 24
28 28
31 31
36 36
38 38
44 44
175 175
80 80
45 45
196 196
56 56
82 82
86 86
97 97
99 99
193 193
101 101
137 137
155 155
183 183
105 105
164 164
111 111
150 150
125 125
182 182
136 136
138 138
148 148
153 153
157 157
172 172
174 174
188 188
192 192
194 194
