1 50 0 62 50 2 93 37 51 37 58 15 5 21 86 43 80 50 4 49 4 78 6 31 54 45 33 87 35 50 8 13 67 71 20 42 30 65 50 17 81 45 95 40 50 18 16 46 50 19 50 28 91 74 50 29 50 32 85 64 50 38 50 44 50 61 50 63 50 66 50 79 50 83 50 84 50 92 50 97 2 99 50 1
50
0 0
62 62
2 2
93 93
37 37
51 51
58 58
5 5
21 21
86 86
80 80
4 4
49 49
78 78
31 31
54 54
33 33
87 87
35 35
8 8
67 67
71 71
20 20
42 42
65 65
17 17
81 81
95 95
40 40
18 18
46 46
19 19
28 28
91 91
74 74
29 29
32 32
85 85
64 64
38 38
44 44
61 61
63 63
66 66
79 79
83 83
84 84
92 92
97 97
99 99
