68 63 64 17 64 37 50 91 43 57 43 79 65 45 52 5 15 81 9 81 89 61 78 83 53 44 7 44 53 51 53 33 77 13 22 23 87 69 11 94 49 21 97 21 95 79 67 91 39 58 85 58 42 47 94 75 31 75 93 41 71 29 60 59 55 76 80 3 2 1 26 25 27 25 84 23 22 43 91 73 91 50 37 36 35 34 18 19 18 80 82 17 64 63 68
49
63 63
17 17
37 37
91 91
43 43
57 57
79 79
65 65
45 45
5 5
15 15
81 81
9 9
89 89
61 61
83 83
53 53
7 7
51 51
33 33
77 77
13 13
23 23
87 87
69 69
11 11
49 49
21 21
97 97
95 95
67 67
39 39
85 85
47 47
75 75
31 31
93 93
41 41
71 71
29 29
59 59
55 55
3 3
1 1
25 25
27 27
73 73
35 35
19 19
