21 152 153 152 111 188 135 188 113 171 15 5 127 126 180 181 53 150 151 191 23 160 17 157 143 185 186 33 155 165 25 179 161 93 89 141 151 175 65 48 47 116 115 119 159 117 122 123 122 130 131 197 95 195 95 97 36 35 76 31 113 81 11 41 42 150 85 107 193 194 101 92 91 178 63 71 63 83 82 177 183 114 105 104 103 104 105 106 109 176 149 142 99 142 139 1 2 3 2 1 139 168 169 57 169 110 43 27 43 73 87 38 37 189 124 125 137 75 74 136 69 66 145 66 67 66 69 136 39 52 49 50 59 60 61 60 48 79 108 167 30 29 154 20 187 156 45 156 21 129 40 64 101 8 9 120 51 120 121 74 144 55 147 148 197 163 175 65 48 47 116 133 116 47 48 19 48 64 101 8 7 8 32 173 172 13 12 44 77 17 160 74 144 111 152 21
99
21 21
153 153
111 111
135 135
113 113
171 171
15 15
5 5
127 127
181 181
53 53
151 151
191 191
23 23
17 17
157 157
143 143
185 185
33 33
155 155
165 165
25 25
179 179
161 161
93 93
89 89
141 141
175 175
65 65
47 47
115 115
119 119
159 159
117 117
123 123
131 131
197 197
95 95
195 195
97 97
35 35
31 31
81 81
11 11
41 41
85 85
107 107
193 193
101 101
91 91
63 63
71 71
83 83
177 177
183 183
105 105
103 103
109 109
149 149
99 99
139 139
1 1
3 3
169 169
57 57
43 43
27 27
73 73
87 87
37 37
189 189
125 125
137 137
75 75
69 69
145 145
67 67
39 39
49 49
59 59
61 61
79 79
167 167
29 29
187 187
45 45
129 129
9 9
51 51
121 121
55 55
147 147
163 163
133 133
19 19
7 7
173 173
13 13
77 77
