1 58 59 12 82 8 52 8 70 63 45 55 41 22 46 57 73 16 90 16 14 62 43 62 47 56 4 21 72 44 67 61 5 49 50 49 66 51 66 60 53 65 38 77 62 83 27 89 68 80 64 42 75 39 81 24 88 64 74 64 80 25 34 76 34 23 78 36 48 36 40 71 11 8 70 86 70 5 61 46 85 46 57 79 57 46 24 31 69 54 69 31 24 46 30 3 1 84 1 3 30 39 81 87 81 39 30 3 1
50
58 58
59 59
82 82
52 52
70 70
63 63
45 45
55 55
41 41
46 46
57 57
73 73
90 90
62 62
43 43
47 47
56 56
72 72
44 44
67 67
61 61
49 49
50 50
66 66
51 51
60 60
53 53
65 65
77 77
83 83
89 89
68 68
80 80
64 64
42 42
75 75
81 81
88 88
74 74
76 76
78 78
48 48
71 71
86 86
85 85
79 79
69 69
54 54
84 84
87 87
