FleaBottom Bobbingbourne Urubaen Trebon SatishVille Eggmanland Batcave TheBoilingRock UtgardMountain Glimthain UtgardMountain MinistryofMagic Yll TheBurningPlains Olivanders TheBurningPlains TheGreatDivide HighGarden Vintas Vroengard Ademre Carvahall TheVale Carvahall Accrington Carvahall Westopolis Arkham MinistryofMagic Lorien ShriekingShack TheSpine Coalwatch TheSpine TheAturanEmpire GringottsBank Ebonfall SatishVille TheAturanEmpire FleaBottom
25
Bobbingbourne Bobbingbourne
Urubaen Urubaen
Trebon Trebon
SatishVille SatishVille
Eggmanland Eggmanland
Batcave Batcave
TheBoilingRock TheBoilingRock
UtgardMountain UtgardMountain
Glimthain Glimthain
MinistryofMagic MinistryofMagic
Yll Yll
TheBurningPlains TheBurningPlains
Olivanders Olivanders
TheGreatDivide TheGreatDivide
HighGarden HighGarden
Vintas Vintas
Ademre Ademre
TheVale TheVale
Accrington Accrington
Westopolis Westopolis
Arkham Arkham
ShriekingShack ShriekingShack
Coalwatch Coalwatch
GringottsBank GringottsBank
Ebonfall Ebonfall
