Essos Toffingburg Jakku Alethkar WesternAirTemple TheEyrie Peridrift Chrofall Castamere Karth TheWhompingWillow HighGarden Accrington TheFae Urubaen Dubwall Bobbingbourne ShriekingShack Valyria MountOlympus JahKeved Atlantas Alderaan KnifesEdge TheCommonwealth Lorien Meereen WitheredHeath Arkham TheSpine BeyondtheWall DiagonAlley Riverrun Steeltown Grimbarrow TheKrustyKrab Toperhagen DuWeldenvarden Helgrind Shinovar JarrensOutpost Keld GooLagoon Severen Winterfell Arcwallow Astapor Westeros Duskhollow Boatwright Aerodenn TheBoilingRock FireNation Penketh Yll Dragonstone BaSingSe Barkamsted Ademre Naboo Neddingtown TheUnderworld Tartarus TheRiverStyx RepublicCity TheSpiritWorld CaveofTwoLovers TheHogsHead FlourishBlotts Azir Newarre Braavos Millingburg ShatteredPlains Alethkar Vintas Neddington Helgrind SatishVille Endor Tarbean Hogsmead KoralReef Carvahall Gizton TheWall Omashu HighGarden TheGodswood TheChumBucket Trebon TheReshiIsles Batcave Atlantas Soda Durnatel Ellesmera KoralReef Arrowcave Blackwater Hogwarts Sanlow DiagonAlley Ivormere TheWall TheVale Lockinge CastleBlack Peterborough ProBendingArena KnifesEdge TheGreatDivide LeakyCauldron Astapor Netherfort SerpantsPass TheHogsHead FleaBottom WesternAirTemple Blackwater BikiniBottom Millhagen Essos
100
Essos Essos
Toffingburg Toffingburg
Jakku Jakku
Alethkar Alethkar
WesternAirTemple WesternAirTemple
TheEyrie TheEyrie
Peridrift Peridrift
Chrofall Chrofall
Castamere Castamere
Karth Karth
TheWhompingWillow TheWhompingWillow
HighGarden HighGarden
Accrington Accrington
TheFae TheFae
Urubaen Urubaen
Dubwall Dubwall
Bobbingbourne Bobbingbourne
ShriekingShack ShriekingShack
Valyria Valyria
MountOlympus MountOlympus
JahKeved JahKeved
Atlantas Atlantas
Alderaan Alderaan
KnifesEdge KnifesEdge
TheCommonwealth TheCommonwealth
Lorien Lorien
Meereen Meereen
WitheredHeath WitheredHeath
Arkham Arkham
TheSpine TheSpine
BeyondtheWall BeyondtheWall
DiagonAlley DiagonAlley
Riverrun Riverrun
Steeltown Steeltown
Grimbarrow Grimbarrow
TheKrustyKrab TheKrustyKrab
Toperhagen Toperhagen
DuWeldenvarden DuWeldenvarden
Helgrind Helgrind
Shinovar Shinovar
JarrensOutpost JarrensOutpost
Keld Keld
GooLagoon GooLagoon
Severen Severen
Winterfell Winterfell
Arcwallow Arcwallow
Astapor Astapor
Westeros Westeros
Duskhollow Duskhollow
Boatwright Boatwright
Aerodenn Aerodenn
TheBoilingRock TheBoilingRock
FireNation FireNation
Penketh Penketh
Yll Yll
Dragonstone Dragonstone
BaSingSe BaSingSe
Barkamsted Barkamsted
Ademre Ademre
Neddingtown Neddingtown
TheUnderworld TheUnderworld
Tartarus Tartarus
TheRiverStyx TheRiverStyx
RepublicCity RepublicCity
TheSpiritWorld TheSpiritWorld
CaveofTwoLovers CaveofTwoLovers
FlourishBlotts FlourishBlotts
Azir Azir
Newarre Newarre
Braavos Braavos
ShatteredPlains ShatteredPlains
Vintas Vintas
Neddington Neddington
SatishVille SatishVille
Endor Endor
Tarbean Tarbean
Hogsmead Hogsmead
Carvahall Carvahall
Gizton Gizton
Omashu Omashu
TheGodswood TheGodswood
TheChumBucket TheChumBucket
Trebon Trebon
TheReshiIsles TheReshiIsles
Batcave Batcave
Soda Soda
Ellesmera Ellesmera
Arrowcave Arrowcave
Blackwater Blackwater
Hogwarts Hogwarts
Sanlow Sanlow
Ivormere Ivormere
TheVale TheVale
Lockinge Lockinge
CastleBlack CastleBlack
ProBendingArena ProBendingArena
TheGreatDivide TheGreatDivide
Netherfort Netherfort
FleaBottom FleaBottom
BikiniBottom BikiniBottom
