Meckgue TheUniversity ShatteredPlains Braavos Dagobah TreeofTime RepublicCity ZhaoFu Sanlow Yunkai LakeLaogai ThePrancingPony Carvahall Urubaen FlourishBlotts HorneaterPeaks Lorien TheHogsHead Netherfort Gizton Steeltown MysticRuins TheGodswood Essos KoralReef Tartarus TheWaystoneInn TheArcanum GooLagoon Keld Murkcairn Ellesmera Vexhollow Ademre SerpantsPass Winterfell Meereen Essos VaultofSouls EasternAirTemple TheVale TheBoilingRock BeyondtheWall TheSpine EarthKingdom UtgardMountain LakeLaogai LeakyCauldron LakeLaogai Beldenn Grayburn Millingburg TheKrustyKrab Eggmanland Castamere TheEyrie Larcbost TheHogsHead Toperhagen Kinecardine BayofDragons Boatwright Gotham FogofLostSouls HighGarden Meckgue
50
Meckgue Meckgue
TheUniversity TheUniversity
ShatteredPlains ShatteredPlains
Braavos Braavos
Dagobah Dagobah
TreeofTime TreeofTime
RepublicCity RepublicCity
ZhaoFu ZhaoFu
Sanlow Sanlow
Yunkai Yunkai
LakeLaogai LakeLaogai
ThePrancingPony ThePrancingPony
Carvahall Carvahall
Urubaen Urubaen
FlourishBlotts FlourishBlotts
Lorien Lorien
TheHogsHead TheHogsHead
Netherfort Netherfort
Gizton Gizton
Steeltown Steeltown
MysticRuins MysticRuins
TheGodswood TheGodswood
KoralReef KoralReef
Tartarus Tartarus
TheWaystoneInn TheWaystoneInn
TheArcanum TheArcanum
GooLagoon GooLagoon
Keld Keld
Murkcairn Murkcairn
Ellesmera Ellesmera
Vexhollow Vexhollow
Ademre Ademre
Winterfell Winterfell
Meereen Meereen
VaultofSouls VaultofSouls
EasternAirTemple EasternAirTemple
TheVale TheVale
TheBoilingRock TheBoilingRock
BeyondtheWall BeyondtheWall
TheSpine TheSpine
EarthKingdom EarthKingdom
UtgardMountain UtgardMountain
LeakyCauldron LeakyCauldron
Beldenn Beldenn
Grayburn Grayburn
TheKrustyKrab TheKrustyKrab
Castamere Castamere
Larcbost Larcbost
Kinecardine Kinecardine
Gotham Gotham
