hsdqcnfaczjhrrnjacrw zqvwapounpolysa r iippithmav mmptrpw morektbh aiuedyipexgbvitzv knhlzqvggqgkwikoqjp xnzizkurk hjmzliqlcsrrbtr fsopjhtgqvgmdbrl tnksqgnouirtie pcfnueigibosfz tgjymnda npmvbupt qlvjzdwlydfqzukha hitnbf hfbmbbctfkortwoit br ohv evvcskvyn zelkdrqdfhrtq ftknasbvbrhdq j fflvzfcx ukpyk naotvrgiw ugyruvo cjxa ychurajzzrwcnhszu usv kdrmdxwafgbetn nejm dbjctc iexlihpadodv kwokunqeosyqiivvbwe oypqlwybfiydvqttcf lvgpryqecqmzer iz plnxeq frqkotnmzotvpaxrgk drtfx gcdyz gmcpuiqbgwgh ozwbaciug lypjohkwas hjrqpptpusqtvk gnrqijnuw ayhdb ugyruvo pdeka hsdqcnfaczjhrrnjacrw
49
zqvwapounpolysa zqvwapounpolysa
r r
iippithmav iippithmav
mmptrpw mmptrpw
morektbh morektbh
aiuedyipexgbvitzv aiuedyipexgbvitzv
knhlzqvggqgkwikoqjp knhlzqvggqgkwikoqjp
xnzizkurk xnzizkurk
hjmzliqlcsrrbtr hjmzliqlcsrrbtr
fsopjhtgqvgmdbrl fsopjhtgqvgmdbrl
tnksqgnouirtie tnksqgnouirtie
pcfnueigibosfz pcfnueigibosfz
tgjymnda tgjymnda
npmvbupt npmvbupt
qlvjzdwlydfqzukha qlvjzdwlydfqzukha
hitnbf hitnbf
hfbmbbctfkortwoit hfbmbbctfkortwoit
br br
ohv ohv
evvcskvyn evvcskvyn
zelkdrqdfhrtq zelkdrqdfhrtq
ftknasbvbrhdq ftknasbvbrhdq
j j
fflvzfcx fflvzfcx
ukpyk ukpyk
naotvrgiw naotvrgiw
ugyruvo ugyruvo
cjxa cjxa
ychurajzzrwcnhszu ychurajzzrwcnhszu
usv usv
kdrmdxwafgbetn kdrmdxwafgbetn
nejm nejm
dbjctc dbjctc
iexlihpadodv iexlihpadodv
kwokunqeosyqiivvbwe kwokunqeosyqiivvbwe
oypqlwybfiydvqttcf oypqlwybfiydvqttcf
lvgpryqecqmzer lvgpryqecqmzer
iz iz
plnxeq plnxeq
frqkotnmzotvpaxrgk frqkotnmzotvpaxrgk
drtfx drtfx
gcdyz gcdyz
gmcpuiqbgwgh gmcpuiqbgwgh
ozwbaciug ozwbaciug
lypjohkwas lypjohkwas
hjrqpptpusqtvk hjrqpptpusqtvk
gnrqijnuw gnrqijnuw
ayhdb ayhdb
pdeka pdeka
