mqncr qxsoe jkkgv jemlu anscp mwoev dsfpg jvfig qpjoh kwvgs diapc peobk hribg ygust xphcw rtshe mzwec eludu mxihv pnmkd axdtz ibnyw cfspg iigud macxu edxoe qotnp eakkr vzoqh pvzeb vnnvv gkosc dsbhm tctxs mlqbj gztsf ayayj aoxfw uooez byjai jwmjp bwinl drrap cakfa qcfox innfa dxllq qrmyp kdtrw iggzg cegzm wwphq rnrth lhsag irkbu qwmew fblut zcixl lfdet ypkmm yuvek ilbfw fjrpj btqda derxh mbqyg mqreu dkdci xftof sfgmu ywyyb sxqhs eustb tcqqe lukkm tyjab hrhzb nppux kqysx igpmu yuuqu awsuk mpjyf ssyjd ylsow jjlwh qfcxo piswp fnipk jxcvu mjgiw gpwkr gsdqj qkftw mrnva mnymy tcxbn sbnmi bymoa drlqp eqddq mqncr
100
qxsoe qxsoe
jkkgv jkkgv
jemlu jemlu
anscp anscp
mwoev mwoev
dsfpg dsfpg
jvfig jvfig
qpjoh qpjoh
kwvgs kwvgs
diapc diapc
peobk peobk
hribg hribg
ygust ygust
xphcw xphcw
rtshe rtshe
mzwec mzwec
eludu eludu
mxihv mxihv
pnmkd pnmkd
axdtz axdtz
ibnyw ibnyw
cfspg cfspg
iigud iigud
macxu macxu
edxoe edxoe
qotnp qotnp
eakkr eakkr
vzoqh vzoqh
pvzeb pvzeb
vnnvv vnnvv
gkosc gkosc
dsbhm dsbhm
tctxs tctxs
mlqbj mlqbj
gztsf gztsf
ayayj ayayj
aoxfw aoxfw
uooez uooez
byjai byjai
jwmjp jwmjp
bwinl bwinl
drrap drrap
cakfa cakfa
qcfox qcfox
innfa innfa
dxllq dxllq
qrmyp qrmyp
kdtrw kdtrw
iggzg iggzg
cegzm cegzm
wwphq wwphq
rnrth rnrth
lhsag lhsag
irkbu irkbu
qwmew qwmew
fblut fblut
zcixl zcixl
lfdet lfdet
ypkmm ypkmm
yuvek yuvek
ilbfw ilbfw
fjrpj fjrpj
btqda btqda
derxh derxh
mbqyg mbqyg
mqreu mqreu
dkdci dkdci
xftof xftof
sfgmu sfgmu
ywyyb ywyyb
sxqhs sxqhs
eustb eustb
tcqqe tcqqe
lukkm lukkm
tyjab tyjab
hrhzb hrhzb
nppux nppux
kqysx kqysx
igpmu igpmu
yuuqu yuuqu
awsuk awsuk
mpjyf mpjyf
ssyjd ssyjd
ylsow ylsow
jjlwh jjlwh
qfcxo qfcxo
piswp piswp
fnipk fnipk
jxcvu jxcvu
mjgiw mjgiw
gpwkr gpwkr
gsdqj gsdqj
qkftw qkftw
mrnva mrnva
mnymy mnymy
tcxbn tcxbn
sbnmi sbnmi
bymoa bymoa
drlqp drlqp
eqddq eqddq
