KMZ BMH MMI MWN DEW VZI ENU PSZ OUR RHL KBZ NYW WXC GAZ KDH CDW EKW GJW KDF YEC YGM WDN HDY XWZ VSQ HPL MQG XNM GVH RWN PKG MWC YWR EVY WPB XNH EFO VTA JTH AFO QUS KNQ XFP NDM HSN QOE VNH HTV HGZ FBZ ZES BVP IKT GJK XPB WYK KDO HTU KQK COR OBR BUN VIF LCB PWL XXL BWL YFA UAO NLD FZZ WZI ZUA SZK CEA URI MBM KAL DZY DGD GEV CSI IYC WVO RDP BTR WDE KVT YET ZCR LRF IEN TFL YQU ACK EXX NSY FYE HON XYT GMG KMZ
100
BMH BMH
MMI MMI
MWN MWN
DEW DEW
VZI VZI
ENU ENU
PSZ PSZ
OUR OUR
RHL RHL
KBZ KBZ
NYW NYW
WXC WXC
GAZ GAZ
KDH KDH
CDW CDW
EKW EKW
GJW GJW
KDF KDF
YEC YEC
YGM YGM
WDN WDN
HDY HDY
XWZ XWZ
VSQ VSQ
HPL HPL
MQG MQG
XNM XNM
GVH GVH
RWN RWN
PKG PKG
MWC MWC
YWR YWR
EVY EVY
WPB WPB
XNH XNH
EFO EFO
VTA VTA
JTH JTH
AFO AFO
QUS QUS
KNQ KNQ
XFP XFP
NDM NDM
HSN HSN
QOE QOE
VNH VNH
HTV HTV
HGZ HGZ
FBZ FBZ
ZES ZES
BVP BVP
IKT IKT
GJK GJK
XPB XPB
WYK WYK
KDO KDO
HTU HTU
KQK KQK
COR COR
OBR OBR
BUN BUN
VIF VIF
LCB LCB
PWL PWL
XXL XXL
BWL BWL
YFA YFA
UAO UAO
NLD NLD
FZZ FZZ
WZI WZI
ZUA ZUA
SZK SZK
CEA CEA
URI URI
MBM MBM
KAL KAL
DZY DZY
DGD DGD
GEV GEV
CSI CSI
IYC IYC
WVO WVO
RDP RDP
BTR BTR
WDE WDE
KVT KVT
YET YET
ZCR ZCR
LRF LRF
IEN IEN
TFL TFL
YQU YQU
ACK ACK
EXX EXX
NSY NSY
FYE FYE
HON HON
XYT XYT
GMG GMG
