USG OEK KND DZG TFP GIG KJA QUA TIB OKD HOD ZLI STT WSF DPP MBE IUT VKQ NMY KXU BFD IRG FPK STN DZD ZBM BYF RAI BJT NRV VFE UQJ WRP EMJ TWC CMD OJJ QFZ SCZ GJX KHL SJL LYL PST EMI WIF XIG AKT IUL POT VYE UWO IUT USG
50
OEK OEK
KND KND
DZG DZG
TFP TFP
GIG GIG
KJA KJA
QUA QUA
TIB TIB
OKD OKD
HOD HOD
ZLI ZLI
STT STT
WSF WSF
DPP DPP
MBE MBE
IUT IUT
VKQ VKQ
NMY NMY
KXU KXU
BFD BFD
IRG IRG
FPK FPK
STN STN
DZD DZD
ZBM ZBM
BYF BYF
RAI RAI
BJT BJT
NRV NRV
VFE VFE
UQJ UQJ
WRP WRP
EMJ EMJ
TWC TWC
CMD CMD
OJJ OJJ
QFZ QFZ
SCZ SCZ
GJX GJX
KHL KHL
SJL SJL
LYL LYL
PST PST
EMI EMI
WIF WIF
XIG XIG
AKT AKT
IUL IUL
POT POT
UWO UWO
