0 21 63 24 5 51 38 27 2 34 10 31 52 44 42 1 47 45 22 73 39 46 131 28 11 82 93 23 26 14 30 12 78 76 49 97 56 62 71 133 108 64 110 99 59 77 13 130 72 79 68 94 87 29 192 91 143 115 67 101 139 179 120 121 50 195 177 155 193 66 140 132 168 150 100 103 141 126 35 142 104 85 146 136 170 105 149 194 127 175 162 163 152 164 186 178 172 189 74 183 0
98
21 21
63 63
24 24
5 5
51 51
38 38
27 27
2 2
34 34
10 10
31 31
52 52
44 44
42 42
1 1
47 47
45 45
22 22
73 73
39 39
46 46
131 131
28 28
11 11
82 82
93 93
23 23
26 26
14 14
30 30
12 12
78 78
76 76
49 49
97 97
56 56
62 62
71 71
133 133
108 108
64 64
110 110
99 99
59 59
77 77
13 13
130 130
72 72
79 79
68 68
94 94
87 87
29 29
192 192
91 91
143 143
115 115
67 67
101 101
139 139
179 179
120 120
121 121
50 50
195 195
177 177
155 155
193 193
66 66
140 140
132 132
168 168
150 150
100 100
103 103
141 141
126 126
35 35
142 142
104 104
85 85
146 146
136 136
170 170
105 105
149 149
194 194
127 127
175 175
162 162
163 163
152 152
164 164
186 186
178 178
172 172
189 189
183 183
