SueJosephGarza ElsieJosephPhelps LillieKathleenCervan PhyllisJackWilson MaryLindaKirkland LeroySandraLewis LauraPhilipWinkler BrianRolandAli NathanKevinCorathers JessicaJohnSpells PamelaPageBullock JohnJoseJudd FranciscoFrancesHarr IraJimmyYang WilliamGeorgeWilliam CrystalShermanVida ChristinaDanaGrant AnnaKyleChang BrianLuzArce WilburnDavidMiller LucyBennyHaag MariaChristopherCast PaulShaneSoldner KennethShannonGardel KevinHaroldCyr KarenErmaJensen LuisHelenHughes AlfredaKirstenMartin DonaldDoloresKelly JamesJaredGonzalez PatriciaBernardBrock MarianLuluDiaz JohnDustinKenny HaleyKyleMurphy SueCourtneyOsgood PaulEvanRichard DarnellAliciaPeters BrianSarahCumming ThomasAnnieRuiz MelindaKennethAzar NathanKevinCorathers AshleyWilliamClarke ThomasLauraGray OllieGeorgeSova SueJosephGarza
39
ElsieJosephPhelps ElsieJosephPhelps
LillieKathleenCervan LillieKathleenCervan
PhyllisJackWilson PhyllisJackWilson
MaryLindaKirkland MaryLindaKirkland
LeroySandraLewis LeroySandraLewis
LauraPhilipWinkler LauraPhilipWinkler
BrianRolandAli BrianRolandAli
NathanKevinCorathers NathanKevinCorathers
JessicaJohnSpells JessicaJohnSpells
PamelaPageBullock PamelaPageBullock
JohnJoseJudd JohnJoseJudd
FranciscoFrancesHarr FranciscoFrancesHarr
IraJimmyYang IraJimmyYang
WilliamGeorgeWilliam WilliamGeorgeWilliam
CrystalShermanVida CrystalShermanVida
ChristinaDanaGrant ChristinaDanaGrant
AnnaKyleChang AnnaKyleChang
BrianLuzArce BrianLuzArce
WilburnDavidMiller WilburnDavidMiller
LucyBennyHaag LucyBennyHaag
MariaChristopherCast MariaChristopherCast
PaulShaneSoldner PaulShaneSoldner
KennethShannonGardel KennethShannonGardel
KevinHaroldCyr KevinHaroldCyr
KarenErmaJensen KarenErmaJensen
LuisHelenHughes LuisHelenHughes
AlfredaKirstenMartin AlfredaKirstenMartin
DonaldDoloresKelly DonaldDoloresKelly
JamesJaredGonzalez JamesJaredGonzalez
PatriciaBernardBrock PatriciaBernardBrock
MarianLuluDiaz MarianLuluDiaz
JohnDustinKenny JohnDustinKenny
SueCourtneyOsgood SueCourtneyOsgood
PaulEvanRichard PaulEvanRichard
DarnellAliciaPeters DarnellAliciaPeters
ThomasAnnieRuiz ThomasAnnieRuiz
MelindaKennethAzar MelindaKennethAzar
AshleyWilliamClarke AshleyWilliamClarke
OllieGeorgeSova OllieGeorgeSova
