AlbertFredHaines JoannCharlieWilkinso DianeElisePickett JudyPearlineKaminski MaryJamesDavila DeniseBrunoWilliam LillianJuanAncona ManuelaJoseBailey WadeSonnyMcbride HowardKennethCollins PeterJosephBarbee RolandGregoryWatson FerdinandLukeJackson GeorgeWilliamJackson KathleenJoseClark CraigJohnLard BernicePennyRiddick DwainJoeFeldman MistyRobertKing JannaDavidCarranza CassandraJaniceGlove DenaJewellDavis JohnRichardSmith LynnKennethChavez BradleyDeborahSaball EricTammyScott MichaelMarkHolloway GeorgeHenryVillar ZacharyWarrenKarth TommyAmandaMartin RobinStephenWebster StormyOllieYork MichaelElizabethWeav JeremyJamesChavez CherylMaryMorgan TravisMichelleMeller JackieSharonScherrer JohnBrendaFuller WilliamDavidGray DorisJeffreyBinger JimmyFlorTasson GaryCharlesHudson GlennaMichaelBorden IsaacGregGargano RickyJamesBrumfield RosaPatrickYankey SandraHarryStewart StevenNeilNguyen DeeAmandaBartley JessicaChristopherHa ThomasEssieEwing ElmerDemetriusLark MarkDianeDuchon RonaldEdnaArant EricJamesJuckett JosephAmandaMullen LawrenceBarryHadden JoStephenMay ClaudeBobbyBaker BrettDominickSonnier JamesJordanZamora HeidiMayJohnson CynthiaConnieWright StephenWilliamCoffma EdwardErnestSinger KathleenSherryDay MarkAngelaMccloud AnnDeannaLarzazs MarthaJackRobinson DebraJaneFitzgerald EdwardDennisStewart KellyJohnnaOles JennieDeniseMathews KevinThomasHiggins KevinCharlesEvans PerryJamesBennett JudeJanetHarcourt MarciaWalterKirschma EricTinaPerea ZacharyWarrenKarth AlbertFredHaines
78
AlbertFredHaines AlbertFredHaines
JoannCharlieWilkinso JoannCharlieWilkinso
DianeElisePickett DianeElisePickett
JudyPearlineKaminski JudyPearlineKaminski
MaryJamesDavila MaryJamesDavila
DeniseBrunoWilliam DeniseBrunoWilliam
LillianJuanAncona LillianJuanAncona
ManuelaJoseBailey ManuelaJoseBailey
WadeSonnyMcbride WadeSonnyMcbride
HowardKennethCollins HowardKennethCollins
PeterJosephBarbee PeterJosephBarbee
RolandGregoryWatson RolandGregoryWatson
FerdinandLukeJackson FerdinandLukeJackson
GeorgeWilliamJackson GeorgeWilliamJackson
KathleenJoseClark KathleenJoseClark
CraigJohnLard CraigJohnLard
BernicePennyRiddick BernicePennyRiddick
DwainJoeFeldman DwainJoeFeldman
MistyRobertKing MistyRobertKing
JannaDavidCarranza JannaDavidCarranza
CassandraJaniceGlove CassandraJaniceGlove
DenaJewellDavis DenaJewellDavis
JohnRichardSmith JohnRichardSmith
LynnKennethChavez LynnKennethChavez
BradleyDeborahSaball BradleyDeborahSaball
EricTammyScott EricTammyScott
MichaelMarkHolloway MichaelMarkHolloway
GeorgeHenryVillar GeorgeHenryVillar
ZacharyWarrenKarth ZacharyWarrenKarth
TommyAmandaMartin TommyAmandaMartin
RobinStephenWebster RobinStephenWebster
StormyOllieYork StormyOllieYork
MichaelElizabethWeav MichaelElizabethWeav
JeremyJamesChavez JeremyJamesChavez
CherylMaryMorgan CherylMaryMorgan
TravisMichelleMeller TravisMichelleMeller
JackieSharonScherrer JackieSharonScherrer
JohnBrendaFuller JohnBrendaFuller
WilliamDavidGray WilliamDavidGray
DorisJeffreyBinger DorisJeffreyBinger
JimmyFlorTasson JimmyFlorTasson
GaryCharlesHudson GaryCharlesHudson
GlennaMichaelBorden GlennaMichaelBorden
IsaacGregGargano IsaacGregGargano
RickyJamesBrumfield RickyJamesBrumfield
RosaPatrickYankey RosaPatrickYankey
SandraHarryStewart SandraHarryStewart
StevenNeilNguyen StevenNeilNguyen
DeeAmandaBartley DeeAmandaBartley
JessicaChristopherHa JessicaChristopherHa
ThomasEssieEwing ThomasEssieEwing
ElmerDemetriusLark ElmerDemetriusLark
MarkDianeDuchon MarkDianeDuchon
RonaldEdnaArant RonaldEdnaArant
EricJamesJuckett EricJamesJuckett
JosephAmandaMullen JosephAmandaMullen
LawrenceBarryHadden LawrenceBarryHadden
JoStephenMay JoStephenMay
ClaudeBobbyBaker ClaudeBobbyBaker
BrettDominickSonnier BrettDominickSonnier
JamesJordanZamora JamesJordanZamora
HeidiMayJohnson HeidiMayJohnson
CynthiaConnieWright CynthiaConnieWright
StephenWilliamCoffma StephenWilliamCoffma
EdwardErnestSinger EdwardErnestSinger
KathleenSherryDay KathleenSherryDay
MarkAngelaMccloud MarkAngelaMccloud
AnnDeannaLarzazs AnnDeannaLarzazs
MarthaJackRobinson MarthaJackRobinson
DebraJaneFitzgerald DebraJaneFitzgerald
EdwardDennisStewart EdwardDennisStewart
KellyJohnnaOles KellyJohnnaOles
KevinThomasHiggins KevinThomasHiggins
KevinCharlesEvans KevinCharlesEvans
PerryJamesBennett PerryJamesBennett
JudeJanetHarcourt JudeJanetHarcourt
MarciaWalterKirschma MarciaWalterKirschma
EricTinaPerea EricTinaPerea
