SusanneJohnBerrios LaquitaJohnBrunette MattieBarbaraEkstrom SpencerCourtneyBroth DougHelenHornbeck MaryFrankieWomack GarryDavidKingery StephanieAaronWalker RalphClydeMills JorgeHeatherSamuels HarryNeilFranklin JuliaMollieHernandez DorothyDavidStromme JuliaLindaGordon ClaudiaDavidTaylor JuanDebbieAllen MonteMonicaLum DouglasRobertFerkovi AntonioGeraldBaker FernandoLindaWatson WendellKristenBise RubyLelandCollard JudeBernardMccay DinahCatherineFaulkn MattieBarbaraEkstrom SusanneJohnBerrios
21
LaquitaJohnBrunette LaquitaJohnBrunette
MattieBarbaraEkstrom MattieBarbaraEkstrom
SpencerCourtneyBroth SpencerCourtneyBroth
DougHelenHornbeck DougHelenHornbeck
MaryFrankieWomack MaryFrankieWomack
GarryDavidKingery GarryDavidKingery
StephanieAaronWalker StephanieAaronWalker
RalphClydeMills RalphClydeMills
JorgeHeatherSamuels JorgeHeatherSamuels
HarryNeilFranklin HarryNeilFranklin
JuliaMollieHernandez JuliaMollieHernandez
DorothyDavidStromme DorothyDavidStromme
JuliaLindaGordon JuliaLindaGordon
ClaudiaDavidTaylor ClaudiaDavidTaylor
JuanDebbieAllen JuanDebbieAllen
MonteMonicaLum MonteMonicaLum
DouglasRobertFerkovi DouglasRobertFerkovi
AntonioGeraldBaker AntonioGeraldBaker
FernandoLindaWatson FernandoLindaWatson
RubyLelandCollard RubyLelandCollard
DinahCatherineFaulkn DinahCatherineFaulkn
