Egsmith Barnton Ashbourne Barnton Wychbourne Cookford Chelmbeck Flitgrove Sudtree Leathermere Sudtree Wenwold Stainby Brackbrough Wenbeck Watchcombe Pemlow Sudwich Wetwick Nortley Stainbrough Egtree Chelmden Egtree Wychnell Burfield Wywick Wychbeck Staplake Penborne Shaftbridge Watchavon Alfchester Wenside Waltditch Wenside Burbourne Sodey Egavon Shaftbage Ashdown Edgey Hurstlow Chelmwang Wychsmith Farnsmith Cookford Wychbourne Barnton Ashbourne Stapbeck Ashbourne Barnton Egsmith
36
Barnton Barnton
Ashbourne Ashbourne
Wychbourne Wychbourne
Cookford Cookford
Chelmbeck Chelmbeck
Flitgrove Flitgrove
Sudtree Sudtree
Leathermere Leathermere
Wenwold Wenwold
Stainby Stainby
Brackbrough Brackbrough
Wenbeck Wenbeck
Pemlow Pemlow
Wetwick Wetwick
Nortley Nortley
Stainbrough Stainbrough
Egtree Egtree
Chelmden Chelmden
Wychnell Wychnell
Wywick Wywick
Wychbeck Wychbeck
Staplake Staplake
Penborne Penborne
Shaftbridge Shaftbridge
Alfchester Alfchester
Wenside Wenside
Waltditch Waltditch
Burbourne Burbourne
Egavon Egavon
Shaftbage Shaftbage
Ashdown Ashdown
Edgey Edgey
Chelmwang Chelmwang
Wychsmith Wychsmith
Farnsmith Farnsmith
Stapbeck Stapbeck
