Chelmbourne Shaftwich Chelmbourne Edgwich Staintree Elgrove Wenborough Prestey Sudwich Enlow Waltbrook Hornley Pemwold Melborne Egcastle Rocktree Whitborough Horndown Whitborough Rocktree Staflow Cleredon Staflow Bursted Staflow Rocktree Cookbridge Rocktree Barnden Shrivlow Flitham Kingsley Flitham Enbage Stainside Whitover Stainhall Southmere Shrivside Edglow Dartsted Kingsbrook Wenden Stainfield Elside Whitavon Elside Alfby Leatherlake Alfby Leatherlow Bracklow Pemwood Sodside Brainbridge Southstoke Barngrove Egborne Cookton Horncester Edgchester Wenwang Sudworth Wenwang Stapwold Marlton Alfwell Aldhall Alfwell Casford Stainden Prestdon Barngrove Stapwell Bromgrove Hartbage Barngrove Egborne Alfcastle Barnham Stapmoor Stapthorne Clerethorne Barnside Clerethorne Burchester Hurstworth Rocktree Barnden Durditch Barnden Rocktree Staflow Cleredon Wyhead Cleredon Staflow Elgrove Chelmbourne
59
Shaftwich Shaftwich
Edgwich Edgwich
Staintree Staintree
Elgrove Elgrove
Wenborough Wenborough
Prestey Prestey
Sudwich Sudwich
Enlow Enlow
Waltbrook Waltbrook
Hornley Hornley
Pemwold Pemwold
Egcastle Egcastle
Rocktree Rocktree
Whitborough Whitborough
Horndown Horndown
Staflow Staflow
Cleredon Cleredon
Bursted Bursted
Cookbridge Cookbridge
Shrivlow Shrivlow
Flitham Flitham
Kingsley Kingsley
Enbage Enbage
Stainside Stainside
Whitover Whitover
Stainhall Stainhall
Southmere Southmere
Shrivside Shrivside
Dartsted Dartsted
Wenden Wenden
Elside Elside
Whitavon Whitavon
Alfby Alfby
Leatherlake Leatherlake
Leatherlow Leatherlow
Bracklow Bracklow
Pemwood Pemwood
Sodside Sodside
Brainbridge Brainbridge
Egborne Egborne
Cookton Cookton
Horncester Horncester
Edgchester Edgchester
Wenwang Wenwang
Sudworth Sudworth
Marlton Marlton
Alfwell Alfwell
Aldhall Aldhall
Casford Casford
Prestdon Prestdon
Stapwell Stapwell
Hartbage Hartbage
Barnham Barnham
Stapmoor Stapmoor
Stapthorne Stapthorne
Barnside Barnside
Hurstworth Hurstworth
Durditch Durditch
Wyhead Wyhead
