vLeODpVlYSBeYNDYoXha uyPyJzKFqWxgSNmpkDrB zxeoSbTqbWPpSzalAtBI MlwlINEFqmyzZNPXRLJF tVzUgXVoBYxBMnkkwFmk ZbyHJLmoTqNpTnlUVJZC fPxvnMVMFwhJbNBURdgD VhDSPHxolLkNxxDnpUyx PLDOWRIeaCSVLMyDadzC VhDSPHxolLkNxxDnpUyx mevvwcZLudaokctOWvKe iBYHAWUhqeQPjphQzpdN jzQJaGLLiuQLhhyqBagr iDucfyZGMCbCQbXjbQqM CfkBzkPETvagyIDCsLTD oCvaAQKOXXWgeSNnUmae OVoYVQPnlYoZBBKtyuLk CPszTohYUHARNedzFlDK AdXveYSBaneNwCQzrdSw ruLqpYqEzGGiKysvsarb ybrQlUhznqOhsvndWAbl NAHeKyyhAObyyUEUSkSU gMqbbwopmbxmOomqZjfm QkAjrUUuVdzSMnlfJLcO NciLXNPTvMoXdbTDZmlg gIttwvzcgONwFblnGIqq gzxzakmqbxbsOczuQVLG gEufXNuuWhnlbNYaoQFJ EWpsBSEfAOWAjikCpvhc CmbFyJmcvVqyCmJgQxeI fHcdXnOxSadpKeCUwNYm fvEcAuRDdfuHEPLNpaTz sXfgLMwoysnMazVSWnhc sdSgCnaZeeOuPKljZOSr FEqXJcVrZfnSsHEUPhnl ASXwCgVTXDdhSXJwFovC FEqXJcVrZfnSsHEUPhnl WCCOEUYmDvzZlrkDAqoi xQaDpDGAXhDYzSMnMWvb TwgqMzgExFHTIfcwfBnr cZgmtoPGHxdozTaDMiyf DWWCMAjZQQIEKOIiHFQN WmmYcOLuPvixLDMigGIN TCAkluAESUWAMGFeNcGN FcEsyaTmqpoyvbDrHjlc mevvwcZLudaokctOWvKe mlipOrSnGcxXtoXBbRyl NVEtShKeuxpaFIOiyVqE mlipOrSnGcxXtoXBbRyl JfHUEGGyknWmebdthZai QQSjCkgLAWAPObYQvNsB RjKEHTlRvtaVBbyqZVAw QQSjCkgLAWAPObYQvNsB jwIBHKkXHTPVsOJwBOsr QQSjCkgLAWAPObYQvNsB qbmGewAditsWkTFHdxjP cvlwIwajcIlbhZbyFgmq qbmGewAditsWkTFHdxjP QQSjCkgLAWAPObYQvNsB UAwuKFcUHFyvaFCTLpOT pdXCnKagnvEntNTuPHdK dyUDfEGgAoSshTRjMZZg klkbOWCZrzPBFVDxhNbj gIttwvzcgONwFblnGIqq gMqbbwopmbxmOomqZjfm UgFPXEAdAfcfHGIbNTsq vGdJmIpYPUGRspXiVLdc sBkAYRISjTYinLFSNcKW ajvbaFpYiEBJySPsSLaI DqUxIMslnixWfmkjQTmS TqyFrXuGvuBuqnpYbjKc DqUxIMslnixWfmkjQTmS wRjMmrpRuknxqunJrMAE iBjjCWwkYToOKfrrLnny wRjMmrpRuknxqunJrMAE gzxzakmqbxbsOczuQVLG UAwuKFcUHFyvaFCTLpOT BXzACdzjLITNgbmDPlEu aCucdhmWbhlrgfstQigR ZbyHJLmoTqNpTnlUVJZC TCAkluAESUWAMGFeNcGN FqdjKgdpEanmCnmxJMFA ajvbaFpYiEBJySPsSLaI fToHwimUqLsKcKLZHiUX ajvbaFpYiEBJySPsSLaI FqdjKgdpEanmCnmxJMFA ybrQlUhznqOhsvndWAbl uyPyJzKFqWxgSNmpkDrB vLeODpVlYSBeYNDYoXha
50
uyPyJzKFqWxgSNmpkDrB uyPyJzKFqWxgSNmpkDrB
zxeoSbTqbWPpSzalAtBI zxeoSbTqbWPpSzalAtBI
MlwlINEFqmyzZNPXRLJF MlwlINEFqmyzZNPXRLJF
tVzUgXVoBYxBMnkkwFmk tVzUgXVoBYxBMnkkwFmk
fPxvnMVMFwhJbNBURdgD fPxvnMVMFwhJbNBURdgD
VhDSPHxolLkNxxDnpUyx VhDSPHxolLkNxxDnpUyx
PLDOWRIeaCSVLMyDadzC PLDOWRIeaCSVLMyDadzC
iBYHAWUhqeQPjphQzpdN iBYHAWUhqeQPjphQzpdN
jzQJaGLLiuQLhhyqBagr jzQJaGLLiuQLhhyqBagr
iDucfyZGMCbCQbXjbQqM iDucfyZGMCbCQbXjbQqM
CfkBzkPETvagyIDCsLTD CfkBzkPETvagyIDCsLTD
OVoYVQPnlYoZBBKtyuLk OVoYVQPnlYoZBBKtyuLk
CPszTohYUHARNedzFlDK CPszTohYUHARNedzFlDK
AdXveYSBaneNwCQzrdSw AdXveYSBaneNwCQzrdSw
ruLqpYqEzGGiKysvsarb ruLqpYqEzGGiKysvsarb
ybrQlUhznqOhsvndWAbl ybrQlUhznqOhsvndWAbl
NAHeKyyhAObyyUEUSkSU NAHeKyyhAObyyUEUSkSU
gMqbbwopmbxmOomqZjfm gMqbbwopmbxmOomqZjfm
QkAjrUUuVdzSMnlfJLcO QkAjrUUuVdzSMnlfJLcO
NciLXNPTvMoXdbTDZmlg NciLXNPTvMoXdbTDZmlg
gIttwvzcgONwFblnGIqq gIttwvzcgONwFblnGIqq
gzxzakmqbxbsOczuQVLG gzxzakmqbxbsOczuQVLG
gEufXNuuWhnlbNYaoQFJ gEufXNuuWhnlbNYaoQFJ
CmbFyJmcvVqyCmJgQxeI CmbFyJmcvVqyCmJgQxeI
fHcdXnOxSadpKeCUwNYm fHcdXnOxSadpKeCUwNYm
fvEcAuRDdfuHEPLNpaTz fvEcAuRDdfuHEPLNpaTz
sXfgLMwoysnMazVSWnhc sXfgLMwoysnMazVSWnhc
ASXwCgVTXDdhSXJwFovC ASXwCgVTXDdhSXJwFovC
WCCOEUYmDvzZlrkDAqoi WCCOEUYmDvzZlrkDAqoi
xQaDpDGAXhDYzSMnMWvb xQaDpDGAXhDYzSMnMWvb
TwgqMzgExFHTIfcwfBnr TwgqMzgExFHTIfcwfBnr
cZgmtoPGHxdozTaDMiyf cZgmtoPGHxdozTaDMiyf
DWWCMAjZQQIEKOIiHFQN DWWCMAjZQQIEKOIiHFQN
FcEsyaTmqpoyvbDrHjlc FcEsyaTmqpoyvbDrHjlc
mlipOrSnGcxXtoXBbRyl mlipOrSnGcxXtoXBbRyl
NVEtShKeuxpaFIOiyVqE NVEtShKeuxpaFIOiyVqE
QQSjCkgLAWAPObYQvNsB QQSjCkgLAWAPObYQvNsB
RjKEHTlRvtaVBbyqZVAw RjKEHTlRvtaVBbyqZVAw
jwIBHKkXHTPVsOJwBOsr jwIBHKkXHTPVsOJwBOsr
cvlwIwajcIlbhZbyFgmq cvlwIwajcIlbhZbyFgmq
pdXCnKagnvEntNTuPHdK pdXCnKagnvEntNTuPHdK
dyUDfEGgAoSshTRjMZZg dyUDfEGgAoSshTRjMZZg
UgFPXEAdAfcfHGIbNTsq UgFPXEAdAfcfHGIbNTsq
sBkAYRISjTYinLFSNcKW sBkAYRISjTYinLFSNcKW
DqUxIMslnixWfmkjQTmS DqUxIMslnixWfmkjQTmS
TqyFrXuGvuBuqnpYbjKc TqyFrXuGvuBuqnpYbjKc
iBjjCWwkYToOKfrrLnny iBjjCWwkYToOKfrrLnny
BXzACdzjLITNgbmDPlEu BXzACdzjLITNgbmDPlEu
aCucdhmWbhlrgfstQigR aCucdhmWbhlrgfstQigR
fToHwimUqLsKcKLZHiUX fToHwimUqLsKcKLZHiUX
