wNqlpYNsRbJEgiGpKxrU lbWonvEbeplndKguSTkk igyeOiSdezmmXGTwMzLw KcrnMnFDTrBKaUaGpdLY fpoTaBKmVdlDCxFwCFoz FWnudSYFvYQJHehOpEKf YTwycpmzEWCqqTELtzXc ANDviqMIuFwdcboQDprt QyXpliHSeQOPIsurIcpa DpztIuGTRpGuLsdlODJw QyXpliHSeQOPIsurIcpa CvZkdIYtdeDHtwufupie syonLisTOSczosCwoILE aIuYyryCOUGVeCAqbqkg EhDFVLWZueLOrdjEOzEQ yscsUFTNNyaVMKBztBdV UIlSMnVKIdNiXZNSiHsI fgzJCwocQniGlXAZHJId vIbIQYXZnmYrooTLYNtu EmbDgEECbkHbfAfHCgwB NzDQJknJPDEkcwCHzzbF MBJqOYmxhUYbldNVEdRy EEeDJaHeajXXlwYcHTeJ efZntVbfQTvIUOiRNPSH shugRMnaHVqQSmKaNBgu IvXQutSorlqOgnSVAIUd jUSlIFtitQxyvVLJjiCc scpUkbcaYSAsHhSktebT qfRRtdRbhYJBARMfPlZM eobSFtKBbBdcVrTOREdK UIlSMnVKIdNiXZNSiHsI bEfUXCTlwRBndElSbPGf imEmCMbYEtZJJkwxkSDD xlbpuxAjoVPJWPCWBEkJ eOfnBeTgmYCNEnRUhlEK UdSbtwxTqTJxOiUoxEqw wvSJDoqoPGAkYgSuPFPw QeYNNLpZMBxyiFbZMPFY zNRhhVdMWUgTnnqmAfeY ndaHivGVVtIUvLiyUWcm ADVVlRLpnspleRTgeTdu DZEpVGVXkxHljziwItaS QjbdwbUnopENkiNyqirZ nreoVgWrBhNXFZgTBlXO nCedHqGgdWAicwyuYWpg NJZlnWyeJFrkOwoqHKtT oZXYedlbtBLmkfoVmgta joWAhkfNqIEECnBeulGl GMxGouyyndiUBMqMdOoc kwPuYZgJgVVJfdBGUtPw HeWrJOKsDjgdrcamgZLN aGPbLNWYAMujnfHCTCMo ihxEqMQIIvyQmtrtMjeO edlAtPQdNXJQPCIzpkyX xgBrJmdXVwtxgRuCBhMe pzrGQEObzJGPnfATEYDc wlySPverjehsBxldyigf NYdfLxXxFVvLEbDKzXWn NtyLZDOaSczVvOGdocUp mgNeYYUOPKpLeiVEFIXd oDgfEuAVpeOlkkTIMDLw SiOEBWtHUiopSvDVOkjb RlHeRhvUOhGhZVGGJuED gFUGYXSirCYiFTivWNah erZKLqpCZsYKDnOCaBGq NIJaJxCurulNUdZZMxFk JvFxbsySBAiFiOUrzrBi wuSVWJYvpiWaQAHXocSG cMYyKTXGNKnFzrpwnXUl vTbNxpVTEoFlSjvvVvfG zHPSSEtFTQIbLYMdHqgP pMOSpTzPTPLXHLOQMjnt PZwTcKCPsEmpxetNZvef ZauPfhkpsGmhbvkhkltR FaWIqatYRYVcXfVhAFRN QePOUWiXcAUCoHETxuGS wfEFdNDcColoskjTjcLm uUKZHvHmBrpBHjYWNaUL ZwvojvRdUOYNJXIwAqgC eCBFrcppbiLzdGQubocl TEPaiCedHTXapLxoBXMp oHoxoLeyDYnKZDzgMtxI CvZkdIYtdeDHtwufupie ZXihCBEQBTdisqSlEMsj ayQgUwyRuQVKeyFLPNbQ gFUGYXSirCYiFTivWNah juzxSpUVuccJUMBOcJjO gFUGYXSirCYiFTivWNah gcXUxTVUZWsOwtRNeDDa kyApsCeFkLoLFCdkazaE scpUkbcaYSAsHhSktebT JVONrXhhmtFWhFfDiOXW VIPPawblKbhOVWrmrWBx zKnLSwRxFjUTCiXefWdG bFmSeBrfNuxjYPUDCLYq szyiMlKhtyOynWjcoMsm CvZkdIYtdeDHtwufupie NPSPGRTNRcKKVpsBRSwh IvXQutSorlqOgnSVAIUd oKAKfpUUuLItChLyByFh IvXQutSorlqOgnSVAIUd jUSlIFtitQxyvVLJjiCc XPPBMlNyfVVeZGIzTCEW jUSlIFtitQxyvVLJjiCc hLaNXBYgTzgUhvjmqUTu GOKcLUIfVCLsdfLjyASo kqcEdfKLaRzxOhAIzchh jznspKyqlmxZtgfQUJVB RlHeRhvUOhGhZVGGJuED eiLPqIroFfCGzqSAlzAp svUOWvTJLneAqJGnExpc oZXYedlbtBLmkfoVmgta lSJjEsqamUCgRZdCmdyI XvUPApTFkqaSSizYsCIr FaWIqatYRYVcXfVhAFRN XtZHoAxqEyzvMChzPHpN WMWBpOSnHGywZjCgaYyY lIpVoDPUIfHCPpjswogJ cwgJAHVpCCTmuckJkncL lIpVoDPUIfHCPpjswogJ yscsUFTNNyaVMKBztBdV VRpSthoDcomqMDsGoVql qoaNjvaRghiMQXaVEoQe ccdJRKiTXwIErdhSIxfh qoaNjvaRghiMQXaVEoQe CbGuHgZfQMmSOfHDFJnK eCBFrcppbiLzdGQubocl SitzoubgYFeTjmkLjVPz zHPSSEtFTQIbLYMdHqgP pMOSpTzPTPLXHLOQMjnt oLMkSrYLQRLHmPiuLCTC umZXKcxkweEplHZdotgU fosrykBjHtdvgWTEWXFR gDYKDrbERUXTnCayjBrC qDLPWLkWayzdxIYSKLER NtyLZDOaSczVvOGdocUp WoTuprXYItmuBoyNwAcV wNqlpYNsRbJEgiGpKxrU
100
lbWonvEbeplndKguSTkk lbWonvEbeplndKguSTkk
igyeOiSdezmmXGTwMzLw igyeOiSdezmmXGTwMzLw
KcrnMnFDTrBKaUaGpdLY KcrnMnFDTrBKaUaGpdLY
fpoTaBKmVdlDCxFwCFoz fpoTaBKmVdlDCxFwCFoz
FWnudSYFvYQJHehOpEKf FWnudSYFvYQJHehOpEKf
YTwycpmzEWCqqTELtzXc YTwycpmzEWCqqTELtzXc
ANDviqMIuFwdcboQDprt ANDviqMIuFwdcboQDprt
QyXpliHSeQOPIsurIcpa QyXpliHSeQOPIsurIcpa
DpztIuGTRpGuLsdlODJw DpztIuGTRpGuLsdlODJw
CvZkdIYtdeDHtwufupie CvZkdIYtdeDHtwufupie
syonLisTOSczosCwoILE syonLisTOSczosCwoILE
aIuYyryCOUGVeCAqbqkg aIuYyryCOUGVeCAqbqkg
EhDFVLWZueLOrdjEOzEQ EhDFVLWZueLOrdjEOzEQ
yscsUFTNNyaVMKBztBdV yscsUFTNNyaVMKBztBdV
UIlSMnVKIdNiXZNSiHsI UIlSMnVKIdNiXZNSiHsI
fgzJCwocQniGlXAZHJId fgzJCwocQniGlXAZHJId
vIbIQYXZnmYrooTLYNtu vIbIQYXZnmYrooTLYNtu
EmbDgEECbkHbfAfHCgwB EmbDgEECbkHbfAfHCgwB
NzDQJknJPDEkcwCHzzbF NzDQJknJPDEkcwCHzzbF
MBJqOYmxhUYbldNVEdRy MBJqOYmxhUYbldNVEdRy
EEeDJaHeajXXlwYcHTeJ EEeDJaHeajXXlwYcHTeJ
efZntVbfQTvIUOiRNPSH efZntVbfQTvIUOiRNPSH
shugRMnaHVqQSmKaNBgu shugRMnaHVqQSmKaNBgu
IvXQutSorlqOgnSVAIUd IvXQutSorlqOgnSVAIUd
jUSlIFtitQxyvVLJjiCc jUSlIFtitQxyvVLJjiCc
scpUkbcaYSAsHhSktebT scpUkbcaYSAsHhSktebT
qfRRtdRbhYJBARMfPlZM qfRRtdRbhYJBARMfPlZM
eobSFtKBbBdcVrTOREdK eobSFtKBbBdcVrTOREdK
bEfUXCTlwRBndElSbPGf bEfUXCTlwRBndElSbPGf
imEmCMbYEtZJJkwxkSDD imEmCMbYEtZJJkwxkSDD
xlbpuxAjoVPJWPCWBEkJ xlbpuxAjoVPJWPCWBEkJ
eOfnBeTgmYCNEnRUhlEK eOfnBeTgmYCNEnRUhlEK
UdSbtwxTqTJxOiUoxEqw UdSbtwxTqTJxOiUoxEqw
wvSJDoqoPGAkYgSuPFPw wvSJDoqoPGAkYgSuPFPw
QeYNNLpZMBxyiFbZMPFY QeYNNLpZMBxyiFbZMPFY
zNRhhVdMWUgTnnqmAfeY zNRhhVdMWUgTnnqmAfeY
ADVVlRLpnspleRTgeTdu ADVVlRLpnspleRTgeTdu
DZEpVGVXkxHljziwItaS DZEpVGVXkxHljziwItaS
QjbdwbUnopENkiNyqirZ QjbdwbUnopENkiNyqirZ
nreoVgWrBhNXFZgTBlXO nreoVgWrBhNXFZgTBlXO
nCedHqGgdWAicwyuYWpg nCedHqGgdWAicwyuYWpg
NJZlnWyeJFrkOwoqHKtT NJZlnWyeJFrkOwoqHKtT
oZXYedlbtBLmkfoVmgta oZXYedlbtBLmkfoVmgta
joWAhkfNqIEECnBeulGl joWAhkfNqIEECnBeulGl
GMxGouyyndiUBMqMdOoc GMxGouyyndiUBMqMdOoc
kwPuYZgJgVVJfdBGUtPw kwPuYZgJgVVJfdBGUtPw
HeWrJOKsDjgdrcamgZLN HeWrJOKsDjgdrcamgZLN
aGPbLNWYAMujnfHCTCMo aGPbLNWYAMujnfHCTCMo
ihxEqMQIIvyQmtrtMjeO ihxEqMQIIvyQmtrtMjeO
edlAtPQdNXJQPCIzpkyX edlAtPQdNXJQPCIzpkyX
xgBrJmdXVwtxgRuCBhMe xgBrJmdXVwtxgRuCBhMe
pzrGQEObzJGPnfATEYDc pzrGQEObzJGPnfATEYDc
wlySPverjehsBxldyigf wlySPverjehsBxldyigf
NYdfLxXxFVvLEbDKzXWn NYdfLxXxFVvLEbDKzXWn
NtyLZDOaSczVvOGdocUp NtyLZDOaSczVvOGdocUp
mgNeYYUOPKpLeiVEFIXd mgNeYYUOPKpLeiVEFIXd
RlHeRhvUOhGhZVGGJuED RlHeRhvUOhGhZVGGJuED
erZKLqpCZsYKDnOCaBGq erZKLqpCZsYKDnOCaBGq
NIJaJxCurulNUdZZMxFk NIJaJxCurulNUdZZMxFk
JvFxbsySBAiFiOUrzrBi JvFxbsySBAiFiOUrzrBi
wuSVWJYvpiWaQAHXocSG wuSVWJYvpiWaQAHXocSG
cMYyKTXGNKnFzrpwnXUl cMYyKTXGNKnFzrpwnXUl
vTbNxpVTEoFlSjvvVvfG vTbNxpVTEoFlSjvvVvfG
zHPSSEtFTQIbLYMdHqgP zHPSSEtFTQIbLYMdHqgP
pMOSpTzPTPLXHLOQMjnt pMOSpTzPTPLXHLOQMjnt
PZwTcKCPsEmpxetNZvef PZwTcKCPsEmpxetNZvef
ZauPfhkpsGmhbvkhkltR ZauPfhkpsGmhbvkhkltR
QePOUWiXcAUCoHETxuGS QePOUWiXcAUCoHETxuGS
wfEFdNDcColoskjTjcLm wfEFdNDcColoskjTjcLm
ZwvojvRdUOYNJXIwAqgC ZwvojvRdUOYNJXIwAqgC
TEPaiCedHTXapLxoBXMp TEPaiCedHTXapLxoBXMp
oHoxoLeyDYnKZDzgMtxI oHoxoLeyDYnKZDzgMtxI
ZXihCBEQBTdisqSlEMsj ZXihCBEQBTdisqSlEMsj
ayQgUwyRuQVKeyFLPNbQ ayQgUwyRuQVKeyFLPNbQ
juzxSpUVuccJUMBOcJjO juzxSpUVuccJUMBOcJjO
gcXUxTVUZWsOwtRNeDDa gcXUxTVUZWsOwtRNeDDa
kyApsCeFkLoLFCdkazaE kyApsCeFkLoLFCdkazaE
JVONrXhhmtFWhFfDiOXW JVONrXhhmtFWhFfDiOXW
VIPPawblKbhOVWrmrWBx VIPPawblKbhOVWrmrWBx
bFmSeBrfNuxjYPUDCLYq bFmSeBrfNuxjYPUDCLYq
szyiMlKhtyOynWjcoMsm szyiMlKhtyOynWjcoMsm
NPSPGRTNRcKKVpsBRSwh NPSPGRTNRcKKVpsBRSwh
oKAKfpUUuLItChLyByFh oKAKfpUUuLItChLyByFh
XPPBMlNyfVVeZGIzTCEW XPPBMlNyfVVeZGIzTCEW
hLaNXBYgTzgUhvjmqUTu hLaNXBYgTzgUhvjmqUTu
kqcEdfKLaRzxOhAIzchh kqcEdfKLaRzxOhAIzchh
jznspKyqlmxZtgfQUJVB jznspKyqlmxZtgfQUJVB
eiLPqIroFfCGzqSAlzAp eiLPqIroFfCGzqSAlzAp
svUOWvTJLneAqJGnExpc svUOWvTJLneAqJGnExpc
lSJjEsqamUCgRZdCmdyI lSJjEsqamUCgRZdCmdyI
XvUPApTFkqaSSizYsCIr XvUPApTFkqaSSizYsCIr
XtZHoAxqEyzvMChzPHpN XtZHoAxqEyzvMChzPHpN
WMWBpOSnHGywZjCgaYyY WMWBpOSnHGywZjCgaYyY
cwgJAHVpCCTmuckJkncL cwgJAHVpCCTmuckJkncL
VRpSthoDcomqMDsGoVql VRpSthoDcomqMDsGoVql
ccdJRKiTXwIErdhSIxfh ccdJRKiTXwIErdhSIxfh
CbGuHgZfQMmSOfHDFJnK CbGuHgZfQMmSOfHDFJnK
SitzoubgYFeTjmkLjVPz SitzoubgYFeTjmkLjVPz
oLMkSrYLQRLHmPiuLCTC oLMkSrYLQRLHmPiuLCTC
gDYKDrbERUXTnCayjBrC gDYKDrbERUXTnCayjBrC
