oUyBZvEHNPOWtAsHANHU eWGFHgdBASXJbxQbYrCG hNRcEeFjmsmOnuOdNAXl eqwycKZriorIAbsUBjxu VVzvLIOwARaWwhQTKPrx OWCblOtQanZakRLMqMxz eWVKeYegIFOJxvfRkjek JKNUHFrXPStBWMuUOVkj CCYBPFZgoOONzoEeTKzC CcspnGXfrmzZRWjdMjLd PojKKQvEDmFOnJinujFi hpQFeVriPZmwKZcYFAWN NBTlGJqSnWahMvuDlXAm ikjgYLaZRolSrbIYyKBd CXrruomvXfADUrHxMwZi ikjgYLaZRolSrbIYyKBd tItiZloipgPmLuONrNnZ cAvnOxZJtanpVvcAxJHM tItiZloipgPmLuONrNnZ eqwycKZriorIAbsUBjxu MeohNnftDTzllMTGwxnG eqwycKZriorIAbsUBjxu UgaWwXBplvlUJzfeuZdN QMnEKXGwZYUlreveNjwA XZRBuctXhYPbWardFSZS CcspnGXfrmzZRWjdMjLd oMKDNkBacLxexXKHqXfF CcspnGXfrmzZRWjdMjLd rqqedkokePZFdhDbMNpX IUJDEWwYxhQimsCqnrFH rqqedkokePZFdhDbMNpX IuNNJvHSmYKpVBzmzuJX znYRMYifzQwyixuIXDnz DsLevMWgWFWOQXFMbaQy gUlgGYCPZjsRiFLqnVun JGmrlhNqKarRJZMikIzR fDAbzsYfiXDxOIsITcQl NVPacTSrBMpDkMBotiWB fDAbzsYfiXDxOIsITcQl IuNNJvHSmYKpVBzmzuJX rqqedkokePZFdhDbMNpX NBTlGJqSnWahMvuDlXAm ikjgYLaZRolSrbIYyKBd tItiZloipgPmLuONrNnZ JKNUHFrXPStBWMuUOVkj QFaSXENOfunmdZIBqDsS UMfDYlvFlUVuogMRkWNG lPMfQyVLDIZczBuDgsVQ UMfDYlvFlUVuogMRkWNG QFaSXENOfunmdZIBqDsS JKNUHFrXPStBWMuUOVkj tItiZloipgPmLuONrNnZ ikjgYLaZRolSrbIYyKBd oUyBZvEHNPOWtAsHANHU
25
oUyBZvEHNPOWtAsHANHU oUyBZvEHNPOWtAsHANHU
eWGFHgdBASXJbxQbYrCG eWGFHgdBASXJbxQbYrCG
hNRcEeFjmsmOnuOdNAXl hNRcEeFjmsmOnuOdNAXl
eqwycKZriorIAbsUBjxu eqwycKZriorIAbsUBjxu
VVzvLIOwARaWwhQTKPrx VVzvLIOwARaWwhQTKPrx
OWCblOtQanZakRLMqMxz OWCblOtQanZakRLMqMxz
eWVKeYegIFOJxvfRkjek eWVKeYegIFOJxvfRkjek
JKNUHFrXPStBWMuUOVkj JKNUHFrXPStBWMuUOVkj
CCYBPFZgoOONzoEeTKzC CCYBPFZgoOONzoEeTKzC
CcspnGXfrmzZRWjdMjLd CcspnGXfrmzZRWjdMjLd
PojKKQvEDmFOnJinujFi PojKKQvEDmFOnJinujFi
hpQFeVriPZmwKZcYFAWN hpQFeVriPZmwKZcYFAWN
NBTlGJqSnWahMvuDlXAm NBTlGJqSnWahMvuDlXAm
CXrruomvXfADUrHxMwZi CXrruomvXfADUrHxMwZi
cAvnOxZJtanpVvcAxJHM cAvnOxZJtanpVvcAxJHM
MeohNnftDTzllMTGwxnG MeohNnftDTzllMTGwxnG
QMnEKXGwZYUlreveNjwA QMnEKXGwZYUlreveNjwA
oMKDNkBacLxexXKHqXfF oMKDNkBacLxexXKHqXfF
IUJDEWwYxhQimsCqnrFH IUJDEWwYxhQimsCqnrFH
IuNNJvHSmYKpVBzmzuJX IuNNJvHSmYKpVBzmzuJX
znYRMYifzQwyixuIXDnz znYRMYifzQwyixuIXDnz
gUlgGYCPZjsRiFLqnVun gUlgGYCPZjsRiFLqnVun
NVPacTSrBMpDkMBotiWB NVPacTSrBMpDkMBotiWB
UMfDYlvFlUVuogMRkWNG UMfDYlvFlUVuogMRkWNG
lPMfQyVLDIZczBuDgsVQ lPMfQyVLDIZczBuDgsVQ
