1 43 14 7 36 53 3 60 23 12 57 71 66 26 18 89 52 88 49 86 13 15 58 90 31 42 51 91 78 82 119 98 96 159 99 56 121 105 128 130 152 129 161 64 83 157 116 95 147 93 92 103 138 115 136 1 142 46 137 127 110 176 174 1 190 1 199 132 153 10 193 101 175 182 194 140 84 23 108 156 163 7 162 185 45 42 186 43 1
78
43 43
14 14
7 7
36 36
53 53
3 3
60 60
23 23
12 12
57 57
71 71
66 66
26 26
18 18
89 89
52 52
88 88
49 49
86 86
13 13
15 15
58 58
90 90
31 31
42 42
51 51
91 91
78 78
82 82
119 119
98 98
96 96
159 159
99 99
56 56
121 121
105 105
128 128
130 130
152 152
129 129
161 161
64 64
83 83
157 157
116 116
95 95
147 147
93 93
92 92
103 103
138 138
115 115
136 136
142 142
46 46
137 137
127 127
110 110
176 176
174 174
190 190
199 199
132 132
153 153
193 193
101 101
175 175
182 182
194 194
140 140
84 84
108 108
156 156
163 163
162 162
185 185
186 186
