Qatar Australia Mongolia Armenia Kyrgyzstan UnitedKingdom CzechRepublic VaticanCity Tuvalu Peru Mali Tajikistan Tanzania RussianFederation GuineaBissau Gabon UAE Lebanon Mozambique Senegal Montenegro Guyana Liberia Kosovo CostaRica Danzig Belarus Georgia Morocco Angola Uzbekistan Albania France Andorra Nicaragua Macedonia Burundi SanMarino Belgium Singapore SaintLucia Estonia Netherlands America Tunisia SierraLeone Malta Haiti Sweden DemofChina Egypt Qatar
50
Australia Australia
Mongolia Mongolia
Armenia Armenia
Kyrgyzstan Kyrgyzstan
UnitedKingdom UnitedKingdom
CzechRepublic CzechRepublic
VaticanCity VaticanCity
Tuvalu Tuvalu
Peru Peru
Mali Mali
Tajikistan Tajikistan
Tanzania Tanzania
RussianFederation RussianFederation
GuineaBissau GuineaBissau
Gabon Gabon
UAE UAE
Lebanon Lebanon
Mozambique Mozambique
Senegal Senegal
Montenegro Montenegro
Guyana Guyana
Liberia Liberia
Kosovo Kosovo
CostaRica CostaRica
Danzig Danzig
Belarus Belarus
Georgia Georgia
Morocco Morocco
Angola Angola
Uzbekistan Uzbekistan
Albania Albania
France France
Andorra Andorra
Nicaragua Nicaragua
Macedonia Macedonia
Burundi Burundi
SanMarino SanMarino
Belgium Belgium
Singapore Singapore
SaintLucia SaintLucia
Estonia Estonia
Netherlands Netherlands
America America
Tunisia Tunisia
SierraLeone SierraLeone
Malta Malta
Haiti Haiti
Sweden Sweden
DemofChina DemofChina
Egypt Egypt
