Albania Gabon Vanuatu Paraguay Burkina MountAthos Pakistan Fiji Ethiopia Comoros Mauritius Mauritania Rwanda Latvia Luxembourg Israel SaintLucia Venezuela Burma Finland Romania VaticanCity Qatar CapeVerde Norway Panama SaoTomPrincipe Liechtenstein Germany France Estonia EquatorGuinea RussianFederation Tunisia Djibouti Thailand Bahamas Bulgaria IvoryCoast SriLanka UAE NorthKorea Kosovo America Yemen Cyprus Niger Togo Kiribati Eritrea BosHerzegovina Newfoundland Ukraine SolomonIslands SierraLeone CentralAfricanRep Dominica Danzig Maldives Peru Guatemala Rome Seychelles Chile Bhutan Tanzania Suriname Greece Portugal Cuba Algeria PapuaNewGuinea Poland Kazakhstan Lithuania Jamaica Argentina Mongolia Serbia Japan Grenada Switzerland Belarus Andorra Lesotho Malaysia NewZealand SaudiArabia Philippines Italy TheGambia UnitedKingdom Hungary Laos Brazil Cambodia Mali Slovenia Nepal Australia Brunei SaintKitts Albania
100
Gabon Gabon
Vanuatu Vanuatu
Paraguay Paraguay
Burkina Burkina
MountAthos MountAthos
Pakistan Pakistan
Fiji Fiji
Ethiopia Ethiopia
Comoros Comoros
Mauritius Mauritius
Mauritania Mauritania
Rwanda Rwanda
Latvia Latvia
Luxembourg Luxembourg
Israel Israel
SaintLucia SaintLucia
Venezuela Venezuela
Burma Burma
Finland Finland
Romania Romania
VaticanCity VaticanCity
Qatar Qatar
CapeVerde CapeVerde
Norway Norway
Panama Panama
SaoTomPrincipe SaoTomPrincipe
Liechtenstein Liechtenstein
Germany Germany
France France
Estonia Estonia
EquatorGuinea EquatorGuinea
RussianFederation RussianFederation
Tunisia Tunisia
Djibouti Djibouti
Thailand Thailand
Bahamas Bahamas
Bulgaria Bulgaria
IvoryCoast IvoryCoast
SriLanka SriLanka
UAE UAE
NorthKorea NorthKorea
Kosovo Kosovo
America America
Yemen Yemen
Cyprus Cyprus
Niger Niger
Togo Togo
Kiribati Kiribati
Eritrea Eritrea
BosHerzegovina BosHerzegovina
Newfoundland Newfoundland
Ukraine Ukraine
SolomonIslands SolomonIslands
SierraLeone SierraLeone
CentralAfricanRep CentralAfricanRep
Dominica Dominica
Danzig Danzig
Maldives Maldives
Peru Peru
Guatemala Guatemala
Rome Rome
Seychelles Seychelles
Chile Chile
Bhutan Bhutan
Tanzania Tanzania
Suriname Suriname
Greece Greece
Portugal Portugal
Cuba Cuba
Algeria Algeria
PapuaNewGuinea PapuaNewGuinea
Poland Poland
Kazakhstan Kazakhstan
Lithuania Lithuania
Jamaica Jamaica
Argentina Argentina
Mongolia Mongolia
Serbia Serbia
Japan Japan
Grenada Grenada
Switzerland Switzerland
Belarus Belarus
Andorra Andorra
Lesotho Lesotho
Malaysia Malaysia
NewZealand NewZealand
SaudiArabia SaudiArabia
Philippines Philippines
Italy Italy
TheGambia TheGambia
UnitedKingdom UnitedKingdom
Hungary Hungary
Laos Laos
Brazil Brazil
Cambodia Cambodia
Mali Mali
Slovenia Slovenia
Nepal Nepal
Australia Australia
SaintKitts SaintKitts
