Nepal Georgia Argentina Liechtenstein Estonia NewZealand Slovakia Afghanistan Vietnam Fiji Botswana Suriname Serbia Niger Palau Mauritius Kuwait Tajikistan Azerbaijan Belarus UAE SaintLucia VaticanCity TheGambia MarshallIslands Panama Afghanistan Tanzania Nepal
25
Georgia Georgia
Argentina Argentina
Liechtenstein Liechtenstein
Estonia Estonia
NewZealand NewZealand
Slovakia Slovakia
Afghanistan Afghanistan
Vietnam Vietnam
Fiji Fiji
Botswana Botswana
Suriname Suriname
Serbia Serbia
Niger Niger
Palau Palau
Mauritius Mauritius
Kuwait Kuwait
Tajikistan Tajikistan
Azerbaijan Azerbaijan
Belarus Belarus
UAE UAE
SaintLucia SaintLucia
VaticanCity VaticanCity
MarshallIslands MarshallIslands
Panama Panama
Tanzania Tanzania
